Info 0    [14:29:39.054] Starting TS Server
Info 1    [14:29:39.055] Version: 5.2.2
Info 2    [14:29:39.055] Arguments: /home/orion/.asdf/installs/node/20.2.0/bin/node /home/orion/.asdf/installs/node/20.2.0/lib/node_modules/typescript/lib/tsserver.js --serverMode partialSemantic --useInferredProjectPerProjectRoot --disableAutomaticTypingAcquisition --cancellationPipeName /tmp/3d49f63751860356a9948a59a4eb2375/tscancellation* --logVerbosity normal --logFile /home/orion/src/purescript-puppeteer/.log/tsserver-log-SV5tq1/tsserver.log --locale en --validateDefaultNpmLocation --useNodeIpc
Info 3    [14:29:39.055] Platform: linux NodeVersion: v20.2.0 CaseSensitive: true
Info 4    [14:29:39.055] ServerMode: 1 hasUnknownServerMode: undefined
Info 5    [14:29:39.060] Format host information updated
Info 6    [14:29:39.064] Starting updateGraphWorker: Project: /dev/null/inferredProject1*
Info 7    [14:29:39.389] Finishing updateGraphWorker: Project: /dev/null/inferredProject1* Version: 1 structureChanged: true structureIsReused:: Not Elapsed: 324.77680499851704ms
Info 8    [14:29:39.389] Project '/dev/null/inferredProject1*' (Inferred)
Info 9    [14:29:39.389] 	Files (8)

Info 10   [14:29:39.389] -----------------------------------------------
Info 11   [14:29:39.389] Project '/dev/null/inferredProject1*' (Inferred)
Info 11   [14:29:39.390] 	Files (8)

Info 11   [14:29:39.390] -----------------------------------------------
Info 11   [14:29:39.390] Open files: 
Info 11   [14:29:39.390] 	FileName: /home/orion/src/purescript-puppeteer/src/Puppeteer.js ProjectRootPath: /home/orion/src/purescript-puppeteer
Info 11   [14:29:39.390] 		Projects: /dev/null/inferredProject1*
Info 11   [14:29:39.390] Format host information updated
Info 12   [14:29:39.626] Format host information updated
Info 13   [14:29:39.926] Format host information updated
Info 14   [14:29:39.995] Format host information updated
Info 15   [14:29:40.143] Format host information updated
Info 16   [14:29:40.337] Format host information updated
Info 17   [14:29:40.398] Format host information updated
Info 18   [14:29:40.596] Format host information updated
Info 19   [14:29:42.867] Format host information updated
Info 20   [14:29:42.935] Format host information updated
Info 21   [14:29:43.360] Format host information updated
Info 22   [14:29:43.479] Format host information updated
Info 23   [14:29:43.694] Format host information updated
Info 24   [14:29:43.798] Format host information updated
Info 25   [14:29:43.883] Format host information updated
Info 26   [14:29:44.038] Format host information updated
Info 27   [14:29:44.188] Format host information updated
Info 28   [14:29:44.246] Format host information updated
Info 29   [14:29:45.440] Format host information updated
Info 30   [14:29:45.536] Format host information updated
Info 31   [14:29:45.704] Format host information updated
Info 32   [14:29:45.800] Format host information updated
Info 33   [14:29:45.970] Format host information updated
Info 34   [14:29:46.052] Format host information updated
Info 35   [14:29:47.004] Format host information updated
Info 36   [14:29:47.136] Format host information updated
Info 37   [14:29:47.235] Format host information updated
Info 38   [14:29:47.351] Format host information updated
Info 39   [14:29:48.200] Format host information updated
Info 40   [14:29:48.375] Format host information updated
Info 41   [14:29:48.523] Format host information updated
Info 42   [14:29:48.603] Format host information updated
Info 43   [14:29:48.728] Format host information updated
Info 44   [14:29:48.799] Format host information updated
Info 45   [14:29:49.216] Format host information updated
Info 46   [14:29:49.216] Format host information updated
Info 47   [14:29:49.217] Format host information updated
Info 48   [14:29:52.553] Format host information updated
Info 49   [14:29:55.617] Format host information updated
Info 50   [14:30:40.551] Starting updateGraphWorker: Project: /dev/null/inferredProject1*
Info 51   [14:30:40.563] Finishing updateGraphWorker: Project: /dev/null/inferredProject1* Version: 2 structureChanged: true structureIsReused:: Not Elapsed: 11.765731999650598ms
Info 52   [14:30:40.563] Project '/dev/null/inferredProject1*' (Inferred)
Info 53   [14:30:40.563] 	Files (9)

Info 54   [14:30:40.563] -----------------------------------------------
Info 55   [14:30:40.563] Project '/dev/null/inferredProject1*' (Inferred)
Info 55   [14:30:40.563] 	Files (9)

Info 55   [14:30:40.563] -----------------------------------------------
Info 55   [14:30:40.563] Open files: 
Info 55   [14:30:40.563] 	FileName: /home/orion/src/purescript-puppeteer/src/Puppeteer.js ProjectRootPath: /home/orion/src/purescript-puppeteer
Info 55   [14:30:40.563] 		Projects: /dev/null/inferredProject1*
Info 55   [14:30:40.563] 	FileName: /home/orion/src/purescript-puppeteer/src/Puppeteer.Browser.js ProjectRootPath: /home/orion/src/purescript-puppeteer
Info 55   [14:30:40.563] 		Projects: /dev/null/inferredProject1*
Info 55   [14:30:40.801] Format host information updated
Info 56   [14:30:42.538] Format host information updated
Info 57   [14:30:43.611] Format host information updated
Info 58   [14:31:15.647] Format host information updated
Info 59   [14:31:15.833] Format host information updated
Info 60   [14:31:15.932] Format host information updated
Info 61   [14:31:16.030] Format host information updated
Info 62   [14:31:16.101] Format host information updated
Info 63   [14:31:16.157] Format host information updated
Info 64   [14:31:16.424] Format host information updated
Info 65   [14:31:16.517] Format host information updated
Info 66   [14:31:16.605] Format host information updated
Info 67   [14:31:17.345] Format host information updated
Info 68   [14:31:17.466] Format host information updated
Info 69   [14:31:17.693] Format host information updated
Info 70   [14:31:17.897] Format host information updated
Info 71   [14:31:18.536] Format host information updated
Info 72   [14:31:19.105] Format host information updated
Info 73   [14:31:19.785] Format host information updated
Info 74   [14:31:19.885] Format host information updated
Info 75   [14:31:20.011] Format host information updated
Info 76   [14:31:20.073] Format host information updated
Info 77   [14:31:20.155] Format host information updated
Info 78   [14:31:20.258] Format host information updated
Info 79   [14:31:20.400] Format host information updated
Info 80   [14:31:20.482] Format host information updated
Info 81   [14:31:20.614] Format host information updated
Info 82   [14:31:20.674] Format host information updated
Info 83   [14:32:33.618] Format host information updated
Info 84   [14:32:35.368] Format host information updated
Info 85   [14:32:35.612] Format host information updated
Info 86   [14:32:35.703] Format host information updated
Info 87   [14:32:35.769] Format host information updated
Info 88   [14:32:35.872] Format host information updated
Info 89   [14:32:36.046] Format host information updated
Info 90   [14:32:36.169] Format host information updated
Info 91   [14:32:36.244] Format host information updated
Info 92   [14:32:36.553] Format host information updated
Info 93   [14:32:42.269] Format host information updated
Info 94   [14:32:44.084] Format host information updated
Info 95   [14:32:44.245] Format host information updated
Info 96   [14:32:44.420] Format host information updated
Info 97   [14:32:44.531] Format host information updated
Info 98   [14:32:44.619] Format host information updated
Info 99   [14:32:44.690] Format host information updated
Info 100  [14:32:44.956] Format host information updated
Info 101  [14:32:45.141] Format host information updated
Info 102  [14:32:45.439] Format host information updated
Info 103  [14:32:45.626] Format host information updated
Info 104  [14:32:45.941] Format host information updated
Info 105  [14:32:46.055] Format host information updated
Info 106  [14:32:46.284] Format host information updated
Info 107  [14:32:46.595] Format host information updated
Info 108  [14:32:46.733] Format host information updated
Info 109  [14:32:46.815] Format host information updated
Info 110  [14:32:46.960] Format host information updated
Info 111  [14:32:47.454] Format host information updated
Info 112  [14:32:47.570] Format host information updated
Info 113  [14:32:47.633] Format host information updated
Info 114  [14:32:47.751] Format host information updated
Info 115  [14:32:47.921] Format host information updated
Info 116  [14:32:48.025] Format host information updated
Info 117  [14:32:48.095] Format host information updated
Info 118  [14:32:48.402] Format host information updated
Info 119  [14:32:48.493] Format host information updated
Info 120  [14:32:48.595] Format host information updated
Info 121  [14:32:48.666] Format host information updated
Info 122  [14:32:48.920] Format host information updated
Info 123  [14:32:50.564] Format host information updated
Info 124  [14:42:07.498] Starting updateGraphWorker: Project: /dev/null/inferredProject1*
Info 125  [14:42:07.501] Finishing updateGraphWorker: Project: /dev/null/inferredProject1* Version: 3 structureChanged: true structureIsReused:: Not Elapsed: 2.933372000232339ms
Info 126  [14:42:07.501] Project '/dev/null/inferredProject1*' (Inferred)
Info 127  [14:42:07.501] 	Files (10)

Info 128  [14:42:07.501] -----------------------------------------------
Info 129  [14:42:07.501] Project '/dev/null/inferredProject1*' (Inferred)
Info 129  [14:42:07.501] 	Files (10)

Info 129  [14:42:07.501] -----------------------------------------------
Info 129  [14:42:07.501] Open files: 
Info 129  [14:42:07.501] 	FileName: /home/orion/src/purescript-puppeteer/src/Puppeteer.js ProjectRootPath: /home/orion/src/purescript-puppeteer
Info 129  [14:42:07.501] 		Projects: /dev/null/inferredProject1*
Info 129  [14:42:07.501] 	FileName: /home/orion/src/purescript-puppeteer/src/Puppeteer.Browser.js ProjectRootPath: /home/orion/src/purescript-puppeteer
Info 129  [14:42:07.501] 		Projects: /dev/null/inferredProject1*
Info 129  [14:42:07.501] 	FileName: /home/orion/src/purescript-puppeteer/src/Puppeteer.Browser.Context.js ProjectRootPath: /home/orion/src/purescript-puppeteer
Info 129  [14:42:07.501] 		Projects: /dev/null/inferredProject1*
Info 129  [14:42:07.641] Format host information updated
Info 130  [14:42:10.720] Format host information updated
Info 131  [14:42:10.911] Format host information updated
Info 132  [14:42:10.993] Format host information updated
Info 133  [14:42:11.089] Format host information updated
Info 134  [14:42:11.154] Format host information updated
Info 135  [14:42:11.367] Format host information updated
Info 136  [14:42:11.527] Format host information updated
Info 137  [14:42:11.672] Format host information updated
Info 138  [14:42:11.781] Format host information updated
Info 139  [14:42:11.868] Format host information updated
Info 140  [14:42:11.923] Format host information updated
Info 141  [14:42:12.085] Format host information updated
Info 142  [14:42:12.303] Format host information updated
Info 143  [14:42:12.378] Format host information updated
Info 144  [14:42:12.498] Format host information updated
Info 145  [14:42:12.687] Format host information updated
Info 146  [14:42:12.742] Format host information updated
Info 147  [14:42:12.840] Format host information updated
Info 148  [14:42:13.022] Format host information updated
Info 149  [14:42:13.090] Format host information updated
Info 150  [14:42:13.182] Format host information updated
Info 151  [14:42:13.299] Format host information updated
Info 152  [14:42:13.473] Format host information updated
Info 153  [14:42:13.539] Format host information updated
Info 154  [14:42:13.807] Format host information updated
Info 155  [14:49:24.520] Format host information updated
Info 156  [14:49:27.612] Format host information updated
Info 157  [14:49:28.934] Format host information updated
Info 158  [14:49:30.542] Format host information updated
Info 159  [14:49:30.975] Format host information updated
Info 160  [14:49:31.170] Format host information updated
Info 161  [14:49:31.297] Format host information updated
Info 162  [14:49:31.438] Format host information updated
Info 163  [14:49:32.797] Format host information updated
Info 164  [14:49:34.903] Format host information updated
Info 165  [14:49:35.098] Format host information updated
Info 166  [14:49:35.203] Format host information updated
Info 167  [14:49:35.297] Format host information updated
Info 168  [14:49:35.369] Format host information updated
Info 169  [14:49:35.440] Format host information updated
Info 170  [14:49:35.567] Format host information updated
Info 171  [14:49:36.725] Format host information updated
Info 172  [14:50:35.180] Format host information updated
Info 173  [14:50:35.336] Format host information updated
Info 174  [14:50:37.313] Format host information updated
Info 175  [14:50:37.409] Format host information updated
Info 176  [14:50:37.602] Format host information updated
Info 177  [14:50:37.759] Format host information updated
Info 178  [14:50:37.939] Format host information updated
Info 179  [14:50:38.002] Format host information updated
Info 180  [14:50:40.913] Format host information updated
Info 181  [14:50:42.272] Format host information updated
Info 182  [14:50:42.560] Format host information updated
Info 183  [14:50:42.906] Format host information updated
Info 184  [14:50:43.039] Format host information updated
Info 185  [14:50:43.141] Format host information updated
Info 186  [14:50:43.393] Format host information updated
Info 187  [14:50:44.087] Format host information updated
Info 188  [14:50:44.189] Format host information updated
Info 189  [14:50:44.389] Format host information updated
Info 190  [14:50:44.552] Format host information updated
Info 191  [14:50:44.737] Format host information updated
Info 192  [14:50:44.887] Format host information updated
Info 193  [14:50:44.989] Format host information updated
Info 194  [14:50:45.059] Format host information updated
Info 195  [14:50:45.153] Format host information updated
Info 196  [14:50:46.217] Format host information updated
Info 197  [14:50:48.000] Format host information updated
Info 198  [14:50:48.061] Format host information updated
Info 199  [14:50:48.463] Format host information updated
Info 200  [14:50:48.695] Format host information updated
Info 201  [14:50:48.817] Format host information updated
Info 202  [14:50:50.678] Format host information updated
Info 203  [14:50:50.834] Format host information updated
Info 204  [14:50:50.909] Format host information updated
Info 205  [14:50:51.049] Format host information updated
Info 206  [14:50:51.298] Format host information updated
Info 207  [14:50:51.714] Format host information updated
Info 208  [14:50:51.877] Format host information updated
Info 209  [14:50:52.125] Format host information updated
Info 210  [14:50:52.491] Format host information updated
Info 211  [14:50:52.760] Format host information updated
Info 212  [14:50:52.865] Format host information updated
Info 213  [14:50:52.974] Format host information updated
Info 214  [14:50:55.078] Format host information updated
Info 215  [14:50:55.325] Format host information updated
Info 216  [14:50:55.406] Format host information updated
Info 217  [14:50:55.657] Format host information updated
Info 218  [14:50:55.780] Format host information updated
Info 219  [14:50:55.891] Format host information updated
Info 220  [14:50:55.955] Format host information updated
Info 221  [14:50:56.136] Format host information updated
Info 222  [14:50:56.285] Format host information updated
Info 223  [14:50:56.356] Format host information updated
Info 224  [14:50:57.382] Format host information updated
Info 225  [14:50:57.553] Format host information updated
Info 226  [14:50:57.699] Format host information updated
Info 227  [14:50:57.776] Format host information updated
Info 228  [14:50:59.710] Format host information updated
Info 229  [14:50:59.828] Format host information updated
Info 230  [14:50:59.896] Format host information updated
Info 231  [14:51:00.020] Format host information updated
Info 232  [14:51:00.158] Format host information updated
Info 233  [14:51:00.233] Format host information updated
Info 234  [14:51:00.350] Format host information updated
Info 235  [14:51:00.413] Format host information updated
Info 236  [14:51:00.914] Format host information updated
Info 237  [14:51:01.028] Format host information updated
Info 238  [14:51:01.128] Format host information updated
Info 239  [14:51:01.211] Format host information updated
Info 240  [14:51:01.418] Format host information updated
Info 241  [14:51:01.559] Format host information updated
Info 242  [14:51:01.623] Format host information updated
Info 243  [14:51:01.855] Format host information updated
Info 244  [14:51:01.930] Format host information updated
Info 245  [14:51:02.084] Format host information updated
Info 246  [14:51:02.142] Format host information updated
Info 247  [14:51:02.348] Format host information updated
Info 248  [14:51:03.164] Format host information updated
Info 249  [14:51:03.597] Format host information updated
Info 250  [14:51:03.783] Format host information updated
Info 251  [14:51:03.885] Format host information updated
Info 252  [14:51:03.944] Format host information updated
Info 253  [14:51:04.056] Format host information updated
Info 254  [14:51:04.113] Format host information updated
Info 255  [14:51:04.634] Format host information updated
Info 256  [14:51:04.699] Format host information updated
Info 257  [14:51:06.024] Format host information updated
Info 258  [14:51:06.171] Format host information updated
Info 259  [14:51:06.291] Format host information updated
Info 260  [14:51:06.355] Format host information updated
Info 261  [14:51:06.555] Format host information updated
Info 262  [14:51:06.696] Format host information updated
Info 263  [14:51:06.775] Format host information updated
Info 264  [14:51:06.843] Format host information updated
Info 265  [14:51:06.916] Format host information updated
Info 266  [14:51:07.162] Format host information updated
Info 267  [14:51:07.560] Format host information updated
Info 268  [14:51:07.768] Format host information updated
Info 269  [14:51:07.856] Format host information updated
Info 270  [14:51:08.002] Format host information updated
Info 271  [14:51:08.205] Format host information updated
Info 272  [14:51:08.391] Format host information updated
Info 273  [14:51:08.460] Format host information updated
Info 274  [14:51:08.732] Format host information updated
Info 275  [14:51:08.816] Format host information updated
Info 276  [14:51:08.956] Format host information updated
Info 277  [14:51:09.022] Format host information updated
Info 278  [14:51:09.226] Format host information updated
Info 279  [14:51:09.667] Format host information updated
Info 280  [14:51:09.826] Format host information updated
Info 281  [14:51:10.068] Format host information updated
Info 282  [14:51:10.194] Format host information updated
Info 283  [14:51:10.616] Format host information updated
Info 284  [14:51:10.737] Format host information updated
Info 285  [14:51:10.866] Format host information updated
Info 286  [14:51:10.976] Format host information updated
Info 287  [14:51:11.049] Format host information updated
Info 288  [14:51:11.176] Format host information updated
Info 289  [14:51:11.327] Format host information updated
Info 290  [14:51:11.751] Format host information updated
Info 291  [14:51:12.199] Format host information updated
Info 292  [14:51:12.484] Format host information updated
Info 293  [14:51:12.597] Format host information updated
Info 294  [14:51:12.712] Format host information updated
Info 295  [14:51:12.907] Format host information updated
Info 296  [14:51:13.027] Format host information updated
Info 297  [14:51:13.160] Format host information updated
Info 298  [14:51:13.329] Format host information updated
Info 299  [14:51:13.510] Format host information updated
Info 300  [14:51:13.593] Format host information updated
Info 301  [14:51:16.280] Format host information updated
Info 302  [14:51:18.626] Format host information updated
Info 303  [14:51:18.738] Format host information updated
Info 304  [14:51:18.923] Format host information updated
Info 305  [14:51:20.577] Format host information updated
Info 306  [14:51:20.757] Format host information updated
Info 307  [14:51:20.871] Format host information updated
Info 308  [14:51:20.946] Format host information updated
Info 309  [14:51:21.019] Format host information updated
Info 310  [14:51:21.764] Format host information updated
Info 311  [14:51:21.764] Format host information updated
Info 312  [14:51:21.765] Format host information updated
Info 313  [14:51:22.278] Format host information updated
Info 314  [14:51:32.595] Format host information updated
Info 315  [14:51:32.817] Format host information updated
Info 316  [14:51:38.230] Format host information updated
Info 317  [14:51:38.323] Format host information updated
Info 318  [14:51:38.774] Format host information updated
Info 319  [14:51:38.982] Format host information updated
Info 320  [14:51:42.118] Format host information updated
Info 321  [14:51:47.822] Format host information updated
Info 322  [14:51:48.341] Format host information updated
Info 323  [14:51:48.960] Format host information updated
Info 324  [14:51:49.070] Format host information updated
Info 325  [14:51:49.233] Format host information updated
Info 326  [14:51:49.764] Format host information updated
Info 327  [14:51:49.935] Format host information updated
Info 328  [14:51:49.993] Format host information updated
Info 329  [14:51:50.076] Format host information updated
Info 330  [14:51:50.140] Format host information updated
Info 331  [14:51:50.211] Format host information updated
Info 332  [14:51:50.629] Format host information updated
Info 333  [14:51:50.630] Format host information updated
Info 334  [14:51:50.631] Format host information updated
Info 335  [14:51:50.693] Format host information updated
Info 336  [14:51:54.425] Format host information updated
Info 337  [14:51:56.403] Format host information updated
Info 338  [14:51:56.489] Format host information updated
Info 339  [14:51:56.721] Format host information updated
Info 340  [14:51:56.936] Format host information updated
Info 341  [14:51:57.499] Format host information updated
Info 342  [14:51:59.203] Format host information updated
Info 343  [14:51:59.401] Format host information updated
Info 344  [14:51:59.543] Format host information updated
Info 345  [14:51:59.614] Format host information updated
Info 346  [14:51:59.785] Format host information updated
Info 347  [14:51:59.868] Format host information updated
Info 348  [14:52:00.054] Format host information updated
Info 349  [14:52:00.131] Format host information updated
Info 350  [14:52:00.773] Format host information updated
Info 351  [14:52:00.901] Format host information updated
Info 352  [14:52:00.986] Format host information updated
Info 353  [14:52:01.053] Format host information updated
Info 354  [14:52:01.288] Format host information updated
Info 355  [14:52:02.064] Format host information updated
Info 356  [14:52:02.064] Format host information updated
Info 357  [14:52:02.065] Format host information updated
Info 358  [14:52:02.066] Format host information updated
Info 359  [14:52:02.125] Format host information updated
Info 360  [14:52:22.046] Format host information updated
Info 361  [14:52:22.335] Format host information updated
Info 362  [14:54:35.082] Format host information updated
Info 363  [14:54:35.537] Format host information updated
Info 364  [14:54:38.020] Format host information updated
Info 365  [14:54:38.976] Format host information updated
Info 366  [14:54:39.712] Format host information updated
Info 367  [14:54:39.856] Format host information updated
Info 368  [14:54:40.860] Format host information updated
Info 369  [14:55:32.462] Format host information updated
Info 370  [14:55:33.098] Format host information updated
Info 371  [14:55:59.918] Format host information updated
Info 372  [14:56:01.941] Format host information updated
Info 373  [14:56:02.212] Format host information updated
Info 374  [14:56:02.287] Format host information updated
Info 375  [14:56:02.397] Format host information updated
Info 376  [14:56:02.493] Format host information updated
Info 377  [14:56:02.549] Format host information updated
Info 378  [14:56:02.716] Format host information updated
Info 379  [14:56:02.841] Format host information updated
Info 380  [14:56:02.983] Format host information updated
Info 381  [14:56:03.040] Format host information updated
Info 382  [14:56:03.217] Format host information updated
Info 383  [14:56:03.679] Format host information updated
Info 384  [14:56:03.906] Format host information updated
Info 385  [14:56:04.055] Format host information updated
Info 386  [14:56:04.438] Format host information updated
Info 387  [14:56:04.603] Format host information updated
Info 388  [14:56:04.733] Format host information updated
Info 389  [14:56:04.850] Format host information updated
Info 390  [14:56:04.970] Format host information updated
Info 391  [14:56:05.190] Format host information updated
Info 392  [14:56:05.560] Format host information updated
Info 393  [14:56:06.098] Format host information updated
Info 394  [14:56:06.778] Format host information updated
Info 395  [14:56:07.154] Format host information updated
Info 396  [14:56:08.228] Format host information updated
Info 397  [14:56:08.409] Format host information updated
Info 398  [14:56:08.632] Format host information updated
Info 399  [14:56:08.911] Format host information updated
Info 400  [14:56:09.131] Format host information updated
Info 401  [14:56:09.417] Format host information updated
Info 402  [14:56:09.540] Format host information updated
Info 403  [14:56:09.628] Format host information updated
Info 404  [14:56:09.734] Format host information updated
Info 405  [14:56:10.080] Format host information updated
Info 406  [14:56:10.208] Format host information updated
Info 407  [14:56:10.418] Format host information updated
Info 408  [14:56:10.510] Format host information updated
Info 409  [14:56:11.668] Format host information updated
Info 410  [14:56:11.727] Format host information updated
Info 411  [14:56:12.417] Format host information updated
Info 412  [14:56:12.676] Format host information updated
Info 413  [14:56:12.791] Format host information updated
Info 414  [14:56:12.964] Format host information updated
Info 415  [14:56:13.140] Format host information updated
Info 416  [14:56:13.488] Format host information updated
Info 417  [14:56:13.611] Format host information updated
Info 418  [14:56:13.669] Format host information updated
Info 419  [14:56:13.874] Format host information updated
Info 420  [14:56:14.073] Format host information updated
Info 421  [14:56:14.141] Format host information updated
Info 422  [14:56:14.663] Format host information updated
Info 423  [14:56:14.999] Format host information updated
Info 424  [14:56:15.199] Format host information updated
Info 425  [14:56:15.258] Format host information updated
Info 426  [14:56:16.154] Format host information updated
Info 427  [14:56:16.344] Format host information updated
Info 428  [14:56:16.421] Format host information updated
Info 429  [14:56:16.628] Format host information updated
Info 430  [14:56:16.759] Format host information updated
Info 431  [14:56:17.104] Format host information updated
Info 432  [14:56:17.354] Format host information updated
Info 433  [14:56:17.425] Format host information updated
Info 434  [14:56:17.526] Format host information updated
Info 435  [14:56:17.691] Format host information updated
Info 436  [14:56:18.632] Format host information updated
Info 437  [14:56:19.653] Format host information updated
Info 438  [14:56:20.599] Format host information updated
Info 439  [14:56:22.144] Format host information updated
Info 440  [14:56:22.726] Format host information updated
Info 441  [14:56:23.087] Format host information updated
Info 442  [14:56:23.301] Format host information updated
Info 443  [14:56:23.391] Format host information updated
Info 444  [14:56:23.564] Format host information updated
Info 445  [14:56:23.686] Format host information updated
Info 446  [14:56:23.832] Format host information updated
Info 447  [14:56:23.985] Format host information updated
Info 448  [14:56:24.980] Format host information updated
Info 449  [14:56:25.046] Format host information updated
Info 450  [14:56:25.125] Format host information updated
Info 451  [14:56:25.239] Format host information updated
Info 452  [14:56:25.412] Format host information updated
Info 453  [14:56:25.552] Format host information updated
Info 454  [14:56:25.668] Format host information updated
Info 455  [14:56:27.151] Format host information updated
Info 456  [14:56:27.330] Format host information updated
Info 457  [14:56:27.398] Format host information updated
Info 458  [14:56:27.470] Format host information updated
Info 459  [14:56:27.600] Format host information updated
Info 460  [14:56:27.815] Format host information updated
Info 461  [14:56:27.916] Format host information updated
Info 462  [14:56:28.027] Format host information updated
Info 463  [14:56:28.172] Format host information updated
Info 464  [14:56:28.514] Format host information updated
Info 465  [14:56:28.514] Format host information updated
Info 466  [14:56:28.515] Format host information updated
Info 467  [14:56:28.815] Format host information updated
Info 468  [14:56:29.010] Format host information updated
Info 469  [14:56:31.285] Format host information updated
Info 470  [14:56:35.014] Format host information updated
Info 471  [14:56:35.241] Format host information updated
Info 472  [14:56:35.421] Format host information updated
Info 473  [14:56:35.644] Format host information updated
Info 474  [14:56:35.709] Format host information updated
Info 475  [14:56:35.968] Format host information updated
Info 476  [14:56:36.104] Format host information updated
Info 477  [14:56:36.436] Format host information updated
Info 478  [14:56:36.511] Format host information updated
Info 479  [14:56:36.650] Format host information updated
Info 480  [14:56:36.791] Format host information updated
Info 481  [14:56:37.000] Format host information updated
Info 482  [14:56:38.454] Format host information updated
Info 483  [14:56:38.686] Format host information updated
Info 484  [14:56:38.807] Format host information updated
Info 485  [14:56:39.719] Format host information updated
Info 486  [14:56:39.889] Format host information updated
Info 487  [14:56:39.971] Format host information updated
Info 488  [14:56:40.119] Format host information updated
Info 489  [14:56:40.266] Format host information updated
Info 490  [14:56:40.651] Format host information updated
Info 491  [14:56:40.712] Format host information updated
Info 492  [14:56:40.829] Format host information updated
Info 493  [14:56:40.915] Format host information updated
Info 494  [14:56:41.508] Format host information updated
Info 495  [14:56:41.508] Format host information updated
Info 496  [14:56:41.510] Format host information updated
Info 497  [15:05:44.000] Starting updateGraphWorker: Project: /dev/null/inferredProject1*
Info 498  [15:05:44.005] Finishing updateGraphWorker: Project: /dev/null/inferredProject1* Version: 4 structureChanged: true structureIsReused:: Not Elapsed: 4.930764000862837ms
Info 499  [15:05:44.005] Project '/dev/null/inferredProject1*' (Inferred)
Info 500  [15:05:44.005] 	Files (11)

Info 501  [15:05:44.005] -----------------------------------------------
Info 502  [15:05:44.005] Project '/dev/null/inferredProject1*' (Inferred)
Info 502  [15:05:44.005] 	Files (11)

Info 502  [15:05:44.005] -----------------------------------------------
Info 502  [15:05:44.005] Open files: 
Info 502  [15:05:44.005] 	FileName: /home/orion/src/purescript-puppeteer/src/Puppeteer.js ProjectRootPath: /home/orion/src/purescript-puppeteer
Info 502  [15:05:44.005] 		Projects: /dev/null/inferredProject1*
Info 502  [15:05:44.005] 	FileName: /home/orion/src/purescript-puppeteer/src/Puppeteer.Browser.js ProjectRootPath: /home/orion/src/purescript-puppeteer
Info 502  [15:05:44.005] 		Projects: /dev/null/inferredProject1*
Info 502  [15:05:44.005] 	FileName: /home/orion/src/purescript-puppeteer/src/Puppeteer.Browser.Context.js ProjectRootPath: /home/orion/src/purescript-puppeteer
Info 502  [15:05:44.005] 		Projects: /dev/null/inferredProject1*
Info 502  [15:05:44.005] 	FileName: /home/orion/src/purescript-puppeteer/src/Puppeteer.Page.js ProjectRootPath: /home/orion/src/purescript-puppeteer
Info 502  [15:05:44.005] 		Projects: /dev/null/inferredProject1*
Info 502  [15:05:44.344] Format host information updated
Info 503  [15:05:48.231] Format host information updated
Info 504  [15:05:48.820] Format host information updated
Info 505  [15:05:51.331] Format host information updated
Info 506  [15:05:51.504] Format host information updated
Info 507  [15:05:51.749] Format host information updated
Info 508  [15:05:51.887] Format host information updated
Info 509  [15:05:51.979] Format host information updated
Info 510  [15:05:52.033] Format host information updated
Info 511  [15:05:52.195] Format host information updated
Info 512  [15:05:52.312] Format host information updated
Info 513  [15:05:52.472] Format host information updated
Info 514  [15:05:54.577] Format host information updated
Info 515  [15:05:55.031] Format host information updated
Info 516  [15:05:55.264] Format host information updated
Info 517  [15:05:55.950] Format host information updated
Info 518  [15:05:56.470] Format host information updated
Info 519  [15:05:57.792] Format host information updated
Info 520  [15:05:58.039] Format host information updated
Info 521  [15:05:58.162] Format host information updated
Info 522  [15:05:58.424] Format host information updated
Info 523  [15:05:58.644] Format host information updated
Info 524  [15:05:59.004] Format host information updated
Info 525  [15:05:59.238] Format host information updated
Info 526  [15:05:59.352] Format host information updated
Info 527  [15:05:59.467] Format host information updated
Info 528  [15:05:59.520] Format host information updated
Info 529  [15:06:00.963] Format host information updated
Info 530  [15:06:01.124] Format host information updated
Info 531  [15:06:01.743] Format host information updated
Info 532  [15:06:02.049] Format host information updated
Info 533  [15:06:02.216] Format host information updated
Info 534  [15:06:02.497] Format host information updated
Info 535  [15:06:05.087] Format host information updated
Info 536  [15:06:05.927] Format host information updated
Info 537  [15:06:06.159] Format host information updated
Info 538  [15:06:06.568] Format host information updated
Info 539  [15:06:06.789] Format host information updated
Info 540  [15:06:06.936] Format host information updated
Info 541  [15:06:07.101] Format host information updated
Info 542  [15:06:08.232] Format host information updated
Info 543  [15:06:09.369] Format host information updated
Info 544  [15:06:10.049] Format host information updated
Info 545  [15:06:11.260] Format host information updated
Info 546  [15:06:11.953] Format host information updated
Info 547  [15:06:13.536] Format host information updated
Info 548  [15:06:13.677] Format host information updated
Info 549  [15:06:13.762] Format host information updated
Info 550  [15:06:14.144] Format host information updated
Info 551  [15:06:14.240] Format host information updated
Info 552  [15:06:14.374] Format host information updated
Info 553  [15:06:14.597] Format host information updated
Info 554  [15:06:14.867] Format host information updated
Info 555  [15:06:14.925] Format host information updated
Info 556  [15:06:15.315] Format host information updated
Info 557  [15:06:15.399] Format host information updated
Info 558  [15:06:15.467] Format host information updated
Info 559  [15:06:15.543] Format host information updated
Info 560  [15:06:15.625] Format host information updated
Info 561  [15:06:15.815] Format host information updated
Info 562  [15:06:15.877] Format host information updated
Info 563  [15:06:18.669] Format host information updated
Info 564  [15:06:20.309] Format host information updated
Info 565  [15:06:22.475] Format host information updated
Info 566  [15:06:23.706] Format host information updated
Info 567  [15:06:25.055] Format host information updated
Info 568  [15:06:30.385] Format host information updated
Info 569  [15:06:32.462] Format host information updated
Info 570  [15:06:32.524] Format host information updated
Info 571  [15:06:32.678] Format host information updated
Info 572  [15:06:32.818] Format host information updated
Info 573  [15:06:33.249] Format host information updated
Info 574  [15:06:33.381] Format host information updated
Info 575  [15:06:33.490] Format host information updated
Info 576  [15:06:33.646] Format host information updated
Info 577  [15:06:33.705] Format host information updated
Info 578  [15:06:33.920] Format host information updated
Info 579  [15:06:34.472] Format host information updated
Info 580  [15:06:36.530] Format host information updated
Info 581  [15:06:36.658] Format host information updated
Info 582  [15:06:36.771] Format host information updated
Info 583  [15:06:36.890] Format host information updated
Info 584  [15:06:37.362] Format host information updated
Info 585  [15:06:37.533] Format host information updated
Info 586  [15:06:38.141] Format host information updated
Info 587  [15:06:38.302] Format host information updated
Info 588  [15:06:38.362] Format host information updated
Info 589  [15:06:38.579] Format host information updated
Info 590  [15:06:38.640] Format host information updated
Info 591  [15:06:39.215] Format host information updated
Info 592  [15:06:39.315] Format host information updated
Info 593  [15:06:39.422] Format host information updated
Info 594  [15:06:39.482] Format host information updated
Info 595  [15:06:39.546] Format host information updated
Info 596  [15:06:39.662] Format host information updated
Info 597  [15:06:39.835] Format host information updated
Info 598  [15:06:40.013] Format host information updated
Info 599  [15:06:40.137] Format host information updated
Info 600  [15:06:40.277] Format host information updated
Info 601  [15:06:40.336] Format host information updated
Info 602  [15:06:41.618] Format host information updated
Info 603  [15:06:42.545] Format host information updated
Info 604  [15:06:42.617] Format host information updated
Info 605  [15:06:42.683] Format host information updated
Info 606  [15:06:43.009] Format host information updated
Info 607  [15:06:43.399] Format host information updated
Info 608  [15:06:43.535] Format host information updated
Info 609  [15:06:43.772] Format host information updated
Info 610  [15:06:43.930] Format host information updated
Info 611  [15:06:44.148] Format host information updated
Info 612  [15:06:44.283] Format host information updated
Info 613  [15:06:44.733] Format host information updated
Info 614  [15:06:44.815] Format host information updated
Info 615  [15:06:45.039] Format host information updated
Info 616  [15:06:45.184] Format host information updated
Info 617  [15:06:49.701] Format host information updated
Info 618  [15:06:49.783] Format host information updated
Info 619  [15:06:49.884] Format host information updated
Info 620  [15:06:49.981] Format host information updated
Info 621  [15:06:50.135] Format host information updated
Info 622  [15:06:50.326] Format host information updated
Info 623  [15:06:50.450] Format host information updated
Info 624  [15:06:51.720] Format host information updated
Info 625  [15:06:53.693] Format host information updated
Info 626  [15:06:55.010] Format host information updated
Info 627  [15:08:52.747] Format host information updated
Info 628  [15:08:52.953] Format host information updated
Info 629  [15:08:55.310] Format host information updated
Info 630  [15:08:55.651] Format host information updated
Info 631  [15:08:55.815] Format host information updated
Info 632  [15:08:56.006] Format host information updated
Info 633  [15:08:56.102] Format host information updated
Info 634  [15:08:57.028] Format host information updated
Info 635  [15:08:57.364] Format host information updated
Info 636  [15:08:57.658] Format host information updated
Info 637  [15:08:59.536] Format host information updated
Info 638  [15:09:00.839] Format host information updated
Info 639  [15:09:01.133] Format host information updated
Info 640  [15:09:01.193] Format host information updated
Info 641  [15:09:01.290] Format host information updated
Info 642  [15:09:01.482] Format host information updated
Info 643  [15:09:01.955] Format host information updated
Info 644  [15:09:03.462] Format host information updated
Info 645  [15:09:03.618] Format host information updated
Info 646  [15:09:03.735] Format host information updated
Info 647  [15:09:03.984] Format host information updated
Info 648  [15:09:04.073] Format host information updated
Info 649  [15:09:04.709] Format host information updated
Info 650  [15:09:04.709] Format host information updated
Info 651  [15:09:04.711] Format host information updated
Info 652  [15:09:04.770] Format host information updated
Info 653  [15:09:33.442] Format host information updated
Info 654  [15:09:34.342] Format host information updated
Info 655  [15:10:30.048] Format host information updated
Info 656  [15:10:31.320] Format host information updated
Info 657  [15:10:31.468] Format host information updated
Info 658  [15:10:31.614] Format host information updated
Info 659  [15:10:31.758] Format host information updated
Info 660  [15:10:31.908] Format host information updated
Info 661  [15:10:32.043] Format host information updated
Info 662  [15:10:32.097] Format host information updated
Info 663  [15:10:33.224] Format host information updated
Info 664  [15:10:33.360] Format host information updated
Info 665  [15:10:33.482] Format host information updated
Info 666  [15:10:33.623] Format host information updated
Info 667  [15:10:33.724] Format host information updated
Info 668  [15:10:33.805] Format host information updated
Info 669  [15:10:34.007] Format host information updated
Info 670  [15:10:34.084] Format host information updated
Info 671  [15:10:34.225] Format host information updated
Info 672  [15:10:35.690] Format host information updated
Info 673  [15:10:35.873] Format host information updated
Info 674  [15:10:35.967] Format host information updated
Info 675  [15:10:36.082] Format host information updated
Info 676  [15:10:36.188] Format host information updated
Info 677  [15:10:36.498] Format host information updated
Info 678  [15:10:36.611] Format host information updated
Info 679  [15:10:36.816] Format host information updated
Info 680  [15:10:36.910] Format host information updated
Info 681  [15:10:37.348] Format host information updated
Info 682  [15:10:37.349] Format host information updated
Info 683  [15:10:37.349] Format host information updated
Info 684  [15:18:07.716] Format host information updated
Info 685  [15:18:08.323] Format host information updated
Info 686  [15:18:09.036] Format host information updated
Info 687  [15:18:09.210] Format host information updated
Info 688  [15:18:10.602] Format host information updated
Info 689  [15:18:10.676] Format host information updated
Info 690  [15:18:10.808] Format host information updated
Info 691  [15:18:11.167] Format host information updated
Info 692  [15:18:11.238] Format host information updated
Info 693  [15:18:11.307] Format host information updated
Info 694  [15:18:11.376] Format host information updated
Info 695  [15:18:11.466] Format host information updated
Info 696  [15:18:11.713] Format host information updated
Info 697  [15:18:11.863] Format host information updated
Info 698  [15:18:13.506] Format host information updated
Info 699  [15:18:13.605] Format host information updated
Info 700  [15:18:13.676] Format host information updated
Info 701  [15:18:13.770] Format host information updated
Info 702  [15:18:13.826] Format host information updated
Info 703  [15:18:13.966] Format host information updated
Info 704  [15:18:14.026] Format host information updated
Info 705  [15:18:14.746] Format host information updated
Info 706  [15:18:14.905] Format host information updated
Info 707  [15:18:15.098] Format host information updated
Info 708  [15:18:15.158] Format host information updated
Info 709  [15:18:15.413] Format host information updated
Info 710  [15:18:15.690] Format host information updated
Info 711  [15:18:15.815] Format host information updated
Info 712  [15:18:16.000] Format host information updated
Info 713  [15:18:16.072] Format host information updated
Info 714  [15:18:16.292] Format host information updated
Info 715  [15:18:16.445] Format host information updated
Info 716  [15:18:16.504] Format host information updated
Info 717  [15:18:19.598] Format host information updated
Info 718  [15:18:19.729] Format host information updated
Info 719  [15:18:21.232] Format host information updated
Info 720  [15:18:21.351] Format host information updated
Info 721  [15:18:21.424] Format host information updated
Info 722  [15:18:21.694] Format host information updated
Info 723  [15:18:21.793] Format host information updated
Info 724  [15:18:21.884] Format host information updated
Info 725  [15:18:21.957] Format host information updated
Info 726  [15:18:22.124] Format host information updated
Info 727  [15:18:22.297] Format host information updated
Info 728  [15:18:22.451] Format host information updated
Info 729  [15:18:22.513] Format host information updated
Info 730  [15:18:23.692] Format host information updated
Info 731  [15:18:25.809] Format host information updated
Info 732  [15:29:50.592] Format host information updated
Info 733  [15:29:50.797] Format host information updated
Info 734  [15:29:56.108] Format host information updated
Info 735  [15:29:56.284] Format host information updated
Info 736  [15:29:56.569] Format host information updated
Info 737  [15:29:56.719] Format host information updated
Info 738  [15:29:57.084] Format host information updated
Info 739  [15:29:57.191] Format host information updated
Info 740  [15:29:57.342] Format host information updated
Info 741  [15:29:57.469] Format host information updated
Info 742  [15:29:57.925] Format host information updated
Info 743  [15:30:01.548] Format host information updated
Info 744  [15:30:03.237] Format host information updated
Info 745  [15:30:03.327] Format host information updated
Info 746  [15:30:03.424] Format host information updated
Info 747  [15:30:03.498] Format host information updated
Info 748  [15:30:03.606] Format host information updated
Info 749  [15:30:03.663] Format host information updated
Info 750  [15:30:03.829] Format host information updated
Info 751  [15:30:03.923] Format host information updated
Info 752  [15:30:04.127] Format host information updated
Info 753  [15:30:04.184] Format host information updated
Info 754  [15:30:04.302] Format host information updated
Info 755  [15:30:04.478] Format host information updated
Info 756  [15:30:04.825] Format host information updated
Info 757  [15:30:05.001] Format host information updated
Info 758  [15:30:05.187] Format host information updated
Info 759  [15:30:05.328] Format host information updated
Info 760  [15:30:05.496] Format host information updated
Info 761  [15:30:05.558] Format host information updated
Info 762  [15:30:18.125] Format host information updated
Info 763  [15:30:18.366] Format host information updated
Info 764  [15:30:18.447] Format host information updated
Info 765  [15:30:18.855] Format host information updated
Info 766  [15:30:19.083] Format host information updated
Info 767  [15:30:19.326] Format host information updated
Info 768  [15:30:19.387] Format host information updated
Info 769  [15:30:19.682] Format host information updated
Info 770  [15:30:19.825] Format host information updated
Info 771  [15:30:19.883] Format host information updated
Info 772  [15:30:19.968] Format host information updated
Info 773  [15:30:20.201] Format host information updated
Info 774  [15:30:20.598] Format host information updated
Info 775  [15:30:20.741] Format host information updated
Info 776  [15:30:20.813] Format host information updated
Info 777  [15:30:20.937] Format host information updated
Info 778  [15:30:21.070] Format host information updated
Info 779  [15:30:21.124] Format host information updated
Info 780  [15:30:21.238] Format host information updated
Info 781  [15:30:21.406] Format host information updated
Info 782  [15:30:21.655] Format host information updated
Info 783  [15:30:22.434] Format host information updated
Info 784  [15:30:23.899] Format host information updated
Info 785  [15:30:27.198] Format host information updated
Info 786  [15:30:27.276] Format host information updated
Info 787  [15:30:27.341] Format host information updated
Info 788  [15:30:27.474] Format host information updated
Info 789  [15:30:27.533] Format host information updated
Info 790  [15:30:27.738] Format host information updated
Info 791  [15:30:30.118] Format host information updated
Info 792  [15:30:30.289] Format host information updated
Info 793  [15:30:30.454] Format host information updated
Info 794  [15:30:30.511] Format host information updated
Info 795  [15:30:33.755] Format host information updated
Info 796  [15:30:33.878] Format host information updated
Info 797  [15:30:34.131] Format host information updated
Info 798  [15:30:34.379] Format host information updated
Info 799  [15:30:34.508] Format host information updated
Info 800  [15:30:36.938] Format host information updated
Info 801  [15:30:37.989] Format host information updated
Info 802  [15:30:38.206] Format host information updated
Info 803  [15:30:38.308] Format host information updated
Info 804  [15:30:40.403] Format host information updated
Info 805  [15:30:40.545] Format host information updated
Info 806  [15:30:40.687] Format host information updated
Info 807  [15:30:40.774] Format host information updated
Info 808  [15:30:40.925] Format host information updated
Info 809  [15:30:41.073] Format host information updated
Info 810  [15:30:41.655] Format host information updated
Info 811  [15:30:41.656] Format host information updated
Info 812  [15:30:41.656] Format host information updated
Info 813  [15:30:41.657] Format host information updated
Info 814  [15:30:41.727] Format host information updated
Info 815  [15:30:44.240] Format host information updated
Info 816  [15:30:44.444] Format host information updated
Info 817  [15:30:44.540] Format host information updated
Info 818  [15:30:44.704] Format host information updated
Info 819  [15:31:05.212] Format host information updated
Info 820  [15:31:05.587] Format host information updated
Info 821  [15:31:06.290] Format host information updated
Info 822  [15:31:06.840] Format host information updated
Info 823  [15:31:09.764] Format host information updated
Info 824  [15:31:09.924] Format host information updated
Info 825  [15:31:10.114] Format host information updated
Info 826  [15:31:10.218] Format host information updated
Info 827  [15:31:10.339] Format host information updated
Info 828  [15:31:10.929] Format host information updated
Info 829  [15:31:23.769] Format host information updated
Info 830  [15:31:28.538] Format host information updated
Info 831  [15:31:29.678] Format host information updated
Info 832  [15:31:29.804] Format host information updated
Info 833  [15:31:29.922] Format host information updated
Info 834  [15:31:30.075] Format host information updated
Info 835  [15:31:30.201] Format host information updated
Info 836  [15:31:30.856] Format host information updated
Info 837  [15:31:31.015] Format host information updated
Info 838  [15:31:31.125] Format host information updated
Info 839  [15:31:31.295] Format host information updated
Info 840  [15:31:32.069] Format host information updated
Info 841  [15:31:32.070] Format host information updated
Info 842  [15:31:32.072] Format host information updated
Info 843  [15:31:32.726] Format host information updated
Info 844  [15:38:12.264] Format host information updated
Info 845  [15:38:12.343] Format host information updated
Info 846  [15:38:12.417] Format host information updated
Info 847  [15:38:12.634] Format host information updated
Info 848  [15:38:12.791] Format host information updated
Info 849  [15:38:12.858] Format host information updated
Info 850  [15:38:13.074] Format host information updated
Info 851  [15:38:13.221] Format host information updated
Info 852  [15:38:13.311] Format host information updated
Info 853  [15:38:13.472] Format host information updated
Info 854  [15:38:13.681] Format host information updated
Info 855  [15:38:13.803] Format host information updated
Info 856  [15:38:13.973] Format host information updated
Info 857  [15:38:14.074] Format host information updated
Info 858  [15:38:14.164] Format host information updated
Info 859  [15:38:14.260] Format host information updated
Info 860  [15:38:14.365] Format host information updated
Info 861  [15:38:14.523] Format host information updated
Info 862  [15:38:14.615] Format host information updated
Info 863  [15:38:14.815] Format host information updated
Info 864  [15:38:14.879] Format host information updated
Info 865  [15:38:14.963] Format host information updated
Info 866  [15:38:15.071] Format host information updated
Info 867  [15:38:15.273] Format host information updated
Info 868  [15:38:15.412] Format host information updated
Info 869  [15:38:15.844] Format host information updated
Info 870  [15:38:15.844] Format host information updated
Info 871  [15:38:15.846] Format host information updated
Info 872  [15:38:16.045] Format host information updated
Info 873  [15:38:18.031] Format host information updated
Info 874  [15:38:55.363] Format host information updated
Info 875  [15:38:55.574] Format host information updated
Info 876  [15:38:59.444] Format host information updated
Info 877  [15:38:59.535] Format host information updated
Info 878  [15:38:59.665] Format host information updated
Info 879  [15:38:59.826] Format host information updated
Info 880  [15:38:59.986] Format host information updated
Info 881  [15:39:00.080] Format host information updated
Info 882  [15:39:00.143] Format host information updated
Info 883  [15:39:00.767] Format host information updated
Info 884  [15:39:01.620] Format host information updated
Info 885  [15:39:01.746] Format host information updated
Info 886  [15:39:02.320] Format host information updated
Info 887  [15:39:02.618] Format host information updated
Info 888  [15:39:02.987] Format host information updated
Info 889  [15:39:03.168] Format host information updated
Info 890  [15:39:03.237] Format host information updated
Info 891  [15:39:03.461] Format host information updated
Info 892  [15:39:03.617] Format host information updated
Info 893  [15:39:03.704] Format host information updated
Info 894  [15:39:04.059] Format host information updated
Info 895  [15:39:05.804] Format host information updated
Info 896  [15:39:05.925] Format host information updated
Info 897  [15:39:06.051] Format host information updated
Info 898  [15:39:06.378] Format host information updated
Info 899  [15:39:06.541] Format host information updated
Info 900  [15:39:07.109] Format host information updated
Info 901  [15:39:07.109] Format host information updated
Info 902  [15:39:07.111] Format host information updated
Info 903  [15:39:08.337] Format host information updated
Info 904  [15:39:08.542] Format host information updated
Info 905  [15:39:09.861] Format host information updated
Info 906  [15:39:10.012] Format host information updated
Info 907  [15:39:10.090] Format host information updated
Info 908  [15:39:10.251] Format host information updated
Info 909  [15:39:10.354] Format host information updated
Info 910  [15:39:10.437] Format host information updated
Info 911  [15:39:11.247] Format host information updated
Info 912  [15:39:12.337] Format host information updated
Info 913  [15:39:12.463] Format host information updated
Info 914  [15:39:12.942] Format host information updated
Info 915  [15:39:13.030] Format host information updated
Info 916  [15:39:13.186] Format host information updated
Info 917  [15:39:13.283] Format host information updated
Info 918  [15:39:13.407] Format host information updated
Info 919  [15:39:13.467] Format host information updated
Info 920  [15:39:13.784] Format host information updated
Info 921  [15:39:13.905] Format host information updated
Info 922  [15:39:14.056] Format host information updated
Info 923  [15:39:16.168] Format host information updated
Info 924  [15:39:16.321] Format host information updated
Info 925  [15:39:16.608] Format host information updated
Info 926  [15:39:16.779] Format host information updated
Info 927  [15:39:16.885] Format host information updated
Info 928  [15:39:16.970] Format host information updated
Info 929  [15:39:17.060] Format host information updated
Info 930  [15:39:17.120] Format host information updated
Info 931  [15:53:25.999] Starting updateGraphWorker: Project: /dev/null/inferredProject1*
Info 932  [15:53:26.020] Finishing updateGraphWorker: Project: /dev/null/inferredProject1* Version: 5 structureChanged: true structureIsReused:: Not Elapsed: 21.035980001091957ms
Info 933  [15:53:26.020] Project '/dev/null/inferredProject1*' (Inferred)
Info 934  [15:53:26.020] 	Files (12)

Info 935  [15:53:26.020] -----------------------------------------------
Info 936  [15:53:26.020] Project '/dev/null/inferredProject1*' (Inferred)
Info 936  [15:53:26.020] 	Files (12)

Info 936  [15:53:26.020] -----------------------------------------------
Info 936  [15:53:26.020] Open files: 
Info 936  [15:53:26.020] 	FileName: /home/orion/src/purescript-puppeteer/src/Puppeteer.js ProjectRootPath: /home/orion/src/purescript-puppeteer
Info 936  [15:53:26.020] 		Projects: /dev/null/inferredProject1*
Info 936  [15:53:26.020] 	FileName: /home/orion/src/purescript-puppeteer/src/Puppeteer.Browser.js ProjectRootPath: /home/orion/src/purescript-puppeteer
Info 936  [15:53:26.020] 		Projects: /dev/null/inferredProject1*
Info 936  [15:53:26.020] 	FileName: /home/orion/src/purescript-puppeteer/src/Puppeteer.Browser.Context.js ProjectRootPath: /home/orion/src/purescript-puppeteer
Info 936  [15:53:26.020] 		Projects: /dev/null/inferredProject1*
Info 936  [15:53:26.020] 	FileName: /home/orion/src/purescript-puppeteer/src/Puppeteer.Page.js ProjectRootPath: /home/orion/src/purescript-puppeteer
Info 936  [15:53:26.020] 		Projects: /dev/null/inferredProject1*
Info 936  [15:53:26.020] 	FileName: /home/orion/src/purescript-puppeteer/src/Puppeteer.Handle.js ProjectRootPath: /home/orion/src/purescript-puppeteer
Info 936  [15:53:26.020] 		Projects: /dev/null/inferredProject1*
Info 936  [15:53:26.460] Format host information updated
Info 937  [15:53:31.288] Format host information updated
Info 938  [15:53:31.442] Format host information updated
Info 939  [15:53:34.691] Format host information updated
Info 940  [15:53:35.934] Format host information updated
Info 941  [15:53:36.793] Format host information updated
Info 942  [15:53:37.831] Format host information updated
Info 943  [15:53:40.531] Format host information updated
Info 944  [15:53:41.151] Format host information updated
Info 945  [15:53:42.176] Format host information updated
Info 946  [15:53:42.298] Format host information updated
Info 947  [15:53:42.439] Format host information updated
Info 948  [15:53:42.577] Format host information updated
Info 949  [15:53:42.733] Format host information updated
Info 950  [15:53:42.794] Format host information updated
Info 951  [15:53:42.978] Format host information updated
Info 952  [15:53:43.048] Format host information updated
Info 953  [15:53:43.140] Format host information updated
Info 954  [15:54:00.564] Format host information updated
Info 955  [15:54:01.049] Format host information updated
Info 956  [15:54:03.559] Format host information updated
Info 957  [15:54:04.076] Format host information updated
Info 958  [15:54:04.738] Format host information updated
Info 959  [15:54:06.171] Format host information updated
Info 960  [15:54:06.343] Format host information updated
Info 961  [15:54:06.666] Format host information updated
Info 962  [15:54:06.735] Format host information updated
Info 963  [15:54:06.928] Format host information updated
Info 964  [15:54:07.139] Format host information updated
Info 965  [15:54:07.300] Format host information updated
Info 966  [15:54:07.444] Format host information updated
Info 967  [15:54:07.634] Format host information updated
Info 968  [15:54:08.160] Format host information updated
Info 969  [15:54:08.285] Format host information updated
Info 970  [15:54:08.422] Format host information updated
Info 971  [15:54:08.573] Format host information updated
Info 972  [15:54:08.660] Format host information updated
Info 973  [15:54:08.731] Format host information updated
Info 974  [15:54:08.842] Format host information updated
Info 975  [15:54:08.902] Format host information updated
Info 976  [15:54:08.963] Format host information updated
Info 977  [15:54:09.116] Format host information updated
Info 978  [15:54:09.364] Format host information updated
Info 979  [15:54:09.502] Format host information updated
Info 980  [15:54:09.625] Format host information updated
Info 981  [15:54:09.793] Format host information updated
Info 982  [15:54:09.861] Format host information updated
Info 983  [15:54:09.929] Format host information updated
Info 984  [15:54:10.675] Format host information updated
Info 985  [15:54:11.125] Format host information updated
Info 986  [15:54:11.646] Format host information updated
Info 987  [15:54:11.814] Format host information updated
Info 988  [15:54:11.999] Format host information updated
Info 989  [15:54:12.075] Format host information updated
Info 990  [15:54:12.268] Format host information updated
Info 991  [15:54:12.505] Format host information updated
Info 992  [15:54:12.828] Format host information updated
Info 993  [15:54:12.985] Format host information updated
Info 994  [15:54:13.095] Format host information updated
Info 995  [15:54:13.200] Format host information updated
Info 996  [15:54:13.283] Format host information updated
Info 997  [15:54:13.455] Format host information updated
Info 998  [15:54:13.621] Format host information updated
Info 999  [15:54:13.678] Format host information updated
Info 1000 [15:54:14.973] Format host information updated
Info 1001 [15:54:15.036] Format host information updated
Info 1002 [15:54:15.148] Format host information updated
Info 1003 [15:54:16.563] Format host information updated
Info 1004 [15:54:16.693] Format host information updated
Info 1005 [15:54:16.848] Format host information updated
Info 1006 [15:54:16.934] Format host information updated
Info 1007 [15:54:17.115] Format host information updated
Info 1008 [15:54:17.228] Format host information updated
Info 1009 [15:54:17.427] Format host information updated
Info 1010 [15:54:17.627] Format host information updated
Info 1011 [15:54:17.736] Format host information updated
Info 1012 [15:54:17.836] Format host information updated
Info 1013 [15:54:18.077] Format host information updated
Info 1014 [15:54:18.233] Format host information updated
Info 1015 [15:54:18.438] Format host information updated
Info 1016 [15:54:18.626] Format host information updated
Info 1017 [15:54:18.822] Format host information updated
Info 1018 [15:54:18.958] Format host information updated
Info 1019 [15:54:19.112] Format host information updated
Info 1020 [15:54:19.475] Format host information updated
Info 1021 [15:54:19.646] Format host information updated
Info 1022 [15:54:19.840] Format host information updated
Info 1023 [15:54:20.043] Format host information updated
Info 1024 [15:54:20.142] Format host information updated
Info 1025 [15:54:20.206] Format host information updated
Info 1026 [15:54:20.369] Format host information updated
Info 1027 [15:54:20.654] Format host information updated
Info 1028 [15:54:20.768] Format host information updated
Info 1029 [15:54:20.872] Format host information updated
Info 1030 [15:54:20.989] Format host information updated
Info 1031 [15:54:21.056] Format host information updated
Info 1032 [15:54:22.512] Format host information updated
Info 1033 [15:54:22.644] Format host information updated
Info 1034 [15:54:22.801] Format host information updated
Info 1035 [15:54:22.928] Format host information updated
Info 1036 [15:54:23.232] Format host information updated
Info 1037 [15:54:23.359] Format host information updated
Info 1038 [15:54:23.505] Format host information updated
Info 1039 [15:54:23.591] Format host information updated
Info 1040 [15:54:23.791] Format host information updated
Info 1041 [15:54:24.106] Format host information updated
Info 1042 [15:54:24.294] Format host information updated
Info 1043 [15:54:24.440] Format host information updated
Info 1044 [15:54:24.671] Format host information updated
Info 1045 [15:54:24.808] Format host information updated
Info 1046 [15:54:24.906] Format host information updated
Info 1047 [15:54:24.970] Format host information updated
Info 1048 [15:54:25.241] Format host information updated
Info 1049 [15:54:25.424] Format host information updated
Info 1050 [15:54:25.536] Format host information updated
Info 1051 [15:54:25.672] Format host information updated
Info 1052 [15:54:25.771] Format host information updated
Info 1053 [15:54:25.834] Format host information updated
Info 1054 [15:54:27.105] Format host information updated
Info 1055 [15:54:29.183] Format host information updated
Info 1056 [15:54:29.827] Format host information updated
Info 1057 [15:54:30.374] Format host information updated
Info 1058 [15:54:31.442] Format host information updated
Info 1059 [15:54:33.514] Format host information updated
Info 1060 [15:54:34.259] Format host information updated
Info 1061 [15:54:35.370] Format host information updated
Info 1062 [15:58:17.309] Format host information updated
Info 1063 [16:03:31.909] Format host information updated
Info 1064 [16:03:32.135] Format host information updated
Info 1065 [16:03:32.280] Format host information updated
Info 1066 [16:03:32.383] Format host information updated
Info 1067 [16:03:32.532] Format host information updated
Info 1068 [16:03:32.944] Format host information updated
Info 1069 [16:03:33.332] Format host information updated
