Info 0    [14:31:22.957] Starting TS Server
Info 1    [14:31:22.957] Version: 5.2.2
Info 2    [14:31:22.958] Arguments: /home/orion/.asdf/installs/node/20.2.0/bin/node /home/orion/.asdf/installs/node/20.2.0/lib/node_modules/typescript/lib/tsserver.js --serverMode partialSemantic --useInferredProjectPerProjectRoot --disableAutomaticTypingAcquisition --cancellationPipeName /tmp/44e1ffb47e55f0cf7901b66791423bfd/tscancellation* --logVerbosity normal --logFile /home/orion/src/purescript-puppeteer/.log/tsserver-log-RsokmK/tsserver.log --locale en --validateDefaultNpmLocation --useNodeIpc
Info 3    [14:31:22.958] Platform: linux NodeVersion: v20.2.0 CaseSensitive: true
Info 4    [14:31:22.958] ServerMode: 1 hasUnknownServerMode: undefined
Info 5    [14:31:22.962] Format host information updated
Info 6    [14:31:22.967] Starting updateGraphWorker: Project: /dev/null/inferredProject1*
Info 7    [14:31:23.312] Finishing updateGraphWorker: Project: /dev/null/inferredProject1* Version: 1 structureChanged: true structureIsReused:: Not Elapsed: 345.2416409999132ms
Info 8    [14:31:23.312] Project '/dev/null/inferredProject1*' (Inferred)
Info 9    [14:31:23.312] 	Files (8)

Info 10   [14:31:23.312] -----------------------------------------------
Info 11   [14:31:23.313] Project '/dev/null/inferredProject1*' (Inferred)
Info 11   [14:31:23.313] 	Files (8)

Info 11   [14:31:23.313] -----------------------------------------------
Info 11   [14:31:23.313] Open files: 
Info 11   [14:31:23.313] 	FileName: /home/orion/src/purescript-puppeteer/src/Puppeteer.Handle.js ProjectRootPath: /home/orion/src/purescript-puppeteer
Info 11   [14:31:23.313] 		Projects: /dev/null/inferredProject1*
Info 11   [14:31:23.333] getCompletionData: Get current token: 0.09083199873566628
Info 12   [14:31:23.333] getCompletionData: Is inside comment: 0.0063479989767074585
Info 13   [14:31:23.334] getCompletionData: Get previous token: 0.17136700078845024
Info 14   [14:31:23.334] getCompletionsAtPosition: isCompletionListBlocker: 0.263289000838995
Info 15   [14:31:23.341] getExportInfoMap: cache miss or empty; calculating new results
Info 16   [14:31:23.343] getExportInfoMap: done in 1.5239900015294552 ms
Info 17   [14:31:23.344] collectAutoImports: resolved 0 module specifiers, plus 0 ambient and 0 from cache
Info 18   [14:31:23.344] collectAutoImports: response is complete
Info 19   [14:31:23.344] collectAutoImports: 0.7707899995148182
Info 20   [14:31:23.344] getCompletionData: Semantic work: 10.055679999291897
Info 21   [14:31:23.372] getCompletionsAtPosition: getCompletionEntriesFromSymbols: 26.676155999302864
Info 22   [14:31:23.376] Format host information updated
Info 23   [14:31:23.381] getCompletionData: Get current token: 0.017455000430345535
Info 24   [14:31:23.381] getCompletionData: Is inside comment: 0.004845999181270599
Info 25   [14:31:23.381] getCompletionData: Get previous token: 0.1253260001540184
Info 26   [14:31:23.381] getCompletionsAtPosition: isCompletionListBlocker: 0.01852700114250183
Info 27   [14:31:23.383] getExportInfoMap: cache hit
Info 28   [14:31:23.383] collectAutoImports: resolved 0 module specifiers, plus 0 ambient and 0 from cache
Info 29   [14:31:23.383] collectAutoImports: response is complete
Info 30   [14:31:23.383] collectAutoImports: 0.08686399832367897
Info 31   [14:31:23.383] getCompletionData: Semantic work: 1.8685400001704693
Info 32   [14:31:23.393] getCompletionsAtPosition: getCompletionEntriesFromSymbols: 9.401184000074863
Info 33   [14:31:23.395] Format host information updated
Info 34   [14:31:23.398] Format host information updated
Info 35   [14:31:23.399] Format host information updated
Info 36   [14:31:23.525] Format host information updated
Info 37   [14:31:23.661] Format host information updated
Info 38   [14:31:23.767] Starting updateGraphWorker: Project: /dev/null/inferredProject1*
Info 39   [14:31:23.773] Finishing updateGraphWorker: Project: /dev/null/inferredProject1* Version: 2 structureChanged: false structureIsReused:: Completely Elapsed: 6.478674001991749ms
Info 40   [14:31:23.773] Different program with same set of files
Info 41   [14:31:23.774] getCompletionData: Get current token: 0.006685998290777206
Info 42   [14:31:23.774] getCompletionData: Is inside comment: 0.018803998827934265
Info 43   [14:31:23.774] getCompletionData: Get previous token: 0.03276799991726875
Info 44   [14:31:23.774] getCompletionsAtPosition: isCompletionListBlocker: 0.012412000447511673
Info 45   [14:31:23.776] getExportInfoMap: cache hit
Info 46   [14:31:23.776] collectAutoImports: resolved 0 module specifiers, plus 0 ambient and 0 from cache
Info 47   [14:31:23.776] collectAutoImports: response is complete
Info 48   [14:31:23.776] collectAutoImports: 0.6064860001206398
Info 49   [14:31:23.776] getCompletionData: Semantic work: 2.6335400007665157
Info 50   [14:31:23.786] getCompletionsAtPosition: getCompletionEntriesFromSymbols: 9.033236000686884
Info 51   [14:31:23.789] Format host information updated
Info 52   [14:31:24.209] Starting updateGraphWorker: Project: /dev/null/inferredProject1*
Info 53   [14:31:24.214] Finishing updateGraphWorker: Project: /dev/null/inferredProject1* Version: 3 structureChanged: false structureIsReused:: Completely Elapsed: 4.83551000058651ms
Info 54   [14:31:24.214] Different program with same set of files
Info 55   [14:31:24.214] getCompletionData: Get current token: 0.005997002124786377
Info 56   [14:31:24.214] getCompletionData: Is inside comment: 0.0567530021071434
Info 57   [14:31:24.214] getCompletionData: Get previous token: 0.05891500040888786
Info 58   [14:31:24.215] getCompletionsAtPosition: isCompletionListBlocker: 0.0028069987893104553
Info 59   [14:31:24.218] getCompletionData: Semantic work: 3.610971998423338
Info 60   [14:31:24.219] getCompletionsAtPosition: getCompletionEntriesFromSymbols: 0.1100970022380352
Info 61   [14:31:24.219] Format host information updated
Info 62   [14:31:24.467] Starting updateGraphWorker: Project: /dev/null/inferredProject1*
Info 63   [14:31:24.474] Finishing updateGraphWorker: Project: /dev/null/inferredProject1* Version: 4 structureChanged: false structureIsReused:: Completely Elapsed: 7.101451996713877ms
Info 64   [14:31:24.474] Different program with same set of files
Info 65   [14:31:24.474] getCompletionData: Get current token: 0.008386000990867615
Info 66   [14:31:24.474] getCompletionData: Is inside comment: 0.03210500255227089
Info 67   [14:31:24.474] getCompletionData: Get previous token: 0.0555649995803833
Info 68   [14:31:24.474] getCompletionsAtPosition: isCompletionListBlocker: 0.004778001457452774
Info 69   [14:31:24.475] getCompletionData: Semantic work: 1.1240550018846989
Info 70   [14:31:24.476] getCompletionsAtPosition: getCompletionEntriesFromSymbols: 0.22971399873495102
Info 71   [14:31:24.476] Format host information updated
Info 72   [14:31:24.527] Starting updateGraphWorker: Project: /dev/null/inferredProject1*
Info 73   [14:31:24.534] Finishing updateGraphWorker: Project: /dev/null/inferredProject1* Version: 5 structureChanged: false structureIsReused:: Completely Elapsed: 6.246700000017881ms
Info 74   [14:31:24.534] Different program with same set of files
Info 75   [14:31:24.534] getCompletionData: Get current token: 0.010313000530004501
Info 76   [14:31:24.534] getCompletionData: Is inside comment: 0.03500399738550186
Info 77   [14:31:24.534] getCompletionData: Get previous token: 0.06088399887084961
Info 78   [14:31:24.534] getCompletionsAtPosition: isCompletionListBlocker: 0.0036479979753494263
Info 79   [14:31:24.535] getCompletionData: Semantic work: 1.0763069987297058
Info 80   [14:31:24.535] getCompletionsAtPosition: getCompletionEntriesFromSymbols: 0.15130800008773804
Info 81   [14:31:24.536] Format host information updated
Info 82   [14:31:24.609] Starting updateGraphWorker: Project: /dev/null/inferredProject1*
Info 83   [14:31:24.614] Finishing updateGraphWorker: Project: /dev/null/inferredProject1* Version: 6 structureChanged: false structureIsReused:: Completely Elapsed: 4.106515001505613ms
Info 84   [14:31:24.614] Different program with same set of files
Info 85   [14:31:24.614] getCompletionData: Get current token: 0.005607001483440399
Info 86   [14:31:24.614] getCompletionData: Is inside comment: 0.01654300093650818
Info 87   [14:31:24.614] getCompletionData: Get previous token: 0.021269001066684723
Info 88   [14:31:24.614] getCompletionsAtPosition: isCompletionListBlocker: 0.0020959973335266113
Info 89   [14:31:24.615] getCompletionData: Semantic work: 0.7211019992828369
Info 90   [14:31:24.615] getCompletionsAtPosition: getCompletionEntriesFromSymbols: 0.08432699739933014
Info 91   [14:31:24.615] Format host information updated
Info 92   [14:31:24.825] Starting updateGraphWorker: Project: /dev/null/inferredProject1*
Info 93   [14:31:24.831] Finishing updateGraphWorker: Project: /dev/null/inferredProject1* Version: 7 structureChanged: false structureIsReused:: Completely Elapsed: 5.872179001569748ms
Info 94   [14:31:24.831] Different program with same set of files
Info 95   [14:31:24.831] getCompletionData: Get current token: 0.004493001848459244
Info 96   [14:31:24.831] getCompletionData: Is inside comment: 0.00998000055551529
Info 97   [14:31:24.831] getCompletionData: Get previous token: 0.017480000853538513
Info 98   [14:31:24.831] getCompletionsAtPosition: isCompletionListBlocker: 0.002569999545812607
Info 99   [14:31:24.832] getCompletionData: Semantic work: 0.7502660006284714
Info 100  [14:31:24.832] getCompletionsAtPosition: getCompletionEntriesFromSymbols: 0.09150100126862526
Info 101  [14:31:24.832] Format host information updated
Info 102  [14:31:24.912] Starting updateGraphWorker: Project: /dev/null/inferredProject1*
Info 103  [14:31:24.915] Finishing updateGraphWorker: Project: /dev/null/inferredProject1* Version: 8 structureChanged: false structureIsReused:: Completely Elapsed: 3.6414930000901222ms
Info 104  [14:31:24.915] Different program with same set of files
Info 105  [14:31:24.916] getCompletionData: Get current token: 0.0049279965460300446
Info 106  [14:31:24.916] getCompletionData: Is inside comment: 0.011459998786449432
Info 107  [14:31:24.916] getCompletionData: Get previous token: 0.018764998763799667
Info 108  [14:31:24.916] getCompletionsAtPosition: isCompletionListBlocker: 0.025950998067855835
Info 109  [14:31:24.917] getCompletionData: Semantic work: 0.7178470008075237
Info 110  [14:31:24.917] getCompletionsAtPosition: getCompletionEntriesFromSymbols: 0.09011400118470192
Info 111  [14:31:24.917] Format host information updated
Info 112  [14:31:25.042] Starting updateGraphWorker: Project: /dev/null/inferredProject1*
Info 113  [14:31:25.046] Finishing updateGraphWorker: Project: /dev/null/inferredProject1* Version: 9 structureChanged: false structureIsReused:: Completely Elapsed: 4.222136002033949ms
Info 114  [14:31:25.046] Different program with same set of files
Info 115  [14:31:25.046] getCompletionData: Get current token: 0.005470000207424164
Info 116  [14:31:25.046] getCompletionData: Is inside comment: 0.012942999601364136
Info 117  [14:31:25.046] getCompletionData: Get previous token: 0.02024400234222412
Info 118  [14:31:25.047] getCompletionsAtPosition: isCompletionListBlocker: 0.0054979994893074036
Info 119  [14:31:25.048] getCompletionData: Semantic work: 0.9422309994697571
Info 120  [14:31:25.048] getCompletionsAtPosition: getCompletionEntriesFromSymbols: 0.08168600127100945
Info 121  [14:31:25.048] Format host information updated
Info 122  [14:31:25.164] Format host information updated
Info 123  [14:31:25.250] Format host information updated
Info 124  [14:31:25.593] Format host information updated
Info 125  [14:31:25.654] Format host information updated
Info 126  [14:31:26.125] Format host information updated
Info 127  [14:53:11.402] Format host information updated
Info 128  [14:53:13.326] Format host information updated
Info 129  [14:53:13.387] Format host information updated
Info 130  [14:53:13.501] Format host information updated
Info 131  [14:53:13.668] Format host information updated
Info 132  [14:53:13.908] Format host information updated
Info 133  [14:53:13.963] Format host information updated
Info 134  [14:53:14.198] Format host information updated
Info 135  [14:53:14.395] Format host information updated
Info 136  [14:53:14.729] Format host information updated
Info 137  [14:53:14.867] Format host information updated
Info 138  [14:53:15.130] Format host information updated
Info 139  [14:53:15.227] Format host information updated
Info 140  [14:53:15.650] Format host information updated
Info 141  [14:53:15.650] Format host information updated
Info 142  [14:53:15.651] Format host information updated
Info 143  [14:53:18.178] Format host information updated
Info 144  [14:53:20.426] Format host information updated
Info 145  [14:53:20.498] Format host information updated
Info 146  [14:53:20.634] Format host information updated
Info 147  [14:53:20.914] Format host information updated
Info 148  [14:53:21.173] Format host information updated
Info 149  [14:53:21.232] Format host information updated
Info 150  [14:53:21.704] Format host information updated
Info 151  [14:53:21.887] Format host information updated
Info 152  [14:53:22.042] Format host information updated
Info 153  [14:53:22.132] Format host information updated
Info 154  [14:53:22.272] Format host information updated
Info 155  [14:53:22.460] Format host information updated
Info 156  [14:53:22.528] Format host information updated
Info 157  [14:53:22.793] Format host information updated
Info 158  [14:53:26.368] Format host information updated
Info 159  [14:53:26.999] Format host information updated
Info 160  [14:53:27.063] Format host information updated
Info 161  [14:53:27.123] Format host information updated
Info 162  [14:53:27.211] Format host information updated
Info 163  [14:53:27.449] Format host information updated
Info 164  [14:53:27.605] Format host information updated
Info 165  [14:53:27.762] Format host information updated
Info 166  [14:53:27.912] Format host information updated
Info 167  [14:53:27.975] Format host information updated
Info 168  [14:53:28.037] Format host information updated
Info 169  [14:53:28.170] Format host information updated
Info 170  [14:53:28.361] Format host information updated
Info 171  [14:53:28.450] Format host information updated
Info 172  [14:53:29.025] Format host information updated
Info 173  [14:53:31.249] Format host information updated
Info 174  [14:53:31.635] Format host information updated
Info 175  [14:53:31.757] Format host information updated
Info 176  [14:53:31.845] Format host information updated
Info 177  [14:53:32.156] Format host information updated
Info 178  [14:53:32.322] Format host information updated
Info 179  [14:53:32.515] Format host information updated
Info 180  [14:53:32.852] Format host information updated
Info 181  [14:53:32.994] Format host information updated
Info 182  [14:53:33.262] Format host information updated
Info 183  [14:53:33.476] Format host information updated
Info 184  [14:53:33.661] Format host information updated
Info 185  [14:53:37.396] Format host information updated
Info 186  [14:53:38.511] Format host information updated
Info 187  [14:53:38.646] Format host information updated
Info 188  [14:53:38.730] Format host information updated
Info 189  [14:53:38.905] Format host information updated
Info 190  [14:53:39.086] Format host information updated
Info 191  [14:53:39.179] Format host information updated
Info 192  [14:53:39.293] Format host information updated
Info 193  [14:53:40.719] Format host information updated
Info 194  [14:53:40.783] Format host information updated
Info 195  [14:53:41.028] Format host information updated
Info 196  [14:53:41.179] Format host information updated
Info 197  [14:53:41.520] Format host information updated
Info 198  [14:53:41.624] Format host information updated
Info 199  [14:53:41.745] Format host information updated
Info 200  [14:53:41.975] Format host information updated
Info 201  [14:53:42.172] Format host information updated
Info 202  [14:53:42.233] Format host information updated
Info 203  [14:53:42.518] Format host information updated
Info 204  [14:53:43.077] Format host information updated
Info 205  [14:53:43.078] Format host information updated
Info 206  [14:53:43.079] Format host information updated
Info 207  [14:53:43.139] Format host information updated
Info 208  [14:53:51.678] Format host information updated
Info 209  [14:53:51.757] Format host information updated
Info 210  [14:53:52.541] Format host information updated
Info 211  [14:53:53.602] Format host information updated
Info 212  [14:53:54.695] Format host information updated
Info 213  [14:53:56.232] Format host information updated
Info 214  [14:53:56.293] Format host information updated
Info 215  [14:53:56.419] Format host information updated
Info 216  [14:53:56.699] Format host information updated
Info 217  [14:53:56.777] Format host information updated
Info 218  [14:53:56.891] Format host information updated
Info 219  [14:53:57.550] Format host information updated
Info 220  [14:53:57.551] Format host information updated
Info 221  [14:54:05.458] Format host information updated
Info 222  [14:54:06.861] Format host information updated
Info 223  [14:54:06.928] Format host information updated
Info 224  [14:54:07.065] Format host information updated
Info 225  [14:54:07.326] Format host information updated
Info 226  [14:54:07.512] Format host information updated
Info 227  [14:54:07.635] Format host information updated
Info 228  [14:54:07.729] Format host information updated
Info 229  [14:54:07.836] Format host information updated
Info 230  [14:54:08.467] Format host information updated
Info 231  [14:54:08.557] Format host information updated
Info 232  [14:54:09.667] Format host information updated
Info 233  [14:54:13.474] Format host information updated
Info 234  [15:11:09.893] Format host information updated
Info 235  [15:11:09.954] Format host information updated
Info 236  [15:11:10.041] Format host information updated
Info 237  [15:11:10.134] Format host information updated
Info 238  [15:11:10.425] Format host information updated
Info 239  [15:11:19.596] Format host information updated
Info 240  [15:11:19.700] Format host information updated
Info 241  [15:11:19.820] Format host information updated
Info 242  [15:11:20.142] Format host information updated
Info 243  [15:11:57.998] Format host information updated
Info 244  [15:11:58.358] Format host information updated
Info 245  [15:11:58.742] Format host information updated
Info 246  [15:11:58.898] Format host information updated
Info 247  [15:11:59.038] Format host information updated
Info 248  [15:11:59.251] Format host information updated
Info 249  [15:11:59.598] Format host information updated
Info 250  [15:11:59.954] Format host information updated
Info 251  [15:12:00.387] Format host information updated
Info 252  [15:12:00.543] Format host information updated
Info 253  [15:12:00.711] Format host information updated
Info 254  [15:12:01.045] Format host information updated
Info 255  [15:12:01.168] Format host information updated
Info 256  [15:12:01.283] Format host information updated
Info 257  [15:12:01.516] Format host information updated
Info 258  [15:12:01.661] Format host information updated
Info 259  [15:12:01.769] Format host information updated
Info 260  [15:12:01.878] Format host information updated
Info 261  [15:12:01.945] Format host information updated
Info 262  [15:12:02.076] Format host information updated
Info 263  [15:12:02.314] Format host information updated
Info 264  [15:12:02.693] Format host information updated
Info 265  [15:12:02.997] Format host information updated
Info 266  [15:12:03.059] Format host information updated
Info 267  [15:12:03.178] Format host information updated
Info 268  [15:12:03.305] Format host information updated
Info 269  [15:12:03.488] Format host information updated
Info 270  [15:12:03.643] Format host information updated
Info 271  [15:12:03.779] Format host information updated
Info 272  [15:12:03.909] Format host information updated
Info 273  [15:12:04.046] Format host information updated
Info 274  [15:12:04.143] Format host information updated
Info 275  [15:12:04.264] Format host information updated
Info 276  [15:12:04.338] Format host information updated
Info 277  [15:12:04.578] Format host information updated
Info 278  [15:12:04.616] Format host information updated
Info 279  [15:12:04.675] Format host information updated
Info 280  [15:12:05.831] Format host information updated
Info 281  [15:12:06.001] Format host information updated
Info 282  [15:12:07.619] Format host information updated
Info 283  [15:12:07.693] Format host information updated
Info 284  [15:12:08.688] Format host information updated
Info 285  [15:12:08.767] Format host information updated
Info 286  [15:12:08.976] Format host information updated
Info 287  [15:12:09.162] Format host information updated
Info 288  [15:12:09.322] Format host information updated
Info 289  [15:12:09.426] Format host information updated
Info 290  [15:12:09.550] Format host information updated
Info 291  [15:12:09.633] Format host information updated
Info 292  [15:12:09.865] Format host information updated
Info 293  [15:12:09.993] Format host information updated
Info 294  [15:12:10.053] Format host information updated
Info 295  [15:12:10.226] Format host information updated
Info 296  [15:12:10.675] Format host information updated
Info 297  [15:12:16.553] Format host information updated
Info 298  [15:12:16.646] Format host information updated
Info 299  [15:12:16.812] Format host information updated
Info 300  [15:12:16.920] Format host information updated
Info 301  [15:12:17.165] Format host information updated
Info 302  [15:12:18.181] Format host information updated
Info 303  [15:12:18.403] Format host information updated
Info 304  [15:12:18.477] Format host information updated
Info 305  [15:12:18.646] Format host information updated
Info 306  [15:12:18.797] Format host information updated
Info 307  [15:12:18.940] Format host information updated
Info 308  [15:12:19.040] Format host information updated
Info 309  [15:12:19.190] Format host information updated
Info 310  [15:12:19.488] Format host information updated
Info 311  [15:12:19.702] Format host information updated
Info 312  [15:12:20.112] Format host information updated
Info 313  [15:12:20.184] Format host information updated
Info 314  [15:12:20.630] Format host information updated
Info 315  [15:12:20.781] Format host information updated
Info 316  [15:12:20.959] Format host information updated
Info 317  [15:12:21.140] Format host information updated
Info 318  [15:12:21.590] Format host information updated
Info 319  [15:12:22.065] Format host information updated
Info 320  [15:12:22.402] Format host information updated
Info 321  [15:12:22.828] Format host information updated
Info 322  [15:12:23.025] Format host information updated
Info 323  [15:12:27.147] Format host information updated
Info 324  [15:12:29.180] Format host information updated
Info 325  [15:12:29.865] Format host information updated
Info 326  [15:12:29.963] Format host information updated
Info 327  [15:12:30.099] Format host information updated
Info 328  [15:12:30.222] Format host information updated
Info 329  [15:12:30.283] Format host information updated
Info 330  [15:12:30.343] Format host information updated
Info 331  [15:12:30.572] Format host information updated
Info 332  [15:12:30.747] Format host information updated
Info 333  [15:12:30.839] Format host information updated
Info 334  [15:12:30.923] Format host information updated
Info 335  [15:12:31.304] Format host information updated
Info 336  [15:12:31.477] Format host information updated
Info 337  [15:12:31.698] Format host information updated
Info 338  [15:12:32.098] Format host information updated
Info 339  [15:12:32.098] Format host information updated
Info 340  [15:12:32.099] Format host information updated
Info 341  [15:12:32.237] Format host information updated
Info 342  [15:12:32.673] Format host information updated
Info 343  [15:12:32.804] Format host information updated
Info 344  [15:12:32.924] Format host information updated
Info 345  [15:12:33.062] Format host information updated
Info 346  [15:12:33.212] Format host information updated
Info 347  [15:12:33.263] Format host information updated
Info 348  [15:12:33.375] Format host information updated
Info 349  [15:12:33.452] Format host information updated
Info 350  [15:12:33.542] Format host information updated
Info 351  [15:12:33.619] Format host information updated
Info 352  [15:12:35.109] Format host information updated
Info 353  [15:12:35.219] Format host information updated
Info 354  [15:12:35.405] Format host information updated
Info 355  [15:12:35.466] Format host information updated
Info 356  [15:12:35.551] Format host information updated
Info 357  [15:12:35.646] Format host information updated
Info 358  [15:12:35.862] Format host information updated
Info 359  [15:12:35.954] Format host information updated
Info 360  [15:12:36.109] Format host information updated
Info 361  [15:12:36.200] Format host information updated
Info 362  [15:12:37.719] Format host information updated
Info 363  [15:12:37.835] Format host information updated
Info 364  [15:12:37.905] Format host information updated
Info 365  [15:12:38.184] Format host information updated
Info 366  [15:12:38.407] Format host information updated
Info 367  [15:12:38.784] Format host information updated
Info 368  [15:12:38.859] Format host information updated
Info 369  [15:12:39.088] Format host information updated
Info 370  [15:12:39.268] Format host information updated
Info 371  [15:12:39.500] Format host information updated
Info 372  [15:12:39.568] Format host information updated
Info 373  [15:12:39.824] Format host information updated
Info 374  [15:12:39.958] Format host information updated
Info 375  [15:12:40.359] Format host information updated
Info 376  [15:12:40.512] Format host information updated
Info 377  [15:12:40.590] Format host information updated
Info 378  [15:12:53.629] Format host information updated
Info 379  [15:12:54.740] Format host information updated
Info 380  [15:12:55.367] Format host information updated
Info 381  [15:13:01.853] Format host information updated
Info 382  [15:13:01.923] Format host information updated
Info 383  [15:13:03.008] Format host information updated
Info 384  [15:13:03.660] Format host information updated
Info 385  [15:13:04.800] Format host information updated
Info 386  [15:13:04.883] Format host information updated
Info 387  [15:13:05.047] Format host information updated
Info 388  [15:13:05.147] Format host information updated
Info 389  [15:13:05.363] Format host information updated
Info 390  [15:13:05.450] Format host information updated
Info 391  [15:13:05.841] Format host information updated
Info 392  [15:13:06.148] Format host information updated
Info 393  [15:13:06.699] Format host information updated
Info 394  [15:13:06.989] Format host information updated
Info 395  [15:13:07.079] Format host information updated
Info 396  [15:13:07.179] Format host information updated
Info 397  [15:13:07.587] Format host information updated
Info 398  [15:13:07.589] Format host information updated
Info 399  [15:14:26.224] Format host information updated
Info 400  [15:14:26.801] Format host information updated
Info 401  [15:14:29.229] Format host information updated
Info 402  [15:14:29.368] Format host information updated
Info 403  [15:14:29.431] Format host information updated
Info 404  [15:14:29.550] Format host information updated
Info 405  [15:14:29.610] Format host information updated
Info 406  [15:14:29.745] Format host information updated
Info 407  [15:14:29.903] Format host information updated
Info 408  [15:14:30.043] Format host information updated
Info 409  [15:14:30.186] Format host information updated
Info 410  [15:14:30.333] Format host information updated
Info 411  [15:14:30.498] Format host information updated
Info 412  [15:14:30.685] Format host information updated
Info 413  [15:14:30.963] Format host information updated
Info 414  [15:14:31.158] Format host information updated
Info 415  [15:14:31.433] Format host information updated
Info 416  [15:14:31.547] Format host information updated
Info 417  [15:14:31.620] Format host information updated
Info 418  [15:14:31.731] Format host information updated
Info 419  [15:14:31.819] Format host information updated
Info 420  [15:14:31.915] Format host information updated
Info 421  [15:14:32.028] Format host information updated
Info 422  [15:14:32.619] Format host information updated
Info 423  [15:14:32.686] Format host information updated
Info 424  [15:14:32.740] Format host information updated
Info 425  [15:14:32.800] Format host information updated
Info 426  [15:14:32.972] Format host information updated
Info 427  [15:14:33.081] Format host information updated
Info 428  [15:14:33.164] Format host information updated
Info 429  [15:14:33.244] Format host information updated
Info 430  [15:14:33.311] Format host information updated
Info 431  [15:14:33.465] Format host information updated
Info 432  [15:14:33.612] Format host information updated
Info 433  [15:14:33.728] Format host information updated
Info 434  [15:14:33.843] Format host information updated
Info 435  [15:14:33.929] Format host information updated
Info 436  [15:14:34.189] Format host information updated
Info 437  [15:14:37.282] Format host information updated
Info 438  [15:14:37.362] Format host information updated
Info 439  [15:14:38.105] Format host information updated
Info 440  [15:18:08.080] Format host information updated
Info 441  [15:18:11.100] Format host information updated
Info 442  [15:18:11.339] Format host information updated
Info 443  [15:18:11.401] Format host information updated
Info 444  [15:18:11.642] Format host information updated
Info 445  [15:18:11.708] Format host information updated
Info 446  [15:18:11.828] Format host information updated
Info 447  [15:18:11.889] Format host information updated
Info 448  [15:18:12.075] Format host information updated
Info 449  [15:18:12.151] Format host information updated
Info 450  [15:18:12.239] Format host information updated
Info 451  [15:18:12.318] Format host information updated
Info 452  [15:18:12.378] Format host information updated
Info 453  [15:18:12.650] Format host information updated
Info 454  [15:18:12.814] Format host information updated
Info 455  [15:18:13.058] Format host information updated
Info 456  [15:18:13.319] Format host information updated
Info 457  [15:18:13.388] Format host information updated
Info 458  [15:18:13.514] Format host information updated
Info 459  [15:18:13.836] Format host information updated
Info 460  [15:18:13.967] Format host information updated
Info 461  [15:18:14.075] Format host information updated
Info 462  [15:18:14.147] Format host information updated
Info 463  [15:18:14.246] Format host information updated
Info 464  [15:18:14.374] Format host information updated
Info 465  [15:18:14.506] Format host information updated
Info 466  [15:18:14.532] Format host information updated
Info 467  [15:18:15.780] Format host information updated
Info 468  [15:18:16.073] Format host information updated
Info 469  [15:18:16.421] Format host information updated
Info 470  [15:18:16.662] Format host information updated
Info 471  [15:18:16.730] Format host information updated
Info 472  [15:18:16.905] Format host information updated
Info 473  [15:18:19.739] Format host information updated
Info 474  [15:18:19.949] Format host information updated
Info 475  [15:18:20.055] Format host information updated
Info 476  [15:18:20.407] Format host information updated
Info 477  [15:18:20.555] Format host information updated
Info 478  [15:18:20.651] Format host information updated
Info 479  [15:18:20.716] Format host information updated
Info 480  [15:18:20.906] Format host information updated
Info 481  [15:18:23.601] Format host information updated
Info 482  [15:18:23.809] Format host information updated
Info 483  [15:18:23.998] Format host information updated
Info 484  [15:18:24.174] Format host information updated
Info 485  [15:18:24.587] Format host information updated
Info 486  [15:18:24.700] Format host information updated
Info 487  [15:18:24.837] Format host information updated
Info 488  [15:18:24.996] Format host information updated
Info 489  [15:18:25.096] Format host information updated
Info 490  [15:18:25.184] Format host information updated
Info 491  [15:18:25.323] Format host information updated
Info 492  [15:18:25.619] Format host information updated
Info 493  [15:18:25.699] Format host information updated
Info 494  [15:18:25.876] Format host information updated
Info 495  [15:18:25.994] Format host information updated
Info 496  [15:18:26.195] Format host information updated
Info 497  [15:18:26.421] Format host information updated
Info 498  [15:18:26.509] Format host information updated
Info 499  [15:18:27.594] Format host information updated
Info 500  [15:18:27.773] Format host information updated
Info 501  [15:18:28.003] Format host information updated
Info 502  [15:18:28.152] Format host information updated
Info 503  [15:18:28.385] Format host information updated
Info 504  [15:18:28.689] Format host information updated
Info 505  [15:18:28.691] Format host information updated
Info 506  [15:18:28.828] Format host information updated
Info 507  [15:18:29.245] Format host information updated
Info 508  [15:18:29.550] Format host information updated
Info 509  [15:18:39.937] Format host information updated
Info 510  [15:18:40.056] Format host information updated
Info 511  [15:18:40.117] Format host information updated
Info 512  [15:18:40.283] Format host information updated
Info 513  [15:18:40.500] Format host information updated
Info 514  [15:18:40.658] Format host information updated
Info 515  [15:18:40.864] Format host information updated
Info 516  [15:18:41.009] Format host information updated
Info 517  [15:18:41.146] Format host information updated
Info 518  [15:18:41.371] Format host information updated
Info 519  [15:18:41.583] Format host information updated
Info 520  [15:18:41.717] Format host information updated
Info 521  [15:18:41.925] Format host information updated
Info 522  [15:18:42.750] Format host information updated
Info 523  [15:18:42.984] Format host information updated
Info 524  [15:18:43.077] Format host information updated
Info 525  [15:18:43.151] Format host information updated
Info 526  [15:18:43.307] Format host information updated
Info 527  [15:18:43.494] Format host information updated
Info 528  [15:18:43.584] Format host information updated
Info 529  [15:18:43.644] Format host information updated
Info 530  [15:18:43.708] Format host information updated
Info 531  [15:18:44.094] Format host information updated
Info 532  [15:18:44.282] Format host information updated
Info 533  [15:18:44.395] Format host information updated
Info 534  [15:18:46.192] Format host information updated
Info 535  [15:18:46.253] Format host information updated
Info 536  [15:18:46.660] Format host information updated
Info 537  [15:18:46.919] Format host information updated
Info 538  [15:18:47.151] Format host information updated
Info 539  [15:18:47.211] Format host information updated
Info 540  [15:18:47.516] Format host information updated
Info 541  [15:18:48.160] Format host information updated
Info 542  [15:18:48.864] Format host information updated
Info 543  [15:18:48.921] Format host information updated
Info 544  [15:18:49.134] Format host information updated
Info 545  [15:18:52.542] Format host information updated
Info 546  [15:18:52.764] Format host information updated
Info 547  [15:18:53.363] Format host information updated
Info 548  [15:18:53.602] Format host information updated
Info 549  [15:18:53.826] Format host information updated
Info 550  [15:18:54.164] Format host information updated
Info 551  [15:18:54.264] Format host information updated
Info 552  [15:19:03.976] Format host information updated
Info 553  [15:19:04.057] Format host information updated
Info 554  [15:19:05.875] Format host information updated
Info 555  [15:19:05.956] Format host information updated
Info 556  [15:19:06.152] Format host information updated
Info 557  [15:19:06.383] Format host information updated
Info 558  [15:19:06.461] Format host information updated
Info 559  [15:19:07.246] Format host information updated
Info 560  [15:19:07.323] Format host information updated
Info 561  [15:19:07.444] Format host information updated
Info 562  [15:19:07.517] Format host information updated
Info 563  [15:19:07.757] Format host information updated
Info 564  [15:19:07.825] Format host information updated
Info 565  [15:19:07.989] Format host information updated
Info 566  [15:19:08.240] Format host information updated
Info 567  [15:19:08.592] Format host information updated
Info 568  [15:19:08.653] Format host information updated
Info 569  [15:19:08.822] Format host information updated
Info 570  [15:19:08.923] Format host information updated
Info 571  [15:19:09.786] Format host information updated
Info 572  [15:19:09.786] Format host information updated
Info 573  [15:19:09.786] Format host information updated
Info 574  [15:19:09.787] Format host information updated
Info 575  [15:19:11.368] Format host information updated
Info 576  [15:19:13.757] Format host information updated
Info 577  [15:19:13.885] Format host information updated
Info 578  [15:19:14.498] Format host information updated
Info 579  [15:19:14.717] Format host information updated
Info 580  [15:19:14.777] Format host information updated
Info 581  [15:19:15.074] Format host information updated
Info 582  [15:19:16.114] Format host information updated
Info 583  [15:19:16.522] Format host information updated
Info 584  [15:19:16.738] Format host information updated
Info 585  [15:19:16.934] Format host information updated
Info 586  [15:19:16.996] Format host information updated
Info 587  [15:19:17.057] Format host information updated
Info 588  [15:19:18.094] Format host information updated
Info 589  [15:19:18.241] Format host information updated
Info 590  [15:19:18.402] Format host information updated
Info 591  [15:19:18.466] Format host information updated
Info 592  [15:19:18.658] Format host information updated
Info 593  [15:19:18.931] Format host information updated
Info 594  [15:19:19.072] Format host information updated
Info 595  [15:19:19.296] Format host information updated
Info 596  [15:19:20.563] Format host information updated
Info 597  [15:19:20.985] Format host information updated
Info 598  [15:19:21.527] Format host information updated
Info 599  [15:19:21.633] Format host information updated
Info 600  [15:19:21.850] Format host information updated
Info 601  [15:19:21.927] Format host information updated
Info 602  [15:19:22.048] Format host information updated
Info 603  [15:19:22.167] Format host information updated
Info 604  [15:19:22.321] Format host information updated
Info 605  [15:19:22.656] Format host information updated
Info 606  [15:19:22.761] Format host information updated
Info 607  [15:19:22.925] Format host information updated
Info 608  [15:19:23.105] Format host information updated
Info 609  [15:19:23.266] Format host information updated
Info 610  [15:19:23.326] Format host information updated
Info 611  [15:19:23.492] Format host information updated
Info 612  [15:19:23.671] Format host information updated
Info 613  [15:19:23.742] Format host information updated
Info 614  [15:19:24.027] Format host information updated
Info 615  [15:19:24.149] Format host information updated
Info 616  [15:19:24.290] Format host information updated
Info 617  [15:19:24.485] Format host information updated
Info 618  [15:19:24.573] Format host information updated
Info 619  [15:19:24.774] Format host information updated
Info 620  [15:19:24.837] Format host information updated
Info 621  [15:19:24.954] Format host information updated
Info 622  [15:19:25.174] Format host information updated
Info 623  [15:19:25.395] Format host information updated
Info 624  [15:19:31.996] Format host information updated
Info 625  [15:19:32.148] Format host information updated
Info 626  [15:19:32.209] Format host information updated
Info 627  [15:19:32.327] Format host information updated
Info 628  [15:19:32.401] Format host information updated
Info 629  [15:19:32.555] Format host information updated
Info 630  [15:19:32.616] Format host information updated
Info 631  [15:19:32.834] Format host information updated
Info 632  [15:19:32.963] Format host information updated
Info 633  [15:19:33.114] Format host information updated
Info 634  [15:19:33.270] Format host information updated
Info 635  [15:19:33.332] Format host information updated
Info 636  [15:19:33.552] Format host information updated
Info 637  [15:19:33.678] Format host information updated
Info 638  [15:19:33.840] Format host information updated
Info 639  [15:19:33.965] Format host information updated
Info 640  [15:19:34.063] Format host information updated
Info 641  [15:19:34.336] Format host information updated
Info 642  [15:19:34.841] Format host information updated
Info 643  [15:19:40.095] Format host information updated
Info 644  [15:19:40.235] Format host information updated
Info 645  [15:19:40.308] Format host information updated
Info 646  [15:19:40.698] Format host information updated
Info 647  [15:19:43.567] Format host information updated
Info 648  [15:19:45.482] Format host information updated
Info 649  [15:19:47.441] Format host information updated
Info 650  [15:19:47.537] Format host information updated
Info 651  [15:19:47.697] Format host information updated
Info 652  [15:19:47.766] Format host information updated
Info 653  [15:19:47.981] Format host information updated
Info 654  [15:19:48.075] Format host information updated
Info 655  [15:19:48.217] Format host information updated
Info 656  [15:19:48.389] Format host information updated
Info 657  [15:19:48.540] Format host information updated
Info 658  [15:19:48.691] Format host information updated
Info 659  [15:19:48.966] Format host information updated
Info 660  [15:19:51.241] Format host information updated
Info 661  [15:20:04.037] Format host information updated
Info 662  [15:20:04.093] Format host information updated
Info 663  [15:20:04.204] Format host information updated
Info 664  [15:20:04.451] Format host information updated
Info 665  [15:20:04.814] Format host information updated
Info 666  [15:20:05.618] Format host information updated
Info 667  [15:20:05.709] Format host information updated
Info 668  [15:20:05.958] Format host information updated
Info 669  [15:20:06.157] Format host information updated
Info 670  [15:20:06.387] Format host information updated
Info 671  [15:20:06.596] Format host information updated
Info 672  [15:20:06.705] Format host information updated
Info 673  [15:20:06.819] Format host information updated
Info 674  [15:20:07.062] Format host information updated
Info 675  [15:20:07.203] Format host information updated
Info 676  [15:20:07.317] Format host information updated
Info 677  [15:20:07.487] Format host information updated
Info 678  [15:20:07.624] Format host information updated
Info 679  [15:20:07.836] Format host information updated
Info 680  [15:20:08.150] Format host information updated
Info 681  [15:20:12.299] Format host information updated
Info 682  [15:20:12.361] Format host information updated
Info 683  [15:20:12.476] Format host information updated
Info 684  [15:20:12.695] Format host information updated
Info 685  [15:20:12.901] Format host information updated
Info 686  [15:20:12.960] Format host information updated
Info 687  [15:20:13.095] Format host information updated
Info 688  [15:20:13.217] Format host information updated
Info 689  [15:20:13.323] Format host information updated
Info 690  [15:20:13.576] Format host information updated
Info 691  [15:20:13.635] Format host information updated
Info 692  [15:20:14.314] Format host information updated
Info 693  [15:20:14.396] Format host information updated
Info 694  [15:20:15.717] Format host information updated
Info 695  [15:20:16.575] Format host information updated
Info 696  [15:20:16.635] Format host information updated
Info 697  [15:20:16.807] Format host information updated
Info 698  [15:20:17.020] Format host information updated
Info 699  [15:20:17.088] Format host information updated
Info 700  [15:20:17.187] Format host information updated
Info 701  [15:20:17.393] Format host information updated
Info 702  [15:20:17.453] Format host information updated
Info 703  [15:20:17.636] Format host information updated
Info 704  [15:20:17.738] Format host information updated
Info 705  [15:20:18.002] Format host information updated
Info 706  [15:20:18.005] Format host information updated
Info 707  [15:20:18.131] Format host information updated
Info 708  [15:20:18.316] Format host information updated
Info 709  [15:20:18.477] Format host information updated
Info 710  [15:20:18.610] Format host information updated
Info 711  [15:20:18.959] Format host information updated
Info 712  [15:20:19.052] Format host information updated
Info 713  [15:20:41.659] Format host information updated
Info 714  [15:20:42.271] Format host information updated
Info 715  [15:20:43.727] Format host information updated
Info 716  [15:20:43.821] Format host information updated
Info 717  [15:20:43.936] Format host information updated
Info 718  [15:20:44.019] Format host information updated
Info 719  [15:20:44.087] Format host information updated
Info 720  [15:20:44.364] Format host information updated
Info 721  [15:20:48.031] Format host information updated
Info 722  [15:21:08.503] Format host information updated
Info 723  [15:21:08.583] Format host information updated
Info 724  [15:21:08.643] Format host information updated
Info 725  [15:21:08.905] Format host information updated
Info 726  [15:21:09.008] Format host information updated
Info 727  [15:21:11.253] Format host information updated
Info 728  [15:21:11.342] Format host information updated
Info 729  [15:21:12.352] Format host information updated
Info 730  [15:21:13.337] Format host information updated
Info 731  [15:21:13.451] Format host information updated
Info 732  [15:21:13.602] Format host information updated
Info 733  [15:21:13.691] Format host information updated
Info 734  [15:21:13.886] Format host information updated
Info 735  [15:21:13.948] Format host information updated
Info 736  [15:21:14.056] Format host information updated
Info 737  [15:21:14.478] Format host information updated
Info 738  [15:21:14.671] Format host information updated
Info 739  [15:21:14.858] Format host information updated
Info 740  [15:21:15.002] Format host information updated
Info 741  [15:21:15.136] Format host information updated
Info 742  [15:21:15.278] Format host information updated
Info 743  [15:21:15.433] Format host information updated
Info 744  [15:21:15.525] Format host information updated
Info 745  [15:21:15.635] Format host information updated
Info 746  [15:21:15.701] Format host information updated
Info 747  [15:21:15.973] Format host information updated
Info 748  [15:21:16.146] Format host information updated
Info 749  [15:21:16.254] Format host information updated
Info 750  [15:21:16.336] Format host information updated
Info 751  [15:21:16.436] Format host information updated
Info 752  [15:21:16.505] Format host information updated
Info 753  [15:21:17.323] Format host information updated
Info 754  [15:21:17.385] Format host information updated
Info 755  [15:21:17.593] Format host information updated
Info 756  [15:21:17.777] Format host information updated
Info 757  [15:21:17.838] Format host information updated
Info 758  [15:21:17.921] Format host information updated
Info 759  [15:21:18.026] Format host information updated
Info 760  [15:21:18.158] Format host information updated
Info 761  [15:21:18.336] Format host information updated
Info 762  [15:21:18.513] Format host information updated
Info 763  [15:21:18.616] Format host information updated
Info 764  [15:21:18.682] Format host information updated
Info 765  [15:21:18.782] Format host information updated
Info 766  [15:21:18.867] Format host information updated
Info 767  [15:21:18.971] Format host information updated
Info 768  [15:21:19.096] Format host information updated
Info 769  [15:21:19.640] Format host information updated
Info 770  [15:21:19.812] Format host information updated
Info 771  [15:21:21.635] Format host information updated
Info 772  [15:21:21.816] Format host information updated
Info 773  [15:21:21.980] Format host information updated
Info 774  [15:21:22.120] Format host information updated
Info 775  [15:21:22.400] Format host information updated
Info 776  [15:21:22.550] Format host information updated
Info 777  [15:21:22.658] Format host information updated
Info 778  [15:21:22.770] Format host information updated
Info 779  [15:21:23.048] Format host information updated
Info 780  [15:21:23.214] Format host information updated
Info 781  [15:21:23.382] Format host information updated
Info 782  [15:21:23.662] Format host information updated
Info 783  [15:21:23.729] Format host information updated
Info 784  [15:21:23.836] Format host information updated
Info 785  [15:21:24.353] Format host information updated
Info 786  [15:21:24.354] Format host information updated
Info 787  [15:21:24.415] Format host information updated
Info 788  [15:21:24.580] Format host information updated
Info 789  [15:21:25.102] Format host information updated
Info 790  [15:21:32.926] Format host information updated
Info 791  [15:21:32.989] Format host information updated
Info 792  [15:21:33.093] Format host information updated
Info 793  [15:21:33.235] Format host information updated
Info 794  [15:21:33.433] Format host information updated
Info 795  [15:21:33.494] Format host information updated
Info 796  [15:21:33.651] Format host information updated
Info 797  [15:21:38.160] Format host information updated
Info 798  [15:21:44.195] Format host information updated
Info 799  [15:21:44.327] Format host information updated
Info 800  [15:21:48.541] Format host information updated
Info 801  [15:21:48.778] Format host information updated
Info 802  [15:21:48.966] Format host information updated
Info 803  [15:21:54.305] Format host information updated
Info 804  [15:21:54.305] Format host information updated
Info 805  [15:21:54.306] Format host information updated
Info 806  [15:21:54.306] Format host information updated
Info 807  [15:21:54.306] Format host information updated
Info 808  [15:21:54.306] Format host information updated
Info 809  [15:21:54.306] Format host information updated
Info 810  [15:21:54.306] Format host information updated
Info 811  [15:21:54.307] Format host information updated
Info 812  [15:21:54.307] Format host information updated
Info 813  [15:21:54.382] Format host information updated
Info 814  [15:21:54.616] Format host information updated
Info 815  [15:21:54.887] Format host information updated
Info 816  [15:22:13.838] Format host information updated
Info 817  [15:22:19.997] Format host information updated
Info 818  [15:22:20.098] Format host information updated
Info 819  [15:22:20.212] Format host information updated
Info 820  [15:22:20.663] Format host information updated
Info 821  [15:22:20.809] Format host information updated
Info 822  [15:22:20.923] Format host information updated
Info 823  [15:22:21.232] Format host information updated
Info 824  [15:22:21.419] Format host information updated
Info 825  [15:22:21.529] Format host information updated
Info 826  [15:22:21.690] Format host information updated
Info 827  [15:22:21.750] Format host information updated
Info 828  [15:22:21.868] Format host information updated
Info 829  [15:22:22.014] Format host information updated
Info 830  [15:22:22.162] Format host information updated
Info 831  [15:22:22.388] Format host information updated
Info 832  [15:22:22.565] Format host information updated
Info 833  [15:22:22.746] Format host information updated
Info 834  [15:22:22.801] Format host information updated
Info 835  [15:22:22.941] Format host information updated
Info 836  [15:22:23.007] Format host information updated
Info 837  [15:22:23.101] Format host information updated
Info 838  [15:22:23.695] Format host information updated
Info 839  [15:22:23.888] Format host information updated
Info 840  [15:22:24.049] Format host information updated
Info 841  [15:22:24.185] Format host information updated
Info 842  [15:22:24.296] Format host information updated
Info 843  [15:22:24.422] Format host information updated
Info 844  [15:22:24.538] Format host information updated
Info 845  [15:22:24.633] Format host information updated
Info 846  [15:22:28.476] Format host information updated
Info 847  [15:22:28.642] Format host information updated
Info 848  [15:22:28.766] Format host information updated
Info 849  [15:22:28.828] Format host information updated
Info 850  [15:22:29.123] Format host information updated
Info 851  [15:22:29.227] Format host information updated
Info 852  [15:22:29.372] Format host information updated
Info 853  [15:22:29.476] Format host information updated
Info 854  [15:22:29.688] Format host information updated
Info 855  [15:22:29.788] Format host information updated
Info 856  [15:22:29.865] Format host information updated
Info 857  [15:22:30.075] Format host information updated
Info 858  [15:22:30.148] Format host information updated
Info 859  [15:22:30.352] Format host information updated
Info 860  [15:22:30.479] Format host information updated
Info 861  [15:22:30.626] Format host information updated
Info 862  [15:22:30.764] Format host information updated
Info 863  [15:22:30.831] Format host information updated
Info 864  [15:22:30.897] Format host information updated
Info 865  [15:22:33.057] Format host information updated
Info 866  [15:22:33.303] Format host information updated
Info 867  [15:22:33.570] Format host information updated
Info 868  [15:22:33.657] Format host information updated
Info 869  [15:22:33.820] Format host information updated
Info 870  [15:22:34.097] Format host information updated
Info 871  [15:22:34.155] Format host information updated
Info 872  [15:22:34.554] Format host information updated
Info 873  [15:22:34.734] Format host information updated
Info 874  [15:22:34.853] Format host information updated
Info 875  [15:22:35.406] Format host information updated
Info 876  [15:22:35.591] Format host information updated
Info 877  [15:22:35.737] Format host information updated
Info 878  [15:22:35.797] Format host information updated
Info 879  [15:22:35.973] Format host information updated
Info 880  [15:22:36.260] Format host information updated
Info 881  [15:22:36.371] Format host information updated
Info 882  [15:22:36.450] Format host information updated
Info 883  [15:22:36.740] Format host information updated
Info 884  [15:22:37.256] Format host information updated
Info 885  [15:22:37.256] Format host information updated
Info 886  [15:22:37.257] Format host information updated
Info 887  [15:22:39.313] Format host information updated
Info 888  [15:22:39.375] Format host information updated
Info 889  [15:22:39.594] Format host information updated
Info 890  [15:22:39.674] Format host information updated
Info 891  [15:22:40.490] Format host information updated
Info 892  [15:22:40.589] Format host information updated
Info 893  [15:22:40.704] Format host information updated
Info 894  [15:22:40.806] Format host information updated
Info 895  [15:22:40.904] Format host information updated
Info 896  [15:22:40.974] Format host information updated
Info 897  [15:22:41.264] Format host information updated
Info 898  [15:22:41.725] Format host information updated
Info 899  [15:22:41.837] Format host information updated
Info 900  [15:22:41.940] Format host information updated
Info 901  [15:22:42.064] Format host information updated
Info 902  [15:22:42.159] Format host information updated
Info 903  [15:22:42.467] Format host information updated
Info 904  [15:22:42.798] Format host information updated
Info 905  [15:22:42.940] Format host information updated
Info 906  [15:22:43.060] Format host information updated
Info 907  [15:22:43.167] Format host information updated
Info 908  [15:22:49.308] Format host information updated
Info 909  [15:22:49.376] Format host information updated
Info 910  [15:22:50.994] Format host information updated
Info 911  [15:22:53.067] Format host information updated
Info 912  [15:22:53.993] Format host information updated
Info 913  [15:22:54.656] Format host information updated
Info 914  [15:22:55.289] Format host information updated
Info 915  [15:22:55.901] Format host information updated
Info 916  [15:22:56.542] Format host information updated
Info 917  [15:22:57.098] Format host information updated
Info 918  [15:22:58.428] Format host information updated
Info 919  [15:22:58.990] Format host information updated
Info 920  [15:22:59.639] Format host information updated
Info 921  [15:23:00.236] Format host information updated
Info 922  [15:23:00.866] Format host information updated
Info 923  [15:23:01.987] Format host information updated
Info 924  [15:23:02.568] Format host information updated
Info 925  [15:23:03.258] Format host information updated
Info 926  [15:23:03.915] Format host information updated
Info 927  [15:23:04.553] Format host information updated
Info 928  [15:23:05.166] Format host information updated
Info 929  [15:23:06.461] Format host information updated
Info 930  [15:28:22.498] Format host information updated
Info 931  [15:28:22.731] Format host information updated
Info 932  [15:28:22.841] Format host information updated
Info 933  [15:28:23.031] Format host information updated
Info 934  [15:28:23.094] Format host information updated
Info 935  [15:28:23.356] Format host information updated
Info 936  [15:28:23.936] Format host information updated
Info 937  [15:28:24.142] Format host information updated
Info 938  [15:28:25.236] Format host information updated
Info 939  [15:28:29.823] Format host information updated
Info 940  [15:28:30.181] Format host information updated
Info 941  [15:28:30.357] Format host information updated
Info 942  [15:28:30.593] Format host information updated
Info 943  [15:28:30.943] Format host information updated
Info 944  [15:28:31.192] Format host information updated
Info 945  [15:28:31.254] Format host information updated
Info 946  [15:28:31.386] Format host information updated
Info 947  [15:28:31.485] Format host information updated
Info 948  [15:28:31.567] Format host information updated
Info 949  [15:28:31.661] Format host information updated
Info 950  [15:28:31.799] Format host information updated
Info 951  [15:28:31.866] Format host information updated
Info 952  [15:28:32.293] Format host information updated
Info 953  [15:28:32.738] Format host information updated
Info 954  [15:28:32.938] Format host information updated
Info 955  [15:28:33.044] Format host information updated
Info 956  [15:28:33.182] Format host information updated
Info 957  [15:28:33.292] Format host information updated
Info 958  [15:28:33.352] Format host information updated
Info 959  [15:28:33.451] Format host information updated
Info 960  [15:28:34.635] Format host information updated
Info 961  [15:28:34.842] Format host information updated
Info 962  [15:28:34.935] Format host information updated
Info 963  [15:28:35.066] Format host information updated
Info 964  [15:28:35.253] Format host information updated
Info 965  [15:28:35.485] Format host information updated
Info 966  [15:28:35.627] Format host information updated
Info 967  [15:28:35.930] Format host information updated
Info 968  [15:28:36.124] Format host information updated
Info 969  [15:28:36.214] Format host information updated
Info 970  [15:28:36.405] Format host information updated
Info 971  [15:28:36.659] Format host information updated
Info 972  [15:28:36.809] Format host information updated
Info 973  [15:28:37.001] Format host information updated
Info 974  [15:28:37.141] Format host information updated
Info 975  [15:28:37.363] Format host information updated
Info 976  [15:28:37.582] Format host information updated
Info 977  [15:28:37.640] Format host information updated
Info 978  [15:28:37.839] Format host information updated
Info 979  [15:28:38.126] Format host information updated
Info 980  [15:28:38.923] Format host information updated
Info 981  [15:28:39.034] Format host information updated
Info 982  [15:28:39.179] Format host information updated
Info 983  [15:28:39.314] Format host information updated
Info 984  [15:28:39.411] Format host information updated
Info 985  [15:28:39.492] Format host information updated
Info 986  [15:28:39.561] Format host information updated
Info 987  [15:28:39.743] Format host information updated
Info 988  [15:28:40.000] Format host information updated
Info 989  [15:28:40.360] Format host information updated
Info 990  [15:28:40.833] Format host information updated
Info 991  [15:28:43.105] Format host information updated
Info 992  [15:28:43.273] Format host information updated
Info 993  [15:28:43.463] Format host information updated
Info 994  [15:28:43.537] Format host information updated
Info 995  [15:28:43.736] Format host information updated
Info 996  [15:28:43.841] Format host information updated
Info 997  [15:28:44.024] Format host information updated
Info 998  [15:28:44.086] Format host information updated
Info 999  [15:28:44.261] Format host information updated
Info 1000 [15:28:44.541] Format host information updated
Info 1001 [15:28:44.684] Format host information updated
Info 1002 [15:28:44.921] Format host information updated
Info 1003 [15:28:45.857] Format host information updated
Info 1004 [15:28:46.104] Format host information updated
Info 1005 [15:28:46.243] Format host information updated
Info 1006 [15:28:46.329] Format host information updated
Info 1007 [15:28:46.564] Format host information updated
Info 1008 [15:28:46.719] Format host information updated
Info 1009 [15:28:48.023] Format host information updated
Info 1010 [15:28:48.261] Format host information updated
Info 1011 [15:28:48.445] Format host information updated
Info 1012 [15:28:48.617] Format host information updated
Info 1013 [15:28:48.923] Format host information updated
Info 1014 [15:28:49.182] Format host information updated
Info 1015 [15:28:49.352] Format host information updated
Info 1016 [15:28:49.418] Format host information updated
Info 1017 [15:28:49.493] Format host information updated
Info 1018 [15:28:49.695] Format host information updated
Info 1019 [15:28:50.083] Format host information updated
Info 1020 [15:28:50.153] Format host information updated
Info 1021 [15:28:50.491] Format host information updated
Info 1022 [15:28:50.906] Format host information updated
Info 1023 [15:28:51.089] Format host information updated
Info 1024 [15:28:51.191] Format host information updated
Info 1025 [15:28:51.624] Format host information updated
Info 1026 [15:28:51.812] Format host information updated
Info 1027 [15:28:51.894] Format host information updated
Info 1028 [15:28:52.449] Format host information updated
Info 1029 [15:28:52.826] Format host information updated
Info 1030 [15:28:53.202] Format host information updated
Info 1031 [15:28:53.504] Format host information updated
Info 1032 [15:28:53.642] Format host information updated
Info 1033 [15:28:53.943] Format host information updated
Info 1034 [15:28:54.013] Format host information updated
Info 1035 [15:28:54.180] Format host information updated
Info 1036 [15:28:54.400] Format host information updated
Info 1037 [15:28:54.521] Format host information updated
Info 1038 [15:28:54.628] Format host information updated
Info 1039 [15:28:54.800] Format host information updated
Info 1040 [15:28:54.939] Format host information updated
Info 1041 [15:28:55.000] Format host information updated
Info 1042 [15:28:59.815] Format host information updated
Info 1043 [15:29:00.046] Format host information updated
Info 1044 [15:29:00.321] Format host information updated
Info 1045 [15:29:00.470] Format host information updated
Info 1046 [15:29:00.557] Format host information updated
Info 1047 [15:29:00.635] Format host information updated
Info 1048 [15:29:00.743] Format host information updated
Info 1049 [15:29:00.845] Format host information updated
Info 1050 [15:29:00.945] Format host information updated
Info 1051 [15:29:01.264] Format host information updated
Info 1052 [15:29:02.014] Format host information updated
Info 1053 [15:29:03.632] Format host information updated
Info 1054 [15:29:05.365] Format host information updated
Info 1055 [15:29:55.904] Starting updateGraphWorker: Project: /dev/null/inferredProject1*
Info 1056 [15:29:55.914] Finishing updateGraphWorker: Project: /dev/null/inferredProject1* Version: 10 structureChanged: true structureIsReused:: Not Elapsed: 10.444617997854948ms
Info 1057 [15:29:55.914] Project '/dev/null/inferredProject1*' (Inferred)
Info 1058 [15:29:55.914] 	Files (9)

Info 1059 [15:29:55.914] -----------------------------------------------
Info 1060 [15:29:55.914] Project '/dev/null/inferredProject1*' (Inferred)
Info 1060 [15:29:55.914] 	Files (9)

Info 1060 [15:29:55.914] -----------------------------------------------
Info 1060 [15:29:55.914] Open files: 
Info 1060 [15:29:55.915] 	FileName: /home/orion/src/purescript-puppeteer/src/Puppeteer.Handle.js ProjectRootPath: /home/orion/src/purescript-puppeteer
Info 1060 [15:29:55.915] 		Projects: /dev/null/inferredProject1*
Info 1060 [15:29:55.915] 	FileName: /home/orion/src/purescript-puppeteer/src/Puppeteer.FFI.js ProjectRootPath: /home/orion/src/purescript-puppeteer
Info 1060 [15:29:55.915] 		Projects: /dev/null/inferredProject1*
Info 1060 [15:29:56.088] Format host information updated
