Info 0    [15:28:52.330] Starting TS Server
Info 1    [15:28:52.332] Version: 5.2.2
Info 2    [15:28:52.332] Arguments: /home/orion/.asdf/installs/node/20.2.0/bin/node /home/orion/.asdf/installs/node/20.2.0/lib/node_modules/typescript/lib/tsserver.js --serverMode partialSemantic --useInferredProjectPerProjectRoot --disableAutomaticTypingAcquisition --cancellationPipeName /tmp/d24f7b8bd4ee640c93dd8ddab1c03da5/tscancellation* --logVerbosity normal --logFile /home/orion/src/purescript-puppeteer/.log/tsserver-log-x79SpS/tsserver.log --locale en --validateDefaultNpmLocation --useNodeIpc
Info 3    [15:28:52.332] Platform: linux NodeVersion: v20.2.0 CaseSensitive: true
Info 4    [15:28:52.332] ServerMode: 1 hasUnknownServerMode: undefined
Info 5    [15:28:52.338] Format host information updated
Info 6    [15:28:52.342] Starting updateGraphWorker: Project: /dev/null/inferredProject1*
Info 7    [15:28:52.654] Finishing updateGraphWorker: Project: /dev/null/inferredProject1* Version: 1 structureChanged: true structureIsReused:: Not Elapsed: 312.05593500006944ms
Info 8    [15:28:52.654] Project '/dev/null/inferredProject1*' (Inferred)
Info 9    [15:28:52.654] 	Files (8)

Info 10   [15:28:52.654] -----------------------------------------------
Info 11   [15:28:52.655] Project '/dev/null/inferredProject1*' (Inferred)
Info 11   [15:28:52.655] 	Files (8)

Info 11   [15:28:52.655] -----------------------------------------------
Info 11   [15:28:52.655] Open files: 
Info 11   [15:28:52.655] 	FileName: /home/orion/src/purescript-puppeteer/src/Puppeteer.Handle.js ProjectRootPath: /home/orion/src/purescript-puppeteer
Info 11   [15:28:52.655] 		Projects: /dev/null/inferredProject1*
Info 11   [15:28:52.655] Format host information updated
Info 12   [15:28:52.655] Format host information updated
Info 13   [15:28:56.064] Format host information updated
Info 14   [15:28:56.527] Format host information updated
Info 15   [15:28:56.825] Format host information updated
Info 16   [15:28:56.887] Format host information updated
Info 17   [15:28:56.983] Format host information updated
Info 18   [15:28:57.072] Format host information updated
Info 19   [15:28:57.154] Format host information updated
Info 20   [15:28:57.255] Format host information updated
Info 21   [15:28:57.488] Format host information updated
Info 22   [15:28:57.658] Format host information updated
Info 23   [15:28:57.763] Format host information updated
Info 24   [15:28:57.846] Format host information updated
Info 25   [15:28:57.965] Format host information updated
Info 26   [15:28:58.046] Format host information updated
Info 27   [15:28:58.225] Format host information updated
Info 28   [15:28:58.325] Format host information updated
Info 29   [15:28:58.474] Format host information updated
Info 30   [15:28:58.586] Format host information updated
Info 31   [15:28:58.954] Format host information updated
Info 32   [15:28:59.264] Format host information updated
Info 33   [15:29:01.290] Format host information updated
Info 34   [15:29:01.630] Format host information updated
Info 35   [15:29:01.785] Format host information updated
Info 36   [15:29:01.895] Format host information updated
Info 37   [15:29:02.098] Format host information updated
Info 38   [15:29:02.240] Format host information updated
Info 39   [15:29:02.344] Format host information updated
Info 40   [15:29:02.687] Format host information updated
Info 41   [15:29:02.766] Format host information updated
Info 42   [15:29:02.830] Format host information updated
Info 43   [15:29:02.902] Format host information updated
Info 44   [15:29:05.179] Format host information updated
Info 45   [15:29:05.793] Format host information updated
Info 46   [15:29:05.914] Format host information updated
Info 47   [15:29:06.123] Format host information updated
Info 48   [15:29:06.224] Format host information updated
Info 49   [15:29:06.419] Format host information updated
Info 50   [15:29:06.636] Format host information updated
Info 51   [15:29:06.718] Format host information updated
Info 52   [15:29:07.113] Format host information updated
Info 53   [15:29:07.194] Format host information updated
Info 54   [15:29:14.920] Format host information updated
Info 55   [15:29:15.148] Format host information updated
Info 56   [15:29:15.243] Format host information updated
Info 57   [15:29:15.370] Format host information updated
Info 58   [15:29:15.466] Format host information updated
Info 59   [15:29:15.558] Format host information updated
Info 60   [15:29:15.613] Format host information updated
Info 61   [15:29:15.800] Format host information updated
Info 62   [15:29:15.988] Format host information updated
Info 63   [15:29:16.086] Format host information updated
Info 64   [15:29:16.696] Format host information updated
Info 65   [15:29:17.414] Format host information updated
Info 66   [15:29:17.680] Format host information updated
Info 67   [15:29:17.790] Format host information updated
Info 68   [15:29:18.301] Format host information updated
Info 69   [15:29:18.610] Format host information updated
Info 70   [15:29:20.189] Format host information updated
Info 71   [15:32:41.984] Format host information updated
Info 72   [15:32:44.151] Format host information updated
Info 73   [15:32:44.300] Format host information updated
Info 74   [15:32:44.362] Format host information updated
Info 75   [15:32:44.511] Format host information updated
Info 76   [15:32:44.583] Format host information updated
Info 77   [15:32:44.718] Format host information updated
Info 78   [15:33:45.009] Format host information updated
Info 79   [15:33:45.573] Format host information updated
Info 80   [15:33:45.692] Format host information updated
Info 81   [15:33:45.753] Format host information updated
Info 82   [15:33:45.861] Format host information updated
Info 83   [15:33:45.984] Format host information updated
Info 84   [15:33:46.160] Format host information updated
Info 85   [15:33:46.271] Format host information updated
Info 86   [15:33:46.392] Format host information updated
Info 87   [15:33:46.469] Format host information updated
Info 88   [15:33:46.602] Format host information updated
Info 89   [15:33:46.783] Format host information updated
Info 90   [15:33:46.912] Format host information updated
Info 91   [15:33:47.100] Format host information updated
Info 92   [15:33:47.210] Format host information updated
Info 93   [15:33:47.388] Format host information updated
Info 94   [15:33:47.776] Format host information updated
Info 95   [15:33:47.835] Format host information updated
Info 96   [15:33:48.195] Format host information updated
Info 97   [15:33:48.254] Format host information updated
Info 98   [15:33:48.388] Format host information updated
Info 99   [15:33:48.589] Format host information updated
Info 100  [15:33:48.655] Format host information updated
Info 101  [15:33:49.020] Format host information updated
Info 102  [15:39:21.553] Format host information updated
Info 103  [15:39:23.769] Format host information updated
Info 104  [15:39:23.944] Format host information updated
Info 105  [15:39:24.182] Format host information updated
Info 106  [15:39:24.315] Format host information updated
Info 107  [15:39:24.447] Format host information updated
Info 108  [15:39:24.567] Format host information updated
Info 109  [15:39:24.626] Format host information updated
Info 110  [15:40:50.546] Starting updateGraphWorker: Project: /dev/null/inferredProject1*
Info 111  [15:40:50.556] Finishing updateGraphWorker: Project: /dev/null/inferredProject1* Version: 2 structureChanged: true structureIsReused:: Not Elapsed: 10.421019000001252ms
Info 112  [15:40:50.556] Project '/dev/null/inferredProject1*' (Inferred)
Info 113  [15:40:50.556] 	Files (9)

Info 114  [15:40:50.556] -----------------------------------------------
Info 115  [15:40:50.556] Project '/dev/null/inferredProject1*' (Inferred)
Info 115  [15:40:50.556] 	Files (9)

Info 115  [15:40:50.556] -----------------------------------------------
Info 115  [15:40:50.556] Open files: 
Info 115  [15:40:50.556] 	FileName: /home/orion/src/purescript-puppeteer/src/Puppeteer.Handle.js ProjectRootPath: /home/orion/src/purescript-puppeteer
Info 115  [15:40:50.556] 		Projects: /dev/null/inferredProject1*
Info 115  [15:40:50.556] 	FileName: /home/orion/src/purescript-puppeteer/bun/fmt.js ProjectRootPath: /home/orion/src/purescript-puppeteer
Info 115  [15:40:50.557] 		Projects: /dev/null/inferredProject1*
Info 115  [15:40:50.796] Format host information updated
Info 116  [15:49:42.532] Starting updateGraphWorker: Project: /dev/null/inferredProject1*
Info 117  [15:49:42.538] Finishing updateGraphWorker: Project: /dev/null/inferredProject1* Version: 3 structureChanged: true structureIsReused:: Not Elapsed: 5.876462999731302ms
Info 118  [15:49:42.538] Project '/dev/null/inferredProject1*' (Inferred)
Info 119  [15:49:42.538] 	Files (10)

Info 120  [15:49:42.538] -----------------------------------------------
Info 121  [15:49:42.538] Project '/dev/null/inferredProject1*' (Inferred)
Info 121  [15:49:42.538] 	Files (10)

Info 121  [15:49:42.538] -----------------------------------------------
Info 121  [15:49:42.538] Open files: 
Info 121  [15:49:42.538] 	FileName: /home/orion/src/purescript-puppeteer/src/Puppeteer.Handle.js ProjectRootPath: /home/orion/src/purescript-puppeteer
Info 121  [15:49:42.538] 		Projects: /dev/null/inferredProject1*
Info 121  [15:49:42.538] 	FileName: /home/orion/src/purescript-puppeteer/bun/fmt.js ProjectRootPath: /home/orion/src/purescript-puppeteer
Info 121  [15:49:42.538] 		Projects: /dev/null/inferredProject1*
Info 121  [15:49:42.538] 	FileName: /home/orion/src/purescript-puppeteer/src/Puppeteer.Box.js ProjectRootPath: /home/orion/src/purescript-puppeteer
Info 121  [15:49:42.538] 		Projects: /dev/null/inferredProject1*
Info 121  [15:49:42.743] Format host information updated
Info 122  [15:49:43.450] Format host information updated
Info 123  [15:49:43.596] Format host information updated
Info 124  [15:49:43.660] Format host information updated
Info 125  [15:49:43.820] Format host information updated
Info 126  [15:49:43.956] Format host information updated
Info 127  [15:49:44.051] Format host information updated
Info 128  [15:49:44.140] Format host information updated
Info 129  [15:49:44.237] Format host information updated
Info 130  [15:49:44.476] Format host information updated
Info 131  [15:49:44.679] Format host information updated
Info 132  [15:49:44.774] Format host information updated
Info 133  [15:49:44.843] Format host information updated
Info 134  [15:49:45.009] Format host information updated
Info 135  [15:49:45.130] Format host information updated
Info 136  [15:49:45.292] Format host information updated
Info 137  [15:49:45.421] Format host information updated
Info 138  [15:49:45.484] Format host information updated
Info 139  [15:49:45.800] Format host information updated
Info 140  [15:49:45.940] Format host information updated
Info 141  [15:49:46.531] Format host information updated
Info 142  [15:49:46.618] Format host information updated
Info 143  [15:49:46.889] Format host information updated
Info 144  [15:49:47.022] Format host information updated
Info 145  [15:49:47.172] Format host information updated
Info 146  [15:49:47.452] Format host information updated
Info 147  [15:49:47.628] Format host information updated
Info 148  [15:49:47.824] Format host information updated
Info 149  [15:49:48.911] Format host information updated
Info 150  [15:49:48.983] Format host information updated
Info 151  [15:49:49.061] Format host information updated
Info 152  [15:49:49.158] Format host information updated
Info 153  [15:49:49.228] Format host information updated
Info 154  [15:49:49.288] Format host information updated
Info 155  [15:49:49.465] Format host information updated
Info 156  [15:49:49.537] Format host information updated
Info 157  [15:49:49.757] Format host information updated
Info 158  [15:49:52.494] Format host information updated
Info 159  [15:49:53.106] Format host information updated
Info 160  [15:49:53.457] Format host information updated
Info 161  [15:49:53.525] Format host information updated
Info 162  [15:49:53.627] Format host information updated
Info 163  [15:49:54.170] Format host information updated
Info 164  [15:49:54.299] Format host information updated
Info 165  [15:49:54.385] Format host information updated
Info 166  [15:50:05.845] Format host information updated
Info 167  [15:50:05.991] Format host information updated
Info 168  [15:50:06.179] Format host information updated
Info 169  [15:50:06.446] Format host information updated
Info 170  [15:50:20.654] Format host information updated
Info 171  [15:50:20.961] Format host information updated
Info 172  [15:50:21.312] Format host information updated
Info 173  [15:50:21.489] Format host information updated
Info 174  [15:50:21.734] Format host information updated
Info 175  [15:50:22.122] Format host information updated
Info 176  [15:50:22.430] Format host information updated
Info 177  [15:50:22.489] Format host information updated
Info 178  [15:50:22.702] Format host information updated
Info 179  [15:50:22.857] Format host information updated
Info 180  [15:50:23.585] Format host information updated
Info 181  [15:50:23.646] Format host information updated
Info 182  [15:50:24.110] Format host information updated
Info 183  [15:50:24.176] Format host information updated
Info 184  [15:50:24.664] Format host information updated
Info 185  [15:50:24.777] Format host information updated
Info 186  [15:50:24.912] Format host information updated
Info 187  [15:50:25.028] Format host information updated
Info 188  [15:50:25.482] Format host information updated
Info 189  [15:50:25.931] Format host information updated
Info 190  [15:50:26.112] Format host information updated
Info 191  [15:50:26.329] Format host information updated
Info 192  [15:50:26.435] Format host information updated
Info 193  [15:50:26.562] Format host information updated
Info 194  [15:50:26.673] Format host information updated
Info 195  [15:50:26.856] Format host information updated
Info 196  [15:50:28.096] Format host information updated
Info 197  [15:50:28.288] Format host information updated
Info 198  [15:50:28.487] Format host information updated
Info 199  [15:50:29.172] Format host information updated
Info 200  [15:50:29.249] Format host information updated
Info 201  [15:50:29.451] Format host information updated
Info 202  [15:50:29.553] Format host information updated
Info 203  [15:50:29.680] Format host information updated
Info 204  [15:50:29.927] Format host information updated
Info 205  [15:50:29.996] Format host information updated
Info 206  [15:50:30.096] Format host information updated
Info 207  [15:50:30.220] Format host information updated
Info 208  [15:50:30.396] Format host information updated
Info 209  [15:50:30.912] Format host information updated
Info 210  [15:50:31.189] Format host information updated
Info 211  [15:50:31.341] Format host information updated
Info 212  [15:50:31.474] Format host information updated
Info 213  [15:50:31.651] Format host information updated
Info 214  [15:50:31.719] Format host information updated
Info 215  [15:50:33.415] Format host information updated
Info 216  [15:50:33.623] Format host information updated
Info 217  [15:50:33.687] Format host information updated
Info 218  [15:50:33.777] Format host information updated
Info 219  [15:50:33.960] Format host information updated
Info 220  [15:50:34.023] Format host information updated
Info 221  [15:50:34.329] Format host information updated
Info 222  [15:50:34.521] Format host information updated
Info 223  [15:50:34.580] Format host information updated
Info 224  [15:50:34.729] Format host information updated
Info 225  [15:50:34.988] Format host information updated
Info 226  [15:50:35.055] Format host information updated
Info 227  [15:50:35.175] Format host information updated
Info 228  [15:50:35.414] Format host information updated
Info 229  [15:50:35.475] Format host information updated
Info 230  [15:50:35.581] Format host information updated
Info 231  [15:50:35.758] Format host information updated
Info 232  [15:50:35.854] Format host information updated
Info 233  [15:50:35.937] Format host information updated
Info 234  [15:50:36.042] Format host information updated
Info 235  [15:50:36.110] Format host information updated
Info 236  [15:50:48.307] Format host information updated
Info 237  [15:50:48.431] Format host information updated
Info 238  [15:50:48.613] Format host information updated
Info 239  [15:50:49.374] Format host information updated
Info 240  [15:50:49.465] Format host information updated
Info 241  [15:50:49.715] Format host information updated
Info 242  [15:50:52.375] Format host information updated
Info 243  [15:50:52.494] Format host information updated
Info 244  [15:50:52.598] Format host information updated
Info 245  [15:50:52.858] Format host information updated
Info 246  [15:50:52.995] Format host information updated
Info 247  [15:50:53.163] Format host information updated
Info 248  [15:50:53.277] Format host information updated
Info 249  [15:50:53.342] Format host information updated
Info 250  [15:50:53.440] Format host information updated
Info 251  [15:50:53.631] Format host information updated
Info 252  [15:50:53.759] Format host information updated
Info 253  [15:50:53.921] Format host information updated
Info 254  [15:50:54.091] Format host information updated
Info 255  [15:50:54.186] Format host information updated
Info 256  [15:50:54.250] Format host information updated
Info 257  [15:50:54.355] Format host information updated
Info 258  [15:50:54.447] Format host information updated
Info 259  [15:50:54.538] Format host information updated
Info 260  [15:50:54.671] Format host information updated
Info 261  [15:50:54.760] Format host information updated
Info 262  [15:50:55.067] Format host information updated
Info 263  [15:50:55.130] Format host information updated
Info 264  [15:50:55.209] Format host information updated
Info 265  [15:50:55.481] Format host information updated
Info 266  [15:50:55.560] Format host information updated
Info 267  [15:50:55.697] Format host information updated
Info 268  [15:50:55.870] Format host information updated
Info 269  [15:50:55.982] Format host information updated
Info 270  [15:50:56.176] Format host information updated
Info 271  [15:50:56.291] Format host information updated
Info 272  [15:50:56.378] Format host information updated
Info 273  [15:50:56.561] Format host information updated
Info 274  [15:50:56.705] Format host information updated
Info 275  [15:50:56.796] Format host information updated
Info 276  [15:50:56.866] Format host information updated
Info 277  [15:50:57.123] Format host information updated
Info 278  [15:50:57.184] Format host information updated
Info 279  [15:50:57.417] Format host information updated
Info 280  [15:50:57.578] Format host information updated
Info 281  [15:50:57.723] Format host information updated
Info 282  [15:50:57.794] Format host information updated
Info 283  [15:50:57.932] Format host information updated
Info 284  [15:50:58.023] Format host information updated
Info 285  [15:50:58.113] Format host information updated
Info 286  [15:50:58.206] Format host information updated
Info 287  [15:50:58.297] Format host information updated
Info 288  [15:50:58.400] Format host information updated
Info 289  [15:50:58.504] Format host information updated
Info 290  [15:50:58.696] Format host information updated
Info 291  [15:50:58.789] Format host information updated
Info 292  [15:50:58.941] Format host information updated
Info 293  [15:50:58.997] Format host information updated
Info 294  [15:50:59.069] Format host information updated
Info 295  [15:50:59.688] Format host information updated
Info 296  [15:51:00.307] Format host information updated
Info 297  [15:51:00.676] Format host information updated
Info 298  [15:51:00.785] Format host information updated
Info 299  [15:51:01.001] Format host information updated
Info 300  [15:51:01.720] Format host information updated
Info 301  [15:51:01.957] Format host information updated
Info 302  [15:51:02.530] Format host information updated
Info 303  [15:51:02.745] Format host information updated
Info 304  [15:51:05.210] Format host information updated
Info 305  [15:51:05.282] Format host information updated
Info 306  [15:51:05.551] Format host information updated
Info 307  [15:51:05.694] Format host information updated
Info 308  [15:51:06.429] Format host information updated
Info 309  [15:51:12.880] Format host information updated
Info 310  [15:51:13.056] Format host information updated
Info 311  [15:51:13.161] Format host information updated
Info 312  [15:51:13.268] Format host information updated
Info 313  [15:51:13.406] Format host information updated
Info 314  [15:51:13.498] Format host information updated
Info 315  [15:51:13.585] Format host information updated
Info 316  [15:51:13.697] Format host information updated
Info 317  [15:51:14.158] Format host information updated
Info 318  [15:51:14.284] Format host information updated
Info 319  [15:51:14.401] Format host information updated
Info 320  [15:51:14.558] Format host information updated
Info 321  [15:51:14.636] Format host information updated
Info 322  [15:51:14.715] Format host information updated
Info 323  [15:51:14.963] Format host information updated
Info 324  [15:51:15.152] Format host information updated
Info 325  [15:51:15.674] Format host information updated
Info 326  [15:51:15.750] Format host information updated
Info 327  [15:51:16.645] Format host information updated
Info 328  [15:51:16.929] Format host information updated
Info 329  [15:51:17.009] Format host information updated
Info 330  [15:51:17.096] Format host information updated
Info 331  [15:51:17.157] Format host information updated
Info 332  [15:51:17.282] Format host information updated
Info 333  [15:51:17.664] Format host information updated
Info 334  [15:51:18.427] Format host information updated
Info 335  [15:51:18.506] Format host information updated
Info 336  [15:51:18.701] Format host information updated
Info 337  [15:51:18.863] Format host information updated
Info 338  [15:51:18.932] Format host information updated
Info 339  [15:51:19.135] Format host information updated
Info 340  [15:51:19.242] Format host information updated
Info 341  [15:51:19.315] Format host information updated
Info 342  [15:51:19.462] Format host information updated
Info 343  [15:51:19.525] Format host information updated
Info 344  [15:51:19.923] Format host information updated
Info 345  [15:51:20.074] Format host information updated
Info 346  [15:51:20.279] Format host information updated
Info 347  [15:51:20.363] Format host information updated
Info 348  [15:51:20.508] Format host information updated
Info 349  [15:51:20.928] Format host information updated
Info 350  [15:51:21.110] Format host information updated
Info 351  [15:51:22.086] Format host information updated
Info 352  [15:51:22.157] Format host information updated
Info 353  [15:51:22.225] Format host information updated
Info 354  [15:51:22.432] Format host information updated
Info 355  [15:51:22.537] Format host information updated
Info 356  [15:51:22.627] Format host information updated
Info 357  [15:51:22.903] Format host information updated
Info 358  [15:51:23.498] Format host information updated
Info 359  [15:51:23.707] Format host information updated
Info 360  [15:51:23.776] Format host information updated
Info 361  [15:51:23.896] Format host information updated
Info 362  [15:51:24.132] Format host information updated
Info 363  [15:51:24.192] Format host information updated
Info 364  [15:51:24.410] Format host information updated
Info 365  [15:51:24.575] Format host information updated
Info 366  [15:51:24.789] Format host information updated
Info 367  [15:51:24.849] Format host information updated
Info 368  [15:51:24.947] Format host information updated
Info 369  [15:51:25.166] Format host information updated
Info 370  [15:51:25.296] Format host information updated
Info 371  [15:51:26.467] Format host information updated
Info 372  [15:51:26.543] Format host information updated
Info 373  [15:51:26.623] Format host information updated
Info 374  [15:51:26.719] Format host information updated
Info 375  [15:51:26.819] Format host information updated
Info 376  [15:51:26.914] Format host information updated
Info 377  [15:51:27.393] Format host information updated
Info 378  [15:51:27.608] Format host information updated
Info 379  [15:51:27.747] Format host information updated
Info 380  [15:51:27.874] Format host information updated
Info 381  [15:51:28.101] Format host information updated
Info 382  [15:51:28.266] Format host information updated
Info 383  [15:51:28.510] Format host information updated
Info 384  [15:51:28.607] Format host information updated
Info 385  [15:51:28.699] Format host information updated
Info 386  [15:51:28.908] Format host information updated
Info 387  [15:51:30.332] Format host information updated
Info 388  [15:51:30.725] Format host information updated
Info 389  [15:51:30.805] Format host information updated
Info 390  [15:51:30.928] Format host information updated
Info 391  [15:51:31.046] Format host information updated
Info 392  [15:51:31.252] Format host information updated
Info 393  [15:51:32.763] Format host information updated
Info 394  [15:51:32.857] Format host information updated
Info 395  [15:51:33.017] Format host information updated
Info 396  [15:51:33.086] Format host information updated
Info 397  [15:51:33.276] Format host information updated
Info 398  [15:51:33.598] Format host information updated
Info 399  [15:51:33.800] Format host information updated
Info 400  [15:51:34.045] Format host information updated
Info 401  [15:51:34.110] Format host information updated
Info 402  [15:51:34.211] Format host information updated
Info 403  [15:51:34.269] Format host information updated
Info 404  [15:51:34.420] Format host information updated
Info 405  [15:51:34.714] Format host information updated
Info 406  [15:51:34.991] Format host information updated
Info 407  [15:51:35.240] Format host information updated
Info 408  [15:51:35.304] Format host information updated
Info 409  [15:51:35.403] Format host information updated
Info 410  [15:51:35.730] Format host information updated
Info 411  [15:51:35.868] Format host information updated
Info 412  [15:51:36.088] Format host information updated
Info 413  [15:51:36.177] Format host information updated
Info 414  [15:51:36.311] Format host information updated
Info 415  [15:51:36.403] Format host information updated
Info 416  [15:51:36.600] Format host information updated
Info 417  [15:51:36.655] Format host information updated
Info 418  [15:51:36.804] Format host information updated
Info 419  [15:51:36.939] Format host information updated
Info 420  [15:51:37.077] Format host information updated
Info 421  [15:51:37.210] Format host information updated
Info 422  [15:51:37.384] Format host information updated
Info 423  [15:51:37.524] Format host information updated
Info 424  [15:51:37.585] Format host information updated
Info 425  [15:51:37.714] Format host information updated
Info 426  [15:51:38.258] Format host information updated
Info 427  [15:51:38.557] Format host information updated
Info 428  [15:51:52.221] Format host information updated
Info 429  [15:51:52.407] Format host information updated
Info 430  [15:51:52.864] Format host information updated
Info 431  [15:51:54.329] Format host information updated
Info 432  [15:51:54.565] Format host information updated
Info 433  [15:51:54.634] Format host information updated
Info 434  [15:51:54.708] Format host information updated
Info 435  [15:51:54.911] Format host information updated
Info 436  [15:51:54.997] Format host information updated
Info 437  [15:51:55.063] Format host information updated
Info 438  [15:51:55.168] Format host information updated
Info 439  [15:51:55.260] Format host information updated
Info 440  [15:51:55.514] Format host information updated
Info 441  [15:51:55.573] Format host information updated
Info 442  [15:51:55.711] Format host information updated
Info 443  [15:52:02.042] Format host information updated
Info 444  [15:52:02.694] Format host information updated
Info 445  [15:52:03.168] Format host information updated
Info 446  [15:52:03.357] Format host information updated
Info 447  [15:52:03.468] Format host information updated
Info 448  [15:52:03.550] Format host information updated
Info 449  [15:52:03.661] Format host information updated
Info 450  [15:52:03.826] Format host information updated
Info 451  [15:52:04.014] Format host information updated
Info 452  [15:52:04.343] Format host information updated
Info 453  [15:52:04.698] Format host information updated
Info 454  [15:52:04.782] Format host information updated
Info 455  [15:52:04.964] Format host information updated
Info 456  [15:52:05.032] Format host information updated
Info 457  [15:52:05.215] Format host information updated
Info 458  [15:52:05.372] Format host information updated
Info 459  [15:52:05.648] Format host information updated
Info 460  [15:52:05.785] Format host information updated
Info 461  [15:52:05.948] Format host information updated
Info 462  [15:52:06.064] Format host information updated
Info 463  [15:52:10.184] Format host information updated
Info 464  [15:52:10.628] Format host information updated
Info 465  [15:52:11.077] Format host information updated
Info 466  [15:52:11.199] Format host information updated
Info 467  [15:52:11.305] Format host information updated
Info 468  [15:52:11.363] Format host information updated
Info 469  [15:52:11.453] Format host information updated
Info 470  [15:52:11.710] Format host information updated
Info 471  [15:52:12.169] Format host information updated
Info 472  [15:52:12.515] Format host information updated
Info 473  [15:52:12.640] Format host information updated
Info 474  [15:52:12.800] Format host information updated
Info 475  [15:52:12.919] Format host information updated
Info 476  [15:52:13.307] Format host information updated
Info 477  [15:54:15.561] Format host information updated
Info 478  [15:54:16.501] Format host information updated
Info 479  [15:54:17.006] Format host information updated
Info 480  [15:54:18.910] Format host information updated
Info 481  [15:54:19.264] Format host information updated
Info 482  [15:54:19.660] Format host information updated
Info 483  [15:54:19.735] Format host information updated
Info 484  [15:54:19.919] Format host information updated
Info 485  [15:54:20.028] Format host information updated
Info 486  [15:54:20.250] Format host information updated
Info 487  [15:54:21.323] Format host information updated
Info 488  [15:54:23.083] Format host information updated
Info 489  [15:54:23.249] Format host information updated
Info 490  [15:54:23.557] Format host information updated
Info 491  [15:54:23.675] Format host information updated
Info 492  [15:54:23.930] Format host information updated
Info 493  [15:54:24.019] Format host information updated
Info 494  [15:54:24.084] Format host information updated
Info 495  [15:54:24.237] Format host information updated
Info 496  [15:54:24.320] Format host information updated
Info 497  [15:54:24.418] Format host information updated
