Info 0    [12:24:22.981] Starting TS Server
Info 1    [12:24:22.982] Version: 5.2.2
Info 2    [12:24:22.982] Arguments: /home/orion/.asdf/installs/node/20.2.0/bin/node /home/orion/.asdf/installs/node/20.2.0/lib/node_modules/typescript/lib/tsserver.js --useInferredProjectPerProjectRoot --cancellationPipeName /tmp/042e85bb0c548705da6f0771eb454d41/tscancellation* --logVerbosity normal --logFile /home/orion/src/purescript-puppeteer/.log/tsserver-log-TiBdQy/tsserver.log --locale en --validateDefaultNpmLocation --useNodeIpc
Info 3    [12:24:22.982] Platform: linux NodeVersion: v20.2.0 CaseSensitive: true
Info 4    [12:24:22.982] ServerMode: undefined hasUnknownServerMode: undefined
Info 5    [12:24:22.991] Format host information updated
Info 6    [12:24:22.993] Search path: /home/orion/src/purescript-puppeteer/src
Info 7    [12:24:22.993] For info: /home/orion/src/purescript-puppeteer/src/Puppeteer.js :: Config file name: /home/orion/src/purescript-puppeteer/jsconfig.json
Info 8    [12:24:22.993] Creating configuration project /home/orion/src/purescript-puppeteer/jsconfig.json
Info 9    [12:24:23.011] Config: /home/orion/src/purescript-puppeteer/jsconfig.json : {
 "rootNames": [
  "/home/orion/src/purescript-puppeteer/src/Puppeteer.Browser.Context.js",
  "/home/orion/src/purescript-puppeteer/src/Puppeteer.Browser.js",
  "/home/orion/src/purescript-puppeteer/src/Puppeteer.Cartesian.js",
  "/home/orion/src/purescript-puppeteer/src/Puppeteer.FFI.js",
  "/home/orion/src/purescript-puppeteer/src/Puppeteer.Handle.js",
  "/home/orion/src/purescript-puppeteer/src/Puppeteer.Keyboard.js",
  "/home/orion/src/purescript-puppeteer/src/Puppeteer.Page.Cookie.js",
  "/home/orion/src/purescript-puppeteer/src/Puppeteer.Page.Emulate.js",
  "/home/orion/src/purescript-puppeteer/src/Puppeteer.Page.Event.ConsoleMessage.js",
  "/home/orion/src/purescript-puppeteer/src/Puppeteer.Page.Event.Dialog.js",
  "/home/orion/src/purescript-puppeteer/src/Puppeteer.Page.Event.js",
  "/home/orion/src/purescript-puppeteer/src/Puppeteer.Page.Export.js",
  "/home/orion/src/purescript-puppeteer/src/Puppeteer.Page.Http.Request.js",
  "/home/orion/src/purescript-puppeteer/src/Puppeteer.Page.Http.Response.js",
  "/home/orion/src/purescript-puppeteer/src/Puppeteer.Page.Http.js",
  "/home/orion/src/purescript-puppeteer/src/Puppeteer.Page.Navigate.js",
  "/home/orion/src/purescript-puppeteer/src/Puppeteer.Page.WaitFor.js",
  "/home/orion/src/purescript-puppeteer/src/Puppeteer.Page.js",
  "/home/orion/src/purescript-puppeteer/src/Puppeteer.js",
  "/home/orion/src/purescript-puppeteer/bun/fmt.js"
 ],
 "options": {
  "allowJs": true,
  "maxNodeModuleJsDepth": 2,
  "allowSyntheticDefaultImports": true,
  "skipLibCheck": true,
  "noEmit": true,
  "types": [
   "bun-types"
  ],
  "lib": [
   "lib.esnext.d.ts"
  ],
  "target": 99,
  "module": 99,
  "moduleResolution": 100,
  "moduleDetection": 3,
  "jsx": 2,
  "checkJs": true,
  "strict": true,
  "configFilePath": "/home/orion/src/purescript-puppeteer/jsconfig.json"
 }
}
Info 10   [12:24:23.016] Starting updateGraphWorker: Project: /home/orion/src/purescript-puppeteer/jsconfig.json
Info 11   [12:24:23.906] Finishing updateGraphWorker: Project: /home/orion/src/purescript-puppeteer/jsconfig.json Version: 1 structureChanged: true structureIsReused:: Not Elapsed: 890.494458001107ms
Info 12   [12:24:23.907] Project '/home/orion/src/purescript-puppeteer/jsconfig.json' (Configured)
Info 13   [12:24:23.907] 	Files (146)

Info 14   [12:24:23.907] -----------------------------------------------
Info 15   [12:24:23.922] AutoImportProviderProject: found 466 root files in 6 dependencies in 13.211264999583364 ms
Info 16   [12:24:23.948] Starting updateGraphWorker: Project: /dev/null/autoImportProviderProject1*
Info 17   [12:24:24.869] Finishing updateGraphWorker: Project: /dev/null/autoImportProviderProject1* Version: 1 structureChanged: true structureIsReused:: Not Elapsed: 920.893418001011ms
Info 18   [12:24:24.869] Project '/dev/null/autoImportProviderProject1*' (AutoImportProvider)
Info 19   [12:24:24.869] 	Files (624)

Info 20   [12:24:24.869] -----------------------------------------------
Info 21   [12:24:24.874] Project '/home/orion/src/purescript-puppeteer/jsconfig.json' (Configured)
Info 21   [12:24:24.874] 	Files (146)

Info 21   [12:24:24.874] -----------------------------------------------
Info 21   [12:24:24.874] Project '/dev/null/autoImportProviderProject1*' (AutoImportProvider)
Info 21   [12:24:24.874] 	Files (624)

Info 21   [12:24:24.874] -----------------------------------------------
Info 21   [12:24:24.874] Open files: 
Info 21   [12:24:24.874] 	FileName: /home/orion/src/purescript-puppeteer/src/Puppeteer.js ProjectRootPath: /home/orion/src/purescript-puppeteer
Info 21   [12:24:24.874] 		Projects: /home/orion/src/purescript-puppeteer/jsconfig.json
Info 21   [12:24:39.290] Format host information updated
Info 22   [12:24:39.290] Starting updateGraphWorker: Project: /home/orion/src/purescript-puppeteer/jsconfig.json
Info 23   [12:24:39.309] Finishing updateGraphWorker: Project: /home/orion/src/purescript-puppeteer/jsconfig.json Version: 2 structureChanged: false structureIsReused:: Completely Elapsed: 18.492972999811172ms
Info 24   [12:24:39.309] Different program with same set of files
Info 25   [12:24:39.449] Format host information updated
Info 26   [12:24:39.449] Starting updateGraphWorker: Project: /home/orion/src/purescript-puppeteer/jsconfig.json
Info 27   [12:24:39.466] Finishing updateGraphWorker: Project: /home/orion/src/purescript-puppeteer/jsconfig.json Version: 3 structureChanged: false structureIsReused:: Completely Elapsed: 17.09582000039518ms
Info 28   [12:24:39.466] Different program with same set of files
Info 29   [12:24:39.632] Format host information updated
Info 30   [12:24:39.632] Starting updateGraphWorker: Project: /home/orion/src/purescript-puppeteer/jsconfig.json
Info 31   [12:24:39.647] Finishing updateGraphWorker: Project: /home/orion/src/purescript-puppeteer/jsconfig.json Version: 4 structureChanged: false structureIsReused:: Completely Elapsed: 14.667526999488473ms
Info 32   [12:24:39.647] Different program with same set of files
Info 33   [12:24:39.949] Format host information updated
Info 34   [12:24:39.950] Starting updateGraphWorker: Project: /home/orion/src/purescript-puppeteer/jsconfig.json
Info 35   [12:24:39.965] Finishing updateGraphWorker: Project: /home/orion/src/purescript-puppeteer/jsconfig.json Version: 5 structureChanged: false structureIsReused:: Completely Elapsed: 15.023726999759674ms
Info 36   [12:24:39.965] Different program with same set of files
Info 37   [12:24:40.124] Format host information updated
Info 38   [12:24:40.124] Starting updateGraphWorker: Project: /home/orion/src/purescript-puppeteer/jsconfig.json
Info 39   [12:24:40.135] Finishing updateGraphWorker: Project: /home/orion/src/purescript-puppeteer/jsconfig.json Version: 6 structureChanged: false structureIsReused:: Completely Elapsed: 10.408002998679876ms
Info 40   [12:24:40.135] Different program with same set of files
Info 41   [12:25:22.273] Search path: /home/orion/src/purescript-puppeteer/src
Info 42   [12:25:22.273] For info: /home/orion/src/purescript-puppeteer/src/Puppeteer.FFI.js :: Config file name: /home/orion/src/purescript-puppeteer/jsconfig.json
Info 43   [12:25:22.273] Project '/home/orion/src/purescript-puppeteer/jsconfig.json' (Configured)
Info 43   [12:25:22.273] 	Files (146)

Info 43   [12:25:22.273] -----------------------------------------------
Info 43   [12:25:22.273] Project '/dev/null/autoImportProviderProject1*' (AutoImportProvider)
Info 43   [12:25:22.273] 	Files (624)

Info 43   [12:25:22.273] -----------------------------------------------
Info 43   [12:25:22.273] Open files: 
Info 43   [12:25:22.273] 	FileName: /home/orion/src/purescript-puppeteer/src/Puppeteer.js ProjectRootPath: /home/orion/src/purescript-puppeteer
Info 43   [12:25:22.273] 		Projects: /home/orion/src/purescript-puppeteer/jsconfig.json
Info 43   [12:25:22.273] 	FileName: /home/orion/src/purescript-puppeteer/src/Puppeteer.FFI.js ProjectRootPath: /home/orion/src/purescript-puppeteer
Info 43   [12:25:22.273] 		Projects: /home/orion/src/purescript-puppeteer/jsconfig.json
Info 43   [12:25:22.488] Starting updateGraphWorker: Project: /home/orion/src/purescript-puppeteer/jsconfig.json
Info 44   [12:25:22.533] Finishing updateGraphWorker: Project: /home/orion/src/purescript-puppeteer/jsconfig.json Version: 7 structureChanged: false structureIsReused:: Completely Elapsed: 45.32633600011468ms
Info 45   [12:25:22.533] Different program with same set of files
Info 46   [12:25:22.535] Format host information updated
Info 47   [12:25:24.786] Before ensureProjectForOpenFiles:
Info 48   [12:25:24.786] Project '/home/orion/src/purescript-puppeteer/jsconfig.json' (Configured)
Info 48   [12:25:24.786] 	Files (146)

Info 48   [12:25:24.786] -----------------------------------------------
Info 48   [12:25:24.786] Project '/dev/null/autoImportProviderProject1*' (AutoImportProvider)
Info 48   [12:25:24.786] 	Files (624)

Info 48   [12:25:24.786] -----------------------------------------------
Info 48   [12:25:24.786] Open files: 
Info 48   [12:25:24.786] 	FileName: /home/orion/src/purescript-puppeteer/src/Puppeteer.js ProjectRootPath: /home/orion/src/purescript-puppeteer
Info 48   [12:25:24.787] 		Projects: /home/orion/src/purescript-puppeteer/jsconfig.json
Info 48   [12:25:24.787] 	FileName: /home/orion/src/purescript-puppeteer/src/Puppeteer.FFI.js ProjectRootPath: /home/orion/src/purescript-puppeteer
Info 48   [12:25:24.787] 		Projects: /home/orion/src/purescript-puppeteer/jsconfig.json
Info 48   [12:25:24.787] After ensureProjectForOpenFiles:
Info 49   [12:25:24.787] Project '/home/orion/src/purescript-puppeteer/jsconfig.json' (Configured)
Info 49   [12:25:24.787] 	Files (146)

Info 49   [12:25:24.787] -----------------------------------------------
Info 49   [12:25:24.787] Project '/dev/null/autoImportProviderProject1*' (AutoImportProvider)
Info 49   [12:25:24.787] 	Files (624)

Info 49   [12:25:24.787] -----------------------------------------------
Info 49   [12:25:24.787] Open files: 
Info 49   [12:25:24.787] 	FileName: /home/orion/src/purescript-puppeteer/src/Puppeteer.js ProjectRootPath: /home/orion/src/purescript-puppeteer
Info 49   [12:25:24.787] 		Projects: /home/orion/src/purescript-puppeteer/jsconfig.json
Info 49   [12:25:24.787] 	FileName: /home/orion/src/purescript-puppeteer/src/Puppeteer.FFI.js ProjectRootPath: /home/orion/src/purescript-puppeteer
Info 49   [12:25:24.787] 		Projects: /home/orion/src/purescript-puppeteer/jsconfig.json
Info 49   [12:25:24.787] got projects updated in background, updating diagnostics for /home/orion/src/purescript-puppeteer/src/Puppeteer.js,/home/orion/src/purescript-puppeteer/src/Puppeteer.FFI.js
Info 50   [12:25:39.486] getCompletionData: Get current token: 0.09408100135624409
Info 51   [12:25:39.486] getCompletionData: Is inside comment: 0.052660999819636345
Info 52   [12:25:39.486] getCompletionData: Get previous token: 0.03454899974167347
Info 53   [12:25:39.487] getCompletionsAtPosition: isCompletionListBlocker: 0.1590769998729229
Info 54   [12:25:39.489] getExportInfoMap: cache miss or empty; calculating new results
Info 55   [12:25:39.538] forEachExternalModuleToImportFrom autoImportProvider: 29.083331000059843
Info 56   [12:25:39.538] getExportInfoMap: done in 48.77953100018203 ms
Info 57   [12:25:39.610] collectAutoImports: resolved 389 module specifiers, plus 175 ambient and 3497 from cache
Info 58   [12:25:39.610] collectAutoImports: response is complete
Info 59   [12:25:39.610] collectAutoImports: 71.25744800083339
Info 60   [12:25:39.610] getCompletionData: Semantic work: 123.03813000023365
Info 61   [12:25:39.641] getCompletionsAtPosition: getCompletionEntriesFromSymbols: 31.18728999979794
Info 62   [12:25:39.687] Starting updateGraphWorker: Project: /home/orion/src/purescript-puppeteer/jsconfig.json
Info 63   [12:25:39.702] Finishing updateGraphWorker: Project: /home/orion/src/purescript-puppeteer/jsconfig.json Version: 8 structureChanged: false structureIsReused:: Completely Elapsed: 14.98530999943614ms
Info 64   [12:25:39.702] Different program with same set of files
Info 65   [12:25:39.703] getCompletionData: Get current token: 0.00685499981045723
Info 66   [12:25:39.703] getCompletionData: Is inside comment: 0.019847000017762184
Info 67   [12:25:39.703] Returning an empty list because completion was inside a regular comment or plain text part of a JsDoc comment.
Info 68   [12:25:39.704] Format host information updated
Info 69   [12:25:39.747] Starting updateGraphWorker: Project: /home/orion/src/purescript-puppeteer/jsconfig.json
Info 70   [12:25:39.768] Finishing updateGraphWorker: Project: /home/orion/src/purescript-puppeteer/jsconfig.json Version: 9 structureChanged: false structureIsReused:: Completely Elapsed: 20.529665000736713ms
Info 71   [12:25:39.768] Different program with same set of files
Info 72   [12:25:39.768] getCompletionData: Get current token: 0.006580999121069908
Info 73   [12:25:39.768] getCompletionData: Is inside comment: 0.0342009998857975
Info 74   [12:25:39.768] Returning an empty list because completion was inside a regular comment or plain text part of a JsDoc comment.
Info 75   [12:25:39.769] Format host information updated
Info 76   [12:25:40.023] Starting updateGraphWorker: Project: /home/orion/src/purescript-puppeteer/jsconfig.json
Info 77   [12:25:40.036] Finishing updateGraphWorker: Project: /home/orion/src/purescript-puppeteer/jsconfig.json Version: 10 structureChanged: false structureIsReused:: Completely Elapsed: 13.540394999086857ms
Info 78   [12:25:40.036] Different program with same set of files
Info 79   [12:25:40.037] getCompletionData: Get current token: 0.006846999749541283
Info 80   [12:25:40.037] getCompletionData: Is inside comment: 0.020361000671982765
Info 81   [12:25:40.037] Returning an empty list because completion was inside a regular comment or plain text part of a JsDoc comment.
Info 82   [12:25:40.037] Format host information updated
Info 83   [12:25:40.165] Starting updateGraphWorker: Project: /home/orion/src/purescript-puppeteer/jsconfig.json
Info 84   [12:25:40.177] Finishing updateGraphWorker: Project: /home/orion/src/purescript-puppeteer/jsconfig.json Version: 11 structureChanged: false structureIsReused:: Completely Elapsed: 11.0896310005337ms
Info 85   [12:25:40.177] Different program with same set of files
Info 86   [12:25:40.177] getCompletionData: Get current token: 0.010518999770283699
Info 87   [12:25:40.177] getCompletionData: Is inside comment: 0.027218999341130257
Info 88   [12:25:40.177] getCompletionData: Get previous token: 0.014411000534892082
Info 89   [12:25:40.177] getCompletionsAtPosition: isCompletionListBlocker: 0.0026629995554685593
Info 90   [12:25:40.178] getExportInfoMap: cache hit
Info 91   [12:25:40.235] collectAutoImports: resolved 0 module specifiers, plus 175 ambient and 3886 from cache
Info 92   [12:25:40.235] collectAutoImports: response is complete
Info 93   [12:25:40.235] collectAutoImports: 56.92703599855304
Info 94   [12:25:40.235] getCompletionData: Semantic work: 57.764436000958085
Info 95   [12:25:40.251] getCompletionsAtPosition: getCompletionEntriesFromSymbols: 16.005318999290466
Info 96   [12:25:40.260] Format host information updated
Info 97   [12:25:40.432] Starting updateGraphWorker: Project: /home/orion/src/purescript-puppeteer/jsconfig.json
Info 98   [12:25:40.452] Finishing updateGraphWorker: Project: /home/orion/src/purescript-puppeteer/jsconfig.json Version: 12 structureChanged: false structureIsReused:: Completely Elapsed: 20.809977000579238ms
Info 99   [12:25:40.452] Different program with same set of files
Info 100  [12:25:40.453] getCompletionData: Get current token: 0.01593400165438652
Info 101  [12:25:40.453] getCompletionData: Is inside comment: 0.05451299995183945
Info 102  [12:25:40.453] getCompletionData: Get previous token: 0.02374500036239624
Info 103  [12:25:40.453] getCompletionsAtPosition: isCompletionListBlocker: 0.11592300049960613
Info 104  [12:25:40.455] getExportInfoMap: cache hit
Info 105  [12:25:40.495] collectAutoImports: resolved 0 module specifiers, plus 175 ambient and 3886 from cache
Info 106  [12:25:40.495] collectAutoImports: response is complete
Info 107  [12:25:40.495] collectAutoImports: 39.600581999868155
Info 108  [12:25:40.495] getCompletionData: Semantic work: 41.30252900160849
Info 109  [12:25:40.511] getCompletionsAtPosition: getCompletionEntriesFromSymbols: 15.626447999849916
Info 110  [12:25:40.518] Format host information updated
Info 111  [12:25:40.534] Format host information updated
Info 112  [12:25:40.534] Starting updateGraphWorker: Project: /home/orion/src/purescript-puppeteer/jsconfig.json
Info 113  [12:25:40.545] Finishing updateGraphWorker: Project: /home/orion/src/purescript-puppeteer/jsconfig.json Version: 13 structureChanged: false structureIsReused:: Completely Elapsed: 10.206235999241471ms
Info 114  [12:25:40.545] Different program with same set of files
Info 115  [12:25:40.630] Starting updateGraphWorker: Project: /home/orion/src/purescript-puppeteer/jsconfig.json
Info 116  [12:25:40.650] Finishing updateGraphWorker: Project: /home/orion/src/purescript-puppeteer/jsconfig.json Version: 14 structureChanged: false structureIsReused:: Completely Elapsed: 20.34964199922979ms
Info 117  [12:25:40.650] Different program with same set of files
Info 118  [12:25:40.651] getCompletionData: Get current token: 0.017481999471783638
Info 119  [12:25:40.651] getCompletionData: Is inside comment: 0.04523799940943718
Info 120  [12:25:40.651] getCompletionData: Get previous token: 0.03602200001478195
Info 121  [12:25:40.651] getCompletionsAtPosition: isCompletionListBlocker: 0.03949799947440624
Info 122  [12:25:40.653] getExportInfoMap: cache hit
Info 123  [12:25:40.697] collectAutoImports: resolved 0 module specifiers, plus 175 ambient and 3886 from cache
Info 124  [12:25:40.697] collectAutoImports: response is complete
Info 125  [12:25:40.697] collectAutoImports: 43.9469179995358
Info 126  [12:25:40.697] getCompletionData: Semantic work: 45.803031999617815
Info 127  [12:25:40.711] getCompletionsAtPosition: getCompletionEntriesFromSymbols: 13.71310899965465
Info 128  [12:25:40.718] Format host information updated
Info 129  [12:25:40.858] Starting updateGraphWorker: Project: /home/orion/src/purescript-puppeteer/jsconfig.json
Info 130  [12:25:40.877] Finishing updateGraphWorker: Project: /home/orion/src/purescript-puppeteer/jsconfig.json Version: 15 structureChanged: false structureIsReused:: Completely Elapsed: 19.167218999937177ms
Info 131  [12:25:40.877] Different program with same set of files
Info 132  [12:25:40.877] getCompletionData: Get current token: 0.008508998900651932
Info 133  [12:25:40.877] getCompletionData: Is inside comment: 0.023389000445604324
Info 134  [12:25:40.878] Returning an empty list because completion was inside a regular comment or plain text part of a JsDoc comment.
Info 135  [12:25:40.878] Format host information updated
Info 136  [12:25:41.141] Starting updateGraphWorker: Project: /home/orion/src/purescript-puppeteer/jsconfig.json
Info 137  [12:25:41.149] Finishing updateGraphWorker: Project: /home/orion/src/purescript-puppeteer/jsconfig.json Version: 16 structureChanged: false structureIsReused:: Completely Elapsed: 8.257744999602437ms
Info 138  [12:25:41.149] Different program with same set of files
Info 139  [12:25:41.149] getCompletionData: Get current token: 0.006635000929236412
Info 140  [12:25:41.149] getCompletionData: Is inside comment: 0.017525000497698784
Info 141  [12:25:41.149] getCompletionData: Get previous token: 0.013464000076055527
Info 142  [12:25:41.149] getCompletionsAtPosition: isCompletionListBlocker: 0.016457000747323036
Info 143  [12:25:41.150] getExportInfoMap: cache hit
Info 144  [12:25:41.174] collectAutoImports: resolved 0 module specifiers, plus 175 ambient and 3886 from cache
Info 145  [12:25:41.174] collectAutoImports: response is complete
Info 146  [12:25:41.174] collectAutoImports: 23.865515999495983
Info 147  [12:25:41.174] getCompletionData: Semantic work: 24.58839499950409
Info 148  [12:25:41.185] getCompletionsAtPosition: getCompletionEntriesFromSymbols: 10.522315999493003
Info 149  [12:25:41.194] Format host information updated
Info 150  [12:25:41.283] Format host information updated
Info 151  [12:25:41.284] Starting updateGraphWorker: Project: /home/orion/src/purescript-puppeteer/jsconfig.json
Info 152  [12:25:41.308] Finishing updateGraphWorker: Project: /home/orion/src/purescript-puppeteer/jsconfig.json Version: 17 structureChanged: false structureIsReused:: Completely Elapsed: 24.383602000772953ms
Info 153  [12:25:41.308] Different program with same set of files
Info 154  [12:25:43.024] getCompletionData: Get current token: 0.008472999557852745
Info 155  [12:25:43.024] getCompletionData: Is inside comment: 0.012335000559687614
Info 156  [12:25:43.024] getCompletionData: Get previous token: 0.0147939994931221
Info 157  [12:25:43.024] getCompletionsAtPosition: isCompletionListBlocker: 0.010562000796198845
Info 158  [12:25:43.025] getExportInfoMap: cache hit
Info 159  [12:25:43.059] collectAutoImports: resolved 97 module specifiers, plus 219 ambient and 3024 from cache
Info 160  [12:25:43.059] collectAutoImports: response is complete
Info 161  [12:25:43.059] collectAutoImports: 34.329622000455856
Info 162  [12:25:43.059] getCompletionData: Semantic work: 35.12940699979663
Info 163  [12:25:43.075] getCompletionsAtPosition: getCompletionEntriesFromSymbols: 15.303796999156475
Info 164  [12:25:43.392] Format host information updated
Info 165  [12:25:43.392] Starting updateGraphWorker: Project: /home/orion/src/purescript-puppeteer/jsconfig.json
Info 166  [12:25:43.401] Finishing updateGraphWorker: Project: /home/orion/src/purescript-puppeteer/jsconfig.json Version: 18 structureChanged: false structureIsReused:: Completely Elapsed: 8.904945999383926ms
Info 167  [12:25:43.401] Different program with same set of files
Info 168  [12:25:43.509] Starting updateGraphWorker: Project: /home/orion/src/purescript-puppeteer/jsconfig.json
Info 169  [12:25:43.521] Finishing updateGraphWorker: Project: /home/orion/src/purescript-puppeteer/jsconfig.json Version: 19 structureChanged: false structureIsReused:: Completely Elapsed: 11.284882999956608ms
Info 170  [12:25:43.521] Different program with same set of files
Info 171  [12:25:43.521] getCompletionData: Get current token: 0.00838799960911274
Info 172  [12:25:43.521] getCompletionData: Is inside comment: 0.012868998572230339
Info 173  [12:25:43.521] getCompletionData: Get previous token: 0.011354001238942146
Info 174  [12:25:43.521] getCompletionsAtPosition: isCompletionListBlocker: 0.011242000386118889
Info 175  [12:25:43.522] getExportInfoMap: cache hit
Info 176  [12:25:43.544] collectAutoImports: resolved 0 module specifiers, plus 219 ambient and 3121 from cache
Info 177  [12:25:43.544] collectAutoImports: response is complete
Info 178  [12:25:43.544] collectAutoImports: 22.155587000772357
Info 179  [12:25:43.544] getCompletionData: Semantic work: 22.99429599940777
Info 180  [12:25:43.557] getCompletionsAtPosition: getCompletionEntriesFromSymbols: 13.085110999643803
Info 181  [12:25:43.566] Format host information updated
Info 182  [12:25:43.758] Format host information updated
Info 183  [12:25:43.759] Starting updateGraphWorker: Project: /home/orion/src/purescript-puppeteer/jsconfig.json
Info 184  [12:25:43.787] Finishing updateGraphWorker: Project: /home/orion/src/purescript-puppeteer/jsconfig.json Version: 20 structureChanged: false structureIsReused:: Completely Elapsed: 28.454563001170754ms
Info 185  [12:25:43.787] Different program with same set of files
Info 186  [12:25:43.810] Starting updateGraphWorker: Project: /home/orion/src/purescript-puppeteer/jsconfig.json
Info 187  [12:25:43.818] Finishing updateGraphWorker: Project: /home/orion/src/purescript-puppeteer/jsconfig.json Version: 21 structureChanged: false structureIsReused:: Completely Elapsed: 7.845094000920653ms
Info 188  [12:25:43.818] Different program with same set of files
Info 189  [12:25:43.818] getCompletionData: Get current token: 0.008537998422980309
Info 190  [12:25:43.818] getCompletionData: Is inside comment: 0.013449998572468758
Info 191  [12:25:43.818] getCompletionData: Get previous token: 0.010770998895168304
Info 192  [12:25:43.818] getCompletionsAtPosition: isCompletionListBlocker: 0.010014999657869339
Info 193  [12:25:43.819] getExportInfoMap: cache hit
Info 194  [12:25:43.842] collectAutoImports: resolved 0 module specifiers, plus 219 ambient and 3121 from cache
Info 195  [12:25:43.842] collectAutoImports: response is complete
Info 196  [12:25:43.842] collectAutoImports: 23.162793999537826
Info 197  [12:25:43.842] getCompletionData: Semantic work: 23.846083000302315
Info 198  [12:25:43.852] getCompletionsAtPosition: getCompletionEntriesFromSymbols: 9.945004999637604
Info 199  [12:25:43.863] Format host information updated
Info 200  [12:25:44.038] Starting updateGraphWorker: Project: /home/orion/src/purescript-puppeteer/jsconfig.json
Info 201  [12:25:44.052] Finishing updateGraphWorker: Project: /home/orion/src/purescript-puppeteer/jsconfig.json Version: 22 structureChanged: false structureIsReused:: Completely Elapsed: 13.229195998981595ms
Info 202  [12:25:44.052] Different program with same set of files
Info 203  [12:25:44.052] getCompletionData: Get current token: 0.012516999617218971
Info 204  [12:25:44.052] getCompletionData: Is inside comment: 0.021692998707294464
Info 205  [12:25:44.052] getCompletionData: Get previous token: 0.01650100015103817
Info 206  [12:25:44.052] getCompletionsAtPosition: isCompletionListBlocker: 0.015336999669671059
Info 207  [12:25:44.053] getExportInfoMap: cache hit
Info 208  [12:25:44.080] collectAutoImports: resolved 0 module specifiers, plus 219 ambient and 3121 from cache
Info 209  [12:25:44.080] collectAutoImports: response is complete
Info 210  [12:25:44.080] collectAutoImports: 26.416420999914408
Info 211  [12:25:44.080] getCompletionData: Semantic work: 27.53286499902606
Info 212  [12:25:44.089] getCompletionsAtPosition: getCompletionEntriesFromSymbols: 8.83389800041914
Info 213  [12:25:44.098] Format host information updated
Info 214  [12:25:45.156] Starting updateGraphWorker: Project: /home/orion/src/purescript-puppeteer/jsconfig.json
Info 215  [12:25:45.165] Finishing updateGraphWorker: Project: /home/orion/src/purescript-puppeteer/jsconfig.json Version: 23 structureChanged: false structureIsReused:: Completely Elapsed: 8.4431889988482ms
Info 216  [12:25:45.165] Different program with same set of files
Info 217  [12:25:45.165] getCompletionData: Get current token: 0.009073000401258469
Info 218  [12:25:45.165] getCompletionData: Is inside comment: 0.0022809989750385284
Info 219  [12:25:45.165] getCompletionData: Get previous token: 0.018458999693393707
Info 220  [12:25:45.165] getCompletionsAtPosition: isCompletionListBlocker: 0.03843600116670132
Info 221  [12:25:45.166] getExportInfoMap: cache hit
Info 222  [12:25:45.186] collectAutoImports: resolved 0 module specifiers, plus 219 ambient and 3121 from cache
Info 223  [12:25:45.186] collectAutoImports: response is complete
Info 224  [12:25:45.186] collectAutoImports: 20.157499000430107
Info 225  [12:25:45.186] getCompletionData: Semantic work: 20.81002900004387
Info 226  [12:25:45.194] getCompletionsAtPosition: getCompletionEntriesFromSymbols: 7.693401999771595
Info 227  [12:25:45.203] Format host information updated
Info 228  [12:25:45.577] getCompletionData: Get current token: 0.0058549996465444565
Info 229  [12:25:45.577] getCompletionData: Is inside comment: 0.015797000378370285
Info 230  [12:25:45.577] getCompletionData: Get previous token: 0.009755998849868774
Info 231  [12:25:45.577] getCompletionsAtPosition: isCompletionListBlocker: 0.009060999378561974
Info 232  [12:25:45.578] getExportInfoMap: cache hit
Info 233  [12:25:45.598] collectAutoImports: resolved 0 module specifiers, plus 219 ambient and 3121 from cache
Info 234  [12:25:45.598] collectAutoImports: response is complete
Info 235  [12:25:45.598] collectAutoImports: 19.64628299884498
Info 236  [12:25:45.598] getCompletionData: Semantic work: 20.36687699891627
Info 237  [12:25:45.606] getCompletionsAtPosition: getCompletionEntriesFromSymbols: 7.759393999353051
Info 238  [12:25:45.837] Starting updateGraphWorker: Project: /home/orion/src/purescript-puppeteer/jsconfig.json
Info 239  [12:25:45.843] Finishing updateGraphWorker: Project: /home/orion/src/purescript-puppeteer/jsconfig.json Version: 24 structureChanged: false structureIsReused:: Completely Elapsed: 6.84604600071907ms
Info 240  [12:25:45.843] Different program with same set of files
Info 241  [12:25:45.844] getCompletionData: Get current token: 0.004961000755429268
Info 242  [12:25:45.844] getCompletionData: Is inside comment: 0.014015000313520432
Info 243  [12:25:45.844] getCompletionData: Get previous token: 0.008880000561475754
Info 244  [12:25:45.844] getCompletionsAtPosition: isCompletionListBlocker: 0.007942000404000282
Info 245  [12:25:45.844] getExportInfoMap: cache hit
Info 246  [12:25:45.864] collectAutoImports: resolved 0 module specifiers, plus 219 ambient and 3121 from cache
Info 247  [12:25:45.865] collectAutoImports: response is complete
Info 248  [12:25:45.865] collectAutoImports: 20.326587000861764
Info 249  [12:25:45.865] getCompletionData: Semantic work: 20.850610999390483
Info 250  [12:25:45.874] getCompletionsAtPosition: getCompletionEntriesFromSymbols: 9.298133000731468
Info 251  [12:25:45.881] Format host information updated
Info 252  [12:25:47.599] getCompletionData: Get current token: 0.013491999357938766
Info 253  [12:25:47.599] getCompletionData: Is inside comment: 0.004388000816106796
Info 254  [12:25:47.599] getCompletionData: Get previous token: 0.09865699894726276
Info 255  [12:25:47.599] getCompletionsAtPosition: isCompletionListBlocker: 0.10487699881196022
Info 256  [12:25:47.601] getExportInfoMap: cache hit
Info 257  [12:25:47.605] collectAutoImports: resolved 0 module specifiers, plus 0 ambient and 0 from cache
Info 258  [12:25:47.605] collectAutoImports: response is complete
Info 259  [12:25:47.605] collectAutoImports: 3.983065001666546
Info 260  [12:25:47.605] getCompletionData: Semantic work: 5.761566998437047
Info 261  [12:25:47.607] getCompletionsAtPosition: getCompletionEntriesFromSymbols: 1.7061500009149313
Info 262  [12:25:47.796] Starting updateGraphWorker: Project: /home/orion/src/purescript-puppeteer/jsconfig.json
Info 263  [12:25:47.803] Finishing updateGraphWorker: Project: /home/orion/src/purescript-puppeteer/jsconfig.json Version: 25 structureChanged: false structureIsReused:: Completely Elapsed: 6.947324998676777ms
Info 264  [12:25:47.804] Different program with same set of files
Info 265  [12:25:47.804] getCompletionData: Get current token: 0.008212000131607056
Info 266  [12:25:47.804] getCompletionData: Is inside comment: 0.002022000029683113
Info 267  [12:25:47.804] getCompletionData: Get previous token: 0.020224999636411667
Info 268  [12:25:47.804] getCompletionsAtPosition: isCompletionListBlocker: 0.002911999821662903
Info 269  [12:25:47.804] getExportInfoMap: cache hit
Info 270  [12:25:47.823] collectAutoImports: resolved 0 module specifiers, plus 219 ambient and 3121 from cache
Info 271  [12:25:47.823] collectAutoImports: response is complete
Info 272  [12:25:47.823] collectAutoImports: 18.99260300025344
Info 273  [12:25:47.823] getCompletionData: Semantic work: 19.539096999913454
Info 274  [12:25:47.832] getCompletionsAtPosition: getCompletionEntriesFromSymbols: 8.07468399964273
Info 275  [12:25:47.841] Format host information updated
Info 276  [12:25:47.865] Starting updateGraphWorker: Project: /home/orion/src/purescript-puppeteer/jsconfig.json
Info 277  [12:25:47.872] Finishing updateGraphWorker: Project: /home/orion/src/purescript-puppeteer/jsconfig.json Version: 26 structureChanged: false structureIsReused:: Completely Elapsed: 6.857276000082493ms
Info 278  [12:25:47.872] Different program with same set of files
Info 279  [12:25:47.872] getCompletionData: Get current token: 0.006351001560688019
Info 280  [12:25:47.872] getCompletionData: Is inside comment: 0.0015740003436803818
Info 281  [12:25:47.872] getCompletionData: Get previous token: 0.01948699913918972
Info 282  [12:25:47.872] getCompletionsAtPosition: isCompletionListBlocker: 0.007422000169754028
Info 283  [12:25:47.873] getExportInfoMap: cache hit
Info 284  [12:25:47.891] collectAutoImports: resolved 0 module specifiers, plus 219 ambient and 3121 from cache
Info 285  [12:25:47.891] collectAutoImports: response is complete
Info 286  [12:25:47.891] collectAutoImports: 17.880906000733376
Info 287  [12:25:47.891] getCompletionData: Semantic work: 18.557298000901937
Info 288  [12:25:47.898] getCompletionsAtPosition: getCompletionEntriesFromSymbols: 7.061886999756098
Info 289  [12:25:47.906] Format host information updated
Info 290  [12:25:50.440] getCompletionData: Get current token: 0.01686900109052658
Info 291  [12:25:50.440] getCompletionData: Is inside comment: 0.01962199993431568
Info 292  [12:25:50.440] getCompletionData: Get previous token: 0.01484600082039833
Info 293  [12:25:50.441] getCompletionsAtPosition: isCompletionListBlocker: 0.002326998859643936
Info 294  [12:25:50.441] getExportInfoMap: cache hit
Info 295  [12:25:50.457] collectAutoImports: resolved 0 module specifiers, plus 219 ambient and 3121 from cache
Info 296  [12:25:50.457] collectAutoImports: response is complete
Info 297  [12:25:50.457] collectAutoImports: 15.439091999083757
Info 298  [12:25:50.457] getCompletionData: Semantic work: 16.007527999579906
Info 299  [12:25:50.463] getCompletionsAtPosition: getCompletionEntriesFromSymbols: 6.737498000264168
Info 300  [12:26:03.140] getCompletionData: Get current token: 0.010412000119686127
Info 301  [12:26:03.140] getCompletionData: Is inside comment: 0.002713000401854515
Info 302  [12:26:03.140] getCompletionData: Get previous token: 0.024274000898003578
Info 303  [12:26:03.140] getCompletionsAtPosition: isCompletionListBlocker: 0.00406700000166893
Info 304  [12:26:03.141] getExportInfoMap: cache hit
Info 305  [12:26:03.142] collectAutoImports: resolved 0 module specifiers, plus 0 ambient and 0 from cache
Info 306  [12:26:03.142] collectAutoImports: response is complete
Info 307  [12:26:03.142] collectAutoImports: 1.7092119995504618
Info 308  [12:26:03.142] getCompletionData: Semantic work: 2.3775880001485348
Info 309  [12:26:03.144] getCompletionsAtPosition: getCompletionEntriesFromSymbols: 0.9186060000211
Info 310  [12:26:03.411] Starting updateGraphWorker: Project: /home/orion/src/purescript-puppeteer/jsconfig.json
Info 311  [12:26:03.418] Finishing updateGraphWorker: Project: /home/orion/src/purescript-puppeteer/jsconfig.json Version: 27 structureChanged: false structureIsReused:: Completely Elapsed: 7.6774920001626015ms
Info 312  [12:26:03.418] Different program with same set of files
Info 313  [12:26:03.419] getCompletionData: Get current token: 0.00664999894797802
Info 314  [12:26:03.419] getCompletionData: Is inside comment: 0.0017479993402957916
Info 315  [12:26:03.419] getCompletionData: Get previous token: 0.018007000908255577
Info 316  [12:26:03.419] getCompletionsAtPosition: isCompletionListBlocker: 0.00741799920797348
Info 317  [12:26:03.419] getExportInfoMap: cache hit
Info 318  [12:26:03.439] collectAutoImports: resolved 0 module specifiers, plus 219 ambient and 3121 from cache
Info 319  [12:26:03.439] collectAutoImports: response is complete
Info 320  [12:26:03.439] collectAutoImports: 19.978459000587463
Info 321  [12:26:03.439] getCompletionData: Semantic work: 20.662628998979926
Info 322  [12:26:03.447] getCompletionsAtPosition: getCompletionEntriesFromSymbols: 7.94637499935925
Info 323  [12:26:03.457] Format host information updated
Info 324  [12:26:31.410] Search path: /home/orion/src/purescript-puppeteer/src
Info 325  [12:26:31.410] For info: /home/orion/src/purescript-puppeteer/src/Puppeteer.Browser.js :: Config file name: /home/orion/src/purescript-puppeteer/jsconfig.json
Info 326  [12:26:31.410] Project '/home/orion/src/purescript-puppeteer/jsconfig.json' (Configured)
Info 326  [12:26:31.410] 	Files (146)

Info 326  [12:26:31.410] -----------------------------------------------
Info 326  [12:26:31.410] Project '/dev/null/autoImportProviderProject1*' (AutoImportProvider)
Info 326  [12:26:31.410] 	Files (624)

Info 326  [12:26:31.410] -----------------------------------------------
Info 326  [12:26:31.410] Open files: 
Info 326  [12:26:31.410] 	FileName: /home/orion/src/purescript-puppeteer/src/Puppeteer.js ProjectRootPath: /home/orion/src/purescript-puppeteer
Info 326  [12:26:31.410] 		Projects: /home/orion/src/purescript-puppeteer/jsconfig.json
Info 326  [12:26:31.410] 	FileName: /home/orion/src/purescript-puppeteer/src/Puppeteer.FFI.js ProjectRootPath: /home/orion/src/purescript-puppeteer
Info 326  [12:26:31.410] 		Projects: /home/orion/src/purescript-puppeteer/jsconfig.json
Info 326  [12:26:31.410] 	FileName: /home/orion/src/purescript-puppeteer/src/Puppeteer.Browser.js ProjectRootPath: /home/orion/src/purescript-puppeteer
Info 326  [12:26:31.410] 		Projects: /home/orion/src/purescript-puppeteer/jsconfig.json
Info 326  [12:26:31.624] Starting updateGraphWorker: Project: /home/orion/src/purescript-puppeteer/jsconfig.json
Info 327  [12:26:31.635] Finishing updateGraphWorker: Project: /home/orion/src/purescript-puppeteer/jsconfig.json Version: 28 structureChanged: false structureIsReused:: Completely Elapsed: 10.987350000068545ms
Info 328  [12:26:31.635] Different program with same set of files
Info 329  [12:26:31.635] Format host information updated
Info 330  [12:26:33.922] Before ensureProjectForOpenFiles:
Info 331  [12:26:33.922] Project '/home/orion/src/purescript-puppeteer/jsconfig.json' (Configured)
Info 331  [12:26:33.922] 	Files (146)

Info 331  [12:26:33.922] -----------------------------------------------
Info 331  [12:26:33.922] Project '/dev/null/autoImportProviderProject1*' (AutoImportProvider)
Info 331  [12:26:33.922] 	Files (624)

Info 331  [12:26:33.922] -----------------------------------------------
Info 331  [12:26:33.922] Open files: 
Info 331  [12:26:33.922] 	FileName: /home/orion/src/purescript-puppeteer/src/Puppeteer.js ProjectRootPath: /home/orion/src/purescript-puppeteer
Info 331  [12:26:33.922] 		Projects: /home/orion/src/purescript-puppeteer/jsconfig.json
Info 331  [12:26:33.922] 	FileName: /home/orion/src/purescript-puppeteer/src/Puppeteer.FFI.js ProjectRootPath: /home/orion/src/purescript-puppeteer
Info 331  [12:26:33.922] 		Projects: /home/orion/src/purescript-puppeteer/jsconfig.json
Info 331  [12:26:33.922] 	FileName: /home/orion/src/purescript-puppeteer/src/Puppeteer.Browser.js ProjectRootPath: /home/orion/src/purescript-puppeteer
Info 331  [12:26:33.922] 		Projects: /home/orion/src/purescript-puppeteer/jsconfig.json
Info 331  [12:26:33.922] After ensureProjectForOpenFiles:
Info 332  [12:26:33.922] Project '/home/orion/src/purescript-puppeteer/jsconfig.json' (Configured)
Info 332  [12:26:33.922] 	Files (146)

Info 332  [12:26:33.922] -----------------------------------------------
Info 332  [12:26:33.923] Project '/dev/null/autoImportProviderProject1*' (AutoImportProvider)
Info 332  [12:26:33.923] 	Files (624)

Info 332  [12:26:33.923] -----------------------------------------------
Info 332  [12:26:33.923] Open files: 
Info 332  [12:26:33.923] 	FileName: /home/orion/src/purescript-puppeteer/src/Puppeteer.js ProjectRootPath: /home/orion/src/purescript-puppeteer
Info 332  [12:26:33.923] 		Projects: /home/orion/src/purescript-puppeteer/jsconfig.json
Info 332  [12:26:33.923] 	FileName: /home/orion/src/purescript-puppeteer/src/Puppeteer.FFI.js ProjectRootPath: /home/orion/src/purescript-puppeteer
Info 332  [12:26:33.923] 		Projects: /home/orion/src/purescript-puppeteer/jsconfig.json
Info 332  [12:26:33.923] 	FileName: /home/orion/src/purescript-puppeteer/src/Puppeteer.Browser.js ProjectRootPath: /home/orion/src/purescript-puppeteer
Info 332  [12:26:33.923] 		Projects: /home/orion/src/purescript-puppeteer/jsconfig.json
Info 332  [12:26:33.923] got projects updated in background, updating diagnostics for /home/orion/src/purescript-puppeteer/src/Puppeteer.js,/home/orion/src/purescript-puppeteer/src/Puppeteer.FFI.js,/home/orion/src/purescript-puppeteer/src/Puppeteer.Browser.js
Info 333  [12:33:45.282] Format host information updated
Info 334  [12:33:45.282] Starting updateGraphWorker: Project: /home/orion/src/purescript-puppeteer/jsconfig.json
Info 335  [12:33:45.297] Finishing updateGraphWorker: Project: /home/orion/src/purescript-puppeteer/jsconfig.json Version: 29 structureChanged: false structureIsReused:: Completely Elapsed: 14.345511000603437ms
Info 336  [12:33:45.297] Different program with same set of files
Info 337  [12:33:45.421] Format host information updated
Info 338  [12:33:45.421] Starting updateGraphWorker: Project: /home/orion/src/purescript-puppeteer/jsconfig.json
Info 339  [12:33:45.432] Finishing updateGraphWorker: Project: /home/orion/src/purescript-puppeteer/jsconfig.json Version: 30 structureChanged: false structureIsReused:: Completely Elapsed: 11.23742600157857ms
Info 340  [12:33:45.432] Different program with same set of files
Info 341  [12:33:45.548] Format host information updated
Info 342  [12:33:45.548] Starting updateGraphWorker: Project: /home/orion/src/purescript-puppeteer/jsconfig.json
Info 343  [12:33:45.558] Finishing updateGraphWorker: Project: /home/orion/src/purescript-puppeteer/jsconfig.json Version: 31 structureChanged: false structureIsReused:: Completely Elapsed: 10.130197999998927ms
Info 344  [12:33:45.558] Different program with same set of files
Info 345  [12:33:45.723] Format host information updated
Info 346  [12:33:45.724] Starting updateGraphWorker: Project: /home/orion/src/purescript-puppeteer/jsconfig.json
Info 347  [12:33:45.757] Finishing updateGraphWorker: Project: /home/orion/src/purescript-puppeteer/jsconfig.json Version: 32 structureChanged: false structureIsReused:: Completely Elapsed: 32.85370200127363ms
Info 348  [12:33:45.757] Different program with same set of files
Info 349  [12:33:46.209] Format host information updated
Info 350  [12:33:46.209] Starting updateGraphWorker: Project: /home/orion/src/purescript-puppeteer/jsconfig.json
Info 351  [12:33:46.221] Finishing updateGraphWorker: Project: /home/orion/src/purescript-puppeteer/jsconfig.json Version: 33 structureChanged: false structureIsReused:: Completely Elapsed: 12.00459099933505ms
Info 352  [12:33:46.221] Different program with same set of files
