Info 0    [14:29:12.814] Starting TS Server
Info 1    [14:29:12.815] Version: 5.2.2
Info 2    [14:29:12.815] Arguments: /home/orion/.asdf/installs/node/20.2.0/bin/node /home/orion/.asdf/installs/node/20.2.0/lib/node_modules/typescript/lib/tsserver.js --serverMode partialSemantic --useInferredProjectPerProjectRoot --disableAutomaticTypingAcquisition --cancellationPipeName /tmp/2d12a471c4a11867d87994651168d024/tscancellation* --logVerbosity normal --logFile /home/orion/src/purescript-puppeteer/.log/tsserver-log-Xd696A/tsserver.log --locale en --validateDefaultNpmLocation --useNodeIpc
Info 3    [14:29:12.815] Platform: linux NodeVersion: v20.2.0 CaseSensitive: true
Info 4    [14:29:12.815] ServerMode: 1 hasUnknownServerMode: undefined
Info 5    [14:29:12.819] Format host information updated
Info 6    [14:29:12.823] Starting updateGraphWorker: Project: /dev/null/inferredProject1*
Info 7    [14:29:13.122] Finishing updateGraphWorker: Project: /dev/null/inferredProject1* Version: 1 structureChanged: true structureIsReused:: Not Elapsed: 298.88609200064093ms
Info 8    [14:29:13.122] Project '/dev/null/inferredProject1*' (Inferred)
Info 9    [14:29:13.122] 	Files (8)

Info 10   [14:29:13.122] -----------------------------------------------
Info 11   [14:29:13.123] Project '/dev/null/inferredProject1*' (Inferred)
Info 11   [14:29:13.123] 	Files (8)

Info 11   [14:29:13.123] -----------------------------------------------
Info 11   [14:29:13.123] Open files: 
Info 11   [14:29:13.123] 	FileName: /home/orion/src/purescript-puppeteer/src/Puppeteer.Page.Http.Response.js ProjectRootPath: /home/orion/src/purescript-puppeteer
Info 11   [14:29:13.123] 		Projects: /dev/null/inferredProject1*
Info 11   [14:29:13.943] Format host information updated
Info 12   [14:31:47.926] Format host information updated
Info 13   [14:31:50.229] Format host information updated
Info 14   [14:31:53.868] Format host information updated
Info 15   [14:31:54.731] Format host information updated
Info 16   [14:34:21.856] Starting updateGraphWorker: Project: /dev/null/inferredProject1*
Info 17   [14:34:21.868] Finishing updateGraphWorker: Project: /dev/null/inferredProject1* Version: 2 structureChanged: true structureIsReused:: Not Elapsed: 11.747771999798715ms
Info 18   [14:34:21.868] Project '/dev/null/inferredProject1*' (Inferred)
Info 19   [14:34:21.868] 	Files (9)

Info 20   [14:34:21.868] -----------------------------------------------
Info 21   [14:34:21.868] Project '/dev/null/inferredProject1*' (Inferred)
Info 21   [14:34:21.868] 	Files (9)

Info 21   [14:34:21.868] -----------------------------------------------
Info 21   [14:34:21.868] Open files: 
Info 21   [14:34:21.868] 	FileName: /home/orion/src/purescript-puppeteer/src/Puppeteer.Page.Http.Response.js ProjectRootPath: /home/orion/src/purescript-puppeteer
Info 21   [14:34:21.868] 		Projects: /dev/null/inferredProject1*
Info 21   [14:34:21.868] 	FileName: /home/orion/src/purescript-puppeteer/src/Puppeteer.Page.Http.Request.js ProjectRootPath: /home/orion/src/purescript-puppeteer
Info 21   [14:34:21.868] 		Projects: /dev/null/inferredProject1*
Info 21   [14:34:22.885] Format host information updated
Info 22   [14:34:29.456] Format host information updated
Info 23   [14:34:30.707] Format host information updated
Info 24   [14:34:30.858] Format host information updated
Info 25   [14:34:31.216] Format host information updated
Info 26   [14:34:31.383] Format host information updated
Info 27   [14:34:31.746] Format host information updated
Info 28   [14:34:35.460] Format host information updated
Info 29   [14:34:36.883] Format host information updated
Info 30   [14:34:41.628] Format host information updated
Info 31   [14:34:44.929] Format host information updated
