Info 0    [11:03:07.167] Starting TS Server
Info 1    [11:03:07.168] Version: 5.2.2
Info 2    [11:03:07.168] Arguments: /home/orion/.asdf/installs/node/20.2.0/bin/node /home/orion/.asdf/installs/node/20.2.0/lib/node_modules/typescript/lib/tsserver.js --useInferredProjectPerProjectRoot --cancellationPipeName /tmp/3f523c0f4dd336b48cf07a146a36c484/tscancellation* --logVerbosity normal --logFile /home/orion/src/purescript-puppeteer/.log/tsserver-log-Fh7HHF/tsserver.log --locale en --validateDefaultNpmLocation --useNodeIpc
Info 3    [11:03:07.168] Platform: linux NodeVersion: v20.2.0 CaseSensitive: true
Info 4    [11:03:07.168] ServerMode: undefined hasUnknownServerMode: undefined
Info 5    [11:03:07.176] Format host information updated
Info 6    [11:03:07.178] Search path: /home/orion/src/purescript-puppeteer/src
Info 7    [11:03:07.178] For info: /home/orion/src/purescript-puppeteer/src/Puppeteer.js :: Config file name: /home/orion/src/purescript-puppeteer/jsconfig.json
Info 8    [11:03:07.179] Creating configuration project /home/orion/src/purescript-puppeteer/jsconfig.json
Info 9    [11:03:07.192] Config: /home/orion/src/purescript-puppeteer/jsconfig.json : {
 "rootNames": [
  "/home/orion/src/purescript-puppeteer/src/Puppeteer.Browser.Context.js",
  "/home/orion/src/purescript-puppeteer/src/Puppeteer.Browser.js",
  "/home/orion/src/purescript-puppeteer/src/Puppeteer.Cartesian.js",
  "/home/orion/src/purescript-puppeteer/src/Puppeteer.FFI.js",
  "/home/orion/src/purescript-puppeteer/src/Puppeteer.Handle.js",
  "/home/orion/src/purescript-puppeteer/src/Puppeteer.Keyboard.js",
  "/home/orion/src/purescript-puppeteer/src/Puppeteer.Page.Cookie.js",
  "/home/orion/src/purescript-puppeteer/src/Puppeteer.Page.Emulate.js",
  "/home/orion/src/purescript-puppeteer/src/Puppeteer.Page.Event.ConsoleMessage.js",
  "/home/orion/src/purescript-puppeteer/src/Puppeteer.Page.Event.Dialog.js",
  "/home/orion/src/purescript-puppeteer/src/Puppeteer.Page.Event.js",
  "/home/orion/src/purescript-puppeteer/src/Puppeteer.Page.Export.js",
  "/home/orion/src/purescript-puppeteer/src/Puppeteer.Page.Http.Request.js",
  "/home/orion/src/purescript-puppeteer/src/Puppeteer.Page.Http.Response.js",
  "/home/orion/src/purescript-puppeteer/src/Puppeteer.Page.Http.js",
  "/home/orion/src/purescript-puppeteer/src/Puppeteer.Page.Navigate.js",
  "/home/orion/src/purescript-puppeteer/src/Puppeteer.Page.WaitFor.js",
  "/home/orion/src/purescript-puppeteer/src/Puppeteer.Page.js",
  "/home/orion/src/purescript-puppeteer/src/Puppeteer.js",
  "/home/orion/src/purescript-puppeteer/bun/fmt.js"
 ],
 "options": {
  "allowJs": true,
  "maxNodeModuleJsDepth": 2,
  "allowSyntheticDefaultImports": true,
  "skipLibCheck": true,
  "noEmit": true,
  "types": [
   "bun-types"
  ],
  "lib": [
   "lib.esnext.d.ts"
  ],
  "target": 99,
  "module": 99,
  "moduleResolution": 100,
  "moduleDetection": 3,
  "jsx": 2,
  "checkJs": true,
  "strict": true,
  "configFilePath": "/home/orion/src/purescript-puppeteer/jsconfig.json"
 }
}
Info 10   [11:03:07.197] Starting updateGraphWorker: Project: /home/orion/src/purescript-puppeteer/jsconfig.json
Info 11   [11:03:08.035] Finishing updateGraphWorker: Project: /home/orion/src/purescript-puppeteer/jsconfig.json Version: 1 structureChanged: true structureIsReused:: Not Elapsed: 838.362881001085ms
Info 12   [11:03:08.035] Project '/home/orion/src/purescript-puppeteer/jsconfig.json' (Configured)
Info 13   [11:03:08.036] 	Files (146)

Info 14   [11:03:08.036] -----------------------------------------------
Info 15   [11:03:08.050] AutoImportProviderProject: found 466 root files in 6 dependencies in 13.112579999491572 ms
Info 16   [11:03:08.077] Starting updateGraphWorker: Project: /dev/null/autoImportProviderProject1*
Info 17   [11:03:08.977] Finishing updateGraphWorker: Project: /dev/null/autoImportProviderProject1* Version: 1 structureChanged: true structureIsReused:: Not Elapsed: 899.1412380002439ms
Info 18   [11:03:08.977] Project '/dev/null/autoImportProviderProject1*' (AutoImportProvider)
Info 19   [11:03:08.977] 	Files (624)

Info 20   [11:03:08.977] -----------------------------------------------
Info 21   [11:03:08.981] Project '/home/orion/src/purescript-puppeteer/jsconfig.json' (Configured)
Info 21   [11:03:08.981] 	Files (146)

Info 21   [11:03:08.981] -----------------------------------------------
Info 21   [11:03:08.981] Project '/dev/null/autoImportProviderProject1*' (AutoImportProvider)
Info 21   [11:03:08.981] 	Files (624)

Info 21   [11:03:08.981] -----------------------------------------------
Info 21   [11:03:08.981] Open files: 
Info 21   [11:03:08.981] 	FileName: /home/orion/src/purescript-puppeteer/src/Puppeteer.js ProjectRootPath: /home/orion/src/purescript-puppeteer
Info 21   [11:03:08.981] 		Projects: /home/orion/src/purescript-puppeteer/jsconfig.json
Info 21   [11:03:08.983] Format host information updated
Info 22   [11:03:08.983] Starting updateGraphWorker: Project: /home/orion/src/purescript-puppeteer/jsconfig.json
Info 23   [11:03:09.001] Finishing updateGraphWorker: Project: /home/orion/src/purescript-puppeteer/jsconfig.json Version: 2 structureChanged: false structureIsReused:: Completely Elapsed: 17.346505999565125ms
Info 24   [11:03:09.001] Different program with same set of files
Info 25   [11:03:09.030] Format host information updated
Info 26   [11:03:11.483] Before ensureProjectForOpenFiles:
Info 27   [11:03:11.484] Project '/home/orion/src/purescript-puppeteer/jsconfig.json' (Configured)
Info 27   [11:03:11.484] 	Files (146)

Info 27   [11:03:11.484] -----------------------------------------------
Info 27   [11:03:11.484] Project '/dev/null/autoImportProviderProject1*' (AutoImportProvider)
Info 27   [11:03:11.484] 	Files (624)

Info 27   [11:03:11.484] -----------------------------------------------
Info 27   [11:03:11.484] Open files: 
Info 27   [11:03:11.484] 	FileName: /home/orion/src/purescript-puppeteer/src/Puppeteer.js ProjectRootPath: /home/orion/src/purescript-puppeteer
Info 27   [11:03:11.484] 		Projects: /home/orion/src/purescript-puppeteer/jsconfig.json
Info 27   [11:03:11.484] After ensureProjectForOpenFiles:
Info 28   [11:03:11.484] Project '/home/orion/src/purescript-puppeteer/jsconfig.json' (Configured)
Info 28   [11:03:11.484] 	Files (146)

Info 28   [11:03:11.484] -----------------------------------------------
Info 28   [11:03:11.484] Project '/dev/null/autoImportProviderProject1*' (AutoImportProvider)
Info 28   [11:03:11.484] 	Files (624)

Info 28   [11:03:11.484] -----------------------------------------------
Info 28   [11:03:11.484] Open files: 
Info 28   [11:03:11.484] 	FileName: /home/orion/src/purescript-puppeteer/src/Puppeteer.js ProjectRootPath: /home/orion/src/purescript-puppeteer
Info 28   [11:03:11.484] 		Projects: /home/orion/src/purescript-puppeteer/jsconfig.json
Info 28   [11:03:11.485] got projects updated in background, updating diagnostics for /home/orion/src/purescript-puppeteer/src/Puppeteer.js
Info 29   [11:03:12.849] Starting updateGraphWorker: Project: /home/orion/src/purescript-puppeteer/jsconfig.json
Info 30   [11:03:12.861] Finishing updateGraphWorker: Project: /home/orion/src/purescript-puppeteer/jsconfig.json Version: 3 structureChanged: false structureIsReused:: Completely Elapsed: 11.969914000481367ms
Info 31   [11:03:12.861] Different program with same set of files
Info 32   [11:03:12.878] getCompletionData: Get current token: 0.09590299986302853
Info 33   [11:03:12.878] getCompletionData: Is inside comment: 0.005806999281048775
Info 34   [11:03:12.879] getCompletionData: Get previous token: 0.17212799936532974
Info 35   [11:03:12.879] getCompletionsAtPosition: isCompletionListBlocker: 0.2468469999730587
Info 36   [11:03:12.882] getExportInfoMap: cache miss or empty; calculating new results
Info 37   [11:03:12.936] forEachExternalModuleToImportFrom autoImportProvider: 27.94088499993086
Info 38   [11:03:12.936] getExportInfoMap: done in 54.3551499992609 ms
Info 39   [11:03:12.961] collectAutoImports: resolved 76 module specifiers, plus 3 ambient and 202 from cache
Info 40   [11:03:12.961] collectAutoImports: response is complete
Info 41   [11:03:12.961] collectAutoImports: 24.24807800166309
Info 42   [11:03:12.961] getCompletionData: Semantic work: 82.19322999939322
Info 43   [11:03:12.974] getCompletionsAtPosition: getCompletionEntriesFromSymbols: 12.597986999899149
Info 44   [11:03:12.976] Format host information updated
Info 45   [11:03:12.984] Starting updateGraphWorker: Project: /home/orion/src/purescript-puppeteer/jsconfig.json
Info 46   [11:03:12.995] Finishing updateGraphWorker: Project: /home/orion/src/purescript-puppeteer/jsconfig.json Version: 4 structureChanged: false structureIsReused:: Completely Elapsed: 10.745608000084758ms
Info 47   [11:03:12.995] Different program with same set of files
Info 48   [11:03:12.995] getCompletionData: Get current token: 0.010727999731898308
Info 49   [11:03:12.995] getCompletionData: Is inside comment: 0.003033999353647232
Info 50   [11:03:12.995] getCompletionData: Get previous token: 0.04088800027966499
Info 51   [11:03:12.995] getCompletionsAtPosition: isCompletionListBlocker: 0.03439699858427048
Info 52   [11:03:12.996] getExportInfoMap: cache hit
Info 53   [11:03:13.003] collectAutoImports: resolved 0 module specifiers, plus 1 ambient and 24 from cache
Info 54   [11:03:13.003] collectAutoImports: response is complete
Info 55   [11:03:13.003] collectAutoImports: 6.854632999747992
Info 56   [11:03:13.003] getCompletionData: Semantic work: 8.15169900096953
Info 57   [11:03:13.006] getCompletionsAtPosition: getCompletionEntriesFromSymbols: 2.3157650008797646
Info 58   [11:03:13.006] Format host information updated
Info 59   [11:03:13.343] Starting updateGraphWorker: Project: /home/orion/src/purescript-puppeteer/jsconfig.json
Info 60   [11:03:13.355] Finishing updateGraphWorker: Project: /home/orion/src/purescript-puppeteer/jsconfig.json Version: 5 structureChanged: false structureIsReused:: Completely Elapsed: 12.466834999620914ms
Info 61   [11:03:13.355] Different program with same set of files
Info 62   [11:03:13.356] getCompletionData: Get current token: 0.00985799916088581
Info 63   [11:03:13.356] getCompletionData: Is inside comment: 0.0034999996423721313
Info 64   [11:03:13.356] getCompletionData: Get previous token: 0.03508100099861622
Info 65   [11:03:13.356] getCompletionsAtPosition: isCompletionListBlocker: 0.013918999582529068
Info 66   [11:03:13.357] getExportInfoMap: cache hit
Info 67   [11:03:13.365] collectAutoImports: resolved 0 module specifiers, plus 3 ambient and 278 from cache
Info 68   [11:03:13.365] collectAutoImports: response is complete
Info 69   [11:03:13.365] collectAutoImports: 8.564014999195933
Info 70   [11:03:13.366] getCompletionData: Semantic work: 9.650194000452757
Info 71   [11:03:13.369] getCompletionsAtPosition: getCompletionEntriesFromSymbols: 3.179746000096202
Info 72   [11:03:13.370] Format host information updated
Info 73   [11:03:13.500] Format host information updated
Info 74   [11:03:13.500] Starting updateGraphWorker: Project: /home/orion/src/purescript-puppeteer/jsconfig.json
Info 75   [11:03:13.512] Finishing updateGraphWorker: Project: /home/orion/src/purescript-puppeteer/jsconfig.json Version: 6 structureChanged: false structureIsReused:: Completely Elapsed: 12.091903999447823ms
Info 76   [11:03:13.512] Different program with same set of files
Info 77   [11:03:14.350] Starting updateGraphWorker: Project: /home/orion/src/purescript-puppeteer/jsconfig.json
Info 78   [11:03:14.358] Finishing updateGraphWorker: Project: /home/orion/src/purescript-puppeteer/jsconfig.json Version: 7 structureChanged: false structureIsReused:: Completely Elapsed: 8.149144001305103ms
Info 79   [11:03:14.358] Different program with same set of files
Info 80   [11:03:14.358] getCompletionData: Get current token: 0.008527001366019249
Info 81   [11:03:14.358] getCompletionData: Is inside comment: 0.003053000196814537
Info 82   [11:03:14.358] getCompletionData: Get previous token: 0.03199400007724762
Info 83   [11:03:14.358] getCompletionsAtPosition: isCompletionListBlocker: 0.00896500051021576
Info 84   [11:03:14.359] getExportInfoMap: cache hit
Info 85   [11:03:14.366] collectAutoImports: resolved 0 module specifiers, plus 3 ambient and 278 from cache
Info 86   [11:03:14.366] collectAutoImports: response is complete
Info 87   [11:03:14.366] collectAutoImports: 6.644439999014139
Info 88   [11:03:14.366] getCompletionData: Semantic work: 7.6408420000225306
Info 89   [11:03:14.369] getCompletionsAtPosition: getCompletionEntriesFromSymbols: 3.446127999573946
Info 90   [11:03:14.373] Format host information updated
Info 91   [11:03:14.410] Starting updateGraphWorker: Project: /home/orion/src/purescript-puppeteer/jsconfig.json
Info 92   [11:03:14.420] Finishing updateGraphWorker: Project: /home/orion/src/purescript-puppeteer/jsconfig.json Version: 8 structureChanged: false structureIsReused:: Completely Elapsed: 9.895151000469923ms
Info 93   [11:03:14.420] Different program with same set of files
Info 94   [11:03:14.420] getCompletionData: Get current token: 0.01766199991106987
Info 95   [11:03:14.420] getCompletionData: Is inside comment: 0.008488999679684639
Info 96   [11:03:14.420] getCompletionData: Get previous token: 0.06201300024986267
Info 97   [11:03:14.421] getCompletionsAtPosition: isCompletionListBlocker: 0.01344900019466877
Info 98   [11:03:14.422] getExportInfoMap: cache hit
Info 99   [11:03:14.425] collectAutoImports: resolved 0 module specifiers, plus 1 ambient and 24 from cache
Info 100  [11:03:14.425] collectAutoImports: response is complete
Info 101  [11:03:14.425] collectAutoImports: 3.2761010006070137
Info 102  [11:03:14.425] getCompletionData: Semantic work: 4.796869000419974
Info 103  [11:03:14.428] getCompletionsAtPosition: getCompletionEntriesFromSymbols: 2.903463000431657
Info 104  [11:03:14.429] Format host information updated
Info 105  [11:03:14.496] Starting updateGraphWorker: Project: /home/orion/src/purescript-puppeteer/jsconfig.json
Info 106  [11:03:14.507] Finishing updateGraphWorker: Project: /home/orion/src/purescript-puppeteer/jsconfig.json Version: 9 structureChanged: false structureIsReused:: Completely Elapsed: 10.40158599987626ms
Info 107  [11:03:14.507] Different program with same set of files
Info 108  [11:03:14.507] getCompletionData: Get current token: 0.008100999519228935
Info 109  [11:03:14.507] getCompletionData: Is inside comment: 0.0026719998568296432
Info 110  [11:03:14.507] getCompletionData: Get previous token: 0.034237999469041824
Info 111  [11:03:14.507] getCompletionsAtPosition: isCompletionListBlocker: 0.008775999769568443
Info 112  [11:03:14.508] getExportInfoMap: cache hit
Info 113  [11:03:14.513] collectAutoImports: resolved 0 module specifiers, plus 0 ambient and 24 from cache
Info 114  [11:03:14.513] collectAutoImports: response is complete
Info 115  [11:03:14.513] collectAutoImports: 4.6432610005140305
Info 116  [11:03:14.513] getCompletionData: Semantic work: 5.421316999942064
Info 117  [11:03:14.515] getCompletionsAtPosition: getCompletionEntriesFromSymbols: 2.0517379995435476
Info 118  [11:03:14.516] Format host information updated
Info 119  [11:03:14.565] Starting updateGraphWorker: Project: /home/orion/src/purescript-puppeteer/jsconfig.json
Info 120  [11:03:14.576] Finishing updateGraphWorker: Project: /home/orion/src/purescript-puppeteer/jsconfig.json Version: 10 structureChanged: false structureIsReused:: Completely Elapsed: 11.041100999340415ms
Info 121  [11:03:14.576] Different program with same set of files
Info 122  [11:03:14.576] getCompletionData: Get current token: 0.014056999236345291
Info 123  [11:03:14.576] getCompletionData: Is inside comment: 0.005025001242756844
Info 124  [11:03:14.576] getCompletionData: Get previous token: 0.051788000389933586
Info 125  [11:03:14.576] getCompletionsAtPosition: isCompletionListBlocker: 0.01411999948322773
Info 126  [11:03:14.578] getExportInfoMap: cache hit
Info 127  [11:03:14.581] collectAutoImports: resolved 0 module specifiers, plus 0 ambient and 0 from cache
Info 128  [11:03:14.581] collectAutoImports: response is complete
Info 129  [11:03:14.581] collectAutoImports: 2.884153999388218
Info 130  [11:03:14.581] getCompletionData: Semantic work: 4.344436999410391
Info 131  [11:03:14.584] getCompletionsAtPosition: getCompletionEntriesFromSymbols: 2.82710500061512
Info 132  [11:03:14.585] Format host information updated
Info 133  [11:03:14.636] Starting updateGraphWorker: Project: /home/orion/src/purescript-puppeteer/jsconfig.json
Info 134  [11:03:14.664] Finishing updateGraphWorker: Project: /home/orion/src/purescript-puppeteer/jsconfig.json Version: 11 structureChanged: false structureIsReused:: Completely Elapsed: 28.56599500030279ms
Info 135  [11:03:14.665] Different program with same set of files
Info 136  [11:03:14.665] getCompletionData: Get current token: 0.02080100029706955
Info 137  [11:03:14.665] getCompletionData: Is inside comment: 0.007183000445365906
Info 138  [11:03:14.665] getCompletionData: Get previous token: 0.06973499990999699
Info 139  [11:03:14.665] getCompletionsAtPosition: isCompletionListBlocker: 0.01686900109052658
Info 140  [11:03:14.667] getExportInfoMap: cache hit
Info 141  [11:03:14.670] collectAutoImports: resolved 0 module specifiers, plus 0 ambient and 0 from cache
Info 142  [11:03:14.670] collectAutoImports: response is complete
Info 143  [11:03:14.670] collectAutoImports: 3.3035039994865656
Info 144  [11:03:14.670] getCompletionData: Semantic work: 4.913695000112057
Info 145  [11:03:14.673] getCompletionsAtPosition: getCompletionEntriesFromSymbols: 2.422266999259591
Info 146  [11:03:14.674] Format host information updated
Info 147  [11:03:14.802] Starting updateGraphWorker: Project: /home/orion/src/purescript-puppeteer/jsconfig.json
Info 148  [11:03:14.809] Finishing updateGraphWorker: Project: /home/orion/src/purescript-puppeteer/jsconfig.json Version: 12 structureChanged: false structureIsReused:: Completely Elapsed: 7.007674999535084ms
Info 149  [11:03:14.809] Different program with same set of files
Info 150  [11:03:14.809] getCompletionData: Get current token: 0.00938500091433525
Info 151  [11:03:14.809] getCompletionData: Is inside comment: 0.004525000229477882
Info 152  [11:03:14.809] getCompletionData: Get previous token: 0.03264299966394901
Info 153  [11:03:14.809] getCompletionsAtPosition: isCompletionListBlocker: 0.010145999491214752
Info 154  [11:03:14.810] getExportInfoMap: cache hit
Info 155  [11:03:14.812] collectAutoImports: resolved 0 module specifiers, plus 0 ambient and 0 from cache
Info 156  [11:03:14.812] collectAutoImports: response is complete
Info 157  [11:03:14.812] collectAutoImports: 1.9030520003288984
Info 158  [11:03:14.812] getCompletionData: Semantic work: 2.8181340005248785
Info 159  [11:03:14.813] getCompletionsAtPosition: getCompletionEntriesFromSymbols: 1.3890510015189648
Info 160  [11:03:14.814] Format host information updated
Info 161  [11:03:14.914] Starting updateGraphWorker: Project: /home/orion/src/purescript-puppeteer/jsconfig.json
Info 162  [11:03:14.947] Finishing updateGraphWorker: Project: /home/orion/src/purescript-puppeteer/jsconfig.json Version: 13 structureChanged: false structureIsReused:: Completely Elapsed: 33.17797699943185ms
Info 163  [11:03:14.947] Different program with same set of files
Info 164  [11:03:14.948] getCompletionData: Get current token: 0.020850999280810356
Info 165  [11:03:14.948] getCompletionData: Is inside comment: 0.005458999425172806
Info 166  [11:03:14.948] getCompletionData: Get previous token: 0.06906099990010262
Info 167  [11:03:14.948] getCompletionsAtPosition: isCompletionListBlocker: 0.025005999952554703
Info 168  [11:03:14.950] getExportInfoMap: cache hit
Info 169  [11:03:14.954] collectAutoImports: resolved 0 module specifiers, plus 0 ambient and 0 from cache
Info 170  [11:03:14.954] collectAutoImports: response is complete
Info 171  [11:03:14.954] collectAutoImports: 3.6095400005578995
Info 172  [11:03:14.954] getCompletionData: Semantic work: 5.4390929993242025
Info 173  [11:03:14.956] getCompletionsAtPosition: getCompletionEntriesFromSymbols: 2.520371001213789
Info 174  [11:03:14.957] Format host information updated
Info 175  [11:03:14.976] Starting updateGraphWorker: Project: /home/orion/src/purescript-puppeteer/jsconfig.json
Info 176  [11:03:14.984] Finishing updateGraphWorker: Project: /home/orion/src/purescript-puppeteer/jsconfig.json Version: 14 structureChanged: false structureIsReused:: Completely Elapsed: 8.61205600015819ms
Info 177  [11:03:14.984] Different program with same set of files
Info 178  [11:03:14.985] getCompletionData: Get current token: 0.010540999472141266
Info 179  [11:03:14.985] getCompletionData: Is inside comment: 0.0027789995074272156
Info 180  [11:03:14.985] getCompletionData: Get previous token: 0.02636900171637535
Info 181  [11:03:14.985] getCompletionsAtPosition: isCompletionListBlocker: 0.002879999577999115
Info 182  [11:03:14.987] getCompletionData: Semantic work: 2.2794040013104677
Info 183  [11:03:14.989] getCompletionsAtPosition: getCompletionEntriesFromSymbols: 1.7569660004228354
Info 184  [11:03:14.990] Format host information updated
Info 185  [11:03:15.164] Starting updateGraphWorker: Project: /home/orion/src/purescript-puppeteer/jsconfig.json
Info 186  [11:03:15.199] Finishing updateGraphWorker: Project: /home/orion/src/purescript-puppeteer/jsconfig.json Version: 15 structureChanged: false structureIsReused:: Completely Elapsed: 34.83727999962866ms
Info 187  [11:03:15.199] Different program with same set of files
Info 188  [11:03:15.200] getCompletionData: Get current token: 0.02138500101864338
Info 189  [11:03:15.200] getCompletionData: Is inside comment: 0.006826000288128853
Info 190  [11:03:15.200] getCompletionData: Get previous token: 0.0617430005222559
Info 191  [11:03:15.200] getCompletionsAtPosition: isCompletionListBlocker: 0.005405999720096588
Info 192  [11:03:15.202] getCompletionData: Semantic work: 1.608533000573516
Info 193  [11:03:15.204] getCompletionsAtPosition: getCompletionEntriesFromSymbols: 1.6587060000747442
Info 194  [11:03:15.204] Format host information updated
Info 195  [11:03:15.335] Starting updateGraphWorker: Project: /home/orion/src/purescript-puppeteer/jsconfig.json
Info 196  [11:03:15.360] Finishing updateGraphWorker: Project: /home/orion/src/purescript-puppeteer/jsconfig.json Version: 16 structureChanged: false structureIsReused:: Completely Elapsed: 24.925846001133323ms
Info 197  [11:03:15.360] Different program with same set of files
Info 198  [11:03:15.360] getCompletionData: Get current token: 0.02206999994814396
Info 199  [11:03:15.360] getCompletionData: Is inside comment: 0.005292000249028206
Info 200  [11:03:15.361] getCompletionData: Get previous token: 0.06276500038802624
Info 201  [11:03:15.361] getCompletionsAtPosition: isCompletionListBlocker: 0.004803000018000603
Info 202  [11:03:15.363] getCompletionData: Semantic work: 1.8248330000787973
Info 203  [11:03:15.364] getCompletionsAtPosition: getCompletionEntriesFromSymbols: 1.816653000190854
Info 204  [11:03:15.365] Format host information updated
Info 205  [11:03:15.397] Starting updateGraphWorker: Project: /home/orion/src/purescript-puppeteer/jsconfig.json
Info 206  [11:03:15.409] Finishing updateGraphWorker: Project: /home/orion/src/purescript-puppeteer/jsconfig.json Version: 17 structureChanged: false structureIsReused:: Completely Elapsed: 12.007541999220848ms
Info 207  [11:03:15.409] Different program with same set of files
Info 208  [11:03:15.409] getCompletionData: Get current token: 0.011454999446868896
Info 209  [11:03:15.409] getCompletionData: Is inside comment: 0.0025949999690055847
Info 210  [11:03:15.409] getCompletionData: Get previous token: 0.032526999711990356
Info 211  [11:03:15.409] getCompletionsAtPosition: isCompletionListBlocker: 0.003171999007463455
Info 212  [11:03:15.410] getCompletionData: Semantic work: 0.8813540004193783
Info 213  [11:03:15.411] getCompletionsAtPosition: getCompletionEntriesFromSymbols: 1.0823929999023676
Info 214  [11:03:15.412] Format host information updated
Info 215  [11:03:15.564] Starting updateGraphWorker: Project: /home/orion/src/purescript-puppeteer/jsconfig.json
Info 216  [11:03:15.590] Finishing updateGraphWorker: Project: /home/orion/src/purescript-puppeteer/jsconfig.json Version: 18 structureChanged: false structureIsReused:: Completely Elapsed: 26.34455700032413ms
Info 217  [11:03:15.590] Different program with same set of files
Info 218  [11:03:15.591] getCompletionData: Get current token: 0.02628599852323532
Info 219  [11:03:15.591] getCompletionData: Is inside comment: 0.008260000497102737
Info 220  [11:03:15.591] getCompletionData: Get previous token: 0.06403100118041039
Info 221  [11:03:15.591] getCompletionsAtPosition: isCompletionListBlocker: 0.02600499987602234
Info 222  [11:03:15.594] getExportInfoMap: cache hit
Info 223  [11:03:15.671] collectAutoImports: resolved 380 module specifiers, plus 219 ambient and 2741 from cache
Info 224  [11:03:15.671] collectAutoImports: response is complete
Info 225  [11:03:15.672] collectAutoImports: 77.17413599975407
Info 226  [11:03:15.672] getCompletionData: Semantic work: 80.28663600049913
Info 227  [11:03:15.689] getCompletionsAtPosition: getCompletionEntriesFromSymbols: 16.900663001462817
Info 228  [11:03:15.699] Format host information updated
Info 229  [11:03:15.838] getCompletionData: Get current token: 0.06492799893021584
Info 230  [11:03:15.838] getCompletionData: Is inside comment: 0.014668000862002373
Info 231  [11:03:15.838] getCompletionData: Get previous token: 0.20429600030183792
Info 232  [11:03:15.839] getCompletionsAtPosition: isCompletionListBlocker: 0.12914199940860271
Info 233  [11:03:15.842] getExportInfoMap: cache hit
Info 234  [11:03:15.893] collectAutoImports: resolved 0 module specifiers, plus 219 ambient and 3121 from cache
Info 235  [11:03:15.893] collectAutoImports: response is complete
Info 236  [11:03:15.893] collectAutoImports: 51.125935001298785
Info 237  [11:03:15.893] getCompletionData: Semantic work: 54.525806000456214
Info 238  [11:03:15.904] getCompletionsAtPosition: getCompletionEntriesFromSymbols: 10.419485999271274
Info 239  [11:03:15.956] Starting updateGraphWorker: Project: /home/orion/src/purescript-puppeteer/jsconfig.json
Info 240  [11:03:15.965] Finishing updateGraphWorker: Project: /home/orion/src/purescript-puppeteer/jsconfig.json Version: 19 structureChanged: false structureIsReused:: Completely Elapsed: 9.575445000082254ms
Info 241  [11:03:15.965] Different program with same set of files
Info 242  [11:03:15.965] getCompletionData: Get current token: 0.007741998881101608
Info 243  [11:03:15.965] getCompletionData: Is inside comment: 0.0021509993821382523
Info 244  [11:03:15.965] getCompletionData: Get previous token: 0.046959999948740005
Info 245  [11:03:15.966] getCompletionsAtPosition: isCompletionListBlocker: 0.0036369990557432175
Info 246  [11:03:15.966] getExportInfoMap: cache hit
Info 247  [11:03:15.971] collectAutoImports: resolved 0 module specifiers, plus 16 ambient and 83 from cache
Info 248  [11:03:15.971] collectAutoImports: response is complete
Info 249  [11:03:15.971] collectAutoImports: 4.481862999498844
Info 250  [11:03:15.971] getCompletionData: Semantic work: 5.48590699955821
Info 251  [11:03:15.973] getCompletionsAtPosition: getCompletionEntriesFromSymbols: 1.442602001130581
Info 252  [11:03:15.974] Format host information updated
Info 253  [11:03:16.296] getCompletionData: Get current token: 0.006400998681783676
Info 254  [11:03:16.296] getCompletionData: Is inside comment: 0.0017980001866817474
Info 255  [11:03:16.296] getCompletionData: Get previous token: 0.013226000592112541
Info 256  [11:03:16.297] getCompletionsAtPosition: isCompletionListBlocker: 0.008712999522686005
Info 257  [11:03:16.297] getExportInfoMap: cache hit
Info 258  [11:03:16.318] collectAutoImports: resolved 0 module specifiers, plus 219 ambient and 3121 from cache
Info 259  [11:03:16.318] collectAutoImports: response is complete
Info 260  [11:03:16.318] collectAutoImports: 20.99665599875152
Info 261  [11:03:16.318] getCompletionData: Semantic work: 21.888837000355124
Info 262  [11:03:16.330] getCompletionsAtPosition: getCompletionEntriesFromSymbols: 11.583602000027895
Info 263  [11:03:16.499] Starting updateGraphWorker: Project: /home/orion/src/purescript-puppeteer/jsconfig.json
Info 264  [11:03:16.509] Finishing updateGraphWorker: Project: /home/orion/src/purescript-puppeteer/jsconfig.json Version: 20 structureChanged: false structureIsReused:: Completely Elapsed: 9.994016001001ms
Info 265  [11:03:16.509] Different program with same set of files
Info 266  [11:03:16.510] getCompletionData: Get current token: 0.021544000133872032
Info 267  [11:03:16.510] getCompletionData: Is inside comment: 0.003397999331355095
Info 268  [11:03:16.510] getCompletionData: Get previous token: 0.03396499902009964
Info 269  [11:03:16.510] getCompletionsAtPosition: isCompletionListBlocker: 0.013030000030994415
Info 270  [11:03:16.511] getExportInfoMap: cache hit
Info 271  [11:03:16.537] collectAutoImports: resolved 0 module specifiers, plus 219 ambient and 3121 from cache
Info 272  [11:03:16.537] collectAutoImports: response is complete
Info 273  [11:03:16.537] collectAutoImports: 25.976816998794675
Info 274  [11:03:16.537] getCompletionData: Semantic work: 27.415944999083877
Info 275  [11:03:16.550] getCompletionsAtPosition: getCompletionEntriesFromSymbols: 12.146042998880148
Info 276  [11:03:16.560] Format host information updated
Info 277  [11:03:16.665] Starting updateGraphWorker: Project: /home/orion/src/purescript-puppeteer/jsconfig.json
Info 278  [11:03:16.682] Finishing updateGraphWorker: Project: /home/orion/src/purescript-puppeteer/jsconfig.json Version: 21 structureChanged: false structureIsReused:: Completely Elapsed: 17.225010998547077ms
Info 279  [11:03:16.682] Different program with same set of files
Info 280  [11:03:16.683] getCompletionData: Get current token: 0.019812000915408134
Info 281  [11:03:16.683] getCompletionData: Is inside comment: 0.003624001517891884
Info 282  [11:03:16.683] getCompletionData: Get previous token: 0.030278999358415604
Info 283  [11:03:16.683] getCompletionsAtPosition: isCompletionListBlocker: 0.010595999658107758
Info 284  [11:03:16.684] getExportInfoMap: cache hit
Info 285  [11:03:16.708] collectAutoImports: resolved 0 module specifiers, plus 219 ambient and 3121 from cache
Info 286  [11:03:16.708] collectAutoImports: response is complete
Info 287  [11:03:16.708] collectAutoImports: 24.098736999556422
Info 288  [11:03:16.708] getCompletionData: Semantic work: 25.046288000419736
Info 289  [11:03:16.721] getCompletionsAtPosition: getCompletionEntriesFromSymbols: 12.4164819996804
Info 290  [11:03:16.730] Format host information updated
Info 291  [11:03:16.756] Format host information updated
Info 292  [11:03:16.756] Starting updateGraphWorker: Project: /home/orion/src/purescript-puppeteer/jsconfig.json
Info 293  [11:03:16.764] Finishing updateGraphWorker: Project: /home/orion/src/purescript-puppeteer/jsconfig.json Version: 22 structureChanged: false structureIsReused:: Completely Elapsed: 7.8110869992524385ms
Info 294  [11:03:16.764] Different program with same set of files
Info 295  [11:03:22.055] Starting updateGraphWorker: Project: /home/orion/src/purescript-puppeteer/jsconfig.json
Info 296  [11:03:22.063] Finishing updateGraphWorker: Project: /home/orion/src/purescript-puppeteer/jsconfig.json Version: 23 structureChanged: false structureIsReused:: Completely Elapsed: 8.237747000530362ms
Info 297  [11:03:22.063] Different program with same set of files
Info 298  [11:03:22.063] getCompletionData: Get current token: 0.019652999937534332
Info 299  [11:03:22.063] getCompletionData: Is inside comment: 0.0026060007512569427
Info 300  [11:03:22.063] getCompletionData: Get previous token: 0.022753000259399414
Info 301  [11:03:22.063] getCompletionsAtPosition: isCompletionListBlocker: 0.0024790000170469284
Info 302  [11:03:22.064] getExportInfoMap: cache hit
Info 303  [11:03:22.086] collectAutoImports: resolved 0 module specifiers, plus 219 ambient and 3121 from cache
Info 304  [11:03:22.086] collectAutoImports: response is complete
Info 305  [11:03:22.086] collectAutoImports: 21.996409999206662
Info 306  [11:03:22.086] getCompletionData: Semantic work: 22.678669998422265
Info 307  [11:03:22.095] getCompletionsAtPosition: getCompletionEntriesFromSymbols: 9.064752999693155
Info 308  [11:03:22.102] Format host information updated
Info 309  [11:03:22.234] Format host information updated
Info 310  [11:03:22.234] Starting updateGraphWorker: Project: /home/orion/src/purescript-puppeteer/jsconfig.json
Info 311  [11:03:22.241] Finishing updateGraphWorker: Project: /home/orion/src/purescript-puppeteer/jsconfig.json Version: 24 structureChanged: false structureIsReused:: Completely Elapsed: 7.662499999627471ms
Info 312  [11:03:22.242] Different program with same set of files
Info 313  [11:03:22.304] Format host information updated
Info 314  [11:03:22.304] Starting updateGraphWorker: Project: /home/orion/src/purescript-puppeteer/jsconfig.json
Info 315  [11:03:22.325] Finishing updateGraphWorker: Project: /home/orion/src/purescript-puppeteer/jsconfig.json Version: 25 structureChanged: false structureIsReused:: Completely Elapsed: 20.000645000487566ms
Info 316  [11:03:22.325] Different program with same set of files
Info 317  [11:03:22.533] Format host information updated
Info 318  [11:03:22.534] Starting updateGraphWorker: Project: /home/orion/src/purescript-puppeteer/jsconfig.json
Info 319  [11:03:22.556] Finishing updateGraphWorker: Project: /home/orion/src/purescript-puppeteer/jsconfig.json Version: 26 structureChanged: false structureIsReused:: Completely Elapsed: 21.538101999089122ms
Info 320  [11:03:22.556] Different program with same set of files
Info 321  [11:03:24.718] Format host information updated
Info 322  [11:03:24.719] Starting updateGraphWorker: Project: /home/orion/src/purescript-puppeteer/jsconfig.json
Info 323  [11:03:24.726] Finishing updateGraphWorker: Project: /home/orion/src/purescript-puppeteer/jsconfig.json Version: 27 structureChanged: false structureIsReused:: Completely Elapsed: 7.751483999192715ms
Info 324  [11:03:24.726] Different program with same set of files
Info 325  [11:03:25.028] Starting updateGraphWorker: Project: /home/orion/src/purescript-puppeteer/jsconfig.json
Info 326  [11:03:25.036] Finishing updateGraphWorker: Project: /home/orion/src/purescript-puppeteer/jsconfig.json Version: 28 structureChanged: false structureIsReused:: Completely Elapsed: 8.128871001303196ms
Info 327  [11:03:25.036] Different program with same set of files
Info 328  [11:03:25.036] getCompletionData: Get current token: 0.01746400073170662
Info 329  [11:03:25.036] getCompletionData: Is inside comment: 0.022609999403357506
Info 330  [11:03:25.037] getCompletionData: Get previous token: 0.016680000349879265
Info 331  [11:03:25.037] getCompletionsAtPosition: isCompletionListBlocker: 0.06841900013387203
Info 332  [11:03:25.037] getExportInfoMap: cache hit
Info 333  [11:03:25.062] collectAutoImports: resolved 0 module specifiers, plus 219 ambient and 3121 from cache
Info 334  [11:03:25.062] collectAutoImports: response is complete
Info 335  [11:03:25.062] collectAutoImports: 24.297450000420213
Info 336  [11:03:25.062] getCompletionData: Semantic work: 25.14312099851668
Info 337  [11:03:25.071] getCompletionsAtPosition: getCompletionEntriesFromSymbols: 8.89533800072968
Info 338  [11:03:25.079] Format host information updated
Info 339  [11:03:25.314] Starting updateGraphWorker: Project: /home/orion/src/purescript-puppeteer/jsconfig.json
Info 340  [11:03:25.322] Finishing updateGraphWorker: Project: /home/orion/src/purescript-puppeteer/jsconfig.json Version: 29 structureChanged: false structureIsReused:: Completely Elapsed: 7.823428999632597ms
Info 341  [11:03:25.322] Different program with same set of files
Info 342  [11:03:25.322] getCompletionData: Get current token: 0.019299998879432678
Info 343  [11:03:25.322] getCompletionData: Is inside comment: 0.0028170011937618256
Info 344  [11:03:25.322] getCompletionData: Get previous token: 0.02956799976527691
Info 345  [11:03:25.322] getCompletionsAtPosition: isCompletionListBlocker: 0.008379001170396805
Info 346  [11:03:25.323] getExportInfoMap: cache hit
Info 347  [11:03:25.347] collectAutoImports: resolved 0 module specifiers, plus 219 ambient and 3121 from cache
Info 348  [11:03:25.347] collectAutoImports: response is complete
Info 349  [11:03:25.347] collectAutoImports: 24.044246999546885
Info 350  [11:03:25.347] getCompletionData: Semantic work: 24.839341999962926
Info 351  [11:03:25.356] getCompletionsAtPosition: getCompletionEntriesFromSymbols: 8.662429999560118
Info 352  [11:03:25.363] Format host information updated
Info 353  [11:03:25.531] Format host information updated
Info 354  [11:03:25.531] Starting updateGraphWorker: Project: /home/orion/src/purescript-puppeteer/jsconfig.json
Info 355  [11:03:25.540] Finishing updateGraphWorker: Project: /home/orion/src/purescript-puppeteer/jsconfig.json Version: 30 structureChanged: false structureIsReused:: Completely Elapsed: 8.633501000702381ms
Info 356  [11:03:25.540] Different program with same set of files
Info 357  [11:03:26.189] getCompletionData: Get current token: 0.00522799976170063
Info 358  [11:03:26.189] getCompletionData: Is inside comment: 0.020204000174999237
Info 359  [11:03:26.189] getCompletionData: Get previous token: 0.01593799889087677
Info 360  [11:03:26.189] getCompletionsAtPosition: isCompletionListBlocker: 0.010439001023769379
Info 361  [11:03:26.190] getExportInfoMap: cache hit
Info 362  [11:03:26.212] collectAutoImports: resolved 0 module specifiers, plus 219 ambient and 3121 from cache
Info 363  [11:03:26.212] collectAutoImports: response is complete
Info 364  [11:03:26.212] collectAutoImports: 21.64491899870336
Info 365  [11:03:26.212] getCompletionData: Semantic work: 22.645476000383496
Info 366  [11:03:26.218] getCompletionsAtPosition: getCompletionEntriesFromSymbols: 5.786771001294255
Info 367  [11:03:26.564] Format host information updated
Info 368  [11:03:26.564] Starting updateGraphWorker: Project: /home/orion/src/purescript-puppeteer/jsconfig.json
Info 369  [11:03:26.572] Finishing updateGraphWorker: Project: /home/orion/src/purescript-puppeteer/jsconfig.json Version: 31 structureChanged: false structureIsReused:: Completely Elapsed: 7.792899999767542ms
Info 370  [11:03:26.572] Different program with same set of files
Info 371  [11:03:26.848] Starting updateGraphWorker: Project: /home/orion/src/purescript-puppeteer/jsconfig.json
Info 372  [11:03:26.856] Finishing updateGraphWorker: Project: /home/orion/src/purescript-puppeteer/jsconfig.json Version: 32 structureChanged: false structureIsReused:: Completely Elapsed: 8.01171199977398ms
Info 373  [11:03:26.856] Different program with same set of files
Info 374  [11:03:26.857] getCompletionData: Get current token: 0.004277000203728676
Info 375  [11:03:26.857] getCompletionData: Is inside comment: 0.015131998807191849
Info 376  [11:03:26.857] getCompletionData: Get previous token: 0.01196100004017353
Info 377  [11:03:26.857] getCompletionsAtPosition: isCompletionListBlocker: 0.010673999786376953
Info 378  [11:03:26.858] getExportInfoMap: cache hit
Info 379  [11:03:26.885] collectAutoImports: resolved 0 module specifiers, plus 219 ambient and 3121 from cache
Info 380  [11:03:26.885] collectAutoImports: response is complete
Info 381  [11:03:26.885] collectAutoImports: 27.345908999443054
Info 382  [11:03:26.885] getCompletionData: Semantic work: 28.27458499930799
Info 383  [11:03:26.892] getCompletionsAtPosition: getCompletionEntriesFromSymbols: 6.430292999371886
Info 384  [11:03:26.899] Format host information updated
Info 385  [11:03:28.040] Starting updateGraphWorker: Project: /home/orion/src/purescript-puppeteer/jsconfig.json
Info 386  [11:03:28.046] Finishing updateGraphWorker: Project: /home/orion/src/purescript-puppeteer/jsconfig.json Version: 33 structureChanged: false structureIsReused:: Completely Elapsed: 6.6433809995651245ms
Info 387  [11:03:28.046] Different program with same set of files
Info 388  [11:03:28.047] getCompletionData: Get current token: 0.01033100113272667
Info 389  [11:03:28.047] getCompletionData: Is inside comment: 0.0022269990295171738
Info 390  [11:03:28.047] getCompletionData: Get previous token: 0.03165599890053272
Info 391  [11:03:28.047] getCompletionsAtPosition: isCompletionListBlocker: 0.008198998868465424
Info 392  [11:03:28.048] getExportInfoMap: cache hit
Info 393  [11:03:28.051] collectAutoImports: resolved 0 module specifiers, plus 4 ambient and 88 from cache
Info 394  [11:03:28.051] collectAutoImports: response is complete
Info 395  [11:03:28.051] collectAutoImports: 3.2428309991955757
Info 396  [11:03:28.051] getCompletionData: Semantic work: 3.963670000433922
Info 397  [11:03:28.052] getCompletionsAtPosition: getCompletionEntriesFromSymbols: 1.2643480002880096
Info 398  [11:03:28.053] Format host information updated
Info 399  [11:03:28.109] Starting updateGraphWorker: Project: /home/orion/src/purescript-puppeteer/jsconfig.json
Info 400  [11:03:28.123] Finishing updateGraphWorker: Project: /home/orion/src/purescript-puppeteer/jsconfig.json Version: 34 structureChanged: false structureIsReused:: Completely Elapsed: 13.005362998694181ms
Info 401  [11:03:28.123] Different program with same set of files
Info 402  [11:03:28.123] getCompletionData: Get current token: 0.02236900106072426
Info 403  [11:03:28.123] getCompletionData: Is inside comment: 0.004846999421715736
Info 404  [11:03:28.123] getCompletionData: Get previous token: 0.06274200044572353
Info 405  [11:03:28.123] getCompletionsAtPosition: isCompletionListBlocker: 0.01572299934923649
Info 406  [11:03:28.125] getExportInfoMap: cache hit
Info 407  [11:03:28.132] collectAutoImports: resolved 0 module specifiers, plus 3 ambient and 85 from cache
Info 408  [11:03:28.132] collectAutoImports: response is complete
Info 409  [11:03:28.132] collectAutoImports: 7.2490950003266335
Info 410  [11:03:28.132] getCompletionData: Semantic work: 8.730964001268148
Info 411  [11:03:28.135] getCompletionsAtPosition: getCompletionEntriesFromSymbols: 2.6210630014538765
Info 412  [11:03:28.140] Format host information updated
Info 413  [11:03:28.191] Starting updateGraphWorker: Project: /home/orion/src/purescript-puppeteer/jsconfig.json
Info 414  [11:03:28.204] Finishing updateGraphWorker: Project: /home/orion/src/purescript-puppeteer/jsconfig.json Version: 35 structureChanged: false structureIsReused:: Completely Elapsed: 13.044485999271274ms
Info 415  [11:03:28.204] Different program with same set of files
Info 416  [11:03:28.205] getCompletionData: Get current token: 0.02230199985206127
Info 417  [11:03:28.205] getCompletionData: Is inside comment: 0.007530000060796738
Info 418  [11:03:28.205] getCompletionData: Get previous token: 0.0965649988502264
Info 419  [11:03:28.205] getCompletionsAtPosition: isCompletionListBlocker: 0.015146000310778618
Info 420  [11:03:28.206] getExportInfoMap: cache hit
Info 421  [11:03:28.211] collectAutoImports: resolved 0 module specifiers, plus 0 ambient and 57 from cache
Info 422  [11:03:28.211] collectAutoImports: response is complete
Info 423  [11:03:28.211] collectAutoImports: 4.460800001397729
Info 424  [11:03:28.211] getCompletionData: Semantic work: 5.7008199989795685
Info 425  [11:03:28.214] getCompletionsAtPosition: getCompletionEntriesFromSymbols: 2.7040879987180233
Info 426  [11:03:28.215] Format host information updated
Info 427  [11:03:28.282] Starting updateGraphWorker: Project: /home/orion/src/purescript-puppeteer/jsconfig.json
Info 428  [11:03:28.309] Finishing updateGraphWorker: Project: /home/orion/src/purescript-puppeteer/jsconfig.json Version: 36 structureChanged: false structureIsReused:: Completely Elapsed: 26.843625999987125ms
Info 429  [11:03:28.309] Different program with same set of files
Info 430  [11:03:28.310] getCompletionData: Get current token: 0.045413000509142876
Info 431  [11:03:28.310] getCompletionData: Is inside comment: 0.010684000328183174
Info 432  [11:03:28.311] getCompletionData: Get previous token: 0.13667100109159946
Info 433  [11:03:28.318] getCompletionsAtPosition: isCompletionListBlocker: 0.22649599984288216
Info 434  [11:03:28.319] getExportInfoMap: cache hit
Info 435  [11:03:28.323] collectAutoImports: resolved 0 module specifiers, plus 0 ambient and 0 from cache
Info 436  [11:03:28.323] collectAutoImports: response is complete
Info 437  [11:03:28.323] collectAutoImports: 3.8334099985659122
Info 438  [11:03:28.323] getCompletionData: Semantic work: 5.311858998611569
Info 439  [11:03:28.325] getCompletionsAtPosition: getCompletionEntriesFromSymbols: 2.081740001216531
Info 440  [11:03:28.326] Format host information updated
Info 441  [11:03:28.356] Starting updateGraphWorker: Project: /home/orion/src/purescript-puppeteer/jsconfig.json
Info 442  [11:03:28.364] Finishing updateGraphWorker: Project: /home/orion/src/purescript-puppeteer/jsconfig.json Version: 37 structureChanged: false structureIsReused:: Completely Elapsed: 8.069596998393536ms
Info 443  [11:03:28.364] Different program with same set of files
Info 444  [11:03:28.365] getCompletionData: Get current token: 0.012387000024318695
Info 445  [11:03:28.365] getCompletionData: Is inside comment: 0.002741999924182892
Info 446  [11:03:28.365] getCompletionData: Get previous token: 0.03815699927508831
Info 447  [11:03:28.365] getCompletionsAtPosition: isCompletionListBlocker: 0.018257999792695045
Info 448  [11:03:28.366] getExportInfoMap: cache hit
Info 449  [11:03:28.368] collectAutoImports: resolved 0 module specifiers, plus 0 ambient and 0 from cache
Info 450  [11:03:28.368] collectAutoImports: response is complete
Info 451  [11:03:28.368] collectAutoImports: 2.169700000435114
Info 452  [11:03:28.368] getCompletionData: Semantic work: 3.04016700014472
Info 453  [11:03:28.369] getCompletionsAtPosition: getCompletionEntriesFromSymbols: 1.4399469997733831
Info 454  [11:03:28.370] Format host information updated
Info 455  [11:03:28.496] Starting updateGraphWorker: Project: /home/orion/src/purescript-puppeteer/jsconfig.json
Info 456  [11:03:28.512] Finishing updateGraphWorker: Project: /home/orion/src/purescript-puppeteer/jsconfig.json Version: 38 structureChanged: false structureIsReused:: Completely Elapsed: 16.28410000167787ms
Info 457  [11:03:28.512] Different program with same set of files
Info 458  [11:03:28.512] getCompletionData: Get current token: 0.014080001041293144
Info 459  [11:03:28.512] getCompletionData: Is inside comment: 0.003395998850464821
Info 460  [11:03:28.512] getCompletionData: Get previous token: 0.04216800071299076
Info 461  [11:03:28.512] getCompletionsAtPosition: isCompletionListBlocker: 0.012769998982548714
Info 462  [11:03:28.513] getExportInfoMap: cache hit
Info 463  [11:03:28.516] collectAutoImports: resolved 0 module specifiers, plus 0 ambient and 0 from cache
Info 464  [11:03:28.516] collectAutoImports: response is complete
Info 465  [11:03:28.516] collectAutoImports: 2.4587239995598793
Info 466  [11:03:28.516] getCompletionData: Semantic work: 3.5077080000191927
Info 467  [11:03:28.517] getCompletionsAtPosition: getCompletionEntriesFromSymbols: 1.512091999873519
Info 468  [11:03:28.518] Format host information updated
Info 469  [11:03:28.556] Format host information updated
Info 470  [11:03:28.556] Starting updateGraphWorker: Project: /home/orion/src/purescript-puppeteer/jsconfig.json
Info 471  [11:03:28.566] Finishing updateGraphWorker: Project: /home/orion/src/purescript-puppeteer/jsconfig.json Version: 39 structureChanged: false structureIsReused:: Completely Elapsed: 9.288388999179006ms
Info 472  [11:03:28.566] Different program with same set of files
Info 473  [11:03:46.017] Format host information updated
Info 474  [11:03:46.018] Starting updateGraphWorker: Project: /home/orion/src/purescript-puppeteer/jsconfig.json
Info 475  [11:03:46.032] Finishing updateGraphWorker: Project: /home/orion/src/purescript-puppeteer/jsconfig.json Version: 40 structureChanged: false structureIsReused:: Completely Elapsed: 13.892268000170588ms
Info 476  [11:03:46.032] Different program with same set of files
Info 477  [11:03:46.336] Format host information updated
Info 478  [11:03:46.336] Starting updateGraphWorker: Project: /home/orion/src/purescript-puppeteer/jsconfig.json
Info 479  [11:03:46.349] Finishing updateGraphWorker: Project: /home/orion/src/purescript-puppeteer/jsconfig.json Version: 41 structureChanged: false structureIsReused:: Completely Elapsed: 13.430838000029325ms
Info 480  [11:03:46.349] Different program with same set of files
Info 481  [11:03:46.710] Format host information updated
Info 482  [11:03:46.711] Starting updateGraphWorker: Project: /home/orion/src/purescript-puppeteer/jsconfig.json
Info 483  [11:03:46.721] Finishing updateGraphWorker: Project: /home/orion/src/purescript-puppeteer/jsconfig.json Version: 42 structureChanged: false structureIsReused:: Completely Elapsed: 10.12661499902606ms
Info 484  [11:03:46.721] Different program with same set of files
Info 485  [11:03:47.097] Format host information updated
Info 486  [11:03:47.097] Starting updateGraphWorker: Project: /home/orion/src/purescript-puppeteer/jsconfig.json
Info 487  [11:03:47.106] Finishing updateGraphWorker: Project: /home/orion/src/purescript-puppeteer/jsconfig.json Version: 43 structureChanged: false structureIsReused:: Completely Elapsed: 9.25827799923718ms
Info 488  [11:03:47.106] Different program with same set of files
Info 489  [11:03:47.612] Format host information updated
Info 490  [11:03:47.612] Starting updateGraphWorker: Project: /home/orion/src/purescript-puppeteer/jsconfig.json
Info 491  [11:03:47.621] Finishing updateGraphWorker: Project: /home/orion/src/purescript-puppeteer/jsconfig.json Version: 44 structureChanged: false structureIsReused:: Completely Elapsed: 8.793329000473022ms
Info 492  [11:03:47.621] Different program with same set of files
