Info 0    [19:07:53.464] Starting TS Server
Info 1    [19:07:53.465] Version: 5.2.2
Info 2    [19:07:53.465] Arguments: /home/orion/.asdf/installs/node/20.2.0/bin/node /home/orion/.asdf/installs/node/20.2.0/lib/node_modules/typescript/lib/tsserver.js --serverMode partialSemantic --useInferredProjectPerProjectRoot --disableAutomaticTypingAcquisition --cancellationPipeName /tmp/30198ea5ebe673e52dd608ce097e1250/tscancellation* --logVerbosity normal --logFile /home/orion/src/purescript-puppeteer/.log/tsserver-log-7L7EyP/tsserver.log --locale en --validateDefaultNpmLocation --useNodeIpc
Info 3    [19:07:53.465] Platform: linux NodeVersion: v20.2.0 CaseSensitive: true
Info 4    [19:07:53.465] ServerMode: 1 hasUnknownServerMode: undefined
Info 5    [19:07:53.469] Format host information updated
Info 6    [19:07:53.473] Starting updateGraphWorker: Project: /dev/null/inferredProject1*
Info 7    [19:07:53.768] Finishing updateGraphWorker: Project: /dev/null/inferredProject1* Version: 1 structureChanged: true structureIsReused:: Not Elapsed: 295.10132299363613ms
Info 8    [19:07:53.768] Project '/dev/null/inferredProject1*' (Inferred)
Info 9    [19:07:53.768] 	Files (8)

Info 10   [19:07:53.768] -----------------------------------------------
Info 11   [19:07:53.769] Project '/dev/null/inferredProject1*' (Inferred)
Info 11   [19:07:53.769] 	Files (8)

Info 11   [19:07:53.769] -----------------------------------------------
Info 11   [19:07:53.769] Open files: 
Info 11   [19:07:53.769] 	FileName: /home/orion/src/purescript-puppeteer/src/Puppeteer.Handle.js ProjectRootPath: /home/orion/src/purescript-puppeteer
Info 11   [19:07:53.769] 		Projects: /dev/null/inferredProject1*
Info 11   [19:07:54.200] Format host information updated
Info 12   [19:07:54.383] Format host information updated
Info 13   [19:07:54.527] Format host information updated
Info 14   [19:17:58.698] Format host information updated
Info 15   [19:17:59.274] Format host information updated
Info 16   [19:17:59.879] Format host information updated
Info 17   [19:18:00.083] Format host information updated
Info 18   [19:18:00.213] Format host information updated
Info 19   [19:18:00.312] Format host information updated
Info 20   [19:18:00.390] Format host information updated
Info 21   [19:18:00.889] Format host information updated
Info 22   [19:18:00.986] Format host information updated
Info 23   [19:18:01.055] Format host information updated
Info 24   [19:18:01.183] Format host information updated
Info 25   [19:18:01.418] Format host information updated
Info 26   [19:18:01.564] Format host information updated
Info 27   [19:18:01.635] Format host information updated
Info 28   [19:18:01.999] Format host information updated
Info 29   [19:18:02.143] Format host information updated
Info 30   [19:18:02.229] Format host information updated
Info 31   [19:18:02.654] Format host information updated
Info 32   [19:18:02.983] Format host information updated
Info 33   [19:18:03.107] Format host information updated
Info 34   [19:18:03.559] Format host information updated
Info 35   [19:18:03.668] Format host information updated
Info 36   [19:18:03.755] Format host information updated
Info 37   [19:18:03.823] Format host information updated
Info 38   [19:18:03.954] Format host information updated
Info 39   [19:18:04.024] Format host information updated
Info 40   [19:18:04.381] Format host information updated
Info 41   [19:18:04.470] Format host information updated
Info 42   [19:18:04.580] Format host information updated
Info 43   [19:18:06.348] Format host information updated
Info 44   [19:18:06.498] Format host information updated
Info 45   [19:18:06.602] Format host information updated
Info 46   [19:18:06.776] Format host information updated
Info 47   [19:18:06.992] Format host information updated
Info 48   [19:18:07.086] Format host information updated
Info 49   [19:18:07.176] Format host information updated
Info 50   [19:18:07.334] Format host information updated
Info 51   [19:18:07.454] Format host information updated
Info 52   [19:18:07.558] Format host information updated
Info 53   [19:18:07.709] Format host information updated
Info 54   [19:18:07.896] Format host information updated
Info 55   [19:18:08.103] Format host information updated
Info 56   [19:18:08.254] Format host information updated
Info 57   [19:18:08.405] Format host information updated
Info 58   [19:18:08.634] Format host information updated
Info 59   [19:18:08.763] Format host information updated
Info 60   [19:18:08.873] Format host information updated
Info 61   [19:18:09.140] Format host information updated
Info 62   [19:18:09.233] Format host information updated
Info 63   [19:18:09.333] Format host information updated
Info 64   [19:18:09.396] Format host information updated
Info 65   [19:18:09.551] Format host information updated
Info 66   [19:18:09.615] Format host information updated
Info 67   [19:18:09.808] Format host information updated
Info 68   [19:18:09.867] Format host information updated
Info 69   [19:18:09.939] Format host information updated
Info 70   [19:18:10.119] Format host information updated
Info 71   [19:18:10.243] Format host information updated
Info 72   [19:18:10.333] Format host information updated
Info 73   [19:18:10.574] Format host information updated
Info 74   [19:18:10.633] Format host information updated
Info 75   [19:18:11.193] Format host information updated
Info 76   [19:18:11.612] Format host information updated
Info 77   [19:18:11.890] Format host information updated
Info 78   [19:18:12.562] Format host information updated
Info 79   [19:18:12.985] Format host information updated
Info 80   [19:18:13.155] Format host information updated
Info 81   [19:18:13.321] Format host information updated
Info 82   [19:18:13.415] Format host information updated
Info 83   [19:18:13.517] Format host information updated
Info 84   [19:18:13.868] Format host information updated
Info 85   [19:18:13.995] Format host information updated
Info 86   [19:18:14.147] Format host information updated
Info 87   [19:18:14.273] Format host information updated
Info 88   [19:18:14.388] Format host information updated
Info 89   [19:18:14.647] Format host information updated
Info 90   [19:18:14.755] Format host information updated
Info 91   [19:18:14.851] Format host information updated
Info 92   [19:18:14.943] Format host information updated
Info 93   [19:18:14.997] Format host information updated
Info 94   [19:18:15.146] Format host information updated
Info 95   [19:18:15.214] Format host information updated
Info 96   [19:18:15.492] Format host information updated
Info 97   [19:18:15.677] Format host information updated
Info 98   [19:18:15.764] Format host information updated
Info 99   [19:18:15.844] Format host information updated
Info 100  [19:18:15.928] Format host information updated
Info 101  [19:18:16.044] Format host information updated
Info 102  [19:18:16.181] Format host information updated
Info 103  [19:18:16.234] Format host information updated
Info 104  [19:18:16.611] Format host information updated
Info 105  [19:18:16.693] Format host information updated
Info 106  [19:18:16.850] Format host information updated
Info 107  [19:18:19.032] Format host information updated
Info 108  [19:18:19.147] Format host information updated
Info 109  [19:18:19.216] Format host information updated
Info 110  [19:18:19.316] Format host information updated
Info 111  [19:18:19.824] Format host information updated
Info 112  [19:18:19.954] Format host information updated
Info 113  [19:18:20.117] Format host information updated
Info 114  [19:18:20.233] Format host information updated
Info 115  [19:18:20.533] Format host information updated
Info 116  [19:18:20.609] Format host information updated
Info 117  [19:18:20.674] Format host information updated
Info 118  [19:18:20.769] Format host information updated
Info 119  [19:19:26.079] Format host information updated
Info 120  [19:19:26.326] Format host information updated
Info 121  [19:19:26.406] Format host information updated
Info 122  [19:19:26.535] Format host information updated
Info 123  [19:19:27.127] Format host information updated
Info 124  [19:19:27.319] Format host information updated
Info 125  [19:19:28.928] Format host information updated
Info 126  [19:19:29.148] Format host information updated
Info 127  [19:19:29.603] Format host information updated
Info 128  [19:19:29.743] Format host information updated
Info 129  [19:19:29.854] Format host information updated
Info 130  [19:19:29.965] Format host information updated
Info 131  [19:19:30.040] Format host information updated
Info 132  [19:19:30.341] Format host information updated
Info 133  [19:19:30.412] Format host information updated
Info 134  [19:19:30.586] Format host information updated
Info 135  [19:19:30.767] Format host information updated
Info 136  [19:19:31.030] Format host information updated
Info 137  [19:19:31.185] Format host information updated
Info 138  [19:19:31.328] Format host information updated
Info 139  [19:19:31.440] Format host information updated
Info 140  [19:19:31.990] Format host information updated
Info 141  [19:19:32.304] Format host information updated
Info 142  [19:19:32.597] Format host information updated
Info 143  [19:19:32.790] Format host information updated
Info 144  [19:19:32.864] Format host information updated
Info 145  [19:19:33.007] Format host information updated
Info 146  [19:19:33.083] Format host information updated
Info 147  [19:19:33.311] Format host information updated
Info 148  [19:19:33.371] Format host information updated
Info 149  [19:19:35.079] Format host information updated
Info 150  [19:19:35.211] Format host information updated
Info 151  [19:19:35.383] Format host information updated
Info 152  [19:19:35.447] Format host information updated
Info 153  [19:19:35.582] Format host information updated
Info 154  [19:19:39.668] Format host information updated
Info 155  [19:19:39.727] Format host information updated
Info 156  [19:20:21.916] Format host information updated
Info 157  [19:20:22.388] Format host information updated
Info 158  [19:20:22.613] Format host information updated
Info 159  [19:20:23.329] Format host information updated
Info 160  [19:20:23.564] Format host information updated
Info 161  [19:20:23.682] Format host information updated
Info 162  [19:20:23.816] Format host information updated
Info 163  [19:20:23.943] Format host information updated
Info 164  [19:20:24.035] Format host information updated
Info 165  [19:20:24.181] Format host information updated
Info 166  [19:20:24.277] Format host information updated
Info 167  [19:20:24.405] Format host information updated
Info 168  [19:20:25.202] Format host information updated
Info 169  [19:20:25.202] Format host information updated
Info 170  [19:20:25.206] Format host information updated
Info 171  [19:20:25.265] Format host information updated
Info 172  [19:20:25.554] Format host information updated
Info 173  [19:20:25.628] Format host information updated
Info 174  [19:20:25.871] Format host information updated
Info 175  [19:20:32.216] Format host information updated
Info 176  [19:20:32.488] Format host information updated
Info 177  [19:20:32.612] Format host information updated
Info 178  [19:20:32.727] Format host information updated
Info 179  [19:20:32.869] Format host information updated
Info 180  [19:20:32.996] Format host information updated
Info 181  [19:20:33.074] Format host information updated
Info 182  [19:20:33.154] Format host information updated
Info 183  [19:20:33.237] Format host information updated
Info 184  [19:20:33.448] Format host information updated
Info 185  [19:20:33.525] Format host information updated
Info 186  [19:20:33.648] Format host information updated
Info 187  [19:20:33.820] Format host information updated
Info 188  [19:20:34.279] Format host information updated
Info 189  [19:20:34.344] Format host information updated
Info 190  [19:20:35.665] Format host information updated
Info 191  [19:20:36.108] Format host information updated
Info 192  [19:20:36.253] Format host information updated
Info 193  [19:20:36.318] Format host information updated
Info 194  [19:20:36.480] Format host information updated
Info 195  [19:20:36.631] Format host information updated
Info 196  [19:20:36.863] Format host information updated
Info 197  [19:20:36.924] Format host information updated
Info 198  [19:20:37.191] Format host information updated
Info 199  [19:20:37.527] Format host information updated
Info 200  [19:20:37.672] Format host information updated
Info 201  [19:20:37.798] Format host information updated
Info 202  [19:20:37.898] Format host information updated
Info 203  [19:20:37.974] Format host information updated
Info 204  [19:20:38.117] Format host information updated
Info 205  [19:20:38.556] Format host information updated
Info 206  [19:20:38.711] Format host information updated
Info 207  [19:20:39.295] Format host information updated
Info 208  [19:20:39.673] Format host information updated
Info 209  [19:20:39.673] Format host information updated
Info 210  [19:20:39.674] Format host information updated
Info 211  [19:20:41.094] Format host information updated
Info 212  [19:20:41.212] Format host information updated
Info 213  [19:20:41.609] Format host information updated
Info 214  [19:20:42.010] Format host information updated
Info 215  [19:20:42.097] Format host information updated
Info 216  [19:20:42.997] Format host information updated
Info 217  [19:20:42.997] Format host information updated
Info 218  [19:20:42.998] Format host information updated
Info 219  [19:20:42.999] Format host information updated
Info 220  [19:20:43.538] Format host information updated
Info 221  [19:20:45.249] Format host information updated
Info 222  [19:20:45.526] Format host information updated
Info 223  [19:20:45.682] Format host information updated
Info 224  [19:20:45.800] Format host information updated
Info 225  [19:20:46.184] Format host information updated
Info 226  [19:20:46.256] Format host information updated
Info 227  [19:20:46.371] Format host information updated
Info 228  [19:20:46.660] Format host information updated
Info 229  [19:20:46.863] Format host information updated
Info 230  [19:20:47.350] Format host information updated
Info 231  [19:20:47.351] Format host information updated
Info 232  [19:20:47.352] Format host information updated
Info 233  [19:20:48.914] Format host information updated
Info 234  [19:20:49.152] Format host information updated
Info 235  [19:20:49.471] Format host information updated
Info 236  [19:20:49.645] Format host information updated
Info 237  [19:20:49.701] Format host information updated
Info 238  [19:20:49.764] Format host information updated
Info 239  [19:20:49.884] Format host information updated
Info 240  [19:20:50.013] Format host information updated
Info 241  [19:20:50.070] Format host information updated
Info 242  [19:20:50.148] Format host information updated
Info 243  [19:20:50.350] Format host information updated
Info 244  [19:20:50.415] Format host information updated
Info 245  [19:20:50.599] Format host information updated
Info 246  [19:20:50.670] Format host information updated
Info 247  [19:20:50.755] Format host information updated
Info 248  [19:20:51.075] Format host information updated
Info 249  [19:20:51.180] Format host information updated
Info 250  [19:20:51.318] Format host information updated
Info 251  [19:20:51.525] Format host information updated
Info 252  [19:20:51.627] Format host information updated
Info 253  [19:20:51.759] Format host information updated
Info 254  [19:20:52.315] Format host information updated
Info 255  [19:20:52.382] Format host information updated
Info 256  [19:20:53.103] Format host information updated
Info 257  [19:20:53.185] Format host information updated
Info 258  [19:20:54.014] Format host information updated
Info 259  [19:20:54.304] Format host information updated
Info 260  [19:20:54.419] Format host information updated
Info 261  [19:20:55.181] Format host information updated
Info 262  [19:20:55.503] Format host information updated
Info 263  [19:20:56.286] Format host information updated
Info 264  [19:20:56.405] Format host information updated
Info 265  [19:20:56.499] Format host information updated
Info 266  [19:20:56.679] Format host information updated
Info 267  [19:20:57.080] Format host information updated
Info 268  [19:20:57.249] Format host information updated
Info 269  [19:20:57.346] Format host information updated
Info 270  [19:20:57.544] Format host information updated
Info 271  [19:20:58.879] Format host information updated
Info 272  [19:20:59.128] Format host information updated
Info 273  [19:20:59.242] Format host information updated
Info 274  [19:20:59.593] Format host information updated
Info 275  [19:20:59.756] Format host information updated
Info 276  [19:21:00.139] Format host information updated
Info 277  [19:21:00.301] Format host information updated
Info 278  [19:21:00.881] Format host information updated
Info 279  [19:21:01.112] Format host information updated
Info 280  [19:21:01.265] Format host information updated
Info 281  [19:21:01.347] Format host information updated
Info 282  [19:21:01.402] Format host information updated
Info 283  [19:21:01.995] Format host information updated
Info 284  [19:21:03.578] Format host information updated
Info 285  [19:21:03.751] Format host information updated
Info 286  [19:21:03.881] Format host information updated
Info 287  [19:21:03.998] Format host information updated
Info 288  [19:21:04.122] Format host information updated
Info 289  [19:21:05.398] Format host information updated
Info 290  [19:21:05.612] Format host information updated
Info 291  [19:21:05.720] Format host information updated
Info 292  [19:21:05.799] Format host information updated
Info 293  [19:21:05.878] Format host information updated
Info 294  [19:21:07.403] Format host information updated
Info 295  [19:21:07.552] Format host information updated
Info 296  [19:21:07.616] Format host information updated
Info 297  [19:21:08.599] Format host information updated
Info 298  [19:21:08.741] Format host information updated
Info 299  [19:21:09.099] Format host information updated
Info 300  [19:21:09.230] Format host information updated
Info 301  [19:21:10.026] Format host information updated
Info 302  [19:21:10.504] Format host information updated
Info 303  [19:21:10.932] Format host information updated
Info 304  [19:21:11.307] Format host information updated
Info 305  [19:21:11.522] Format host information updated
Info 306  [19:21:11.636] Format host information updated
Info 307  [19:21:12.644] Format host information updated
Info 308  [19:21:13.626] Format host information updated
Info 309  [19:21:13.831] Format host information updated
Info 310  [19:21:13.977] Format host information updated
Info 311  [19:21:15.658] Format host information updated
Info 312  [19:21:15.791] Format host information updated
Info 313  [19:21:15.916] Format host information updated
Info 314  [19:21:16.320] Format host information updated
Info 315  [19:21:16.474] Format host information updated
Info 316  [19:21:16.660] Format host information updated
Info 317  [19:21:16.734] Format host information updated
Info 318  [19:21:16.932] Format host information updated
Info 319  [19:21:17.047] Format host information updated
Info 320  [19:21:17.356] Format host information updated
Info 321  [19:21:17.418] Format host information updated
Info 322  [19:21:17.493] Format host information updated
Info 323  [19:21:18.077] Format host information updated
Info 324  [19:21:18.078] Format host information updated
Info 325  [19:21:18.079] Format host information updated
Info 326  [19:21:18.386] Format host information updated
Info 327  [19:21:18.528] Format host information updated
Info 328  [19:21:18.803] Format host information updated
Info 329  [19:21:18.936] Format host information updated
Info 330  [19:21:20.848] Format host information updated
Info 331  [19:21:20.946] Format host information updated
Info 332  [19:21:21.019] Format host information updated
Info 333  [19:21:21.122] Format host information updated
Info 334  [19:21:30.413] Format host information updated
Info 335  [19:21:30.551] Format host information updated
Info 336  [19:21:30.681] Format host information updated
Info 337  [19:21:30.854] Format host information updated
Info 338  [19:21:31.036] Format host information updated
Info 339  [19:21:40.792] Format host information updated
Info 340  [19:21:42.289] Format host information updated
Info 341  [19:21:42.432] Format host information updated
Info 342  [19:21:42.634] Format host information updated
Info 343  [19:21:42.984] Format host information updated
Info 344  [19:21:43.097] Format host information updated
Info 345  [19:21:43.488] Format host information updated
Info 346  [19:21:43.672] Format host information updated
Info 347  [19:21:45.467] Format host information updated
Info 348  [19:21:46.021] Format host information updated
Info 349  [19:21:46.355] Format host information updated
Info 350  [19:21:46.455] Format host information updated
Info 351  [19:21:46.555] Format host information updated
Info 352  [19:21:46.647] Format host information updated
Info 353  [19:21:46.801] Format host information updated
Info 354  [19:21:48.014] Format host information updated
Info 355  [19:21:48.235] Format host information updated
Info 356  [19:21:48.548] Format host information updated
Info 357  [19:21:48.706] Format host information updated
Info 358  [19:21:48.773] Format host information updated
Info 359  [19:21:48.876] Format host information updated
Info 360  [19:21:49.043] Format host information updated
Info 361  [19:21:49.415] Format host information updated
Info 362  [19:21:49.520] Format host information updated
Info 363  [19:21:49.729] Format host information updated
Info 364  [19:21:50.103] Format host information updated
Info 365  [19:21:50.199] Format host information updated
Info 366  [19:21:50.298] Format host information updated
Info 367  [19:21:51.959] Format host information updated
Info 368  [19:21:51.959] Format host information updated
Info 369  [19:21:51.959] Format host information updated
Info 370  [19:21:51.959] Format host information updated
Info 371  [19:21:51.960] Format host information updated
Info 372  [19:21:52.022] Format host information updated
Info 373  [19:22:07.471] Format host information updated
Info 374  [19:22:07.859] Format host information updated
Info 375  [19:22:07.991] Format host information updated
Info 376  [19:22:08.156] Format host information updated
Info 377  [19:22:08.235] Format host information updated
Info 378  [19:22:08.312] Format host information updated
Info 379  [19:22:10.711] Format host information updated
Info 380  [19:22:11.387] Format host information updated
Info 381  [19:22:11.498] Format host information updated
Info 382  [19:22:11.639] Format host information updated
Info 383  [19:22:11.986] Format host information updated
Info 384  [19:22:12.116] Format host information updated
Info 385  [19:22:15.012] Format host information updated
Info 386  [19:22:15.012] Format host information updated
Info 387  [19:22:15.013] Format host information updated
Info 388  [19:24:37.004] Format host information updated
Info 389  [19:24:37.187] Format host information updated
Info 390  [19:24:37.409] Format host information updated
Info 391  [19:24:37.484] Format host information updated
Info 392  [19:24:37.560] Format host information updated
Info 393  [19:24:37.632] Format host information updated
Info 394  [19:24:37.701] Format host information updated
Info 395  [19:24:38.111] Format host information updated
Info 396  [19:24:38.241] Format host information updated
Info 397  [19:24:38.357] Format host information updated
Info 398  [19:24:38.912] Format host information updated
Info 399  [19:24:39.083] Format host information updated
Info 400  [19:24:39.140] Format host information updated
Info 401  [19:24:39.482] Format host information updated
Info 402  [19:24:40.642] Format host information updated
Info 403  [19:24:40.889] Format host information updated
Info 404  [19:24:41.876] Format host information updated
Info 405  [19:24:42.008] Format host information updated
Info 406  [19:24:42.067] Format host information updated
Info 407  [19:24:42.235] Format host information updated
Info 408  [19:24:42.332] Format host information updated
Info 409  [19:24:42.392] Format host information updated
Info 410  [19:24:42.454] Format host information updated
Info 411  [19:24:43.349] Format host information updated
Info 412  [19:24:43.458] Format host information updated
Info 413  [19:24:43.634] Format host information updated
Info 414  [19:24:43.731] Format host information updated
Info 415  [19:24:43.801] Format host information updated
Info 416  [19:24:44.686] Format host information updated
Info 417  [19:24:44.970] Format host information updated
Info 418  [19:24:45.099] Format host information updated
Info 419  [19:24:45.155] Format host information updated
Info 420  [19:24:45.312] Format host information updated
Info 421  [19:24:45.566] Format host information updated
Info 422  [19:24:45.639] Format host information updated
Info 423  [19:24:45.711] Format host information updated
Info 424  [19:24:45.796] Format host information updated
Info 425  [19:24:45.951] Format host information updated
Info 426  [19:24:46.008] Format host information updated
Info 427  [19:24:46.196] Format host information updated
Info 428  [19:24:46.261] Format host information updated
Info 429  [19:24:50.035] Format host information updated
Info 430  [19:24:50.151] Format host information updated
Info 431  [19:24:51.561] Format host information updated
Info 432  [19:24:52.147] Format host information updated
Info 433  [19:24:52.365] Format host information updated
Info 434  [19:24:52.533] Format host information updated
Info 435  [19:24:52.839] Format host information updated
Info 436  [19:24:53.290] Format host information updated
Info 437  [19:24:53.551] Format host information updated
Info 438  [19:24:53.708] Format host information updated
Info 439  [19:24:53.772] Format host information updated
Info 440  [19:24:53.941] Format host information updated
Info 441  [19:24:54.025] Format host information updated
Info 442  [19:24:54.126] Format host information updated
Info 443  [19:24:54.202] Format host information updated
Info 444  [19:24:54.609] Format host information updated
Info 445  [19:24:55.224] Format host information updated
Info 446  [19:24:55.490] Format host information updated
Info 447  [19:24:56.613] Format host information updated
Info 448  [19:24:57.598] Format host information updated
Info 449  [19:24:57.699] Format host information updated
Info 450  [19:24:58.011] Format host information updated
Info 451  [19:24:58.144] Format host information updated
Info 452  [19:24:58.200] Format host information updated
Info 453  [19:24:58.607] Format host information updated
Info 454  [19:24:58.668] Format host information updated
Info 455  [19:25:04.349] Format host information updated
Info 456  [19:25:04.452] Format host information updated
Info 457  [19:25:04.666] Format host information updated
Info 458  [19:25:04.787] Format host information updated
Info 459  [19:25:04.951] Format host information updated
Info 460  [19:25:05.050] Format host information updated
Info 461  [19:25:05.206] Format host information updated
Info 462  [19:25:05.277] Format host information updated
Info 463  [19:25:05.517] Format host information updated
Info 464  [19:25:05.582] Format host information updated
Info 465  [19:25:05.651] Format host information updated
Info 466  [19:25:06.137] Format host information updated
Info 467  [19:25:06.322] Format host information updated
Info 468  [19:25:06.482] Format host information updated
Info 469  [19:25:06.540] Format host information updated
Info 470  [19:25:06.799] Format host information updated
Info 471  [19:25:06.964] Format host information updated
Info 472  [19:25:07.024] Format host information updated
Info 473  [19:25:07.154] Format host information updated
Info 474  [19:25:07.280] Format host information updated
Info 475  [19:25:07.354] Format host information updated
Info 476  [19:25:07.551] Format host information updated
Info 477  [19:25:07.608] Format host information updated
Info 478  [19:25:08.364] Format host information updated
Info 479  [19:25:08.515] Format host information updated
Info 480  [19:25:08.615] Format host information updated
Info 481  [19:25:08.835] Format host information updated
Info 482  [19:25:08.948] Format host information updated
Info 483  [19:25:09.004] Format host information updated
Info 484  [19:25:13.143] Format host information updated
Info 485  [19:25:13.420] Format host information updated
Info 486  [19:25:13.664] Format host information updated
Info 487  [19:25:13.868] Format host information updated
Info 488  [19:25:14.029] Format host information updated
Info 489  [19:25:14.139] Format host information updated
Info 490  [19:25:14.248] Format host information updated
Info 491  [19:25:14.324] Format host information updated
Info 492  [19:25:14.448] Format host information updated
Info 493  [19:25:14.502] Format host information updated
Info 494  [19:25:14.764] Format host information updated
Info 495  [19:25:14.906] Format host information updated
Info 496  [19:25:15.078] Format host information updated
Info 497  [19:25:15.131] Format host information updated
Info 498  [19:25:15.852] Format host information updated
Info 499  [19:25:15.917] Format host information updated
Info 500  [19:25:16.039] Format host information updated
Info 501  [19:25:16.227] Format host information updated
Info 502  [19:25:16.335] Format host information updated
Info 503  [19:25:16.416] Format host information updated
Info 504  [19:25:16.801] Format host information updated
Info 505  [19:25:16.911] Format host information updated
Info 506  [19:25:17.353] Format host information updated
Info 507  [19:25:17.465] Format host information updated
Info 508  [19:25:17.639] Format host information updated
Info 509  [19:25:17.879] Format host information updated
Info 510  [19:25:17.939] Format host information updated
Info 511  [19:25:18.105] Format host information updated
Info 512  [19:25:18.253] Format host information updated
Info 513  [19:25:18.367] Format host information updated
Info 514  [19:25:18.497] Format host information updated
Info 515  [19:25:18.559] Format host information updated
Info 516  [19:25:18.728] Format host information updated
Info 517  [19:25:18.789] Format host information updated
Info 518  [19:25:19.001] Format host information updated
Info 519  [19:25:19.975] Format host information updated
Info 520  [19:25:21.004] Format host information updated
Info 521  [19:25:21.066] Format host information updated
Info 522  [19:25:21.166] Format host information updated
Info 523  [19:25:22.259] Format host information updated
Info 524  [19:25:22.799] Format host information updated
Info 525  [19:25:22.873] Format host information updated
Info 526  [19:25:22.955] Format host information updated
Info 527  [19:25:23.096] Format host information updated
Info 528  [19:25:23.602] Format host information updated
Info 529  [19:25:23.789] Format host information updated
Info 530  [19:25:24.529] Format host information updated
Info 531  [19:25:24.529] Format host information updated
Info 532  [19:25:24.531] Format host information updated
Info 533  [19:25:24.590] Format host information updated
Info 534  [19:25:25.049] Format host information updated
Info 535  [19:25:25.249] Format host information updated
Info 536  [19:25:25.581] Format host information updated
Info 537  [19:25:25.662] Format host information updated
Info 538  [19:25:25.854] Format host information updated
Info 539  [19:25:26.142] Format host information updated
Info 540  [19:25:26.330] Format host information updated
Info 541  [19:25:26.449] Format host information updated
Info 542  [19:25:26.623] Format host information updated
Info 543  [19:25:26.818] Format host information updated
Info 544  [19:25:26.887] Format host information updated
Info 545  [19:25:27.253] Format host information updated
Info 546  [19:25:28.519] Format host information updated
Info 547  [19:25:28.634] Format host information updated
Info 548  [19:25:28.731] Format host information updated
Info 549  [19:25:28.798] Format host information updated
Info 550  [19:25:28.911] Format host information updated
Info 551  [19:25:29.070] Format host information updated
Info 552  [19:25:29.183] Format host information updated
Info 553  [19:25:29.268] Format host information updated
Info 554  [19:25:29.395] Format host information updated
Info 555  [19:25:29.566] Format host information updated
Info 556  [19:25:29.669] Format host information updated
Info 557  [19:25:29.824] Format host information updated
Info 558  [19:25:29.936] Format host information updated
Info 559  [19:25:30.109] Format host information updated
Info 560  [19:25:30.206] Format host information updated
Info 561  [19:25:31.782] Format host information updated
Info 562  [19:25:32.249] Format host information updated
Info 563  [19:25:43.902] Format host information updated
Info 564  [19:25:44.133] Format host information updated
Info 565  [19:25:44.530] Format host information updated
Info 566  [19:25:44.648] Format host information updated
Info 567  [19:25:44.745] Format host information updated
Info 568  [19:25:44.813] Format host information updated
Info 569  [19:25:44.872] Format host information updated
Info 570  [19:25:45.092] Format host information updated
Info 571  [19:25:45.264] Format host information updated
Info 572  [19:25:45.325] Format host information updated
Info 573  [19:25:45.449] Format host information updated
Info 574  [19:25:45.643] Format host information updated
Info 575  [19:25:45.706] Format host information updated
Info 576  [19:25:46.096] Format host information updated
Info 577  [19:25:46.223] Format host information updated
Info 578  [19:25:46.362] Format host information updated
Info 579  [19:25:46.605] Format host information updated
Info 580  [19:25:46.766] Format host information updated
Info 581  [19:25:46.914] Format host information updated
Info 582  [19:25:47.166] Format host information updated
Info 583  [19:25:47.313] Format host information updated
Info 584  [19:25:47.466] Format host information updated
Info 585  [19:25:47.582] Format host information updated
Info 586  [19:25:47.802] Format host information updated
Info 587  [19:25:47.939] Format host information updated
Info 588  [19:25:48.064] Format host information updated
Info 589  [19:25:48.148] Format host information updated
Info 590  [19:25:48.237] Format host information updated
Info 591  [19:25:48.291] Format host information updated
Info 592  [19:25:48.382] Format host information updated
Info 593  [19:25:48.697] Format host information updated
Info 594  [19:25:49.065] Format host information updated
Info 595  [19:25:49.143] Format host information updated
Info 596  [19:25:49.319] Format host information updated
Info 597  [19:25:49.373] Format host information updated
Info 598  [19:25:49.482] Format host information updated
Info 599  [19:25:49.733] Format host information updated
Info 600  [19:25:49.793] Format host information updated
Info 601  [19:25:49.861] Format host information updated
Info 602  [19:25:49.943] Format host information updated
Info 603  [19:25:50.212] Format host information updated
Info 604  [19:25:50.298] Format host information updated
Info 605  [19:25:50.375] Format host information updated
Info 606  [19:25:50.460] Format host information updated
Info 607  [19:25:50.590] Format host information updated
Info 608  [19:25:50.747] Format host information updated
Info 609  [19:25:50.801] Format host information updated
Info 610  [19:25:51.108] Format host information updated
Info 611  [19:25:51.274] Format host information updated
Info 612  [19:25:51.377] Format host information updated
Info 613  [19:25:51.541] Format host information updated
Info 614  [19:25:51.714] Format host information updated
Info 615  [19:25:51.940] Format host information updated
Info 616  [19:25:52.004] Format host information updated
Info 617  [19:25:52.585] Format host information updated
Info 618  [19:25:52.804] Format host information updated
Info 619  [19:25:53.130] Format host information updated
Info 620  [19:25:53.402] Format host information updated
Info 621  [19:25:53.846] Format host information updated
Info 622  [19:25:54.128] Format host information updated
Info 623  [19:25:54.762] Format host information updated
Info 624  [19:25:54.845] Format host information updated
Info 625  [19:25:55.075] Format host information updated
Info 626  [19:25:55.238] Format host information updated
Info 627  [19:25:55.340] Format host information updated
Info 628  [19:25:55.544] Format host information updated
Info 629  [19:25:56.307] Format host information updated
Info 630  [19:25:56.379] Format host information updated
Info 631  [19:25:56.455] Format host information updated
Info 632  [19:25:57.205] Format host information updated
Info 633  [19:25:57.377] Format host information updated
Info 634  [19:25:57.722] Format host information updated
Info 635  [19:25:58.019] Format host information updated
Info 636  [19:25:58.592] Format host information updated
Info 637  [19:25:58.652] Format host information updated
Info 638  [19:25:58.713] Format host information updated
Info 639  [19:25:58.776] Format host information updated
Info 640  [19:25:58.882] Format host information updated
Info 641  [19:25:58.938] Format host information updated
Info 642  [19:25:59.081] Format host information updated
Info 643  [19:25:59.225] Format host information updated
Info 644  [19:25:59.342] Format host information updated
Info 645  [19:25:59.513] Format host information updated
Info 646  [19:25:59.573] Format host information updated
Info 647  [19:25:59.718] Format host information updated
Info 648  [19:25:59.810] Format host information updated
Info 649  [19:25:59.941] Format host information updated
Info 650  [19:26:00.064] Format host information updated
Info 651  [19:26:03.216] Format host information updated
Info 652  [19:26:03.308] Format host information updated
Info 653  [19:26:04.283] Format host information updated
Info 654  [19:26:04.817] Format host information updated
Info 655  [19:26:04.883] Format host information updated
Info 656  [19:26:04.991] Format host information updated
Info 657  [19:26:05.130] Format host information updated
Info 658  [19:26:05.195] Format host information updated
Info 659  [19:26:05.766] Format host information updated
Info 660  [19:26:05.897] Format host information updated
Info 661  [19:26:06.016] Format host information updated
Info 662  [19:26:06.086] Format host information updated
Info 663  [19:26:06.623] Format host information updated
Info 664  [19:26:07.316] Format host information updated
Info 665  [19:26:07.316] Format host information updated
Info 666  [19:26:07.317] Format host information updated
Info 667  [19:26:07.791] Format host information updated
Info 668  [19:26:08.106] Format host information updated
Info 669  [19:26:08.168] Format host information updated
Info 670  [19:26:08.867] Format host information updated
Info 671  [19:26:08.923] Format host information updated
Info 672  [19:26:08.995] Format host information updated
Info 673  [19:26:09.110] Format host information updated
Info 674  [19:26:09.298] Format host information updated
Info 675  [19:26:09.538] Format host information updated
Info 676  [19:26:09.740] Format host information updated
Info 677  [19:26:10.610] Format host information updated
Info 678  [19:26:10.749] Format host information updated
Info 679  [19:26:10.810] Format host information updated
Info 680  [19:26:11.722] Format host information updated
Info 681  [19:26:11.862] Format host information updated
Info 682  [19:26:11.922] Format host information updated
Info 683  [19:26:13.846] Format host information updated
Info 684  [19:26:14.194] Format host information updated
Info 685  [19:26:14.407] Format host information updated
Info 686  [19:26:14.519] Format host information updated
Info 687  [19:26:14.616] Format host information updated
Info 688  [19:26:14.682] Format host information updated
Info 689  [19:26:14.785] Format host information updated
Info 690  [19:26:14.848] Format host information updated
Info 691  [19:26:14.910] Format host information updated
Info 692  [19:26:15.056] Format host information updated
Info 693  [19:26:15.109] Format host information updated
Info 694  [19:26:15.310] Format host information updated
Info 695  [19:26:15.451] Format host information updated
Info 696  [19:26:15.552] Format host information updated
Info 697  [19:26:15.615] Format host information updated
Info 698  [19:26:15.967] Format host information updated
Info 699  [19:26:16.088] Format host information updated
Info 700  [19:26:16.800] Format host information updated
Info 701  [19:26:16.800] Format host information updated
Info 702  [19:26:16.802] Format host information updated
Info 703  [19:26:17.491] Format host information updated
Info 704  [19:26:17.591] Format host information updated
Info 705  [19:26:17.665] Format host information updated
Info 706  [19:26:17.808] Format host information updated
Info 707  [19:26:17.898] Format host information updated
Info 708  [19:26:18.367] Format host information updated
Info 709  [19:26:18.446] Format host information updated
Info 710  [19:26:18.546] Format host information updated
Info 711  [19:26:18.603] Format host information updated
Info 712  [19:26:18.680] Format host information updated
Info 713  [19:26:18.842] Format host information updated
Info 714  [19:26:19.051] Format host information updated
Info 715  [19:26:19.292] Format host information updated
Info 716  [19:26:20.030] Format host information updated
Info 717  [19:26:20.173] Format host information updated
Info 718  [19:26:20.296] Format host information updated
Info 719  [19:26:20.368] Format host information updated
Info 720  [19:26:20.470] Format host information updated
Info 721  [19:26:20.734] Format host information updated
Info 722  [19:26:21.366] Format host information updated
Info 723  [19:26:22.577] Format host information updated
Info 724  [19:26:23.450] Format host information updated
Info 725  [19:26:24.811] Format host information updated
Info 726  [19:26:24.965] Format host information updated
Info 727  [19:26:25.669] Format host information updated
Info 728  [19:26:29.090] Format host information updated
Info 729  [19:26:29.272] Format host information updated
Info 730  [19:26:29.422] Format host information updated
Info 731  [19:26:29.477] Format host information updated
Info 732  [19:26:30.360] Format host information updated
Info 733  [19:26:30.427] Format host information updated
Info 734  [19:26:30.560] Format host information updated
Info 735  [19:26:30.629] Format host information updated
Info 736  [19:26:30.757] Format host information updated
Info 737  [19:26:30.812] Format host information updated
Info 738  [19:26:35.434] Format host information updated
Info 739  [19:26:35.542] Format host information updated
Info 740  [19:26:35.655] Format host information updated
Info 741  [19:26:37.742] Format host information updated
Info 742  [19:26:38.038] Format host information updated
Info 743  [19:26:38.110] Format host information updated
Info 744  [19:26:38.212] Format host information updated
Info 745  [19:26:38.339] Format host information updated
Info 746  [19:26:38.838] Format host information updated
Info 747  [19:26:38.975] Format host information updated
Info 748  [19:26:39.102] Format host information updated
Info 749  [19:26:39.236] Format host information updated
Info 750  [19:26:39.477] Format host information updated
Info 751  [19:26:39.660] Format host information updated
Info 752  [19:26:39.718] Format host information updated
Info 753  [19:26:39.899] Format host information updated
Info 754  [19:26:40.107] Format host information updated
Info 755  [19:26:40.227] Format host information updated
Info 756  [19:26:40.293] Format host information updated
Info 757  [19:26:40.365] Format host information updated
Info 758  [19:26:40.560] Format host information updated
Info 759  [19:26:40.630] Format host information updated
Info 760  [19:26:41.085] Format host information updated
Info 761  [19:26:41.152] Format host information updated
Info 762  [19:26:41.290] Format host information updated
Info 763  [19:26:41.356] Format host information updated
Info 764  [19:26:41.437] Format host information updated
Info 765  [19:26:41.609] Format host information updated
Info 766  [19:26:41.762] Format host information updated
Info 767  [19:26:43.034] Format host information updated
Info 768  [19:26:43.106] Format host information updated
Info 769  [19:26:43.175] Format host information updated
Info 770  [19:26:43.397] Format host information updated
Info 771  [19:26:43.591] Format host information updated
Info 772  [19:26:43.700] Format host information updated
Info 773  [19:26:43.792] Format host information updated
Info 774  [19:26:43.851] Format host information updated
Info 775  [19:26:44.005] Format host information updated
Info 776  [19:26:44.071] Format host information updated
Info 777  [19:26:44.182] Format host information updated
Info 778  [19:26:44.282] Format host information updated
Info 779  [19:26:45.152] Format host information updated
Info 780  [19:26:45.219] Format host information updated
Info 781  [19:26:45.281] Format host information updated
Info 782  [19:26:45.403] Format host information updated
Info 783  [19:26:45.456] Format host information updated
Info 784  [19:26:45.927] Format host information updated
Info 785  [19:26:46.053] Format host information updated
Info 786  [19:26:46.131] Format host information updated
Info 787  [19:26:46.203] Format host information updated
Info 788  [19:26:46.304] Format host information updated
Info 789  [19:26:46.374] Format host information updated
Info 790  [19:26:46.904] Format host information updated
Info 791  [19:26:47.727] Format host information updated
Info 792  [19:26:47.792] Format host information updated
Info 793  [19:26:47.896] Format host information updated
Info 794  [19:26:47.958] Format host information updated
Info 795  [19:26:48.029] Format host information updated
Info 796  [19:26:48.582] Format host information updated
Info 797  [19:26:48.714] Format host information updated
Info 798  [19:26:48.855] Format host information updated
Info 799  [19:26:48.978] Format host information updated
Info 800  [19:26:49.129] Format host information updated
Info 801  [19:26:49.271] Format host information updated
Info 802  [19:26:49.417] Format host information updated
Info 803  [19:26:49.473] Format host information updated
Info 804  [19:26:49.877] Format host information updated
Info 805  [19:26:49.941] Format host information updated
Info 806  [19:26:50.082] Format host information updated
Info 807  [19:26:50.157] Format host information updated
Info 808  [19:26:50.217] Format host information updated
Info 809  [19:26:50.593] Format host information updated
Info 810  [19:26:51.348] Format host information updated
Info 811  [19:26:51.349] Format host information updated
Info 812  [19:26:51.350] Format host information updated
Info 813  [19:26:51.415] Format host information updated
Info 814  [19:26:52.157] Format host information updated
Info 815  [19:26:52.236] Format host information updated
Info 816  [19:26:52.359] Format host information updated
Info 817  [19:26:52.426] Format host information updated
Info 818  [19:26:52.538] Format host information updated
Info 819  [19:26:52.622] Format host information updated
Info 820  [19:26:53.452] Format host information updated
Info 821  [19:26:53.546] Format host information updated
Info 822  [19:26:53.699] Format host information updated
Info 823  [19:26:53.892] Format host information updated
Info 824  [19:26:53.951] Format host information updated
Info 825  [19:26:54.047] Format host information updated
Info 826  [19:26:54.172] Format host information updated
Info 827  [19:26:54.358] Format host information updated
Info 828  [19:26:54.446] Format host information updated
Info 829  [19:26:54.601] Format host information updated
Info 830  [19:26:54.771] Format host information updated
Info 831  [19:26:54.837] Format host information updated
Info 832  [19:26:55.272] Format host information updated
Info 833  [19:26:55.405] Format host information updated
Info 834  [19:26:55.469] Format host information updated
Info 835  [19:26:56.391] Format host information updated
Info 836  [19:26:56.995] Format host information updated
Info 837  [19:26:58.018] Format host information updated
Info 838  [19:26:58.623] Format host information updated
Info 839  [19:26:58.774] Format host information updated
Info 840  [19:26:59.407] Format host information updated
Info 841  [19:26:59.598] Format host information updated
Info 842  [19:26:59.729] Format host information updated
Info 843  [19:26:59.912] Format host information updated
Info 844  [19:27:00.010] Format host information updated
Info 845  [19:27:00.222] Format host information updated
Info 846  [19:27:00.295] Format host information updated
Info 847  [19:27:00.485] Format host information updated
Info 848  [19:27:00.542] Format host information updated
Info 849  [19:27:00.614] Format host information updated
Info 850  [19:27:00.825] Format host information updated
Info 851  [19:27:00.940] Format host information updated
Info 852  [19:27:00.998] Format host information updated
Info 853  [19:27:01.099] Format host information updated
Info 854  [19:27:02.019] Format host information updated
Info 855  [19:27:02.099] Format host information updated
Info 856  [19:27:02.630] Format host information updated
