Info 0    [10:46:59.903] Starting TS Server
Info 1    [10:46:59.903] Version: 5.2.2
Info 2    [10:46:59.903] Arguments: /home/orion/.asdf/installs/node/20.2.0/bin/node /home/orion/.asdf/installs/node/20.2.0/lib/node_modules/typescript/lib/tsserver.js --serverMode partialSemantic --useInferredProjectPerProjectRoot --disableAutomaticTypingAcquisition --cancellationPipeName /tmp/fb355fa5e3701e219e21a8a1e2381140/tscancellation* --logVerbosity normal --logFile /home/orion/src/purescript-puppeteer/.log/tsserver-log-8AoFuo/tsserver.log --locale en --validateDefaultNpmLocation --useNodeIpc
Info 3    [10:46:59.903] Platform: linux NodeVersion: v20.2.0 CaseSensitive: true
Info 4    [10:46:59.903] ServerMode: 1 hasUnknownServerMode: undefined
Info 5    [10:46:59.908] Format host information updated
Info 6    [10:46:59.912] Starting updateGraphWorker: Project: /dev/null/inferredProject1*
Info 7    [10:47:00.221] Finishing updateGraphWorker: Project: /dev/null/inferredProject1* Version: 1 structureChanged: true structureIsReused:: Not Elapsed: 309.1132279932499ms
Info 8    [10:47:00.221] Project '/dev/null/inferredProject1*' (Inferred)
Info 9    [10:47:00.222] 	Files (8)

Info 10   [10:47:00.222] -----------------------------------------------
Info 11   [10:47:00.222] Project '/dev/null/inferredProject1*' (Inferred)
Info 11   [10:47:00.222] 	Files (8)

Info 11   [10:47:00.222] -----------------------------------------------
Info 11   [10:47:00.222] Open files: 
Info 11   [10:47:00.222] 	FileName: /home/orion/src/purescript-puppeteer/src/Puppeteer.Page.Emulate.js ProjectRootPath: /home/orion/src/purescript-puppeteer
Info 11   [10:47:00.222] 		Projects: /dev/null/inferredProject1*
Info 11   [10:47:00.222] Format host information updated
Info 12   [10:47:00.224] Format host information updated
Info 13   [10:47:00.224] Format host information updated
Info 14   [10:47:00.278] Format host information updated
Info 15   [10:47:00.564] Format host information updated
Info 16   [10:47:01.116] Format host information updated
Info 17   [10:47:01.325] Format host information updated
Info 18   [10:47:04.860] Format host information updated
Info 19   [10:47:05.086] Format host information updated
Info 20   [10:47:05.278] Format host information updated
Info 21   [10:47:05.336] Format host information updated
Info 22   [10:47:05.407] Format host information updated
Info 23   [10:47:05.505] Format host information updated
Info 24   [10:47:05.563] Format host information updated
Info 25   [10:47:05.681] Format host information updated
Info 26   [10:47:05.992] Format host information updated
Info 27   [10:47:06.074] Format host information updated
Info 28   [10:47:06.216] Format host information updated
Info 29   [10:47:06.277] Format host information updated
Info 30   [10:47:11.071] Format host information updated
Info 31   [10:47:11.930] Format host information updated
Info 32   [10:47:13.063] Format host information updated
Info 33   [10:47:14.162] Format host information updated
Info 34   [10:47:14.409] Format host information updated
Info 35   [10:47:14.553] Format host information updated
Info 36   [10:47:16.320] Format host information updated
Info 37   [10:47:16.527] Format host information updated
Info 38   [10:47:16.798] Format host information updated
Info 39   [10:47:19.190] Format host information updated
Info 40   [10:47:19.927] Format host information updated
Info 41   [10:47:20.201] Format host information updated
Info 42   [10:47:20.402] Format host information updated
Info 43   [10:47:20.467] Format host information updated
Info 44   [10:47:20.829] Format host information updated
Info 45   [10:47:21.226] Format host information updated
Info 46   [10:47:21.329] Format host information updated
Info 47   [10:47:21.413] Format host information updated
Info 48   [10:47:21.602] Format host information updated
Info 49   [10:47:24.263] Format host information updated
Info 50   [10:47:27.009] Format host information updated
Info 51   [10:47:29.237] Format host information updated
Info 52   [10:47:29.951] Format host information updated
Info 53   [10:47:30.953] Format host information updated
Info 54   [10:47:32.333] Format host information updated
Info 55   [10:47:39.255] Format host information updated
Info 56   [10:47:39.472] Format host information updated
Info 57   [10:47:39.821] Format host information updated
Info 58   [10:47:40.143] Format host information updated
Info 59   [10:47:40.659] Format host information updated
Info 60   [10:47:41.430] Format host information updated
Info 61   [10:47:42.238] Format host information updated
Info 62   [10:47:43.927] Format host information updated
Info 63   [10:47:45.946] Format host information updated
Info 64   [10:47:46.463] Format host information updated
Info 65   [10:47:47.512] Format host information updated
Info 66   [10:47:51.130] Format host information updated
Info 67   [10:47:54.043] Format host information updated
Info 68   [10:47:56.520] Format host information updated
Info 69   [10:47:59.028] Format host information updated
Info 70   [10:48:01.115] Format host information updated
Info 71   [10:48:03.685] Format host information updated
Info 72   [10:48:10.302] Format host information updated
Info 73   [10:48:10.657] Format host information updated
Info 74   [10:48:10.853] Format host information updated
Info 75   [10:48:11.192] Format host information updated
Info 76   [10:48:11.357] Format host information updated
Info 77   [10:48:12.270] Format host information updated
Info 78   [10:48:18.673] Format host information updated
Info 79   [10:48:19.274] Format host information updated
Info 80   [10:48:19.496] Format host information updated
Info 81   [10:48:19.792] Format host information updated
Info 82   [10:48:19.955] Format host information updated
Info 83   [10:48:20.765] Format host information updated
Info 84   [10:48:25.052] Format host information updated
Info 85   [10:48:25.286] Format host information updated
Info 86   [10:48:25.427] Format host information updated
Info 87   [10:48:25.497] Format host information updated
Info 88   [10:48:25.658] Format host information updated
Info 89   [10:48:25.783] Format host information updated
Info 90   [10:48:25.915] Format host information updated
Info 91   [10:48:26.093] Format host information updated
Info 92   [10:48:26.318] Format host information updated
Info 93   [10:48:26.396] Format host information updated
Info 94   [10:48:26.550] Format host information updated
Info 95   [10:48:26.719] Format host information updated
Info 96   [10:48:29.345] Format host information updated
Info 97   [10:48:29.442] Format host information updated
Info 98   [10:48:29.923] Format host information updated
Info 99   [10:48:30.203] Format host information updated
Info 100  [10:48:30.567] Format host information updated
Info 101  [10:48:31.052] Format host information updated
Info 102  [10:48:31.257] Format host information updated
Info 103  [10:48:31.476] Format host information updated
Info 104  [10:48:31.721] Format host information updated
Info 105  [10:48:31.836] Format host information updated
Info 106  [10:48:32.046] Format host information updated
Info 107  [10:48:32.300] Format host information updated
Info 108  [10:48:32.391] Format host information updated
Info 109  [10:48:32.537] Format host information updated
Info 110  [10:48:32.643] Format host information updated
Info 111  [10:48:32.851] Format host information updated
Info 112  [10:48:32.951] Format host information updated
Info 113  [10:48:33.311] Format host information updated
Info 114  [10:48:33.546] Format host information updated
Info 115  [10:48:34.305] Format host information updated
Info 116  [10:48:34.383] Format host information updated
Info 117  [10:48:34.444] Format host information updated
Info 118  [10:48:35.211] Format host information updated
Info 119  [10:48:35.381] Format host information updated
Info 120  [10:48:35.701] Format host information updated
Info 121  [10:48:35.886] Format host information updated
Info 122  [10:48:36.060] Format host information updated
Info 123  [10:48:36.489] Format host information updated
Info 124  [10:48:36.588] Format host information updated
Info 125  [10:48:36.747] Format host information updated
Info 126  [10:48:36.838] Format host information updated
Info 127  [10:48:36.931] Format host information updated
Info 128  [10:48:37.117] Format host information updated
Info 129  [10:48:37.655] Format host information updated
Info 130  [10:48:37.655] Format host information updated
Info 131  [10:48:37.656] Format host information updated
Info 132  [10:48:41.541] Format host information updated
Info 133  [10:48:44.355] Format host information updated
Info 134  [10:48:44.491] Format host information updated
Info 135  [10:48:44.600] Format host information updated
Info 136  [10:48:44.696] Format host information updated
Info 137  [10:48:44.838] Format host information updated
Info 138  [10:48:44.894] Format host information updated
Info 139  [10:48:45.955] Format host information updated
Info 140  [10:48:46.641] Format host information updated
Info 141  [10:48:49.117] Format host information updated
Info 142  [10:48:50.083] Format host information updated
Info 143  [10:48:51.357] Format host information updated
Info 144  [10:48:54.028] Format host information updated
Info 145  [10:48:55.169] Format host information updated
Info 146  [10:56:45.972] Format host information updated
Info 147  [10:56:46.060] Format host information updated
Info 148  [10:56:46.173] Format host information updated
Info 149  [10:56:46.617] Format host information updated
Info 150  [10:56:47.626] Format host information updated
Info 151  [10:56:47.716] Format host information updated
Info 152  [10:56:47.929] Format host information updated
Info 153  [10:56:48.150] Format host information updated
Info 154  [10:56:48.360] Format host information updated
Info 155  [10:56:48.616] Format host information updated
Info 156  [10:56:48.793] Format host information updated
Info 157  [10:56:48.977] Format host information updated
Info 158  [10:56:49.081] Format host information updated
Info 159  [10:56:49.254] Format host information updated
Info 160  [10:56:49.853] Format host information updated
Info 161  [10:56:49.854] Format host information updated
Info 162  [10:56:49.855] Format host information updated
Info 163  [10:56:49.915] Format host information updated
Info 164  [10:56:50.258] Format host information updated
Info 165  [10:56:50.622] Format host information updated
Info 166  [10:56:50.790] Format host information updated
Info 167  [10:56:51.019] Format host information updated
Info 168  [10:56:51.123] Format host information updated
Info 169  [10:56:51.647] Format host information updated
Info 170  [10:56:51.847] Format host information updated
Info 171  [10:56:51.944] Format host information updated
Info 172  [10:56:52.050] Format host information updated
Info 173  [10:56:52.171] Format host information updated
Info 174  [10:56:52.351] Format host information updated
Info 175  [10:56:52.409] Format host information updated
Info 176  [10:56:52.641] Format host information updated
Info 177  [10:56:52.802] Format host information updated
Info 178  [10:56:52.874] Format host information updated
Info 179  [10:56:53.096] Format host information updated
Info 180  [10:56:53.606] Format host information updated
Info 181  [10:56:53.675] Format host information updated
Info 182  [10:56:53.947] Format host information updated
Info 183  [10:56:54.276] Format host information updated
Info 184  [10:56:54.410] Format host information updated
Info 185  [10:56:54.531] Format host information updated
Info 186  [10:56:59.683] Format host information updated
Info 187  [10:56:59.683] Format host information updated
Info 188  [10:56:59.683] Format host information updated
Info 189  [10:56:59.683] Format host information updated
Info 190  [10:56:59.683] Format host information updated
Info 191  [10:56:59.684] Format host information updated
Info 192  [10:56:59.684] Format host information updated
Info 193  [10:56:59.684] Format host information updated
Info 194  [10:56:59.684] Format host information updated
Info 195  [10:56:59.684] Format host information updated
Info 196  [10:56:59.684] Format host information updated
Info 197  [10:56:59.684] Format host information updated
Info 198  [10:56:59.684] Format host information updated
Info 199  [10:56:59.685] Format host information updated
Info 200  [10:56:59.685] Format host information updated
Info 201  [10:57:00.387] Format host information updated
Info 202  [10:57:00.598] Format host information updated
Info 203  [10:57:00.665] Format host information updated
Info 204  [10:57:00.917] Format host information updated
Info 205  [10:57:02.277] Format host information updated
Info 206  [10:57:02.525] Format host information updated
Info 207  [10:57:02.850] Format host information updated
Info 208  [10:57:16.261] Format host information updated
Info 209  [10:57:16.919] Format host information updated
Info 210  [10:57:17.362] Format host information updated
Info 211  [10:57:17.591] Format host information updated
Info 212  [10:57:17.764] Format host information updated
Info 213  [10:57:17.822] Format host information updated
Info 214  [10:57:17.923] Format host information updated
Info 215  [10:57:17.992] Format host information updated
Info 216  [10:57:18.051] Format host information updated
Info 217  [10:57:18.368] Format host information updated
Info 218  [10:57:18.430] Format host information updated
Info 219  [10:57:18.564] Format host information updated
Info 220  [10:57:18.863] Format host information updated
Info 221  [10:57:19.469] Format host information updated
Info 222  [10:57:19.648] Format host information updated
Info 223  [10:57:19.792] Format host information updated
Info 224  [10:57:19.914] Format host information updated
Info 225  [10:57:19.981] Format host information updated
Info 226  [10:57:20.102] Format host information updated
Info 227  [10:57:20.262] Format host information updated
Info 228  [10:57:20.331] Format host information updated
Info 229  [10:57:20.709] Format host information updated
Info 230  [10:57:21.049] Format host information updated
Info 231  [10:57:21.133] Format host information updated
Info 232  [10:57:21.305] Format host information updated
Info 233  [10:57:21.479] Format host information updated
Info 234  [10:57:21.976] Format host information updated
Info 235  [10:57:21.976] Format host information updated
Info 236  [10:57:21.977] Format host information updated
Info 237  [10:57:23.884] Format host information updated
Info 238  [10:57:24.030] Format host information updated
Info 239  [10:57:24.106] Format host information updated
Info 240  [10:57:24.880] Format host information updated
Info 241  [10:57:24.880] Format host information updated
Info 242  [10:57:24.882] Format host information updated
Info 243  [10:57:25.284] Format host information updated
Info 244  [10:57:29.627] Format host information updated
Info 245  [10:57:29.832] Format host information updated
Info 246  [10:57:29.993] Format host information updated
Info 247  [10:57:30.077] Format host information updated
Info 248  [10:57:30.157] Format host information updated
Info 249  [10:57:30.317] Format host information updated
Info 250  [10:57:30.644] Format host information updated
Info 251  [10:57:30.644] Format host information updated
Info 252  [10:57:30.645] Format host information updated
Info 253  [10:57:31.042] Format host information updated
Info 254  [10:57:31.197] Format host information updated
Info 255  [10:57:31.387] Format host information updated
Info 256  [10:57:31.520] Format host information updated
Info 257  [10:57:31.520] Format host information updated
Info 258  [10:57:31.521] Format host information updated
Info 259  [10:57:32.217] Format host information updated
Info 260  [10:57:32.552] Format host information updated
Info 261  [10:57:33.056] Format host information updated
Info 262  [10:57:35.666] Format host information updated
Info 263  [10:57:37.912] Format host information updated
Info 264  [10:57:38.194] Format host information updated
Info 265  [10:57:38.317] Format host information updated
Info 266  [10:57:40.771] Format host information updated
Info 267  [10:57:41.234] Format host information updated
Info 268  [10:57:41.388] Format host information updated
Info 269  [10:57:41.455] Format host information updated
Info 270  [10:57:41.902] Format host information updated
Info 271  [10:57:41.993] Format host information updated
Info 272  [10:57:42.192] Format host information updated
Info 273  [10:57:43.270] Format host information updated
Info 274  [10:57:43.367] Format host information updated
Info 275  [10:57:43.581] Format host information updated
Info 276  [10:57:44.080] Format host information updated
Info 277  [10:57:44.081] Format host information updated
Info 278  [10:57:44.082] Format host information updated
Info 279  [10:57:47.979] Format host information updated
Info 280  [10:57:48.660] Format host information updated
Info 281  [10:57:49.035] Format host information updated
Info 282  [10:57:49.349] Format host information updated
Info 283  [10:57:49.444] Format host information updated
Info 284  [10:57:49.521] Format host information updated
Info 285  [10:57:49.596] Format host information updated
Info 286  [10:57:50.378] Format host information updated
Info 287  [10:57:51.038] Format host information updated
Info 288  [10:58:03.034] Format host information updated
Info 289  [10:58:14.541] Format host information updated
Info 290  [10:58:14.630] Format host information updated
Info 291  [10:58:14.864] Format host information updated
Info 292  [10:58:14.978] Format host information updated
Info 293  [10:58:15.166] Format host information updated
Info 294  [10:58:15.270] Format host information updated
Info 295  [10:58:15.420] Format host information updated
Info 296  [10:58:15.481] Format host information updated
Info 297  [10:58:16.193] Format host information updated
Info 298  [10:58:16.194] Format host information updated
Info 299  [10:58:16.195] Format host information updated
Info 300  [10:58:16.498] Format host information updated
Info 301  [10:58:16.827] Format host information updated
Info 302  [10:58:16.903] Format host information updated
Info 303  [10:58:17.198] Format host information updated
Info 304  [10:58:17.324] Format host information updated
Info 305  [10:58:17.442] Format host information updated
Info 306  [10:58:17.502] Format host information updated
Info 307  [10:58:17.764] Format host information updated
Info 308  [10:58:17.895] Format host information updated
Info 309  [10:58:18.187] Format host information updated
Info 310  [10:58:18.336] Format host information updated
Info 311  [10:58:18.439] Format host information updated
Info 312  [10:58:18.515] Format host information updated
Info 313  [10:58:18.701] Format host information updated
Info 314  [10:58:18.776] Format host information updated
Info 315  [10:58:19.320] Format host information updated
Info 316  [10:58:19.484] Format host information updated
Info 317  [10:58:19.614] Format host information updated
Info 318  [10:58:19.788] Format host information updated
Info 319  [10:58:19.911] Format host information updated
Info 320  [10:58:20.139] Format host information updated
Info 321  [10:58:20.854] Format host information updated
Info 322  [10:58:20.940] Format host information updated
Info 323  [10:58:21.441] Format host information updated
Info 324  [10:58:41.542] Format host information updated
Info 325  [10:58:41.695] Format host information updated
Info 326  [10:58:41.765] Format host information updated
Info 327  [10:58:41.832] Format host information updated
Info 328  [10:58:41.975] Format host information updated
Info 329  [10:58:42.076] Format host information updated
Info 330  [10:58:42.191] Format host information updated
Info 331  [10:58:42.372] Format host information updated
Info 332  [10:58:42.687] Format host information updated
Info 333  [10:58:42.836] Format host information updated
Info 334  [10:58:43.442] Format host information updated
Info 335  [10:58:43.505] Format host information updated
Info 336  [10:58:43.678] Format host information updated
Info 337  [10:58:43.739] Format host information updated
Info 338  [10:58:43.827] Format host information updated
Info 339  [10:58:45.079] Format host information updated
Info 340  [10:58:45.217] Format host information updated
Info 341  [10:58:45.323] Format host information updated
Info 342  [10:58:45.554] Format host information updated
Info 343  [10:58:45.701] Format host information updated
Info 344  [10:58:45.809] Format host information updated
Info 345  [10:58:46.304] Format host information updated
Info 346  [10:58:46.524] Format host information updated
Info 347  [10:58:46.971] Format host information updated
Info 348  [10:58:47.062] Format host information updated
Info 349  [10:58:47.178] Format host information updated
Info 350  [10:58:47.246] Format host information updated
Info 351  [10:58:47.337] Format host information updated
Info 352  [10:58:47.684] Format host information updated
Info 353  [10:58:47.745] Format host information updated
Info 354  [10:58:47.837] Format host information updated
Info 355  [10:58:48.490] Format host information updated
Info 356  [10:58:48.490] Format host information updated
Info 357  [10:58:48.491] Format host information updated
Info 358  [10:58:48.988] Format host information updated
Info 359  [10:58:49.046] Format host information updated
Info 360  [10:58:57.985] Format host information updated
Info 361  [10:59:07.161] Format host information updated
Info 362  [10:59:07.235] Format host information updated
Info 363  [10:59:07.346] Format host information updated
Info 364  [10:59:08.042] Format host information updated
Info 365  [10:59:08.116] Format host information updated
Info 366  [10:59:08.353] Format host information updated
Info 367  [10:59:08.802] Format host information updated
Info 368  [10:59:08.905] Format host information updated
Info 369  [10:59:09.041] Format host information updated
Info 370  [10:59:09.311] Format host information updated
Info 371  [10:59:09.653] Format host information updated
Info 372  [10:59:09.824] Format host information updated
Info 373  [10:59:09.886] Format host information updated
Info 374  [10:59:10.401] Format host information updated
Info 375  [10:59:10.557] Format host information updated
Info 376  [10:59:11.164] Format host information updated
Info 377  [10:59:11.225] Format host information updated
Info 378  [10:59:11.521] Format host information updated
Info 379  [10:59:11.701] Format host information updated
Info 380  [10:59:12.436] Format host information updated
Info 381  [10:59:12.436] Format host information updated
Info 382  [10:59:12.437] Format host information updated
Info 383  [10:59:12.971] Format host information updated
Info 384  [10:59:13.058] Format host information updated
Info 385  [10:59:13.180] Format host information updated
Info 386  [10:59:13.477] Format host information updated
Info 387  [10:59:13.574] Format host information updated
Info 388  [10:59:13.788] Format host information updated
Info 389  [10:59:18.168] Format host information updated
Info 390  [10:59:19.224] Format host information updated
Info 391  [10:59:19.450] Format host information updated
Info 392  [10:59:19.610] Format host information updated
Info 393  [10:59:19.673] Format host information updated
Info 394  [10:59:19.790] Format host information updated
Info 395  [10:59:21.513] Format host information updated
Info 396  [10:59:22.022] Format host information updated
Info 397  [10:59:23.246] Format host information updated
Info 398  [10:59:23.348] Format host information updated
Info 399  [10:59:23.490] Format host information updated
Info 400  [10:59:23.749] Format host information updated
Info 401  [10:59:23.900] Format host information updated
Info 402  [10:59:24.042] Format host information updated
Info 403  [10:59:24.254] Format host information updated
Info 404  [10:59:24.313] Format host information updated
Info 405  [10:59:24.595] Format host information updated
Info 406  [10:59:24.669] Format host information updated
Info 407  [10:59:24.729] Format host information updated
Info 408  [10:59:24.976] Format host information updated
Info 409  [10:59:25.302] Format host information updated
Info 410  [10:59:26.610] Format host information updated
Info 411  [10:59:26.612] Format host information updated
Info 412  [10:59:26.741] Format host information updated
Info 413  [10:59:26.884] Format host information updated
Info 414  [10:59:27.013] Format host information updated
Info 415  [10:59:27.195] Format host information updated
Info 416  [10:59:27.394] Format host information updated
Info 417  [10:59:27.607] Format host information updated
Info 418  [10:59:27.873] Format host information updated
Info 419  [10:59:27.965] Format host information updated
Info 420  [10:59:28.352] Format host information updated
Info 421  [10:59:28.424] Format host information updated
Info 422  [10:59:28.560] Format host information updated
Info 423  [10:59:29.268] Format host information updated
Info 424  [10:59:29.268] Format host information updated
Info 425  [10:59:29.269] Format host information updated
Info 426  [10:59:29.502] Format host information updated
Info 427  [10:59:29.705] Format host information updated
Info 428  [10:59:29.762] Format host information updated
Info 429  [10:59:29.858] Format host information updated
Info 430  [10:59:30.119] Format host information updated
Info 431  [10:59:31.164] Format host information updated
Info 432  [10:59:32.207] Format host information updated
Info 433  [10:59:32.465] Format host information updated
Info 434  [10:59:32.588] Format host information updated
Info 435  [10:59:32.716] Format host information updated
Info 436  [10:59:32.792] Format host information updated
Info 437  [10:59:32.908] Format host information updated
Info 438  [10:59:34.589] Format host information updated
Info 439  [10:59:34.698] Format host information updated
Info 440  [10:59:34.797] Format host information updated
Info 441  [10:59:35.067] Format host information updated
Info 442  [10:59:35.417] Format host information updated
Info 443  [10:59:35.788] Format host information updated
Info 444  [10:59:36.127] Format host information updated
Info 445  [10:59:36.444] Format host information updated
Info 446  [10:59:36.504] Format host information updated
Info 447  [10:59:36.621] Format host information updated
Info 448  [10:59:36.710] Format host information updated
Info 449  [10:59:36.909] Format host information updated
Info 450  [10:59:36.974] Format host information updated
Info 451  [10:59:37.308] Format host information updated
Info 452  [10:59:37.560] Format host information updated
Info 453  [10:59:37.693] Format host information updated
Info 454  [10:59:37.934] Format host information updated
Info 455  [10:59:37.993] Format host information updated
Info 456  [10:59:38.250] Format host information updated
Info 457  [10:59:38.768] Format host information updated
Info 458  [10:59:38.938] Format host information updated
Info 459  [10:59:38.995] Format host information updated
Info 460  [10:59:39.057] Format host information updated
Info 461  [10:59:39.283] Format host information updated
Info 462  [10:59:39.511] Format host information updated
Info 463  [10:59:39.578] Format host information updated
Info 464  [10:59:40.127] Format host information updated
Info 465  [10:59:40.128] Format host information updated
Info 466  [10:59:40.129] Format host information updated
Info 467  [10:59:40.668] Format host information updated
Info 468  [10:59:40.966] Format host information updated
Info 469  [11:02:08.282] Starting updateGraphWorker: Project: /dev/null/inferredProject1*
Info 470  [11:02:08.290] Finishing updateGraphWorker: Project: /dev/null/inferredProject1* Version: 2 structureChanged: true structureIsReused:: Not Elapsed: 7.30375699698925ms
Info 471  [11:02:08.290] Project '/dev/null/inferredProject1*' (Inferred)
Info 472  [11:02:08.290] 	Files (9)

Info 473  [11:02:08.290] -----------------------------------------------
Info 474  [11:02:08.290] Project '/dev/null/inferredProject1*' (Inferred)
Info 474  [11:02:08.290] 	Files (9)

Info 474  [11:02:08.290] -----------------------------------------------
Info 474  [11:02:08.290] Open files: 
Info 474  [11:02:08.290] 	FileName: /home/orion/src/purescript-puppeteer/src/Puppeteer.Page.Emulate.js ProjectRootPath: /home/orion/src/purescript-puppeteer
Info 474  [11:02:08.290] 		Projects: /dev/null/inferredProject1*
Info 474  [11:02:08.290] 	FileName: /home/orion/src/purescript-puppeteer/src/Puppeteer.Page.Http.js ProjectRootPath: /home/orion/src/purescript-puppeteer
Info 474  [11:02:08.290] 		Projects: /dev/null/inferredProject1*
Info 474  [11:02:08.465] Format host information updated
Info 475  [11:02:08.946] Format host information updated
Info 476  [11:02:10.122] Format host information updated
Info 477  [11:02:10.313] Format host information updated
Info 478  [11:02:10.629] Format host information updated
Info 479  [11:02:10.834] Format host information updated
Info 480  [11:02:13.249] Format host information updated
Info 481  [11:02:13.895] Format host information updated
Info 482  [11:02:14.066] Format host information updated
Info 483  [11:02:20.070] Format host information updated
Info 484  [11:02:20.309] Format host information updated
Info 485  [11:02:20.447] Format host information updated
Info 486  [11:02:20.715] Format host information updated
Info 487  [11:02:21.182] Format host information updated
Info 488  [11:02:21.522] Format host information updated
Info 489  [11:02:22.233] Format host information updated
Info 490  [11:02:23.094] Format host information updated
Info 491  [11:02:23.426] Format host information updated
Info 492  [11:02:23.845] Format host information updated
Info 493  [11:02:24.115] Format host information updated
Info 494  [11:02:24.363] Format host information updated
Info 495  [11:02:24.491] Format host information updated
Info 496  [11:02:24.694] Format host information updated
Info 497  [11:02:24.868] Format host information updated
Info 498  [11:02:24.922] Format host information updated
Info 499  [11:02:24.995] Format host information updated
Info 500  [11:02:25.336] Format host information updated
Info 501  [11:02:25.491] Format host information updated
Info 502  [11:02:25.570] Format host information updated
Info 503  [11:02:25.701] Format host information updated
Info 504  [11:02:25.760] Format host information updated
Info 505  [11:02:25.933] Format host information updated
Info 506  [11:02:26.011] Format host information updated
Info 507  [11:02:27.084] Format host information updated
Info 508  [11:02:27.774] Format host information updated
Info 509  [11:02:28.059] Format host information updated
Info 510  [11:02:28.237] Format host information updated
Info 511  [11:02:28.674] Format host information updated
Info 512  [11:02:28.953] Format host information updated
Info 513  [11:02:30.214] Format host information updated
Info 514  [11:02:30.659] Format host information updated
Info 515  [11:02:32.152] Format host information updated
Info 516  [11:02:32.651] Format host information updated
Info 517  [11:02:33.267] Format host information updated
Info 518  [11:02:33.840] Format host information updated
Info 519  [11:02:34.237] Format host information updated
Info 520  [11:02:34.436] Format host information updated
Info 521  [11:02:34.533] Format host information updated
Info 522  [11:02:34.640] Format host information updated
Info 523  [11:02:34.726] Format host information updated
Info 524  [11:02:34.780] Format host information updated
Info 525  [11:02:34.966] Format host information updated
Info 526  [11:02:35.069] Format host information updated
Info 527  [11:02:35.203] Format host information updated
Info 528  [11:02:35.261] Format host information updated
Info 529  [11:02:35.326] Format host information updated
Info 530  [11:02:35.876] Format host information updated
Info 531  [11:02:36.187] Format host information updated
Info 532  [11:02:39.568] Format host information updated
Info 533  [11:02:49.245] Format host information updated
Info 534  [11:02:49.568] Format host information updated
Info 535  [11:02:50.149] Format host information updated
Info 536  [11:02:50.399] Format host information updated
Info 537  [11:02:50.602] Format host information updated
Info 538  [11:02:50.884] Format host information updated
Info 539  [11:02:51.093] Format host information updated
Info 540  [11:02:51.236] Format host information updated
Info 541  [11:02:51.340] Format host information updated
Info 542  [11:02:51.403] Format host information updated
Info 543  [11:02:51.936] Format host information updated
Info 544  [11:02:52.058] Format host information updated
Info 545  [11:02:52.208] Format host information updated
Info 546  [11:02:52.477] Format host information updated
Info 547  [11:02:52.537] Format host information updated
Info 548  [11:02:53.282] Format host information updated
Info 549  [11:03:07.799] Format host information updated
Info 550  [11:03:10.772] Format host information updated
Info 551  [11:03:14.924] Format host information updated
Info 552  [11:03:15.500] Format host information updated
Info 553  [11:03:16.181] Format host information updated
Info 554  [11:03:16.448] Format host information updated
Info 555  [11:03:16.610] Format host information updated
Info 556  [11:03:17.476] Format host information updated
Info 557  [11:03:19.350] Format host information updated
Info 558  [11:03:19.506] Format host information updated
Info 559  [11:03:19.566] Format host information updated
Info 560  [11:03:20.019] Format host information updated
Info 561  [11:03:20.203] Format host information updated
Info 562  [11:03:20.332] Format host information updated
Info 563  [11:03:20.389] Format host information updated
Info 564  [11:03:20.638] Format host information updated
Info 565  [11:03:20.758] Format host information updated
Info 566  [11:03:21.019] Format host information updated
Info 567  [11:03:21.173] Format host information updated
Info 568  [11:03:21.335] Format host information updated
Info 569  [11:03:21.462] Format host information updated
Info 570  [11:03:21.554] Format host information updated
Info 571  [11:03:21.687] Format host information updated
Info 572  [11:03:21.814] Format host information updated
Info 573  [11:03:21.901] Format host information updated
Info 574  [11:03:21.990] Format host information updated
Info 575  [11:03:22.151] Format host information updated
Info 576  [11:03:22.211] Format host information updated
Info 577  [11:03:22.295] Format host information updated
Info 578  [11:03:22.355] Format host information updated
Info 579  [11:03:22.629] Format host information updated
Info 580  [11:03:22.750] Format host information updated
Info 581  [11:03:22.935] Format host information updated
Info 582  [11:03:23.010] Format host information updated
Info 583  [11:03:24.660] Format host information updated
Info 584  [11:03:24.978] Format host information updated
Info 585  [11:03:25.089] Format host information updated
Info 586  [11:03:25.621] Format host information updated
Info 587  [11:03:25.872] Format host information updated
Info 588  [11:03:26.488] Format host information updated
Info 589  [11:03:26.658] Format host information updated
Info 590  [11:03:27.423] Format host information updated
Info 591  [11:03:29.806] Format host information updated
Info 592  [11:03:30.031] Format host information updated
Info 593  [11:03:30.808] Format host information updated
Info 594  [11:03:30.926] Format host information updated
Info 595  [11:03:31.059] Format host information updated
Info 596  [11:03:31.374] Format host information updated
Info 597  [11:03:31.802] Format host information updated
Info 598  [11:03:33.023] Format host information updated
Info 599  [11:03:33.164] Format host information updated
Info 600  [11:03:34.300] Format host information updated
Info 601  [11:03:34.983] Format host information updated
Info 602  [11:03:36.718] Format host information updated
Info 603  [11:03:37.036] Format host information updated
Info 604  [11:03:37.459] Format host information updated
Info 605  [11:03:37.575] Format host information updated
Info 606  [11:03:37.724] Format host information updated
Info 607  [11:03:37.969] Format host information updated
Info 608  [11:03:40.236] Format host information updated
Info 609  [11:03:40.932] Format host information updated
Info 610  [11:03:41.691] Format host information updated
Info 611  [11:03:42.356] Format host information updated
Info 612  [11:03:43.071] Format host information updated
Info 613  [11:03:43.744] Format host information updated
Info 614  [11:03:44.793] Format host information updated
Info 615  [11:03:52.522] Format host information updated
Info 616  [11:03:53.279] Format host information updated
Info 617  [11:03:53.557] Format host information updated
Info 618  [11:03:53.916] Format host information updated
Info 619  [11:03:54.179] Format host information updated
Info 620  [11:03:55.106] Format host information updated
Info 621  [11:03:56.624] Format host information updated
Info 622  [11:03:57.222] Format host information updated
Info 623  [11:03:57.705] Format host information updated
Info 624  [11:03:58.164] Format host information updated
Info 625  [11:03:59.167] Format host information updated
Info 626  [11:03:59.720] Format host information updated
Info 627  [11:04:00.205] Format host information updated
Info 628  [11:04:01.142] Format host information updated
Info 629  [11:04:01.332] Format host information updated
Info 630  [11:04:02.806] Format host information updated
Info 631  [11:04:03.213] Format host information updated
Info 632  [11:04:04.746] Format host information updated
Info 633  [11:04:05.787] Format host information updated
Info 634  [11:04:07.245] Format host information updated
Info 635  [11:04:07.742] Format host information updated
Info 636  [11:04:11.642] Format host information updated
Info 637  [11:04:11.742] Format host information updated
Info 638  [11:04:12.204] Format host information updated
Info 639  [11:04:12.418] Format host information updated
Info 640  [11:04:12.495] Format host information updated
Info 641  [11:04:16.351] Format host information updated
Info 642  [11:04:16.716] Format host information updated
Info 643  [11:04:16.816] Format host information updated
Info 644  [11:04:16.985] Format host information updated
Info 645  [11:04:17.122] Format host information updated
Info 646  [11:04:17.220] Format host information updated
Info 647  [11:04:17.336] Format host information updated
Info 648  [11:04:19.832] Format host information updated
Info 649  [11:04:20.886] Format host information updated
Info 650  [11:04:22.838] Format host information updated
Info 651  [11:04:23.101] Format host information updated
Info 652  [11:04:23.320] Format host information updated
Info 653  [11:04:23.399] Format host information updated
Info 654  [11:04:24.215] Format host information updated
Info 655  [11:04:24.315] Format host information updated
Info 656  [11:04:24.664] Format host information updated
Info 657  [11:04:24.757] Format host information updated
Info 658  [11:04:24.846] Format host information updated
Info 659  [11:04:25.667] Format host information updated
Info 660  [11:04:25.811] Format host information updated
Info 661  [11:04:25.911] Format host information updated
Info 662  [11:04:26.257] Format host information updated
Info 663  [11:04:26.445] Format host information updated
Info 664  [11:04:26.552] Format host information updated
Info 665  [11:04:26.729] Format host information updated
Info 666  [11:04:27.882] Format host information updated
Info 667  [11:04:27.882] Format host information updated
Info 668  [11:04:27.884] Format host information updated
Info 669  [11:04:27.943] Format host information updated
Info 670  [11:04:28.341] Format host information updated
Info 671  [11:04:33.024] Format host information updated
Info 672  [11:04:33.199] Format host information updated
Info 673  [11:04:33.445] Format host information updated
Info 674  [11:04:33.547] Format host information updated
Info 675  [11:04:33.657] Format host information updated
Info 676  [11:04:33.908] Format host information updated
Info 677  [11:04:33.995] Format host information updated
Info 678  [11:04:34.720] Format host information updated
Info 679  [11:04:34.871] Format host information updated
Info 680  [11:04:34.985] Format host information updated
Info 681  [11:04:35.235] Format host information updated
Info 682  [11:04:35.367] Format host information updated
Info 683  [11:04:35.499] Format host information updated
Info 684  [11:04:35.792] Format host information updated
Info 685  [11:04:36.398] Format host information updated
Info 686  [11:04:36.626] Format host information updated
Info 687  [11:04:36.859] Format host information updated
Info 688  [11:04:37.101] Format host information updated
Info 689  [11:04:37.261] Format host information updated
Info 690  [11:04:37.340] Format host information updated
Info 691  [11:04:37.407] Format host information updated
Info 692  [11:04:38.570] Format host information updated
Info 693  [11:04:38.570] Format host information updated
Info 694  [11:04:38.572] Format host information updated
Info 695  [11:04:38.806] Format host information updated
Info 696  [11:04:38.957] Format host information updated
Info 697  [11:04:39.035] Format host information updated
Info 698  [11:04:39.135] Format host information updated
Info 699  [11:04:39.303] Format host information updated
Info 700  [11:04:43.619] Format host information updated
Info 701  [11:04:44.070] Format host information updated
Info 702  [11:04:45.169] Format host information updated
Info 703  [11:04:45.364] Format host information updated
Info 704  [11:04:45.467] Format host information updated
Info 705  [11:04:45.600] Format host information updated
Info 706  [11:04:45.661] Format host information updated
Info 707  [11:04:45.764] Format host information updated
Info 708  [11:04:47.670] Format host information updated
Info 709  [11:04:48.087] Format host information updated
Info 710  [11:04:48.246] Format host information updated
Info 711  [11:04:48.323] Format host information updated
Info 712  [11:04:48.758] Format host information updated
Info 713  [11:04:48.961] Format host information updated
Info 714  [11:04:49.113] Format host information updated
Info 715  [11:04:49.813] Format host information updated
Info 716  [11:04:49.938] Format host information updated
Info 717  [11:04:50.054] Format host information updated
Info 718  [11:04:50.243] Format host information updated
Info 719  [11:04:50.399] Format host information updated
Info 720  [11:04:50.478] Format host information updated
Info 721  [11:04:50.579] Format host information updated
Info 722  [11:04:51.067] Format host information updated
Info 723  [11:04:51.067] Format host information updated
Info 724  [11:04:51.069] Format host information updated
Info 725  [11:04:51.398] Format host information updated
Info 726  [11:04:51.506] Format host information updated
Info 727  [11:04:51.600] Format host information updated
Info 728  [11:04:51.716] Format host information updated
Info 729  [11:04:51.774] Format host information updated
Info 730  [11:04:51.983] Format host information updated
Info 731  [11:04:52.247] Format host information updated
Info 732  [11:04:52.516] Format host information updated
Info 733  [11:04:53.271] Format host information updated
Info 734  [11:04:53.437] Format host information updated
Info 735  [11:04:53.608] Format host information updated
Info 736  [11:04:53.759] Format host information updated
Info 737  [11:04:56.978] Format host information updated
Info 738  [11:04:57.848] Format host information updated
Info 739  [11:04:58.029] Format host information updated
Info 740  [11:04:58.155] Format host information updated
Info 741  [11:04:58.214] Format host information updated
Info 742  [11:04:58.323] Format host information updated
Info 743  [11:04:58.411] Format host information updated
Info 744  [11:04:58.849] Format host information updated
Info 745  [11:05:01.467] Format host information updated
Info 746  [11:05:01.754] Format host information updated
Info 747  [11:05:02.094] Format host information updated
Info 748  [11:05:02.226] Format host information updated
Info 749  [11:05:02.651] Format host information updated
Info 750  [11:05:03.038] Format host information updated
Info 751  [11:05:03.188] Format host information updated
Info 752  [11:05:03.250] Format host information updated
Info 753  [11:05:03.470] Format host information updated
Info 754  [11:05:03.704] Format host information updated
Info 755  [11:05:03.773] Format host information updated
Info 756  [11:05:03.838] Format host information updated
Info 757  [11:05:04.575] Format host information updated
Info 758  [11:05:04.645] Format host information updated
Info 759  [11:05:04.861] Format host information updated
Info 760  [11:05:05.126] Format host information updated
Info 761  [11:05:05.242] Format host information updated
Info 762  [11:05:05.302] Format host information updated
Info 763  [11:05:05.383] Format host information updated
Info 764  [11:05:05.517] Format host information updated
Info 765  [11:05:06.518] Format host information updated
Info 766  [11:05:06.518] Format host information updated
Info 767  [11:05:06.518] Format host information updated
Info 768  [11:05:06.519] Format host information updated
Info 769  [11:05:06.706] Format host information updated
Info 770  [11:05:06.829] Format host information updated
Info 771  [11:05:06.910] Format host information updated
Info 772  [11:05:06.971] Format host information updated
Info 773  [11:05:07.140] Format host information updated
Info 774  [11:05:09.818] Format host information updated
Info 775  [11:05:10.034] Format host information updated
Info 776  [11:05:10.101] Format host information updated
Info 777  [11:05:10.184] Format host information updated
Info 778  [11:05:10.414] Format host information updated
Info 779  [11:05:10.493] Format host information updated
Info 780  [11:05:10.600] Format host information updated
Info 781  [11:05:11.196] Format host information updated
Info 782  [11:05:11.196] Format host information updated
Info 783  [11:05:11.197] Format host information updated
Info 784  [11:05:11.334] Format host information updated
Info 785  [11:05:11.464] Format host information updated
Info 786  [11:05:11.584] Format host information updated
Info 787  [11:05:11.657] Format host information updated
Info 788  [11:05:11.795] Format host information updated
Info 789  [11:05:13.098] Format host information updated
Info 790  [11:05:14.422] Format host information updated
Info 791  [11:21:33.527] Starting updateGraphWorker: Project: /dev/null/inferredProject1*
Info 792  [11:21:33.534] Finishing updateGraphWorker: Project: /dev/null/inferredProject1* Version: 3 structureChanged: true structureIsReused:: Not Elapsed: 6.077580004930496ms
Info 793  [11:21:33.534] Project '/dev/null/inferredProject1*' (Inferred)
Info 794  [11:21:33.534] 	Files (10)

Info 795  [11:21:33.534] -----------------------------------------------
Info 796  [11:21:33.534] Project '/dev/null/inferredProject1*' (Inferred)
Info 796  [11:21:33.534] 	Files (10)

Info 796  [11:21:33.534] -----------------------------------------------
Info 796  [11:21:33.534] Open files: 
Info 796  [11:21:33.534] 	FileName: /home/orion/src/purescript-puppeteer/src/Puppeteer.Page.Emulate.js ProjectRootPath: /home/orion/src/purescript-puppeteer
Info 796  [11:21:33.534] 		Projects: /dev/null/inferredProject1*
Info 796  [11:21:33.534] 	FileName: /home/orion/src/purescript-puppeteer/src/Puppeteer.Page.Http.js ProjectRootPath: /home/orion/src/purescript-puppeteer
Info 796  [11:21:33.534] 		Projects: /dev/null/inferredProject1*
Info 796  [11:21:33.534] 	FileName: /home/orion/src/purescript-puppeteer/src/Puppeteer.Page.Event.ConsoleMessage.js ProjectRootPath: /home/orion/src/purescript-puppeteer
Info 796  [11:21:33.534] 		Projects: /dev/null/inferredProject1*
Info 796  [11:21:34.090] Format host information updated
Info 797  [11:21:36.831] Format host information updated
Info 798  [11:21:37.520] Format host information updated
Info 799  [11:21:39.687] Format host information updated
Info 800  [11:21:40.006] Format host information updated
Info 801  [11:21:40.176] Format host information updated
Info 802  [11:21:40.404] Format host information updated
Info 803  [11:21:40.470] Format host information updated
Info 804  [11:21:40.574] Format host information updated
Info 805  [11:21:40.664] Format host information updated
Info 806  [11:21:40.889] Format host information updated
Info 807  [11:21:40.979] Format host information updated
Info 808  [11:21:41.048] Format host information updated
Info 809  [11:21:41.137] Format host information updated
Info 810  [11:21:41.191] Format host information updated
Info 811  [11:21:41.420] Format host information updated
Info 812  [11:21:41.574] Format host information updated
Info 813  [11:21:41.759] Format host information updated
Info 814  [11:21:41.834] Format host information updated
Info 815  [11:21:41.932] Format host information updated
Info 816  [11:21:42.081] Format host information updated
Info 817  [11:21:42.139] Format host information updated
Info 818  [11:21:42.827] Format host information updated
Info 819  [11:21:42.929] Format host information updated
Info 820  [11:21:43.113] Format host information updated
Info 821  [11:21:43.293] Format host information updated
Info 822  [11:21:43.371] Format host information updated
Info 823  [11:21:43.557] Format host information updated
Info 824  [11:21:43.820] Format host information updated
Info 825  [11:21:44.038] Format host information updated
Info 826  [11:21:44.099] Format host information updated
Info 827  [11:21:44.262] Format host information updated
Info 828  [11:21:44.330] Format host information updated
Info 829  [11:21:44.485] Format host information updated
Info 830  [11:21:44.545] Format host information updated
Info 831  [11:21:46.385] Format host information updated
Info 832  [11:21:46.643] Format host information updated
Info 833  [11:21:46.905] Format host information updated
Info 834  [11:21:47.036] Format host information updated
Info 835  [11:21:47.128] Format host information updated
Info 836  [11:21:47.384] Format host information updated
Info 837  [11:21:47.899] Format host information updated
Info 838  [11:21:48.009] Format host information updated
Info 839  [11:21:48.220] Format host information updated
Info 840  [11:21:48.414] Format host information updated
Info 841  [11:21:48.563] Format host information updated
Info 842  [11:21:48.633] Format host information updated
Info 843  [11:21:48.787] Format host information updated
Info 844  [11:21:48.879] Format host information updated
Info 845  [11:21:49.918] Format host information updated
Info 846  [11:21:49.978] Format host information updated
Info 847  [11:21:50.495] Format host information updated
Info 848  [11:21:50.686] Format host information updated
Info 849  [11:21:50.763] Format host information updated
Info 850  [11:21:51.062] Format host information updated
Info 851  [11:21:51.148] Format host information updated
Info 852  [11:21:51.229] Format host information updated
Info 853  [11:21:51.295] Format host information updated
Info 854  [11:21:51.517] Format host information updated
Info 855  [11:21:51.929] Format host information updated
Info 856  [11:21:52.042] Format host information updated
Info 857  [11:21:52.141] Format host information updated
Info 858  [11:21:52.321] Format host information updated
Info 859  [11:21:52.459] Format host information updated
Info 860  [11:21:52.529] Format host information updated
Info 861  [11:21:52.625] Format host information updated
Info 862  [11:21:52.762] Format host information updated
Info 863  [11:21:52.900] Format host information updated
Info 864  [11:21:52.958] Format host information updated
Info 865  [11:21:53.805] Format host information updated
Info 866  [11:21:54.621] Format host information updated
Info 867  [11:21:54.686] Format host information updated
Info 868  [11:21:55.158] Format host information updated
Info 869  [11:21:55.870] Format host information updated
Info 870  [11:21:55.999] Format host information updated
Info 871  [11:21:56.247] Format host information updated
Info 872  [11:21:56.305] Format host information updated
Info 873  [11:21:56.874] Format host information updated
Info 874  [11:21:57.002] Format host information updated
Info 875  [11:21:57.171] Format host information updated
Info 876  [11:21:57.253] Format host information updated
Info 877  [11:21:57.408] Format host information updated
Info 878  [11:21:57.600] Format host information updated
Info 879  [11:21:58.079] Format host information updated
Info 880  [11:21:58.205] Format host information updated
Info 881  [11:21:59.056] Format host information updated
Info 882  [11:21:59.185] Format host information updated
Info 883  [11:21:59.272] Format host information updated
Info 884  [11:21:59.394] Format host information updated
Info 885  [11:21:59.661] Format host information updated
Info 886  [11:21:59.890] Format host information updated
Info 887  [11:22:00.022] Format host information updated
Info 888  [11:22:00.187] Format host information updated
Info 889  [11:22:00.246] Format host information updated
Info 890  [11:22:00.399] Format host information updated
Info 891  [11:22:00.459] Format host information updated
Info 892  [11:22:00.631] Format host information updated
Info 893  [11:22:00.690] Format host information updated
Info 894  [11:22:01.397] Format host information updated
Info 895  [11:22:01.635] Format host information updated
Info 896  [11:22:01.878] Format host information updated
Info 897  [11:22:02.047] Format host information updated
Info 898  [11:22:02.195] Format host information updated
Info 899  [11:22:02.397] Format host information updated
Info 900  [11:22:03.883] Format host information updated
Info 901  [11:22:05.171] Format host information updated
Info 902  [11:22:08.337] Format host information updated
Info 903  [11:22:09.656] Format host information updated
Info 904  [11:22:10.247] Format host information updated
Info 905  [11:22:10.992] Format host information updated
Info 906  [11:22:12.404] Format host information updated
Info 907  [11:22:12.499] Format host information updated
Info 908  [11:22:12.578] Format host information updated
Info 909  [11:22:12.680] Format host information updated
Info 910  [11:22:12.786] Format host information updated
Info 911  [11:22:12.941] Format host information updated
Info 912  [11:22:13.137] Format host information updated
Info 913  [11:22:13.901] Format host information updated
Info 914  [11:22:16.171] Format host information updated
Info 915  [11:22:16.297] Format host information updated
Info 916  [11:22:16.380] Format host information updated
Info 917  [11:22:17.167] Format host information updated
Info 918  [11:22:17.559] Format host information updated
Info 919  [11:22:17.712] Format host information updated
Info 920  [11:22:20.739] Format host information updated
Info 921  [11:22:20.993] Format host information updated
Info 922  [11:22:22.650] Format host information updated
Info 923  [11:22:22.889] Format host information updated
Info 924  [11:22:23.021] Format host information updated
Info 925  [11:22:23.288] Format host information updated
Info 926  [11:22:24.632] Format host information updated
Info 927  [11:22:24.836] Format host information updated
Info 928  [11:22:24.952] Format host information updated
Info 929  [11:22:25.129] Format host information updated
Info 930  [11:22:25.210] Format host information updated
Info 931  [11:22:26.960] Format host information updated
Info 932  [11:22:27.104] Format host information updated
Info 933  [11:22:27.239] Format host information updated
Info 934  [11:22:27.401] Format host information updated
Info 935  [11:22:27.462] Format host information updated
Info 936  [11:22:27.560] Format host information updated
Info 937  [11:22:29.323] Format host information updated
Info 938  [11:22:29.503] Format host information updated
Info 939  [11:22:30.642] Format host information updated
Info 940  [11:22:30.865] Format host information updated
Info 941  [11:22:31.251] Format host information updated
Info 942  [11:22:31.414] Format host information updated
Info 943  [11:22:31.746] Format host information updated
Info 944  [11:22:31.812] Format host information updated
Info 945  [11:22:31.884] Format host information updated
Info 946  [11:22:32.109] Format host information updated
Info 947  [11:22:32.246] Format host information updated
Info 948  [11:22:32.335] Format host information updated
Info 949  [11:22:32.523] Format host information updated
Info 950  [11:22:32.697] Format host information updated
Info 951  [11:22:32.795] Format host information updated
Info 952  [11:22:32.909] Format host information updated
Info 953  [11:22:33.007] Format host information updated
Info 954  [11:22:35.288] Format host information updated
Info 955  [11:22:35.414] Format host information updated
Info 956  [11:22:35.491] Format host information updated
Info 957  [11:22:35.557] Format host information updated
Info 958  [11:22:35.747] Format host information updated
Info 959  [11:22:35.816] Format host information updated
Info 960  [11:22:35.932] Format host information updated
Info 961  [11:22:36.006] Format host information updated
Info 962  [11:22:36.469] Format host information updated
Info 963  [11:22:37.814] Format host information updated
Info 964  [11:22:38.017] Format host information updated
Info 965  [11:22:38.142] Format host information updated
Info 966  [11:22:38.230] Format host information updated
Info 967  [11:22:38.332] Format host information updated
Info 968  [11:22:43.651] Format host information updated
Info 969  [11:28:52.590] Format host information updated
Info 970  [11:28:52.810] Format host information updated
Info 971  [11:28:53.477] Format host information updated
Info 972  [11:28:54.034] Format host information updated
Info 973  [11:28:55.880] Format host information updated
Info 974  [11:28:56.268] Format host information updated
Info 975  [11:28:56.412] Format host information updated
Info 976  [11:28:56.475] Format host information updated
Info 977  [11:28:56.557] Format host information updated
Info 978  [11:28:56.691] Format host information updated
Info 979  [11:28:56.766] Format host information updated
Info 980  [11:28:56.840] Format host information updated
Info 981  [11:28:57.564] Format host information updated
Info 982  [11:28:59.930] Format host information updated
Info 983  [11:28:59.930] Format host information updated
Info 984  [11:28:59.930] Format host information updated
Info 985  [11:28:59.931] Format host information updated
Info 986  [11:29:03.377] Format host information updated
Info 987  [11:29:04.810] Format host information updated
Info 988  [11:29:05.040] Format host information updated
Info 989  [11:29:05.159] Format host information updated
Info 990  [11:29:05.270] Format host information updated
Info 991  [11:29:05.390] Format host information updated
Info 992  [11:29:05.541] Format host information updated
Info 993  [11:29:05.599] Format host information updated
Info 994  [11:29:06.448] Format host information updated
Info 995  [11:29:07.723] Format host information updated
Info 996  [11:29:07.723] Format host information updated
Info 997  [11:29:07.724] Format host information updated
Info 998  [11:29:07.724] Format host information updated
Info 999  [11:29:07.724] Format host information updated
Info 1000 [11:29:08.142] Format host information updated
Info 1001 [11:29:09.582] Format host information updated
Info 1002 [11:29:09.677] Format host information updated
Info 1003 [11:29:09.851] Format host information updated
Info 1004 [11:29:10.001] Format host information updated
Info 1005 [11:29:10.196] Format host information updated
Info 1006 [11:29:10.336] Format host information updated
Info 1007 [11:29:10.416] Format host information updated
Info 1008 [11:29:10.626] Format host information updated
Info 1009 [11:29:13.491] Format host information updated
Info 1010 [11:29:13.618] Format host information updated
Info 1011 [11:29:13.822] Format host information updated
Info 1012 [11:29:13.889] Format host information updated
Info 1013 [11:29:14.028] Format host information updated
Info 1014 [11:29:14.158] Format host information updated
Info 1015 [11:29:14.261] Format host information updated
Info 1016 [11:29:15.154] Format host information updated
Info 1017 [11:29:15.373] Format host information updated
Info 1018 [11:29:17.265] Format host information updated
Info 1019 [11:29:17.425] Format host information updated
Info 1020 [11:29:17.526] Format host information updated
Info 1021 [11:29:17.646] Format host information updated
Info 1022 [11:29:17.773] Format host information updated
Info 1023 [11:29:17.871] Format host information updated
Info 1024 [11:29:18.023] Format host information updated
Info 1025 [11:29:18.134] Format host information updated
Info 1026 [11:29:18.376] Format host information updated
Info 1027 [11:29:18.464] Format host information updated
Info 1028 [11:29:18.526] Format host information updated
Info 1029 [11:29:18.679] Format host information updated
Info 1030 [11:29:18.750] Format host information updated
Info 1031 [11:29:18.893] Format host information updated
Info 1032 [11:29:19.096] Format host information updated
Info 1033 [11:29:21.361] Format host information updated
Info 1034 [11:29:21.443] Format host information updated
Info 1035 [11:29:21.566] Format host information updated
Info 1036 [11:29:21.927] Format host information updated
Info 1037 [11:29:22.094] Format host information updated
Info 1038 [11:29:22.272] Format host information updated
Info 1039 [11:29:22.891] Format host information updated
Info 1040 [11:29:24.369] Format host information updated
Info 1041 [11:29:24.535] Format host information updated
Info 1042 [11:29:24.622] Format host information updated
Info 1043 [11:29:24.717] Format host information updated
Info 1044 [11:29:24.847] Format host information updated
Info 1045 [11:29:24.928] Format host information updated
Info 1046 [11:29:25.164] Format host information updated
Info 1047 [11:29:25.332] Format host information updated
Info 1048 [11:29:25.452] Format host information updated
Info 1049 [11:29:25.530] Format host information updated
Info 1050 [11:29:25.604] Format host information updated
Info 1051 [11:35:59.659] Starting updateGraphWorker: Project: /dev/null/inferredProject1*
Info 1052 [11:35:59.663] Finishing updateGraphWorker: Project: /dev/null/inferredProject1* Version: 4 structureChanged: true structureIsReused:: Not Elapsed: 3.921283006668091ms
Info 1053 [11:35:59.663] Project '/dev/null/inferredProject1*' (Inferred)
Info 1054 [11:35:59.663] 	Files (11)

Info 1055 [11:35:59.663] -----------------------------------------------
Info 1056 [11:35:59.663] Project '/dev/null/inferredProject1*' (Inferred)
Info 1056 [11:35:59.663] 	Files (11)

Info 1056 [11:35:59.663] -----------------------------------------------
Info 1056 [11:35:59.663] Open files: 
Info 1056 [11:35:59.663] 	FileName: /home/orion/src/purescript-puppeteer/src/Puppeteer.Page.Emulate.js ProjectRootPath: /home/orion/src/purescript-puppeteer
Info 1056 [11:35:59.663] 		Projects: /dev/null/inferredProject1*
Info 1056 [11:35:59.663] 	FileName: /home/orion/src/purescript-puppeteer/src/Puppeteer.Page.Http.js ProjectRootPath: /home/orion/src/purescript-puppeteer
Info 1056 [11:35:59.663] 		Projects: /dev/null/inferredProject1*
Info 1056 [11:35:59.663] 	FileName: /home/orion/src/purescript-puppeteer/src/Puppeteer.Page.Event.ConsoleMessage.js ProjectRootPath: /home/orion/src/purescript-puppeteer
Info 1056 [11:35:59.663] 		Projects: /dev/null/inferredProject1*
Info 1056 [11:35:59.663] 	FileName: /home/orion/src/purescript-puppeteer/src/Puppeteer.Page.Event.Dialog.js ProjectRootPath: /home/orion/src/purescript-puppeteer
Info 1056 [11:35:59.663] 		Projects: /dev/null/inferredProject1*
Info 1056 [11:35:59.978] Format host information updated
Info 1057 [11:36:03.826] Format host information updated
Info 1058 [11:36:04.666] Format host information updated
Info 1059 [11:36:05.896] Format host information updated
Info 1060 [11:36:06.034] Format host information updated
Info 1061 [11:36:06.382] Format host information updated
Info 1062 [11:36:06.499] Format host information updated
Info 1063 [11:36:06.746] Format host information updated
Info 1064 [11:36:06.853] Format host information updated
Info 1065 [11:36:06.990] Format host information updated
Info 1066 [11:36:07.611] Format host information updated
Info 1067 [11:36:08.069] Format host information updated
Info 1068 [11:36:08.180] Format host information updated
Info 1069 [11:36:08.268] Format host information updated
Info 1070 [11:36:08.601] Format host information updated
Info 1071 [11:36:08.747] Format host information updated
Info 1072 [11:36:08.928] Format host information updated
Info 1073 [11:36:09.024] Format host information updated
Info 1074 [11:36:09.111] Format host information updated
Info 1075 [11:36:09.199] Format host information updated
Info 1076 [11:36:09.253] Format host information updated
Info 1077 [11:36:09.431] Format host information updated
Info 1078 [11:36:09.490] Format host information updated
Info 1079 [11:36:09.563] Format host information updated
Info 1080 [11:36:09.659] Format host information updated
Info 1081 [11:36:09.713] Format host information updated
Info 1082 [11:36:09.906] Format host information updated
Info 1083 [11:36:10.034] Format host information updated
Info 1084 [11:36:10.111] Format host information updated
Info 1085 [11:36:10.203] Format host information updated
Info 1086 [11:36:10.360] Format host information updated
Info 1087 [11:36:10.663] Format host information updated
Info 1088 [11:36:10.784] Format host information updated
Info 1089 [11:36:10.869] Format host information updated
Info 1090 [11:36:10.986] Format host information updated
Info 1091 [11:36:11.068] Format host information updated
Info 1092 [11:36:11.551] Format host information updated
Info 1093 [11:36:11.612] Format host information updated
Info 1094 [11:36:12.587] Format host information updated
Info 1095 [11:36:12.733] Format host information updated
Info 1096 [11:36:12.810] Format host information updated
Info 1097 [11:36:13.099] Format host information updated
Info 1098 [11:36:13.339] Format host information updated
Info 1099 [11:36:13.411] Format host information updated
Info 1100 [11:36:13.676] Format host information updated
Info 1101 [11:36:13.817] Format host information updated
Info 1102 [11:36:13.900] Format host information updated
Info 1103 [11:36:13.989] Format host information updated
Info 1104 [11:36:14.079] Format host information updated
Info 1105 [11:36:14.172] Format host information updated
Info 1106 [11:36:14.540] Format host information updated
Info 1107 [11:36:14.739] Format host information updated
Info 1108 [11:36:14.814] Format host information updated
Info 1109 [11:36:14.887] Format host information updated
Info 1110 [11:36:15.034] Format host information updated
Info 1111 [11:36:15.103] Format host information updated
Info 1112 [11:36:16.262] Format host information updated
Info 1113 [11:36:16.594] Format host information updated
Info 1114 [11:36:16.846] Format host information updated
Info 1115 [11:36:16.993] Format host information updated
Info 1116 [11:36:17.134] Format host information updated
Info 1117 [11:36:17.349] Format host information updated
Info 1118 [11:36:17.936] Format host information updated
Info 1119 [11:36:17.993] Format host information updated
Info 1120 [11:36:18.121] Format host information updated
Info 1121 [11:36:18.332] Format host information updated
Info 1122 [11:36:18.473] Format host information updated
Info 1123 [11:36:18.602] Format host information updated
Info 1124 [11:36:18.738] Format host information updated
Info 1125 [11:36:18.813] Format host information updated
Info 1126 [11:36:18.898] Format host information updated
Info 1127 [11:36:19.637] Format host information updated
Info 1128 [11:36:19.703] Format host information updated
Info 1129 [11:36:20.103] Format host information updated
Info 1130 [11:36:20.336] Format host information updated
Info 1131 [11:36:20.395] Format host information updated
Info 1132 [11:36:20.558] Format host information updated
Info 1133 [11:36:20.650] Format host information updated
Info 1134 [11:36:20.771] Format host information updated
Info 1135 [11:36:20.905] Format host information updated
Info 1136 [11:36:21.011] Format host information updated
Info 1137 [11:36:21.087] Format host information updated
Info 1138 [11:36:22.453] Format host information updated
Info 1139 [11:36:23.068] Format host information updated
Info 1140 [11:36:23.133] Format host information updated
Info 1141 [11:36:23.466] Format host information updated
Info 1142 [11:36:24.157] Format host information updated
Info 1143 [11:36:24.247] Format host information updated
Info 1144 [11:36:24.427] Format host information updated
Info 1145 [11:36:24.486] Format host information updated
Info 1146 [11:36:24.631] Format host information updated
Info 1147 [11:36:24.977] Format host information updated
Info 1148 [11:36:25.079] Format host information updated
Info 1149 [11:36:25.140] Format host information updated
Info 1150 [11:36:25.246] Format host information updated
Info 1151 [11:36:25.359] Format host information updated
Info 1152 [11:36:25.430] Format host information updated
Info 1153 [11:36:27.630] Format host information updated
Info 1154 [11:36:27.911] Format host information updated
Info 1155 [11:36:31.792] Format host information updated
Info 1156 [11:36:31.933] Format host information updated
Info 1157 [11:36:32.047] Format host information updated
Info 1158 [11:36:32.085] Format host information updated
Info 1159 [11:36:32.299] Format host information updated
Info 1160 [11:36:32.426] Format host information updated
Info 1161 [11:36:32.510] Format host information updated
Info 1162 [11:36:34.448] Format host information updated
Info 1163 [11:36:34.637] Format host information updated
Info 1164 [11:36:39.089] Format host information updated
Info 1165 [11:36:39.235] Format host information updated
Info 1166 [11:36:39.456] Format host information updated
Info 1167 [11:36:39.663] Format host information updated
Info 1168 [11:36:39.783] Format host information updated
Info 1169 [11:36:39.923] Format host information updated
Info 1170 [11:36:40.043] Format host information updated
Info 1171 [11:36:40.186] Format host information updated
Info 1172 [11:36:40.292] Format host information updated
Info 1173 [11:36:40.592] Format host information updated
Info 1174 [11:36:40.695] Format host information updated
Info 1175 [11:36:40.796] Format host information updated
Info 1176 [11:36:40.914] Format host information updated
Info 1177 [11:36:41.038] Format host information updated
Info 1178 [11:36:41.754] Format host information updated
Info 1179 [11:36:41.883] Format host information updated
Info 1180 [11:36:42.006] Format host information updated
Info 1181 [11:36:42.125] Format host information updated
Info 1182 [11:36:42.231] Format host information updated
Info 1183 [11:36:42.409] Format host information updated
Info 1184 [11:36:42.479] Format host information updated
Info 1185 [11:36:42.920] Format host information updated
Info 1186 [11:36:43.026] Format host information updated
Info 1187 [11:36:43.247] Format host information updated
Info 1188 [11:36:43.412] Format host information updated
Info 1189 [11:36:43.627] Format host information updated
Info 1190 [11:36:43.688] Format host information updated
Info 1191 [11:36:43.820] Format host information updated
Info 1192 [11:36:44.012] Format host information updated
Info 1193 [11:36:44.072] Format host information updated
Info 1194 [11:36:44.252] Format host information updated
Info 1195 [11:36:44.549] Format host information updated
Info 1196 [11:36:44.624] Format host information updated
Info 1197 [11:36:44.730] Format host information updated
Info 1198 [11:36:44.787] Format host information updated
Info 1199 [11:36:44.926] Format host information updated
Info 1200 [11:36:46.081] Format host information updated
Info 1201 [11:36:46.226] Format host information updated
Info 1202 [11:36:46.287] Format host information updated
Info 1203 [11:36:46.433] Format host information updated
Info 1204 [11:36:46.704] Format host information updated
Info 1205 [11:36:47.112] Format host information updated
Info 1206 [11:36:47.112] Format host information updated
Info 1207 [11:36:47.113] Format host information updated
Info 1208 [11:36:47.870] Format host information updated
Info 1209 [11:36:48.125] Format host information updated
Info 1210 [11:36:49.862] Format host information updated
Info 1211 [11:36:50.055] Format host information updated
Info 1212 [11:36:50.132] Format host information updated
Info 1213 [11:36:50.328] Format host information updated
Info 1214 [11:36:50.386] Format host information updated
Info 1215 [11:36:50.529] Format host information updated
Info 1216 [11:36:50.584] Format host information updated
Info 1217 [11:36:52.254] Format host information updated
Info 1218 [11:36:52.711] Format host information updated
Info 1219 [11:36:52.823] Format host information updated
Info 1220 [11:36:53.049] Format host information updated
Info 1221 [11:36:53.174] Format host information updated
Info 1222 [11:36:54.803] Format host information updated
Info 1223 [11:36:54.911] Format host information updated
Info 1224 [11:36:55.393] Format host information updated
Info 1225 [11:36:55.508] Format host information updated
Info 1226 [11:36:56.008] Format host information updated
Info 1227 [11:36:56.076] Format host information updated
Info 1228 [11:36:56.172] Format host information updated
Info 1229 [11:36:56.248] Format host information updated
Info 1230 [11:36:56.306] Format host information updated
Info 1231 [11:36:56.405] Format host information updated
Info 1232 [11:36:56.487] Format host information updated
Info 1233 [11:36:56.602] Format host information updated
Info 1234 [11:36:56.730] Format host information updated
Info 1235 [11:36:56.867] Format host information updated
Info 1236 [11:36:57.057] Format host information updated
Info 1237 [11:36:57.173] Format host information updated
Info 1238 [11:36:57.244] Format host information updated
Info 1239 [11:36:57.342] Format host information updated
Info 1240 [11:36:57.476] Format host information updated
Info 1241 [11:36:57.578] Format host information updated
Info 1242 [11:36:59.055] Format host information updated
Info 1243 [11:36:59.194] Format host information updated
Info 1244 [11:36:59.324] Format host information updated
Info 1245 [11:36:59.462] Format host information updated
Info 1246 [11:36:59.640] Format host information updated
Info 1247 [11:36:59.804] Format host information updated
Info 1248 [11:37:00.107] Format host information updated
Info 1249 [11:37:00.238] Format host information updated
Info 1250 [11:37:00.363] Format host information updated
Info 1251 [11:37:00.459] Format host information updated
Info 1252 [11:37:00.604] Format host information updated
Info 1253 [11:37:01.491] Format host information updated
Info 1254 [11:37:02.671] Format host information updated
Info 1255 [11:37:04.416] Format host information updated
Info 1256 [11:37:04.618] Format host information updated
Info 1257 [11:37:04.770] Format host information updated
Info 1258 [11:37:04.995] Format host information updated
Info 1259 [11:37:06.787] Format host information updated
Info 1260 [11:37:07.219] Format host information updated
Info 1261 [11:37:11.540] Format host information updated
Info 1262 [11:37:13.036] Format host information updated
Info 1263 [11:37:13.559] Format host information updated
Info 1264 [11:37:13.683] Format host information updated
Info 1265 [11:37:13.791] Format host information updated
Info 1266 [11:37:13.919] Format host information updated
Info 1267 [11:37:16.242] Format host information updated
Info 1268 [11:37:16.455] Format host information updated
Info 1269 [11:37:16.604] Format host information updated
Info 1270 [11:37:16.684] Format host information updated
Info 1271 [11:37:16.793] Format host information updated
Info 1272 [11:37:18.416] Format host information updated
Info 1273 [11:37:20.607] Format host information updated
Info 1274 [11:37:20.817] Format host information updated
Info 1275 [11:37:20.950] Format host information updated
Info 1276 [11:37:21.053] Format host information updated
Info 1277 [11:37:21.166] Format host information updated
Info 1278 [11:37:21.594] Format host information updated
