Info 0    [09:51:55.112] Starting TS Server
Info 1    [09:51:55.114] Version: 5.2.2
Info 2    [09:51:55.114] Arguments: /home/orion/.asdf/installs/node/20.2.0/bin/node /home/orion/.asdf/installs/node/20.2.0/lib/node_modules/typescript/lib/tsserver.js --serverMode partialSemantic --useInferredProjectPerProjectRoot --disableAutomaticTypingAcquisition --cancellationPipeName /tmp/bd69dbe83ef91b1df71058adaf77ee4f/tscancellation* --logVerbosity normal --logFile /home/orion/src/purescript-puppeteer/.log/tsserver-log-iUru63/tsserver.log --locale en --validateDefaultNpmLocation --useNodeIpc
Info 3    [09:51:55.114] Platform: linux NodeVersion: v20.2.0 CaseSensitive: true
Info 4    [09:51:55.114] ServerMode: 1 hasUnknownServerMode: undefined
Info 5    [09:51:55.120] Format host information updated
Info 6    [09:51:55.124] Starting updateGraphWorker: Project: /dev/null/inferredProject1*
Info 7    [09:51:55.434] Finishing updateGraphWorker: Project: /dev/null/inferredProject1* Version: 1 structureChanged: true structureIsReused:: Not Elapsed: 309.81792900001165ms
Info 8    [09:51:55.434] Project '/dev/null/inferredProject1*' (Inferred)
Info 9    [09:51:55.434] 	Files (8)

Info 10   [09:51:55.434] -----------------------------------------------
Info 11   [09:51:55.435] Project '/dev/null/inferredProject1*' (Inferred)
Info 11   [09:51:55.435] 	Files (8)

Info 11   [09:51:55.435] -----------------------------------------------
Info 11   [09:51:55.435] Open files: 
Info 11   [09:51:55.435] 	FileName: /home/orion/src/purescript-puppeteer/src/Puppeteer.Handle.js ProjectRootPath: /home/orion/src/purescript-puppeteer
Info 11   [09:51:55.435] 		Projects: /dev/null/inferredProject1*
Info 11   [09:51:55.436] Format host information updated
Info 12   [09:51:56.813] Format host information updated
Info 13   [09:51:57.111] Format host information updated
Info 14   [09:51:58.161] Format host information updated
Info 15   [09:52:00.173] Format host information updated
Info 16   [09:52:00.395] Format host information updated
Info 17   [09:52:00.490] Format host information updated
Info 18   [09:52:00.607] Format host information updated
Info 19   [09:52:00.779] Format host information updated
Info 20   [09:52:00.910] Format host information updated
Info 21   [09:52:00.969] Format host information updated
Info 22   [09:52:01.100] Format host information updated
Info 23   [09:52:01.189] Format host information updated
Info 24   [09:52:01.365] Format host information updated
Info 25   [09:52:01.476] Format host information updated
Info 26   [09:52:01.605] Format host information updated
Info 27   [09:52:01.668] Format host information updated
Info 28   [11:31:08.892] Starting updateGraphWorker: Project: /dev/null/inferredProject1*
Info 29   [11:31:08.898] Finishing updateGraphWorker: Project: /dev/null/inferredProject1* Version: 2 structureChanged: true structureIsReused:: Not Elapsed: 6.079261000268161ms
Info 30   [11:31:08.898] Project '/dev/null/inferredProject1*' (Inferred)
Info 31   [11:31:08.898] 	Files (9)

Info 32   [11:31:08.898] -----------------------------------------------
Info 33   [11:31:08.898] Project '/dev/null/inferredProject1*' (Inferred)
Info 33   [11:31:08.898] 	Files (9)

Info 33   [11:31:08.898] -----------------------------------------------
Info 33   [11:31:08.898] Open files: 
Info 33   [11:31:08.898] 	FileName: /home/orion/src/purescript-puppeteer/src/Puppeteer.Handle.js ProjectRootPath: /home/orion/src/purescript-puppeteer
Info 33   [11:31:08.898] 		Projects: /dev/null/inferredProject1*
Info 33   [11:31:08.898] 	FileName: /home/orion/src/purescript-puppeteer/src/Puppeteer.Keyboard.js ProjectRootPath: /home/orion/src/purescript-puppeteer
Info 33   [11:31:08.898] 		Projects: /dev/null/inferredProject1*
Info 33   [11:31:09.035] Format host information updated
Info 34   [11:31:09.366] Format host information updated
Info 35   [11:31:09.719] Format host information updated
Info 36   [11:31:09.880] Format host information updated
Info 37   [11:31:09.983] Format host information updated
Info 38   [11:31:10.047] Format host information updated
Info 39   [11:31:10.107] Format host information updated
Info 40   [11:31:10.186] Format host information updated
Info 41   [11:31:10.369] Format host information updated
Info 42   [11:31:10.458] Format host information updated
Info 43   [11:31:10.540] Format host information updated
Info 44   [11:31:10.646] Format host information updated
Info 45   [11:31:13.731] Format host information updated
Info 46   [11:31:14.954] Format host information updated
Info 47   [11:31:16.060] Format host information updated
Info 48   [11:31:16.192] Format host information updated
Info 49   [11:31:16.256] Format host information updated
Info 50   [11:31:17.353] Format host information updated
Info 51   [11:31:17.734] Format host information updated
Info 52   [11:31:17.874] Format host information updated
Info 53   [11:31:17.989] Format host information updated
Info 54   [11:31:18.137] Format host information updated
Info 55   [11:31:18.236] Format host information updated
Info 56   [11:31:18.310] Format host information updated
Info 57   [11:31:18.404] Format host information updated
Info 58   [11:31:18.465] Format host information updated
Info 59   [11:31:18.701] Format host information updated
Info 60   [11:31:18.981] Format host information updated
Info 61   [11:31:19.152] Format host information updated
Info 62   [11:31:19.426] Format host information updated
Info 63   [11:31:19.486] Format host information updated
Info 64   [11:31:19.581] Format host information updated
Info 65   [11:31:20.210] Format host information updated
Info 66   [11:31:20.464] Format host information updated
Info 67   [11:31:20.613] Format host information updated
Info 68   [11:31:20.671] Format host information updated
Info 69   [11:31:22.346] Format host information updated
Info 70   [11:31:23.117] Format host information updated
Info 71   [11:31:23.854] Format host information updated
Info 72   [11:31:24.134] Format host information updated
Info 73   [11:31:24.234] Format host information updated
Info 74   [11:31:24.374] Format host information updated
Info 75   [11:31:24.532] Format host information updated
Info 76   [11:31:24.817] Format host information updated
Info 77   [11:31:24.928] Format host information updated
Info 78   [11:31:25.046] Format host information updated
Info 79   [11:31:25.236] Format host information updated
Info 80   [11:31:25.325] Format host information updated
Info 81   [11:31:25.547] Format host information updated
Info 82   [11:31:25.872] Format host information updated
Info 83   [11:31:26.079] Format host information updated
Info 84   [11:31:26.241] Format host information updated
Info 85   [11:31:26.484] Format host information updated
Info 86   [11:31:26.540] Format host information updated
Info 87   [11:31:27.500] Format host information updated
Info 88   [11:31:28.060] Format host information updated
Info 89   [11:31:28.186] Format host information updated
Info 90   [11:31:28.563] Format host information updated
Info 91   [11:31:28.706] Format host information updated
Info 92   [11:31:29.065] Format host information updated
Info 93   [11:31:29.790] Format host information updated
Info 94   [11:31:29.927] Format host information updated
Info 95   [11:31:31.204] Format host information updated
Info 96   [11:31:31.397] Format host information updated
Info 97   [11:31:31.539] Format host information updated
Info 98   [11:31:31.638] Format host information updated
Info 99   [11:31:31.737] Format host information updated
Info 100  [11:31:31.813] Format host information updated
Info 101  [11:31:31.914] Format host information updated
Info 102  [11:31:31.978] Format host information updated
Info 103  [11:31:34.920] Format host information updated
Info 104  [11:31:35.048] Format host information updated
Info 105  [11:31:35.946] Format host information updated
Info 106  [11:31:37.044] Format host information updated
Info 107  [11:31:37.512] Format host information updated
Info 108  [11:31:37.843] Format host information updated
Info 109  [11:31:37.966] Format host information updated
Info 110  [11:31:38.364] Format host information updated
Info 111  [11:31:38.484] Format host information updated
Info 112  [11:31:39.531] Format host information updated
Info 113  [11:31:39.687] Format host information updated
Info 114  [11:31:40.798] Format host information updated
Info 115  [11:31:41.127] Format host information updated
Info 116  [11:31:41.456] Format host information updated
Info 117  [11:31:43.028] Format host information updated
Info 118  [11:31:44.599] Format host information updated
Info 119  [11:31:45.032] Format host information updated
Info 120  [11:31:48.367] Format host information updated
Info 121  [11:31:48.426] Format host information updated
Info 122  [11:31:48.955] Format host information updated
Info 123  [11:31:49.254] Format host information updated
Info 124  [11:31:49.413] Format host information updated
Info 125  [11:31:49.566] Format host information updated
Info 126  [11:31:49.623] Format host information updated
Info 127  [11:31:49.697] Format host information updated
Info 128  [11:31:49.756] Format host information updated
Info 129  [11:31:49.861] Format host information updated
Info 130  [11:31:50.336] Format host information updated
Info 131  [11:31:50.489] Format host information updated
Info 132  [11:31:50.689] Format host information updated
Info 133  [11:31:50.748] Format host information updated
Info 134  [11:31:51.522] Format host information updated
Info 135  [11:31:51.584] Format host information updated
Info 136  [11:31:52.115] Format host information updated
Info 137  [11:31:55.121] Format host information updated
Info 138  [11:31:57.131] Format host information updated
Info 139  [11:31:58.373] Format host information updated
Info 140  [11:31:58.479] Format host information updated
Info 141  [11:31:59.154] Format host information updated
Info 142  [11:31:59.290] Format host information updated
Info 143  [11:31:59.461] Format host information updated
Info 144  [11:31:59.536] Format host information updated
Info 145  [11:31:59.829] Format host information updated
Info 146  [11:32:00.048] Format host information updated
Info 147  [11:32:00.190] Format host information updated
Info 148  [11:32:00.269] Format host information updated
Info 149  [11:32:00.420] Format host information updated
Info 150  [11:32:00.568] Format host information updated
Info 151  [11:32:00.628] Format host information updated
Info 152  [11:32:00.858] Format host information updated
Info 153  [11:32:01.075] Format host information updated
Info 154  [11:32:01.218] Format host information updated
Info 155  [11:32:01.319] Format host information updated
Info 156  [11:32:01.409] Format host information updated
Info 157  [11:32:01.620] Format host information updated
Info 158  [11:32:01.772] Format host information updated
Info 159  [11:32:01.861] Format host information updated
Info 160  [11:32:02.066] Format host information updated
Info 161  [11:32:03.029] Format host information updated
Info 162  [11:32:03.145] Format host information updated
Info 163  [11:32:03.315] Format host information updated
Info 164  [11:32:03.373] Format host information updated
Info 165  [11:32:03.990] Format host information updated
Info 166  [11:32:04.134] Format host information updated
Info 167  [11:32:04.330] Format host information updated
Info 168  [11:32:04.417] Format host information updated
Info 169  [11:32:04.474] Format host information updated
Info 170  [11:32:04.637] Format host information updated
Info 171  [11:32:04.971] Format host information updated
Info 172  [11:32:05.042] Format host information updated
Info 173  [11:32:05.127] Format host information updated
Info 174  [11:32:05.426] Format host information updated
Info 175  [11:32:06.909] Format host information updated
Info 176  [11:32:06.927] Format host information updated
Info 177  [11:32:07.794] Format host information updated
Info 178  [11:32:08.087] Format host information updated
Info 179  [11:32:08.315] Format host information updated
Info 180  [11:32:08.428] Format host information updated
Info 181  [11:32:08.630] Format host information updated
Info 182  [11:32:08.769] Format host information updated
Info 183  [11:32:09.838] Format host information updated
Info 184  [11:32:10.890] Format host information updated
Info 185  [11:32:12.165] Format host information updated
Info 186  [11:32:13.501] Format host information updated
Info 187  [11:32:13.820] Format host information updated
Info 188  [11:32:13.949] Format host information updated
Info 189  [11:32:14.175] Format host information updated
Info 190  [11:32:14.423] Format host information updated
Info 191  [11:32:14.577] Format host information updated
Info 192  [11:32:14.808] Format host information updated
Info 193  [11:32:15.034] Format host information updated
Info 194  [11:32:15.146] Format host information updated
Info 195  [11:32:15.657] Format host information updated
Info 196  [11:32:21.120] Format host information updated
Info 197  [11:32:21.286] Format host information updated
Info 198  [11:32:21.406] Format host information updated
Info 199  [11:32:21.497] Format host information updated
Info 200  [11:32:21.698] Format host information updated
Info 201  [11:32:21.822] Format host information updated
Info 202  [11:32:21.986] Format host information updated
Info 203  [11:32:22.045] Format host information updated
Info 204  [11:32:22.152] Format host information updated
Info 205  [11:32:23.163] Format host information updated
Info 206  [11:32:24.613] Format host information updated
Info 207  [11:32:28.014] Format host information updated
Info 208  [11:32:32.213] Format host information updated
Info 209  [11:32:33.281] Format host information updated
Info 210  [11:32:33.536] Format host information updated
Info 211  [11:32:36.724] Format host information updated
Info 212  [11:32:36.939] Format host information updated
Info 213  [11:32:37.035] Format host information updated
Info 214  [11:32:37.623] Format host information updated
Info 215  [11:32:38.511] Format host information updated
Info 216  [11:32:40.163] Format host information updated
Info 217  [11:32:44.985] Format host information updated
Info 218  [11:32:45.133] Format host information updated
Info 219  [11:32:45.232] Format host information updated
Info 220  [11:32:45.346] Format host information updated
Info 221  [11:32:45.461] Format host information updated
Info 222  [11:32:46.869] Format host information updated
Info 223  [11:32:47.137] Format host information updated
Info 224  [11:32:47.250] Format host information updated
Info 225  [11:32:47.322] Format host information updated
Info 226  [11:32:47.425] Format host information updated
Info 227  [11:32:48.396] Format host information updated
Info 228  [11:32:49.635] Format host information updated
Info 229  [11:32:51.012] Format host information updated
Info 230  [11:32:51.184] Format host information updated
Info 231  [11:32:51.274] Format host information updated
Info 232  [11:32:51.377] Format host information updated
Info 233  [11:32:51.463] Format host information updated
Info 234  [11:32:52.617] Format host information updated
Info 235  [11:32:53.041] Format host information updated
Info 236  [11:32:53.866] Format host information updated
Info 237  [11:32:55.206] Format host information updated
Info 238  [11:32:55.853] Format host information updated
Info 239  [11:32:56.335] Format host information updated
Info 240  [11:32:56.539] Format host information updated
Info 241  [11:32:57.697] Format host information updated
Info 242  [11:32:59.340] Format host information updated
Info 243  [11:32:59.490] Format host information updated
Info 244  [11:32:59.600] Format host information updated
Info 245  [11:32:59.663] Format host information updated
Info 246  [11:32:59.757] Format host information updated
Info 247  [11:32:59.912] Format host information updated
Info 248  [11:33:02.484] Format host information updated
Info 249  [11:33:03.626] Format host information updated
Info 250  [11:33:03.791] Format host information updated
Info 251  [11:33:03.919] Format host information updated
Info 252  [11:33:03.986] Format host information updated
Info 253  [11:33:09.017] Format host information updated
Info 254  [11:33:09.472] Format host information updated
Info 255  [11:33:09.813] Format host information updated
Info 256  [11:33:11.162] Format host information updated
Info 257  [11:33:11.402] Format host information updated
Info 258  [11:33:11.681] Format host information updated
Info 259  [11:33:11.800] Format host information updated
Info 260  [11:33:12.806] Format host information updated
Info 261  [11:33:13.852] Format host information updated
Info 262  [11:33:14.127] Format host information updated
Info 263  [11:33:14.508] Format host information updated
Info 264  [11:33:14.648] Format host information updated
Info 265  [11:33:15.031] Format host information updated
Info 266  [11:33:16.317] Format host information updated
Info 267  [11:33:17.260] Format host information updated
Info 268  [11:33:18.009] Format host information updated
Info 269  [11:33:18.251] Format host information updated
Info 270  [11:33:18.410] Format host information updated
Info 271  [11:33:18.576] Format host information updated
Info 272  [11:33:18.818] Format host information updated
Info 273  [11:33:19.061] Format host information updated
Info 274  [11:33:19.343] Format host information updated
Info 275  [11:33:19.518] Format host information updated
Info 276  [11:33:19.693] Format host information updated
Info 277  [11:33:19.831] Format host information updated
Info 278  [11:33:20.052] Format host information updated
Info 279  [11:33:20.155] Format host information updated
Info 280  [11:33:20.271] Format host information updated
Info 281  [11:33:20.342] Format host information updated
Info 282  [11:33:21.790] Format host information updated
Info 283  [11:33:22.708] Format host information updated
Info 284  [11:33:25.696] Format host information updated
Info 285  [11:33:25.756] Format host information updated
Info 286  [11:33:26.229] Format host information updated
Info 287  [11:33:26.444] Format host information updated
Info 288  [11:33:26.791] Format host information updated
Info 289  [11:33:26.856] Format host information updated
Info 290  [11:33:27.141] Format host information updated
Info 291  [11:33:27.225] Format host information updated
Info 292  [11:33:27.355] Format host information updated
Info 293  [11:33:27.473] Format host information updated
Info 294  [11:33:27.723] Format host information updated
Info 295  [11:33:27.782] Format host information updated
Info 296  [11:33:28.234] Format host information updated
Info 297  [11:33:28.411] Format host information updated
Info 298  [11:33:29.206] Format host information updated
Info 299  [11:33:29.275] Format host information updated
Info 300  [11:33:29.381] Format host information updated
Info 301  [11:33:29.908] Format host information updated
Info 302  [11:33:29.910] Format host information updated
Info 303  [11:33:29.914] Format host information updated
Info 304  [11:33:30.429] Format host information updated
Info 305  [11:33:30.626] Format host information updated
Info 306  [11:33:30.942] Format host information updated
Info 307  [11:33:31.458] Format host information updated
Info 308  [11:33:31.458] Format host information updated
Info 309  [11:33:31.459] Format host information updated
Info 310  [11:33:32.233] Format host information updated
Info 311  [11:33:32.355] Format host information updated
Info 312  [11:33:32.537] Format host information updated
Info 313  [11:33:32.599] Format host information updated
Info 314  [11:33:32.864] Format host information updated
Info 315  [11:33:32.923] Format host information updated
Info 316  [11:33:33.425] Format host information updated
Info 317  [11:33:33.568] Format host information updated
Info 318  [11:33:34.250] Format host information updated
Info 319  [11:33:35.146] Format host information updated
Info 320  [11:33:35.222] Format host information updated
Info 321  [11:33:35.389] Format host information updated
Info 322  [11:33:35.551] Format host information updated
Info 323  [11:33:35.616] Format host information updated
Info 324  [11:33:35.799] Format host information updated
Info 325  [11:33:35.898] Format host information updated
Info 326  [11:33:35.978] Format host information updated
Info 327  [11:33:36.081] Format host information updated
Info 328  [11:33:36.231] Format host information updated
Info 329  [11:33:37.021] Format host information updated
Info 330  [11:33:37.592] Format host information updated
Info 331  [11:33:37.663] Format host information updated
Info 332  [11:33:37.878] Format host information updated
Info 333  [11:33:37.942] Format host information updated
Info 334  [11:33:38.281] Format host information updated
Info 335  [11:33:38.520] Format host information updated
Info 336  [11:33:38.592] Format host information updated
Info 337  [11:33:38.795] Format host information updated
Info 338  [11:33:38.895] Format host information updated
Info 339  [11:33:38.971] Format host information updated
Info 340  [11:33:39.028] Format host information updated
Info 341  [11:33:39.194] Format host information updated
Info 342  [11:33:39.751] Format host information updated
Info 343  [11:33:39.827] Format host information updated
Info 344  [11:33:39.926] Format host information updated
Info 345  [11:33:40.106] Format host information updated
Info 346  [11:33:42.113] Format host information updated
Info 347  [11:33:42.255] Format host information updated
Info 348  [11:33:42.374] Format host information updated
Info 349  [11:33:42.536] Format host information updated
Info 350  [11:33:42.674] Format host information updated
Info 351  [11:33:45.616] Format host information updated
Info 352  [11:33:45.980] Format host information updated
Info 353  [11:33:46.403] Format host information updated
Info 354  [11:33:51.066] Format host information updated
Info 355  [11:33:51.203] Format host information updated
Info 356  [11:33:51.326] Format host information updated
Info 357  [11:33:51.398] Format host information updated
Info 358  [11:33:51.484] Format host information updated
Info 359  [11:33:51.544] Format host information updated
Info 360  [11:33:51.606] Format host information updated
Info 361  [11:33:53.477] Format host information updated
Info 362  [11:33:53.857] Format host information updated
Info 363  [11:33:54.124] Format host information updated
Info 364  [11:33:54.215] Format host information updated
Info 365  [11:33:54.393] Format host information updated
Info 366  [11:33:54.507] Format host information updated
Info 367  [11:33:54.610] Format host information updated
Info 368  [11:33:59.188] Format host information updated
Info 369  [11:33:59.319] Format host information updated
Info 370  [11:33:59.532] Format host information updated
Info 371  [11:33:59.655] Format host information updated
Info 372  [11:33:59.953] Format host information updated
Info 373  [11:34:00.023] Format host information updated
Info 374  [11:34:00.470] Format host information updated
Info 375  [11:34:00.625] Format host information updated
Info 376  [11:34:01.440] Format host information updated
Info 377  [11:34:01.578] Format host information updated
Info 378  [11:34:02.359] Format host information updated
Info 379  [11:34:02.470] Format host information updated
Info 380  [11:34:03.350] Format host information updated
Info 381  [11:34:03.421] Format host information updated
Info 382  [11:34:03.493] Format host information updated
Info 383  [11:34:03.607] Format host information updated
Info 384  [11:34:03.710] Format host information updated
Info 385  [11:34:03.869] Format host information updated
Info 386  [11:34:03.965] Format host information updated
Info 387  [11:34:05.006] Format host information updated
Info 388  [11:34:07.481] Format host information updated
Info 389  [11:34:07.623] Format host information updated
Info 390  [11:34:07.873] Format host information updated
Info 391  [11:34:07.930] Format host information updated
Info 392  [11:34:08.156] Format host information updated
Info 393  [11:34:08.218] Format host information updated
Info 394  [11:34:09.412] Format host information updated
Info 395  [11:34:09.469] Format host information updated
Info 396  [11:34:09.665] Format host information updated
Info 397  [11:34:09.758] Format host information updated
Info 398  [11:34:10.115] Format host information updated
Info 399  [11:34:10.205] Format host information updated
Info 400  [11:34:10.296] Format host information updated
Info 401  [11:34:10.459] Format host information updated
Info 402  [11:34:10.517] Format host information updated
Info 403  [11:34:10.830] Format host information updated
Info 404  [11:34:10.939] Format host information updated
Info 405  [11:34:11.068] Format host information updated
Info 406  [11:34:11.167] Format host information updated
Info 407  [11:34:11.495] Format host information updated
Info 408  [11:34:11.555] Format host information updated
Info 409  [11:34:15.375] Format host information updated
Info 410  [11:34:15.819] Format host information updated
Info 411  [11:34:15.931] Format host information updated
Info 412  [11:34:15.990] Format host information updated
Info 413  [11:34:16.096] Format host information updated
Info 414  [11:34:16.157] Format host information updated
Info 415  [11:34:16.342] Format host information updated
Info 416  [11:34:16.515] Format host information updated
Info 417  [11:34:16.585] Format host information updated
Info 418  [11:34:16.705] Format host information updated
Info 419  [11:34:16.770] Format host information updated
Info 420  [11:34:19.173] Format host information updated
Info 421  [11:34:19.312] Format host information updated
Info 422  [11:34:19.421] Format host information updated
Info 423  [11:34:19.590] Format host information updated
Info 424  [11:34:19.799] Format host information updated
Info 425  [11:34:19.954] Format host information updated
Info 426  [11:34:20.027] Format host information updated
Info 427  [11:34:20.101] Format host information updated
Info 428  [11:34:20.176] Format host information updated
Info 429  [11:34:20.679] Format host information updated
Info 430  [11:34:20.763] Format host information updated
Info 431  [11:34:22.510] Format host information updated
Info 432  [11:34:34.047] Format host information updated
Info 433  [11:34:34.178] Format host information updated
Info 434  [11:34:34.319] Format host information updated
Info 435  [11:34:34.493] Format host information updated
Info 436  [11:34:34.750] Format host information updated
Info 437  [11:34:34.982] Format host information updated
Info 438  [11:34:35.051] Format host information updated
Info 439  [11:34:35.192] Format host information updated
Info 440  [11:34:35.249] Format host information updated
Info 441  [11:34:35.330] Format host information updated
Info 442  [11:34:35.397] Format host information updated
Info 443  [11:34:35.515] Format host information updated
Info 444  [11:34:35.678] Format host information updated
Info 445  [11:34:35.851] Format host information updated
Info 446  [11:34:35.946] Format host information updated
Info 447  [11:34:36.052] Format host information updated
Info 448  [11:34:36.501] Format host information updated
Info 449  [11:34:36.626] Format host information updated
Info 450  [11:34:36.841] Format host information updated
Info 451  [11:34:36.894] Format host information updated
Info 452  [11:34:37.424] Format host information updated
Info 453  [11:34:37.491] Format host information updated
Info 454  [11:34:38.070] Format host information updated
Info 455  [11:34:38.208] Format host information updated
Info 456  [11:34:38.681] Format host information updated
Info 457  [11:34:38.756] Format host information updated
Info 458  [11:34:39.272] Format host information updated
Info 459  [11:34:39.416] Format host information updated
Info 460  [11:34:39.497] Format host information updated
Info 461  [11:34:39.606] Format host information updated
Info 462  [11:34:39.747] Format host information updated
Info 463  [11:34:39.861] Format host information updated
Info 464  [11:34:40.044] Format host information updated
Info 465  [11:34:42.431] Format host information updated
Info 466  [11:34:42.811] Format host information updated
Info 467  [11:34:42.959] Format host information updated
Info 468  [11:34:43.139] Format host information updated
Info 469  [11:34:43.196] Format host information updated
Info 470  [11:34:43.404] Format host information updated
Info 471  [11:34:45.116] Format host information updated
Info 472  [11:34:45.209] Format host information updated
Info 473  [11:34:45.349] Format host information updated
Info 474  [11:34:45.419] Format host information updated
Info 475  [11:34:45.854] Format host information updated
Info 476  [11:34:45.936] Format host information updated
Info 477  [11:34:46.046] Format host information updated
Info 478  [11:34:46.174] Format host information updated
Info 479  [11:34:46.253] Format host information updated
Info 480  [11:34:46.439] Format host information updated
Info 481  [11:34:46.531] Format host information updated
Info 482  [11:34:46.839] Format host information updated
Info 483  [11:34:46.956] Format host information updated
Info 484  [11:34:47.134] Format host information updated
Info 485  [11:34:47.276] Format host information updated
Info 486  [11:34:47.397] Format host information updated
Info 487  [11:34:47.570] Format host information updated
Info 488  [11:34:47.831] Format host information updated
Info 489  [11:34:47.955] Format host information updated
Info 490  [11:34:48.145] Format host information updated
Info 491  [11:34:48.253] Format host information updated
Info 492  [11:34:48.397] Format host information updated
Info 493  [11:34:48.602] Format host information updated
Info 494  [11:34:48.719] Format host information updated
Info 495  [11:34:48.780] Format host information updated
Info 496  [11:34:48.841] Format host information updated
Info 497  [11:34:48.968] Format host information updated
Info 498  [11:34:49.026] Format host information updated
