[12:39:48.682] Global cache location '/home/orion/.cache/typescript/5.2', safe file path '/home/orion/.asdf/installs/node/20.2.0/lib/node_modules/typescript/lib/typingSafeList.json', types map path /home/orion/.asdf/installs/node/20.2.0/lib/node_modules/typescript/lib/typesMap.json
[12:39:48.682] Processing cache location '/home/orion/.cache/typescript/5.2'
[12:39:48.682] Trying to find '/home/orion/.cache/typescript/5.2/package.json'...
[12:39:48.683] Loaded content of '/home/orion/.cache/typescript/5.2/package.json': {"private":true,"dependencies":{"types-registry":"^0.1.662"},"devDependencies":{"@types/arr-union":"^3.1.0","@types/assert":"^1.5.6","@types/buffer-from":"^1.1.0","@types/callsite":"^1.0.32","@types/clone-deep":"^4.0.1","@types/cookie":"^0.5.1","@types/d":"^1.0.1","@types/debug":"^4.1.8","@types/dot":"^1.1.5","@types/go":"^1.6.24","@types/is-buffer":"^2.0.0","@types/kind-of":"^6.0.0","@types/merge-deep":"^3.0.0","@types/mime":"^3.0.1","@types/mvdan-sh":"^0.10.6","@types/node":"^20.6.5","@types/path-browserify":"^1.0.0","@types/pathjs":"^0.8.36","@types/q":"^1.5.5","@types/qs":"^6.9.7","@types/react":"^18.2.21","@types/react-dom":"^18.2.7","@types/source-map-support":"^0.5.7","@types/ws":"^8.5.5","@types/xo":"^0.39.6"}}
[12:39:48.683] Loaded content of '/home/orion/.cache/typescript/5.2/package-lock.json'
[12:39:48.683] Finished processing cache location '/home/orion/.cache/typescript/5.2'
[12:39:48.683] Process id: 94547
[12:39:48.683] NPM location: "/home/orion/.asdf/installs/node/20.2.0/bin/npm" (explicit '--npmLocation' not  provided)
[12:39:48.683] validateDefaultNpmLocation: true
[12:39:48.684] Npm config file: /home/orion/.cache/typescript/5.2/package.json
[12:39:48.684] Updating types-registry npm package...
[12:39:48.684] Exec: "/home/orion/.asdf/installs/node/20.2.0/bin/npm" install --ignore-scripts types-registry@latest
[12:39:49.565]     Succeeded. stdout:
    
    up to date, audited 35 packages in 732ms

found 0 vulnerabilities

[12:39:49.565] Updated types-registry npm package
[12:39:49.589] Got install request {"projectName":"/home/orion/src/purescript-puppeteer/jsconfig.json","fileNames":["/home/orion/src/purescript-puppeteer/ffi/shared.js","/home/orion/src/purescript-puppeteer/src/Puppeteer.Browser.js","/home/orion/src/purescript-puppeteer/src/Puppeteer.Cartesian.js","/home/orion/src/purescript-puppeteer/src/Puppeteer.FFI.js","/home/orion/src/purescript-puppeteer/src/Puppeteer.Handle.js","/home/orion/src/purescript-puppeteer/src/Puppeteer.js","/home/orion/src/purescript-puppeteer/bun/fmt.js"],"compilerOptions":{"allowJs":true,"maxNodeModuleJsDepth":2,"allowSyntheticDefaultImports":true,"skipLibCheck":true,"noEmit":true,"types":["bun-types"],"lib":["lib.esnext.d.ts"],"target":99,"module":99,"moduleResolution":100,"moduleDetection":3,"jsx":2,"checkJs":true,"strict":true,"configFilePath":"/home/orion/src/purescript-puppeteer/jsconfig.json","allowNonTsExtensions":true},"typeAcquisition":{"enable":true,"include":[],"exclude":[]},"unresolvedImports":[],"projectRootPath":"/home/orion/src/purescript-puppeteer","kind":"discover"}
[12:39:49.599] Loaded safelist from types map file '/home/orion/.asdf/installs/node/20.2.0/lib/node_modules/typescript/lib/typesMap.json'
[12:39:49.599] Explicitly included types: []
[12:39:49.600] Inferred typings from unresolved imports: []
[12:39:49.600] Result: {"cachedTypingPaths":[],"newTypingNames":[],"filesToWatch":[]}
[12:39:49.600] Finished typings discovery: {"cachedTypingPaths":[],"newTypingNames":[],"filesToWatch":[]}
[12:39:49.600] Closing file watchers for project '/home/orion/src/purescript-puppeteer/jsconfig.json'
[12:39:49.600] No watchers are registered for project '/home/orion/src/purescript-puppeteer/jsconfig.json'
[12:39:49.600] Sending response:
    {"projectName":"/home/orion/src/purescript-puppeteer/jsconfig.json","typeAcquisition":{"enable":true,"include":[],"exclude":[]},"compilerOptions":{"allowJs":true,"maxNodeModuleJsDepth":2,"allowSyntheticDefaultImports":true,"skipLibCheck":true,"noEmit":true,"types":["bun-types"],"lib":["lib.esnext.d.ts"],"target":99,"module":99,"moduleResolution":100,"moduleDetection":3,"jsx":2,"checkJs":true,"strict":true,"configFilePath":"/home/orion/src/purescript-puppeteer/jsconfig.json","allowNonTsExtensions":true},"typings":[],"unresolvedImports":[],"kind":"action::set"}
[12:39:49.600] Response has been sent.
[12:39:49.600] No new typings were requested as a result of typings discovery
[12:39:49.600] Got install request {"projectName":"/dev/null/inferredProject1*","fileNames":["/home/orion/.asdf/installs/node/20.2.0/lib/node_modules/typescript/lib/lib.es5.d.ts","/home/orion/.asdf/installs/node/20.2.0/lib/node_modules/typescript/lib/lib.es2015.d.ts","/home/orion/.asdf/installs/node/20.2.0/lib/node_modules/typescript/lib/lib.es2016.d.ts","/home/orion/.asdf/installs/node/20.2.0/lib/node_modules/typescript/lib/lib.es2017.d.ts","/home/orion/.asdf/installs/node/20.2.0/lib/node_modules/typescript/lib/lib.es2018.d.ts","/home/orion/.asdf/installs/node/20.2.0/lib/node_modules/typescript/lib/lib.es2019.d.ts","/home/orion/.asdf/installs/node/20.2.0/lib/node_modules/typescript/lib/lib.es2020.d.ts","/home/orion/.asdf/installs/node/20.2.0/lib/node_modules/typescript/lib/lib.dom.d.ts","/home/orion/.asdf/installs/node/20.2.0/lib/node_modules/typescript/lib/lib.dom.iterable.d.ts","/home/orion/.asdf/installs/node/20.2.0/lib/node_modules/typescript/lib/lib.webworker.importscripts.d.ts","/home/orion/.asdf/installs/node/20.2.0/lib/node_modules/typescript/lib/lib.scripthost.d.ts","/home/orion/.asdf/installs/node/20.2.0/lib/node_modules/typescript/lib/lib.es2015.core.d.ts","/home/orion/.asdf/installs/node/20.2.0/lib/node_modules/typescript/lib/lib.es2015.collection.d.ts","/home/orion/.asdf/installs/node/20.2.0/lib/node_modules/typescript/lib/lib.es2015.generator.d.ts","/home/orion/.asdf/installs/node/20.2.0/lib/node_modules/typescript/lib/lib.es2015.iterable.d.ts","/home/orion/.asdf/installs/node/20.2.0/lib/node_modules/typescript/lib/lib.es2015.promise.d.ts","/home/orion/.asdf/installs/node/20.2.0/lib/node_modules/typescript/lib/lib.es2015.proxy.d.ts","/home/orion/.asdf/installs/node/20.2.0/lib/node_modules/typescript/lib/lib.es2015.reflect.d.ts","/home/orion/.asdf/installs/node/20.2.0/lib/node_modules/typescript/lib/lib.es2015.symbol.d.ts","/home/orion/.asdf/installs/node/20.2.0/lib/node_modules/typescript/lib/lib.es2015.symbol.wellknown.d.ts","/home/orion/.asdf/installs/node/20.2.0/lib/node_modules/typescript/lib/lib.es2016.array.include.d.ts","/home/orion/.asdf/installs/node/20.2.0/lib/node_modules/typescript/lib/lib.es2017.date.d.ts","/home/orion/.asdf/installs/node/20.2.0/lib/node_modules/typescript/lib/lib.es2017.object.d.ts","/home/orion/.asdf/installs/node/20.2.0/lib/node_modules/typescript/lib/lib.es2017.sharedmemory.d.ts","/home/orion/.asdf/installs/node/20.2.0/lib/node_modules/typescript/lib/lib.es2017.string.d.ts","/home/orion/.asdf/installs/node/20.2.0/lib/node_modules/typescript/lib/lib.es2017.intl.d.ts","/home/orion/.asdf/installs/node/20.2.0/lib/node_modules/typescript/lib/lib.es2017.typedarrays.d.ts","/home/orion/.asdf/installs/node/20.2.0/lib/node_modules/typescript/lib/lib.es2018.asyncgenerator.d.ts","/home/orion/.asdf/installs/node/20.2.0/lib/node_modules/typescript/lib/lib.es2018.asynciterable.d.ts","/home/orion/.asdf/installs/node/20.2.0/lib/node_modules/typescript/lib/lib.es2018.intl.d.ts","/home/orion/.asdf/installs/node/20.2.0/lib/node_modules/typescript/lib/lib.es2018.promise.d.ts","/home/orion/.asdf/installs/node/20.2.0/lib/node_modules/typescript/lib/lib.es2018.regexp.d.ts","/home/orion/.asdf/installs/node/20.2.0/lib/node_modules/typescript/lib/lib.es2019.array.d.ts","/home/orion/.asdf/installs/node/20.2.0/lib/node_modules/typescript/lib/lib.es2019.object.d.ts","/home/orion/.asdf/installs/node/20.2.0/lib/node_modules/typescript/lib/lib.es2019.string.d.ts","/home/orion/.asdf/installs/node/20.2.0/lib/node_modules/typescript/lib/lib.es2019.symbol.d.ts","/home/orion/.asdf/installs/node/20.2.0/lib/node_modules/typescript/lib/lib.es2019.intl.d.ts","/home/orion/.asdf/installs/node/20.2.0/lib/node_modules/typescript/lib/lib.es2020.bigint.d.ts","/home/orion/.asdf/installs/node/20.2.0/lib/node_modules/typescript/lib/lib.es2020.date.d.ts","/home/orion/.asdf/installs/node/20.2.0/lib/node_modules/typescript/lib/lib.es2020.promise.d.ts","/home/orion/.asdf/installs/node/20.2.0/lib/node_modules/typescript/lib/lib.es2020.sharedmemory.d.ts","/home/orion/.asdf/installs/node/20.2.0/lib/node_modules/typescript/lib/lib.es2020.string.d.ts","/home/orion/.asdf/installs/node/20.2.0/lib/node_modules/typescript/lib/lib.es2020.symbol.wellknown.d.ts","/home/orion/.asdf/installs/node/20.2.0/lib/node_modules/typescript/lib/lib.es2020.intl.d.ts","/home/orion/.asdf/installs/node/20.2.0/lib/node_modules/typescript/lib/lib.es2020.number.d.ts","/home/orion/.asdf/installs/node/20.2.0/lib/node_modules/typescript/lib/lib.decorators.d.ts","/home/orion/.asdf/installs/node/20.2.0/lib/node_modules/typescript/lib/lib.decorators.legacy.d.ts","/home/orion/.asdf/installs/node/20.2.0/lib/node_modules/typescript/lib/lib.es2020.full.d.ts","/home/orion/src/purescript-puppeteer/.spago/web-events/v4.0.0/src/Web/Internal/FFI.js"],"compilerOptions":{"module":99,"moduleResolution":2,"target":7,"jsx":2,"strictNullChecks":true,"strictFunctionTypes":true,"sourceMap":true,"allowJs":true,"allowNonTsExtensions":true,"allowSyntheticDefaultImports":true,"resolveJsonModule":true,"noEmitForJsFiles":true,"maxNodeModuleJsDepth":2},"typeAcquisition":{"enable":true,"include":[],"exclude":[]},"unresolvedImports":[],"projectRootPath":"/home/orion/src/purescript-puppeteer","kind":"discover"}
[12:39:49.600] Explicitly included types: []
[12:39:49.601] Typing names in '/home/orion/src/purescript-puppeteer/package.json' dependencies: ["callsites","puppeteer","bun-types","purs-tidy","typescript"]
[12:39:49.601] Searching for typing names in /home/orion/src/purescript-puppeteer/node_modules; all files: ["/home/orion/src/purescript-puppeteer/node_modules/callsites/package.json","/home/orion/src/purescript-puppeteer/node_modules/puppeteer/package.json","/home/orion/src/purescript-puppeteer/node_modules/bun-types/package.json","/home/orion/src/purescript-puppeteer/node_modules/purs-tidy/package.json","/home/orion/src/purescript-puppeteer/node_modules/typescript/package.json"]
[12:39:49.602]     Package 'puppeteer' provides its own types.
[12:39:49.603]     Package 'bun-types' provides its own types.
[12:39:49.604]     Found package names: ["callsites","purs-tidy"]
[12:39:49.604] Inferred typings from unresolved imports: []
[12:39:49.604] Result: {"cachedTypingPaths":["/home/orion/src/purescript-puppeteer/node_modules/puppeteer/lib/types.d.ts","/home/orion/src/purescript-puppeteer/node_modules/bun-types/types.d.ts"],"newTypingNames":["callsites","purs-tidy","typescript"],"filesToWatch":["/home/orion/src/purescript-puppeteer/.spago/web-events/v4.0.0/src/Web/Internal/bower_components","/home/orion/src/purescript-puppeteer/.spago/web-events/v4.0.0/src/Web/Internal/node_modules","/home/orion/src/purescript-puppeteer/bower_components","/home/orion/src/purescript-puppeteer/package.json","/home/orion/src/purescript-puppeteer/node_modules"]}
[12:39:49.604] Finished typings discovery: {"cachedTypingPaths":["/home/orion/src/purescript-puppeteer/node_modules/puppeteer/lib/types.d.ts","/home/orion/src/purescript-puppeteer/node_modules/bun-types/types.d.ts"],"newTypingNames":["callsites","purs-tidy","typescript"],"filesToWatch":["/home/orion/src/purescript-puppeteer/.spago/web-events/v4.0.0/src/Web/Internal/bower_components","/home/orion/src/purescript-puppeteer/.spago/web-events/v4.0.0/src/Web/Internal/node_modules","/home/orion/src/purescript-puppeteer/bower_components","/home/orion/src/purescript-puppeteer/package.json","/home/orion/src/purescript-puppeteer/node_modules"]}
[12:39:49.604] Sending response:
    {"kind":"action::watchTypingLocations","projectName":"/dev/null/inferredProject1*","files":["/home/orion/src/purescript-puppeteer/.spago/web-events/v4.0.0/src/Web/Internal/bower_components","/home/orion/src/purescript-puppeteer/.spago/web-events/v4.0.0/src/Web/Internal/node_modules","/home/orion/src/purescript-puppeteer/bower_components","/home/orion/src/purescript-puppeteer/package.json","/home/orion/src/purescript-puppeteer/node_modules"]}
[12:39:49.604] Response has been sent.
[12:39:49.604] Installing typings ["callsites","purs-tidy","typescript"]
[12:39:49.604] 'callsites':: Entry for package 'callsites' does not exist in local types registry - skipping...
[12:39:49.605] 'purs-tidy':: Entry for package 'purs-tidy' does not exist in local types registry - skipping...
[12:39:49.605] 'typescript':: Entry for package 'typescript' does not exist in local types registry - skipping...
[12:39:49.605] All typings are known to be missing or invalid - no need to install more typings
[12:39:49.605] Sending response:
    {"projectName":"/dev/null/inferredProject1*","typeAcquisition":{"enable":true,"include":[],"exclude":[]},"compilerOptions":{"module":99,"moduleResolution":2,"target":7,"jsx":2,"strictNullChecks":true,"strictFunctionTypes":true,"sourceMap":true,"allowJs":true,"allowNonTsExtensions":true,"allowSyntheticDefaultImports":true,"resolveJsonModule":true,"noEmitForJsFiles":true,"maxNodeModuleJsDepth":2},"typings":["/home/orion/src/purescript-puppeteer/node_modules/puppeteer/lib/types.d.ts","/home/orion/src/purescript-puppeteer/node_modules/bun-types/types.d.ts"],"unresolvedImports":[],"kind":"action::set"}
[12:39:49.605] Response has been sent.
[12:39:49.605] Got install request {"projectName":"/dev/null/inferredProject1*","fileNames":[],"compilerOptions":{"module":99,"moduleResolution":2,"target":7,"jsx":2,"strictNullChecks":true,"strictFunctionTypes":true,"sourceMap":true,"allowJs":true,"allowNonTsExtensions":true,"allowSyntheticDefaultImports":true,"resolveJsonModule":true,"maxNodeModuleJsDepth":2,"noEmitForJsFiles":true},"typeAcquisition":{"enable":true,"include":[],"exclude":[]},"unresolvedImports":[],"projectRootPath":"/home/orion/src/purescript-puppeteer","kind":"discover"}
[12:39:49.605] Explicitly included types: []
[12:39:49.605] Typing names in '/home/orion/src/purescript-puppeteer/package.json' dependencies: ["callsites","puppeteer","bun-types","purs-tidy","typescript"]
[12:39:49.605] Searching for typing names in /home/orion/src/purescript-puppeteer/node_modules; all files: ["/home/orion/src/purescript-puppeteer/node_modules/callsites/package.json","/home/orion/src/purescript-puppeteer/node_modules/puppeteer/package.json","/home/orion/src/purescript-puppeteer/node_modules/bun-types/package.json","/home/orion/src/purescript-puppeteer/node_modules/purs-tidy/package.json","/home/orion/src/purescript-puppeteer/node_modules/typescript/package.json"]
[12:39:49.606]     Package 'puppeteer' provides its own types.
[12:39:49.607]     Package 'bun-types' provides its own types.
[12:39:49.607]     Found package names: ["callsites","purs-tidy"]
[12:39:49.607] Inferred typings from unresolved imports: []
[12:39:49.607] Result: {"cachedTypingPaths":["/home/orion/src/purescript-puppeteer/node_modules/puppeteer/lib/types.d.ts","/home/orion/src/purescript-puppeteer/node_modules/bun-types/types.d.ts"],"newTypingNames":["callsites","purs-tidy","typescript"],"filesToWatch":["/home/orion/src/purescript-puppeteer/bower_components","/home/orion/src/purescript-puppeteer/package.json","/home/orion/src/purescript-puppeteer/node_modules"]}
[12:39:49.607] Finished typings discovery: {"cachedTypingPaths":["/home/orion/src/purescript-puppeteer/node_modules/puppeteer/lib/types.d.ts","/home/orion/src/purescript-puppeteer/node_modules/bun-types/types.d.ts"],"newTypingNames":["callsites","purs-tidy","typescript"],"filesToWatch":["/home/orion/src/purescript-puppeteer/bower_components","/home/orion/src/purescript-puppeteer/package.json","/home/orion/src/purescript-puppeteer/node_modules"]}
[12:39:49.607] Sending response:
    {"kind":"action::watchTypingLocations","projectName":"/dev/null/inferredProject1*","files":["/home/orion/src/purescript-puppeteer/bower_components","/home/orion/src/purescript-puppeteer/package.json","/home/orion/src/purescript-puppeteer/node_modules"]}
[12:39:49.607] Response has been sent.
[12:39:49.607] Installing typings ["callsites","purs-tidy","typescript"]
[12:39:49.607] 'callsites':: Entry for package 'callsites' does not exist in local types registry - skipping...
[12:39:49.607] 'purs-tidy':: Entry for package 'purs-tidy' does not exist in local types registry - skipping...
[12:39:49.607] 'typescript':: Entry for package 'typescript' does not exist in local types registry - skipping...
[12:39:49.607] All typings are known to be missing or invalid - no need to install more typings
[12:39:49.607] Sending response:
    {"projectName":"/dev/null/inferredProject1*","typeAcquisition":{"enable":true,"include":[],"exclude":[]},"compilerOptions":{"module":99,"moduleResolution":2,"target":7,"jsx":2,"strictNullChecks":true,"strictFunctionTypes":true,"sourceMap":true,"allowJs":true,"allowNonTsExtensions":true,"allowSyntheticDefaultImports":true,"resolveJsonModule":true,"maxNodeModuleJsDepth":2,"noEmitForJsFiles":true},"typings":["/home/orion/src/purescript-puppeteer/node_modules/puppeteer/lib/types.d.ts","/home/orion/src/purescript-puppeteer/node_modules/bun-types/types.d.ts"],"unresolvedImports":[],"kind":"action::set"}
[12:39:49.607] Response has been sent.
[12:39:50.130] Got install request {"projectName":"/dev/null/inferredProject1*","fileNames":["/home/orion/.asdf/installs/node/20.2.0/lib/node_modules/typescript/lib/lib.es5.d.ts","/home/orion/.asdf/installs/node/20.2.0/lib/node_modules/typescript/lib/lib.es2015.d.ts","/home/orion/.asdf/installs/node/20.2.0/lib/node_modules/typescript/lib/lib.es2016.d.ts","/home/orion/.asdf/installs/node/20.2.0/lib/node_modules/typescript/lib/lib.es2017.d.ts","/home/orion/.asdf/installs/node/20.2.0/lib/node_modules/typescript/lib/lib.es2018.d.ts","/home/orion/.asdf/installs/node/20.2.0/lib/node_modules/typescript/lib/lib.es2019.d.ts","/home/orion/.asdf/installs/node/20.2.0/lib/node_modules/typescript/lib/lib.es2020.d.ts","/home/orion/.asdf/installs/node/20.2.0/lib/node_modules/typescript/lib/lib.es2021.d.ts","/home/orion/.asdf/installs/node/20.2.0/lib/node_modules/typescript/lib/lib.es2022.d.ts","/home/orion/.asdf/installs/node/20.2.0/lib/node_modules/typescript/lib/lib.es2023.d.ts","/home/orion/.asdf/installs/node/20.2.0/lib/node_modules/typescript/lib/lib.esnext.d.ts","/home/orion/.asdf/installs/node/20.2.0/lib/node_modules/typescript/lib/lib.es2015.core.d.ts","/home/orion/.asdf/installs/node/20.2.0/lib/node_modules/typescript/lib/lib.es2015.collection.d.ts","/home/orion/.asdf/installs/node/20.2.0/lib/node_modules/typescript/lib/lib.es2015.generator.d.ts","/home/orion/.asdf/installs/node/20.2.0/lib/node_modules/typescript/lib/lib.es2015.iterable.d.ts","/home/orion/.asdf/installs/node/20.2.0/lib/node_modules/typescript/lib/lib.es2015.promise.d.ts","/home/orion/.asdf/installs/node/20.2.0/lib/node_modules/typescript/lib/lib.es2015.proxy.d.ts","/home/orion/.asdf/installs/node/20.2.0/lib/node_modules/typescript/lib/lib.es2015.reflect.d.ts","/home/orion/.asdf/installs/node/20.2.0/lib/node_modules/typescript/lib/lib.es2015.symbol.d.ts","/home/orion/.asdf/installs/node/20.2.0/lib/node_modules/typescript/lib/lib.es2015.symbol.wellknown.d.ts","/home/orion/.asdf/installs/node/20.2.0/lib/node_modules/typescript/lib/lib.es2016.array.include.d.ts","/home/orion/.asdf/installs/node/20.2.0/lib/node_modules/typescript/lib/lib.es2017.date.d.ts","/home/orion/.asdf/installs/node/20.2.0/lib/node_modules/typescript/lib/lib.es2017.object.d.ts","/home/orion/.asdf/installs/node/20.2.0/lib/node_modules/typescript/lib/lib.es2017.sharedmemory.d.ts","/home/orion/.asdf/installs/node/20.2.0/lib/node_modules/typescript/lib/lib.es2017.string.d.ts","/home/orion/.asdf/installs/node/20.2.0/lib/node_modules/typescript/lib/lib.es2017.intl.d.ts","/home/orion/.asdf/installs/node/20.2.0/lib/node_modules/typescript/lib/lib.es2017.typedarrays.d.ts","/home/orion/.asdf/installs/node/20.2.0/lib/node_modules/typescript/lib/lib.es2018.asyncgenerator.d.ts","/home/orion/.asdf/installs/node/20.2.0/lib/node_modules/typescript/lib/lib.es2018.asynciterable.d.ts","/home/orion/.asdf/installs/node/20.2.0/lib/node_modules/typescript/lib/lib.es2018.intl.d.ts","/home/orion/.asdf/installs/node/20.2.0/lib/node_modules/typescript/lib/lib.es2018.promise.d.ts","/home/orion/.asdf/installs/node/20.2.0/lib/node_modules/typescript/lib/lib.es2018.regexp.d.ts","/home/orion/.asdf/installs/node/20.2.0/lib/node_modules/typescript/lib/lib.es2019.array.d.ts","/home/orion/.asdf/installs/node/20.2.0/lib/node_modules/typescript/lib/lib.es2019.object.d.ts","/home/orion/.asdf/installs/node/20.2.0/lib/node_modules/typescript/lib/lib.es2019.string.d.ts","/home/orion/.asdf/installs/node/20.2.0/lib/node_modules/typescript/lib/lib.es2019.symbol.d.ts","/home/orion/.asdf/installs/node/20.2.0/lib/node_modules/typescript/lib/lib.es2019.intl.d.ts","/home/orion/.asdf/installs/node/20.2.0/lib/node_modules/typescript/lib/lib.es2020.bigint.d.ts","/home/orion/.asdf/installs/node/20.2.0/lib/node_modules/typescript/lib/lib.es2020.date.d.ts","/home/orion/.asdf/installs/node/20.2.0/lib/node_modules/typescript/lib/lib.es2020.promise.d.ts","/home/orion/.asdf/installs/node/20.2.0/lib/node_modules/typescript/lib/lib.es2020.sharedmemory.d.ts","/home/orion/.asdf/installs/node/20.2.0/lib/node_modules/typescript/lib/lib.es2020.string.d.ts","/home/orion/.asdf/installs/node/20.2.0/lib/node_modules/typescript/lib/lib.es2020.symbol.wellknown.d.ts","/home/orion/.asdf/installs/node/20.2.0/lib/node_modules/typescript/lib/lib.es2020.intl.d.ts","/home/orion/.asdf/installs/node/20.2.0/lib/node_modules/typescript/lib/lib.es2020.number.d.ts","/home/orion/.asdf/installs/node/20.2.0/lib/node_modules/typescript/lib/lib.es2021.promise.d.ts","/home/orion/.asdf/installs/node/20.2.0/lib/node_modules/typescript/lib/lib.es2021.string.d.ts","/home/orion/.asdf/installs/node/20.2.0/lib/node_modules/typescript/lib/lib.es2021.weakref.d.ts","/home/orion/.asdf/installs/node/20.2.0/lib/node_modules/typescript/lib/lib.es2021.intl.d.ts","/home/orion/.asdf/installs/node/20.2.0/lib/node_modules/typescript/lib/lib.es2022.array.d.ts","/home/orion/.asdf/installs/node/20.2.0/lib/node_modules/typescript/lib/lib.es2022.error.d.ts","/home/orion/.asdf/installs/node/20.2.0/lib/node_modules/typescript/lib/lib.es2022.intl.d.ts","/home/orion/.asdf/installs/node/20.2.0/lib/node_modules/typescript/lib/lib.es2022.object.d.ts","/home/orion/.asdf/installs/node/20.2.0/lib/node_modules/typescript/lib/lib.es2022.sharedmemory.d.ts","/home/orion/.asdf/installs/node/20.2.0/lib/node_modules/typescript/lib/lib.es2022.string.d.ts","/home/orion/.asdf/installs/node/20.2.0/lib/node_modules/typescript/lib/lib.es2022.regexp.d.ts","/home/orion/.asdf/installs/node/20.2.0/lib/node_modules/typescript/lib/lib.es2023.array.d.ts","/home/orion/.asdf/installs/node/20.2.0/lib/node_modules/typescript/lib/lib.es2023.collection.d.ts","/home/orion/.asdf/installs/node/20.2.0/lib/node_modules/typescript/lib/lib.esnext.intl.d.ts","/home/orion/.asdf/installs/node/20.2.0/lib/node_modules/typescript/lib/lib.esnext.disposable.d.ts","/home/orion/.asdf/installs/node/20.2.0/lib/node_modules/typescript/lib/lib.esnext.decorators.d.ts","/home/orion/.asdf/installs/node/20.2.0/lib/node_modules/typescript/lib/lib.decorators.d.ts","/home/orion/.asdf/installs/node/20.2.0/lib/node_modules/typescript/lib/lib.decorators.legacy.d.ts","/home/orion/src/purescript-puppeteer/node_modules/bun-types/types.d.ts","/home/orion/src/purescript-puppeteer/node_modules/puppeteer/lib/types.d.ts"],"compilerOptions":{"module":99,"moduleResolution":2,"target":7,"jsx":2,"strictNullChecks":true,"strictFunctionTypes":true,"sourceMap":true,"allowJs":true,"allowNonTsExtensions":true,"allowSyntheticDefaultImports":true,"resolveJsonModule":true,"maxNodeModuleJsDepth":2,"noEmitForJsFiles":true},"typeAcquisition":{"enable":true,"include":[],"exclude":[]},"unresolvedImports":[],"projectRootPath":"/home/orion/src/purescript-puppeteer","kind":"discover"}
[12:39:50.130] Explicitly included types: []
[12:39:50.131] Typing names in '/home/orion/src/purescript-puppeteer/package.json' dependencies: ["callsites","puppeteer","bun-types","purs-tidy","typescript"]
[12:39:50.132] Searching for typing names in /home/orion/src/purescript-puppeteer/node_modules; all files: ["/home/orion/src/purescript-puppeteer/node_modules/callsites/package.json","/home/orion/src/purescript-puppeteer/node_modules/puppeteer/package.json","/home/orion/src/purescript-puppeteer/node_modules/bun-types/package.json","/home/orion/src/purescript-puppeteer/node_modules/purs-tidy/package.json","/home/orion/src/purescript-puppeteer/node_modules/typescript/package.json"]
[12:39:50.136]     Package 'puppeteer' provides its own types.
[12:39:50.137]     Package 'bun-types' provides its own types.
[12:39:50.139]     Found package names: ["callsites","purs-tidy"]
[12:39:50.139] Inferred typings from unresolved imports: []
[12:39:50.139] Result: {"cachedTypingPaths":["/home/orion/src/purescript-puppeteer/node_modules/puppeteer/lib/types.d.ts","/home/orion/src/purescript-puppeteer/node_modules/bun-types/types.d.ts"],"newTypingNames":["callsites","purs-tidy","typescript"],"filesToWatch":["/home/orion/src/purescript-puppeteer/bower_components","/home/orion/src/purescript-puppeteer/package.json","/home/orion/src/purescript-puppeteer/node_modules"]}
[12:39:50.139] Finished typings discovery: {"cachedTypingPaths":["/home/orion/src/purescript-puppeteer/node_modules/puppeteer/lib/types.d.ts","/home/orion/src/purescript-puppeteer/node_modules/bun-types/types.d.ts"],"newTypingNames":["callsites","purs-tidy","typescript"],"filesToWatch":["/home/orion/src/purescript-puppeteer/bower_components","/home/orion/src/purescript-puppeteer/package.json","/home/orion/src/purescript-puppeteer/node_modules"]}
[12:39:50.139] Sending response:
    {"kind":"action::watchTypingLocations","projectName":"/dev/null/inferredProject1*"}
[12:39:50.139] Response has been sent.
[12:39:50.139] Installing typings ["callsites","purs-tidy","typescript"]
[12:39:50.139] 'callsites':: Entry for package 'callsites' does not exist in local types registry - skipping...
[12:39:50.140] 'purs-tidy':: Entry for package 'purs-tidy' does not exist in local types registry - skipping...
[12:39:50.140] 'typescript':: Entry for package 'typescript' does not exist in local types registry - skipping...
[12:39:50.140] All typings are known to be missing or invalid - no need to install more typings
[12:39:50.140] Sending response:
    {"projectName":"/dev/null/inferredProject1*","typeAcquisition":{"enable":true,"include":[],"exclude":[]},"compilerOptions":{"module":99,"moduleResolution":2,"target":7,"jsx":2,"strictNullChecks":true,"strictFunctionTypes":true,"sourceMap":true,"allowJs":true,"allowNonTsExtensions":true,"allowSyntheticDefaultImports":true,"resolveJsonModule":true,"maxNodeModuleJsDepth":2,"noEmitForJsFiles":true},"typings":["/home/orion/src/purescript-puppeteer/node_modules/puppeteer/lib/types.d.ts","/home/orion/src/purescript-puppeteer/node_modules/bun-types/types.d.ts"],"unresolvedImports":[],"kind":"action::set"}
[12:39:50.140] Response has been sent.
[12:39:52.392] Closing file watchers for project '/dev/null/inferredProject1*'
[12:39:52.392] Sending response:
    {"kind":"action::watchTypingLocations","projectName":"/dev/null/inferredProject1*","files":[]}
[12:39:52.392] Response has been sent.
[12:39:52.392] Closing file watchers for project '/dev/null/inferredProject1*' - done.
[12:39:52.392] Closing file watchers for project '/dev/null/autoImportProviderProject1*'
[12:39:52.392] No watchers are registered for project '/dev/null/autoImportProviderProject1*'
[13:27:51.204] Parent process has exited, shutting down...
