Info 0    [21:45:04.437] Starting TS Server
Info 1    [21:45:04.440] Version: 5.2.2
Info 2    [21:45:04.440] Arguments: /home/orion/.asdf/installs/node/20.2.0/bin/node /home/orion/.asdf/installs/node/20.2.0/lib/node_modules/typescript/lib/tsserver.js --serverMode partialSemantic --useInferredProjectPerProjectRoot --disableAutomaticTypingAcquisition --cancellationPipeName /tmp/97e25f70c39214f313bb932b8f697031/tscancellation* --logVerbosity normal --logFile /home/orion/src/purescript-puppeteer/.log/tsserver-log-Eocjjp/tsserver.log --locale en --validateDefaultNpmLocation --useNodeIpc
Info 3    [21:45:04.440] Platform: linux NodeVersion: v20.2.0 CaseSensitive: true
Info 4    [21:45:04.440] ServerMode: 1 hasUnknownServerMode: undefined
Info 5    [21:45:04.445] Format host information updated
Info 6    [21:45:04.449] Starting updateGraphWorker: Project: /dev/null/inferredProject1*
Info 7    [21:45:04.773] Finishing updateGraphWorker: Project: /dev/null/inferredProject1* Version: 1 structureChanged: true structureIsReused:: Not Elapsed: 323.52911200001836ms
Info 8    [21:45:04.773] Project '/dev/null/inferredProject1*' (Inferred)
Info 9    [21:45:04.773] 	Files (8)

Info 10   [21:45:04.773] -----------------------------------------------
Info 11   [21:45:04.773] Project '/dev/null/inferredProject1*' (Inferred)
Info 11   [21:45:04.773] 	Files (8)

Info 11   [21:45:04.773] -----------------------------------------------
Info 11   [21:45:04.773] Open files: 
Info 11   [21:45:04.773] 	FileName: /home/orion/src/purescript-puppeteer/src/Puppeteer.Handle.js ProjectRootPath: /home/orion/src/purescript-puppeteer
Info 11   [21:45:04.773] 		Projects: /dev/null/inferredProject1*
Info 11   [21:45:04.775] Format host information updated
Info 12   [21:45:05.376] Format host information updated
Info 13   [21:45:06.019] Starting updateGraphWorker: Project: /dev/null/inferredProject1*
Info 14   [21:45:06.028] Finishing updateGraphWorker: Project: /dev/null/inferredProject1* Version: 2 structureChanged: false structureIsReused:: Completely Elapsed: 8.360830000019632ms
Info 15   [21:45:06.028] Different program with same set of files
Info 16   [21:45:06.074] Format host information updated
Info 17   [21:45:07.402] Format host information updated
Info 18   [21:45:07.563] Format host information updated
Info 19   [21:45:07.735] Format host information updated
Info 20   [21:47:39.531] Format host information updated
Info 21   [21:47:39.654] Format host information updated
Info 22   [21:47:39.759] Format host information updated
Info 23   [21:47:39.974] Format host information updated
Info 24   [21:47:40.838] Format host information updated
Info 25   [21:47:40.986] Format host information updated
Info 26   [21:47:41.100] Format host information updated
Info 27   [21:47:41.906] Format host information updated
Info 28   [21:47:41.978] Format host information updated
Info 29   [21:47:42.080] Format host information updated
Info 30   [21:47:42.278] Format host information updated
Info 31   [21:47:42.456] Format host information updated
Info 32   [21:47:42.606] Format host information updated
Info 33   [21:47:42.756] Format host information updated
Info 34   [21:47:42.905] Format host information updated
Info 35   [21:47:43.075] Format host information updated
Info 36   [21:47:43.265] Format host information updated
Info 37   [21:47:43.346] Format host information updated
Info 38   [21:47:43.633] Format host information updated
Info 39   [21:47:43.805] Format host information updated
Info 40   [21:47:43.875] Format host information updated
Info 41   [21:47:44.058] Format host information updated
Info 42   [21:47:44.154] Format host information updated
Info 43   [21:47:44.566] Format host information updated
Info 44   [21:47:44.872] Format host information updated
Info 45   [21:47:45.069] Format host information updated
Info 46   [21:47:45.236] Format host information updated
Info 47   [21:47:45.342] Format host information updated
Info 48   [21:47:45.715] Format host information updated
Info 49   [21:47:45.789] Format host information updated
Info 50   [21:47:45.926] Format host information updated
Info 51   [21:47:46.075] Format host information updated
Info 52   [21:47:46.189] Format host information updated
Info 53   [21:47:46.257] Format host information updated
Info 54   [21:47:46.454] Format host information updated
Info 55   [21:47:46.562] Format host information updated
Info 56   [21:47:46.738] Format host information updated
Info 57   [21:47:46.898] Format host information updated
Info 58   [21:47:47.046] Format host information updated
Info 59   [21:47:47.271] Format host information updated
Info 60   [21:47:47.381] Format host information updated
Info 61   [21:47:47.533] Format host information updated
Info 62   [21:47:47.610] Format host information updated
Info 63   [21:47:47.787] Format host information updated
Info 64   [21:47:47.896] Format host information updated
Info 65   [21:47:48.013] Format host information updated
Info 66   [21:47:48.132] Format host information updated
Info 67   [21:47:48.333] Format host information updated
Info 68   [21:47:48.503] Format host information updated
Info 69   [21:47:48.601] Format host information updated
Info 70   [21:47:48.739] Format host information updated
Info 71   [21:47:49.804] Format host information updated
Info 72   [21:47:49.936] Format host information updated
Info 73   [21:47:50.318] Format host information updated
Info 74   [21:47:50.381] Format host information updated
Info 75   [21:47:50.591] Format host information updated
Info 76   [21:47:53.917] Format host information updated
Info 77   [21:47:53.978] Format host information updated
Info 78   [21:47:54.825] Format host information updated
Info 79   [21:47:54.938] Format host information updated
Info 80   [21:47:55.581] Format host information updated
Info 81   [21:47:55.582] Format host information updated
Info 82   [21:47:55.643] Format host information updated
Info 83   [21:49:50.112] Starting updateGraphWorker: Project: /dev/null/inferredProject1*
Info 84   [21:49:50.123] Finishing updateGraphWorker: Project: /dev/null/inferredProject1* Version: 3 structureChanged: true structureIsReused:: Not Elapsed: 10.820427000056952ms
Info 85   [21:49:50.123] Project '/dev/null/inferredProject1*' (Inferred)
Info 86   [21:49:50.123] 	Files (9)

Info 87   [21:49:50.123] -----------------------------------------------
Info 88   [21:49:50.123] Project '/dev/null/inferredProject1*' (Inferred)
Info 88   [21:49:50.123] 	Files (9)

Info 88   [21:49:50.123] -----------------------------------------------
Info 88   [21:49:50.123] Open files: 
Info 88   [21:49:50.123] 	FileName: /home/orion/src/purescript-puppeteer/src/Puppeteer.Handle.js ProjectRootPath: /home/orion/src/purescript-puppeteer
Info 88   [21:49:50.123] 		Projects: /dev/null/inferredProject1*
Info 88   [21:49:50.123] 	FileName: /home/orion/src/purescript-puppeteer/src/Puppeteer.Page.Event.js ProjectRootPath: /home/orion/src/purescript-puppeteer
Info 88   [21:49:50.123] 		Projects: /dev/null/inferredProject1*
Info 88   [21:49:50.335] Format host information updated
Info 89   [21:49:51.037] Project '/dev/null/inferredProject1*' (Inferred)
Info 89   [21:49:51.037] 	Files (9)

Info 89   [21:49:51.037] -----------------------------------------------
Info 89   [21:49:51.037] Open files: 
Info 89   [21:49:51.037] 	FileName: /home/orion/src/purescript-puppeteer/src/Puppeteer.Handle.js ProjectRootPath: /home/orion/src/purescript-puppeteer
Info 89   [21:49:51.037] 		Projects: /dev/null/inferredProject1*
Info 89   [21:52:22.652] Format host information updated
Info 90   [21:52:23.503] Format host information updated
Info 91   [21:55:33.941] Format host information updated
Info 92   [21:55:34.133] Format host information updated
Info 93   [21:55:34.210] Format host information updated
Info 94   [21:55:35.556] Format host information updated
Info 95   [21:55:35.722] Format host information updated
Info 96   [21:55:35.909] Format host information updated
Info 97   [21:55:36.030] Format host information updated
Info 98   [21:55:36.103] Format host information updated
Info 99   [21:55:36.216] Format host information updated
Info 100  [21:55:36.317] Format host information updated
Info 101  [21:55:36.402] Format host information updated
Info 102  [21:55:36.468] Format host information updated
Info 103  [21:55:36.692] Format host information updated
Info 104  [21:55:36.981] Format host information updated
Info 105  [21:55:37.108] Format host information updated
Info 106  [21:55:37.319] Format host information updated
Info 107  [21:55:41.209] Format host information updated
Info 108  [21:55:42.891] Format host information updated
Info 109  [21:55:49.160] Format host information updated
Info 110  [21:55:49.326] Format host information updated
Info 111  [21:55:49.496] Format host information updated
Info 112  [21:55:49.599] Format host information updated
Info 113  [21:55:49.688] Format host information updated
Info 114  [21:55:49.771] Format host information updated
Info 115  [21:55:49.860] Format host information updated
Info 116  [21:55:50.082] Format host information updated
Info 117  [21:55:50.174] Format host information updated
Info 118  [21:55:50.371] Format host information updated
Info 119  [21:55:50.798] Format host information updated
Info 120  [21:55:50.891] Format host information updated
Info 121  [21:55:50.999] Format host information updated
Info 122  [21:55:51.180] Format host information updated
Info 123  [21:55:51.362] Format host information updated
Info 124  [21:55:51.720] Format host information updated
Info 125  [21:55:51.826] Format host information updated
Info 126  [21:55:51.886] Format host information updated
Info 127  [21:55:51.980] Format host information updated
Info 128  [21:55:52.084] Format host information updated
Info 129  [21:55:52.157] Format host information updated
Info 130  [21:55:52.227] Format host information updated
Info 131  [21:55:52.449] Format host information updated
Info 132  [21:55:52.510] Format host information updated
Info 133  [21:55:52.676] Format host information updated
Info 134  [21:55:52.809] Format host information updated
Info 135  [21:55:53.368] Format host information updated
Info 136  [21:55:53.478] Format host information updated
Info 137  [21:55:53.624] Format host information updated
Info 138  [21:55:53.925] Format host information updated
Info 139  [21:55:54.115] Format host information updated
Info 140  [21:55:54.463] Format host information updated
Info 141  [21:55:54.613] Format host information updated
Info 142  [21:55:55.522] Format host information updated
Info 143  [21:55:55.821] Format host information updated
Info 144  [21:55:55.956] Format host information updated
Info 145  [21:55:56.116] Format host information updated
Info 146  [21:55:56.552] Format host information updated
Info 147  [21:55:56.826] Format host information updated
Info 148  [21:55:56.963] Format host information updated
Info 149  [21:55:57.099] Format host information updated
Info 150  [21:55:57.218] Format host information updated
Info 151  [21:55:57.596] Format host information updated
Info 152  [21:55:58.136] Format host information updated
Info 153  [21:55:58.224] Format host information updated
Info 154  [21:55:58.478] Format host information updated
Info 155  [21:55:58.595] Format host information updated
Info 156  [21:55:58.658] Format host information updated
Info 157  [21:55:58.723] Format host information updated
Info 158  [21:55:59.315] Format host information updated
Info 159  [21:55:59.550] Format host information updated
Info 160  [21:55:59.691] Format host information updated
Info 161  [21:55:59.982] Format host information updated
Info 162  [21:56:00.711] Format host information updated
Info 163  [21:56:01.043] Format host information updated
Info 164  [21:56:01.656] Format host information updated
Info 165  [21:56:01.804] Format host information updated
Info 166  [21:56:01.954] Format host information updated
Info 167  [21:56:02.086] Format host information updated
Info 168  [21:56:02.958] Format host information updated
Info 169  [21:56:03.054] Format host information updated
Info 170  [21:56:03.785] Format host information updated
Info 171  [21:56:03.891] Format host information updated
Info 172  [21:56:04.395] Format host information updated
Info 173  [21:56:04.790] Format host information updated
Info 174  [21:56:05.056] Format host information updated
Info 175  [21:56:05.200] Format host information updated
Info 176  [21:56:05.261] Format host information updated
Info 177  [21:56:05.363] Format host information updated
Info 178  [21:56:05.430] Format host information updated
Info 179  [21:56:05.552] Format host information updated
Info 180  [21:56:05.870] Format host information updated
Info 181  [21:56:06.045] Format host information updated
Info 182  [21:56:06.112] Format host information updated
Info 183  [21:56:06.239] Format host information updated
Info 184  [21:56:06.303] Format host information updated
Info 185  [21:56:06.399] Format host information updated
Info 186  [21:56:06.987] Format host information updated
Info 187  [21:56:07.534] Format host information updated
Info 188  [21:56:07.630] Format host information updated
Info 189  [21:56:07.715] Format host information updated
Info 190  [21:56:07.787] Format host information updated
Info 191  [21:56:07.954] Format host information updated
Info 192  [21:56:08.087] Format host information updated
Info 193  [21:56:08.155] Format host information updated
Info 194  [21:56:08.222] Format host information updated
Info 195  [21:56:08.316] Format host information updated
Info 196  [21:56:08.401] Format host information updated
Info 197  [21:56:08.462] Format host information updated
Info 198  [21:56:08.714] Format host information updated
Info 199  [21:56:08.930] Format host information updated
Info 200  [21:56:09.187] Format host information updated
Info 201  [21:56:09.473] Format host information updated
Info 202  [21:56:09.631] Format host information updated
Info 203  [21:56:09.827] Format host information updated
Info 204  [21:56:09.959] Format host information updated
Info 205  [21:56:10.133] Format host information updated
Info 206  [21:56:10.327] Format host information updated
Info 207  [21:56:10.447] Format host information updated
Info 208  [21:57:41.250] Format host information updated
Info 209  [21:57:41.416] Format host information updated
Info 210  [21:57:41.477] Format host information updated
Info 211  [21:57:41.661] Format host information updated
Info 212  [21:57:41.971] Format host information updated
Info 213  [21:57:43.866] Format host information updated
Info 214  [21:57:44.174] Format host information updated
Info 215  [21:57:44.418] Format host information updated
Info 216  [21:57:52.237] Format host information updated
Info 217  [21:57:54.325] Format host information updated
Info 218  [21:57:54.507] Format host information updated
Info 219  [21:57:54.616] Format host information updated
Info 220  [21:57:54.739] Format host information updated
Info 221  [21:57:54.821] Format host information updated
Info 222  [21:57:54.907] Format host information updated
Info 223  [21:57:55.149] Format host information updated
Info 224  [21:59:49.517] Format host information updated
Info 225  [21:59:49.775] Format host information updated
Info 226  [21:59:49.850] Format host information updated
Info 227  [21:59:49.995] Format host information updated
Info 228  [21:59:50.118] Format host information updated
Info 229  [21:59:50.528] Format host information updated
Info 230  [21:59:50.842] Format host information updated
Info 231  [21:59:50.975] Format host information updated
Info 232  [21:59:51.074] Format host information updated
Info 233  [21:59:51.248] Format host information updated
Info 234  [21:59:51.449] Format host information updated
Info 235  [21:59:51.509] Format host information updated
Info 236  [21:59:51.660] Format host information updated
Info 237  [21:59:51.759] Format host information updated
Info 238  [21:59:52.086] Format host information updated
Info 239  [21:59:52.457] Format host information updated
Info 240  [21:59:52.635] Format host information updated
Info 241  [21:59:52.700] Format host information updated
Info 242  [21:59:52.877] Format host information updated
Info 243  [21:59:52.971] Format host information updated
Info 244  [21:59:53.051] Format host information updated
Info 245  [21:59:53.137] Format host information updated
Info 246  [21:59:53.277] Format host information updated
Info 247  [21:59:54.189] Format host information updated
Info 248  [21:59:54.462] Format host information updated
Info 249  [21:59:54.535] Format host information updated
Info 250  [21:59:54.770] Format host information updated
Info 251  [21:59:54.860] Format host information updated
Info 252  [21:59:55.021] Format host information updated
Info 253  [21:59:55.100] Format host information updated
Info 254  [21:59:55.182] Format host information updated
Info 255  [21:59:55.318] Format host information updated
Info 256  [22:00:12.210] Format host information updated
Info 257  [22:00:12.703] Format host information updated
Info 258  [22:00:13.201] Format host information updated
Info 259  [22:00:14.204] Format host information updated
Info 260  [22:00:14.654] Format host information updated
Info 261  [22:00:14.894] Format host information updated
Info 262  [22:00:15.386] Format host information updated
Info 263  [22:00:16.873] Format host information updated
Info 264  [22:00:17.291] Format host information updated
Info 265  [22:00:17.378] Format host information updated
Info 266  [22:00:17.610] Format host information updated
Info 267  [22:00:18.236] Format host information updated
Info 268  [22:00:18.312] Format host information updated
Info 269  [22:00:18.373] Format host information updated
Info 270  [22:00:18.506] Format host information updated
Info 271  [22:00:18.600] Format host information updated
Info 272  [22:00:18.661] Format host information updated
Info 273  [22:00:18.723] Format host information updated
Info 274  [22:00:18.844] Format host information updated
Info 275  [22:00:19.319] Format host information updated
Info 276  [22:00:19.448] Format host information updated
Info 277  [22:00:19.545] Format host information updated
Info 278  [22:00:19.674] Format host information updated
Info 279  [22:00:19.904] Format host information updated
Info 280  [22:00:20.264] Format host information updated
Info 281  [22:00:20.566] Format host information updated
Info 282  [22:00:21.137] Format host information updated
Info 283  [22:00:21.536] Format host information updated
Info 284  [22:00:21.682] Format host information updated
Info 285  [22:00:22.599] Format host information updated
Info 286  [22:00:23.897] Format host information updated
Info 287  [22:00:25.675] Format host information updated
Info 288  [22:00:26.495] Format host information updated
Info 289  [22:00:26.669] Format host information updated
Info 290  [22:00:26.770] Format host information updated
Info 291  [22:00:26.918] Format host information updated
Info 292  [22:00:28.176] Format host information updated
Info 293  [22:00:29.355] Format host information updated
Info 294  [22:00:29.631] Format host information updated
Info 295  [22:00:30.140] Format host information updated
Info 296  [22:00:31.320] Format host information updated
Info 297  [22:00:33.403] Format host information updated
Info 298  [22:00:34.643] Format host information updated
Info 299  [22:00:34.970] Format host information updated
Info 300  [22:00:35.094] Format host information updated
Info 301  [22:00:36.368] Format host information updated
Info 302  [22:00:36.511] Format host information updated
Info 303  [22:00:36.674] Format host information updated
Info 304  [22:00:37.027] Format host information updated
Info 305  [22:00:37.326] Format host information updated
Info 306  [22:00:37.941] Format host information updated
Info 307  [22:00:38.231] Format host information updated
Info 308  [22:00:39.711] Format host information updated
Info 309  [22:00:41.084] Format host information updated
Info 310  [22:00:42.455] Format host information updated
Info 311  [22:00:43.401] Format host information updated
Info 312  [22:00:43.951] Format host information updated
Info 313  [22:00:44.099] Format host information updated
Info 314  [22:00:44.779] Format host information updated
Info 315  [22:00:44.909] Format host information updated
Info 316  [22:00:45.051] Format host information updated
Info 317  [22:00:45.187] Format host information updated
Info 318  [22:00:45.736] Format host information updated
Info 319  [22:00:45.797] Format host information updated
Info 320  [22:00:45.994] Format host information updated
Info 321  [22:00:46.308] Format host information updated
Info 322  [22:00:47.776] Format host information updated
Info 323  [22:00:48.065] Format host information updated
Info 324  [22:00:48.172] Format host information updated
Info 325  [22:00:48.341] Format host information updated
Info 326  [22:00:48.672] Format host information updated
Info 327  [22:00:48.800] Format host information updated
Info 328  [22:00:48.999] Format host information updated
Info 329  [22:00:49.059] Format host information updated
Info 330  [22:00:49.175] Format host information updated
Info 331  [22:00:49.411] Format host information updated
Info 332  [22:00:49.498] Format host information updated
Info 333  [22:00:49.724] Format host information updated
Info 334  [22:00:49.878] Format host information updated
Info 335  [22:00:49.961] Format host information updated
Info 336  [22:00:50.623] Format host information updated
Info 337  [22:00:50.834] Format host information updated
Info 338  [22:00:51.014] Format host information updated
Info 339  [22:00:51.149] Format host information updated
Info 340  [22:00:51.217] Format host information updated
Info 341  [22:00:51.405] Format host information updated
Info 342  [22:00:51.718] Format host information updated
Info 343  [22:00:51.969] Format host information updated
Info 344  [22:00:53.881] Format host information updated
Info 345  [22:00:54.564] Format host information updated
Info 346  [22:00:55.162] Format host information updated
Info 347  [22:00:55.265] Format host information updated
Info 348  [22:00:55.935] Format host information updated
Info 349  [22:00:56.005] Format host information updated
Info 350  [22:00:56.064] Format host information updated
Info 351  [22:00:57.192] Format host information updated
Info 352  [22:00:57.673] Format host information updated
Info 353  [22:00:58.035] Format host information updated
Info 354  [22:00:58.158] Format host information updated
Info 355  [22:00:58.387] Format host information updated
Info 356  [22:00:58.502] Format host information updated
Info 357  [22:00:58.672] Format host information updated
Info 358  [22:01:03.021] Format host information updated
Info 359  [22:01:06.575] Format host information updated
Info 360  [22:01:06.763] Format host information updated
Info 361  [22:01:06.831] Format host information updated
Info 362  [22:01:06.899] Format host information updated
Info 363  [22:01:07.024] Format host information updated
Info 364  [22:01:07.216] Format host information updated
Info 365  [22:01:07.322] Format host information updated
Info 366  [22:01:07.384] Format host information updated
Info 367  [22:01:07.570] Format host information updated
Info 368  [22:01:07.764] Format host information updated
Info 369  [22:01:08.083] Format host information updated
Info 370  [22:01:08.226] Format host information updated
Info 371  [22:01:08.482] Format host information updated
Info 372  [22:01:08.639] Format host information updated
Info 373  [22:01:09.135] Format host information updated
Info 374  [22:01:09.807] Format host information updated
Info 375  [22:01:09.949] Format host information updated
Info 376  [22:01:10.017] Format host information updated
Info 377  [22:01:10.218] Format host information updated
Info 378  [22:01:10.300] Format host information updated
Info 379  [22:01:10.468] Format host information updated
Info 380  [22:01:10.552] Format host information updated
Info 381  [22:01:10.632] Format host information updated
Info 382  [22:01:10.786] Format host information updated
Info 383  [22:01:11.059] Format host information updated
Info 384  [22:01:22.506] Format host information updated
Info 385  [22:01:22.618] Format host information updated
Info 386  [22:01:22.744] Format host information updated
Info 387  [22:01:22.998] Format host information updated
Info 388  [22:01:23.081] Format host information updated
Info 389  [22:01:23.283] Format host information updated
Info 390  [22:01:23.423] Format host information updated
Info 391  [22:01:23.775] Format host information updated
Info 392  [22:01:23.944] Format host information updated
Info 393  [22:01:25.393] Format host information updated
Info 394  [22:01:25.666] Format host information updated
Info 395  [22:01:25.745] Format host information updated
Info 396  [22:01:25.926] Format host information updated
Info 397  [22:01:26.057] Format host information updated
Info 398  [22:01:26.177] Format host information updated
Info 399  [22:01:26.306] Format host information updated
Info 400  [22:01:26.504] Format host information updated
Info 401  [22:01:26.564] Format host information updated
Info 402  [22:01:26.706] Format host information updated
Info 403  [22:01:26.881] Format host information updated
Info 404  [22:01:27.037] Format host information updated
Info 405  [22:01:30.682] Format host information updated
Info 406  [22:01:32.906] Format host information updated
Info 407  [22:01:46.862] Format host information updated
Info 408  [22:01:47.322] Format host information updated
Info 409  [22:01:50.718] Format host information updated
Info 410  [22:01:51.134] Format host information updated
Info 411  [22:02:57.133] Format host information updated
Info 412  [22:02:57.491] Format host information updated
Info 413  [22:02:57.635] Format host information updated
Info 414  [22:02:58.131] Format host information updated
Info 415  [22:03:00.371] Format host information updated
Info 416  [22:03:01.502] Format host information updated
Info 417  [22:03:01.563] Format host information updated
Info 418  [22:03:01.680] Format host information updated
Info 419  [22:03:02.032] Format host information updated
Info 420  [22:03:02.246] Format host information updated
Info 421  [22:03:02.339] Format host information updated
Info 422  [22:03:02.471] Format host information updated
Info 423  [22:03:02.551] Format host information updated
Info 424  [22:03:02.660] Format host information updated
Info 425  [22:03:03.953] Format host information updated
Info 426  [22:03:04.393] Format host information updated
Info 427  [22:03:04.774] Format host information updated
Info 428  [22:03:04.988] Format host information updated
Info 429  [22:03:05.288] Format host information updated
Info 430  [22:03:06.729] Format host information updated
Info 431  [22:03:06.861] Format host information updated
Info 432  [22:03:07.623] Format host information updated
Info 433  [22:03:07.676] Format host information updated
Info 434  [22:03:07.911] Format host information updated
Info 435  [22:03:07.982] Format host information updated
Info 436  [22:03:08.188] Format host information updated
Info 437  [22:03:08.275] Format host information updated
Info 438  [22:03:08.462] Format host information updated
Info 439  [22:03:08.529] Format host information updated
Info 440  [22:03:08.603] Format host information updated
Info 441  [22:03:08.665] Format host information updated
Info 442  [22:03:08.779] Format host information updated
Info 443  [22:03:09.227] Format host information updated
Info 444  [22:03:09.330] Format host information updated
Info 445  [22:03:09.422] Format host information updated
Info 446  [22:03:13.058] Format host information updated
Info 447  [22:04:14.519] Format host information updated
Info 448  [22:32:26.625] Starting updateGraphWorker: Project: /dev/null/inferredProject1*
Info 449  [22:32:26.639] Finishing updateGraphWorker: Project: /dev/null/inferredProject1* Version: 4 structureChanged: true structureIsReused:: Not Elapsed: 14.49783100001514ms
Info 450  [22:32:26.640] Project '/dev/null/inferredProject1*' (Inferred)
Info 451  [22:32:26.640] 	Files (9)

Info 452  [22:32:26.640] -----------------------------------------------
Info 453  [22:32:26.640] Project '/dev/null/inferredProject1*' (Inferred)
Info 453  [22:32:26.640] 	Files (9)

Info 453  [22:32:26.640] -----------------------------------------------
Info 453  [22:32:26.640] Open files: 
Info 453  [22:32:26.640] 	FileName: /home/orion/src/purescript-puppeteer/src/Puppeteer.Handle.js ProjectRootPath: /home/orion/src/purescript-puppeteer
Info 453  [22:32:26.640] 		Projects: /dev/null/inferredProject1*
Info 453  [22:32:26.640] 	FileName: /home/orion/src/purescript-puppeteer/src/Puppeteer.Page.js ProjectRootPath: /home/orion/src/purescript-puppeteer
Info 453  [22:32:26.640] 		Projects: /dev/null/inferredProject1*
Info 453  [22:32:26.852] Format host information updated
Info 454  [22:32:52.970] Project '/dev/null/inferredProject1*' (Inferred)
Info 454  [22:32:52.970] 	Files (9)

Info 454  [22:32:52.970] -----------------------------------------------
Info 454  [22:32:52.970] Open files: 
Info 454  [22:32:52.970] 	FileName: /home/orion/src/purescript-puppeteer/src/Puppeteer.Handle.js ProjectRootPath: /home/orion/src/purescript-puppeteer
Info 454  [22:32:52.970] 		Projects: /dev/null/inferredProject1*
Info 454  [22:48:58.545] Starting updateGraphWorker: Project: /dev/null/inferredProject1*
Info 455  [22:48:58.551] Finishing updateGraphWorker: Project: /dev/null/inferredProject1* Version: 5 structureChanged: true structureIsReused:: Not Elapsed: 6.367452000267804ms
Info 456  [22:48:58.551] Project '/dev/null/inferredProject1*' (Inferred)
Info 457  [22:48:58.551] 	Files (9)

Info 458  [22:48:58.551] -----------------------------------------------
Info 459  [22:48:58.551] Project '/dev/null/inferredProject1*' (Inferred)
Info 459  [22:48:58.551] 	Files (9)

Info 459  [22:48:58.551] -----------------------------------------------
Info 459  [22:48:58.551] Open files: 
Info 459  [22:48:58.551] 	FileName: /home/orion/src/purescript-puppeteer/src/Puppeteer.Handle.js ProjectRootPath: /home/orion/src/purescript-puppeteer
Info 459  [22:48:58.551] 		Projects: /dev/null/inferredProject1*
Info 459  [22:48:58.551] 	FileName: /home/orion/src/purescript-puppeteer/src/Puppeteer.Page.WaitFor.js ProjectRootPath: /home/orion/src/purescript-puppeteer
Info 459  [22:48:58.551] 		Projects: /dev/null/inferredProject1*
Info 459  [22:49:00.189] Format host information updated
Info 460  [22:49:02.605] Format host information updated
Info 461  [22:49:02.935] Format host information updated
Info 462  [22:49:03.224] Format host information updated
Info 463  [22:49:03.381] Format host information updated
Info 464  [22:49:03.449] Format host information updated
Info 465  [22:49:03.524] Format host information updated
Info 466  [22:49:03.632] Format host information updated
Info 467  [22:49:03.699] Format host information updated
Info 468  [22:49:03.882] Format host information updated
Info 469  [22:49:04.117] Format host information updated
Info 470  [22:49:04.239] Format host information updated
Info 471  [22:49:04.301] Format host information updated
Info 472  [22:49:04.442] Format host information updated
Info 473  [22:49:04.500] Format host information updated
Info 474  [22:49:04.576] Format host information updated
Info 475  [22:49:06.135] Format host information updated
Info 476  [22:56:20.374] Starting updateGraphWorker: Project: /dev/null/inferredProject1*
Info 477  [22:56:20.384] Finishing updateGraphWorker: Project: /dev/null/inferredProject1* Version: 6 structureChanged: true structureIsReused:: Not Elapsed: 9.906042999587953ms
Info 478  [22:56:20.384] Project '/dev/null/inferredProject1*' (Inferred)
Info 479  [22:56:20.384] 	Files (10)

Info 480  [22:56:20.384] -----------------------------------------------
Info 481  [22:56:20.384] Project '/dev/null/inferredProject1*' (Inferred)
Info 481  [22:56:20.384] 	Files (10)

Info 481  [22:56:20.384] -----------------------------------------------
Info 481  [22:56:20.384] Open files: 
Info 481  [22:56:20.384] 	FileName: /home/orion/src/purescript-puppeteer/src/Puppeteer.Handle.js ProjectRootPath: /home/orion/src/purescript-puppeteer
Info 481  [22:56:20.384] 		Projects: /dev/null/inferredProject1*
Info 481  [22:56:20.384] 	FileName: /home/orion/src/purescript-puppeteer/src/Puppeteer.Page.WaitFor.js ProjectRootPath: /home/orion/src/purescript-puppeteer
Info 481  [22:56:20.384] 		Projects: /dev/null/inferredProject1*
Info 481  [22:56:20.384] 	FileName: /home/orion/src/purescript-puppeteer/src/Puppeteer.Page.js ProjectRootPath: /home/orion/src/purescript-puppeteer
Info 481  [22:56:20.384] 		Projects: /dev/null/inferredProject1*
Info 481  [22:56:22.505] Format host information updated
Info 482  [22:56:25.074] Format host information updated
Info 483  [22:56:25.276] Format host information updated
Info 484  [23:07:38.832] Format host information updated
Info 485  [23:07:39.132] Format host information updated
Info 486  [23:07:40.415] Format host information updated
Info 487  [23:07:40.558] Format host information updated
Info 488  [23:07:40.753] Format host information updated
Info 489  [23:07:41.207] Format host information updated
Info 490  [23:07:41.392] Format host information updated
Info 491  [23:07:41.669] Format host information updated
Info 492  [23:07:41.736] Format host information updated
Info 493  [23:07:41.813] Format host information updated
Info 494  [23:07:41.887] Format host information updated
Info 495  [23:07:42.264] Format host information updated
Info 496  [23:07:42.420] Format host information updated
Info 497  [23:07:42.551] Format host information updated
Info 498  [23:07:42.685] Format host information updated
Info 499  [23:07:42.852] Format host information updated
Info 500  [23:07:42.975] Format host information updated
Info 501  [23:07:46.068] Format host information updated
Info 502  [23:07:46.352] Format host information updated
Info 503  [23:07:46.811] Format host information updated
Info 504  [23:07:46.878] Format host information updated
Info 505  [23:07:47.017] Format host information updated
Info 506  [23:07:47.079] Format host information updated
Info 507  [23:07:47.149] Format host information updated
Info 508  [23:07:47.530] Format host information updated
Info 509  [23:07:48.270] Format host information updated
Info 510  [23:07:48.698] Format host information updated
Info 511  [23:07:49.046] Format host information updated
Info 512  [23:07:49.368] Format host information updated
Info 513  [23:07:50.828] Format host information updated
Info 514  [23:07:50.918] Format host information updated
Info 515  [23:07:50.977] Format host information updated
Info 516  [23:07:51.560] Format host information updated
Info 517  [23:07:51.904] Format host information updated
Info 518  [23:07:52.050] Format host information updated
Info 519  [23:07:52.786] Format host information updated
Info 520  [23:07:53.196] Format host information updated
Info 521  [23:07:54.854] Format host information updated
Info 522  [23:07:54.996] Format host information updated
Info 523  [23:07:55.489] Format host information updated
Info 524  [23:07:56.156] Format host information updated
Info 525  [23:07:56.235] Format host information updated
Info 526  [23:07:57.058] Format host information updated
Info 527  [23:07:57.213] Format host information updated
Info 528  [23:07:58.974] Format host information updated
Info 529  [23:07:59.091] Format host information updated
Info 530  [23:07:59.650] Format host information updated
Info 531  [23:07:59.862] Format host information updated
Info 532  [23:08:00.045] Format host information updated
Info 533  [23:08:00.240] Format host information updated
Info 534  [23:08:00.869] Format host information updated
Info 535  [23:08:01.936] Format host information updated
Info 536  [23:08:02.015] Format host information updated
Info 537  [23:08:02.202] Format host information updated
Info 538  [23:08:02.323] Format host information updated
Info 539  [23:08:02.456] Format host information updated
Info 540  [23:08:02.593] Format host information updated
Info 541  [23:08:02.660] Format host information updated
Info 542  [23:08:02.764] Format host information updated
Info 543  [23:08:02.944] Format host information updated
Info 544  [23:08:03.684] Format host information updated
Info 545  [23:08:05.172] Format host information updated
Info 546  [23:08:08.110] Format host information updated
Info 547  [23:08:08.707] Format host information updated
Info 548  [23:08:08.842] Format host information updated
Info 549  [23:08:09.464] Format host information updated
Info 550  [23:08:09.556] Format host information updated
Info 551  [23:08:10.952] Format host information updated
Info 552  [23:08:11.105] Format host information updated
Info 553  [23:08:11.176] Format host information updated
Info 554  [23:08:11.381] Format host information updated
Info 555  [23:08:11.551] Format host information updated
Info 556  [23:08:11.722] Format host information updated
Info 557  [23:08:11.821] Format host information updated
Info 558  [23:08:11.959] Format host information updated
Info 559  [23:08:12.073] Format host information updated
Info 560  [23:08:12.159] Format host information updated
Info 561  [23:08:12.252] Format host information updated
Info 562  [23:08:12.612] Format host information updated
Info 563  [23:08:14.701] Format host information updated
Info 564  [23:08:17.300] Format host information updated
Info 565  [23:08:19.455] Format host information updated
Info 566  [23:08:22.293] Format host information updated
Info 567  [23:08:22.406] Format host information updated
Info 568  [23:08:22.467] Format host information updated
Info 569  [23:08:25.768] Format host information updated
Info 570  [23:08:26.301] Format host information updated
Info 571  [23:08:28.396] Format host information updated
Info 572  [23:08:29.295] Format host information updated
Info 573  [23:08:29.575] Format host information updated
Info 574  [23:08:30.064] Format host information updated
Info 575  [23:08:31.169] Format host information updated
Info 576  [23:08:32.792] Format host information updated
Info 577  [23:08:33.350] Format host information updated
Info 578  [23:08:35.500] Format host information updated
Info 579  [23:08:38.784] Format host information updated
Info 580  [23:08:38.994] Format host information updated
Info 581  [23:08:39.103] Format host information updated
Info 582  [23:08:39.462] Format host information updated
Info 583  [23:08:39.696] Format host information updated
Info 584  [23:08:39.837] Format host information updated
Info 585  [23:08:40.248] Format host information updated
Info 586  [23:08:40.352] Format host information updated
Info 587  [23:08:40.453] Format host information updated
Info 588  [23:08:40.526] Format host information updated
Info 589  [23:08:40.897] Format host information updated
Info 590  [23:08:41.061] Format host information updated
Info 591  [23:08:41.467] Format host information updated
Info 592  [23:08:41.677] Format host information updated
Info 593  [23:08:41.808] Format host information updated
Info 594  [23:08:42.111] Format host information updated
Info 595  [23:08:42.198] Format host information updated
Info 596  [23:08:42.354] Format host information updated
Info 597  [23:08:42.423] Format host information updated
Info 598  [23:08:43.151] Format host information updated
Info 599  [23:08:44.210] Format host information updated
Info 600  [23:08:44.321] Format host information updated
Info 601  [23:08:45.188] Format host information updated
Info 602  [23:08:45.388] Format host information updated
Info 603  [23:08:45.549] Format host information updated
Info 604  [23:08:45.610] Format host information updated
Info 605  [23:08:45.715] Format host information updated
Info 606  [23:08:45.786] Format host information updated
Info 607  [23:08:45.886] Format host information updated
Info 608  [23:08:46.132] Format host information updated
Info 609  [23:08:46.226] Format host information updated
Info 610  [23:08:46.293] Format host information updated
Info 611  [23:08:46.537] Format host information updated
Info 612  [23:08:46.679] Format host information updated
Info 613  [23:08:47.004] Format host information updated
Info 614  [23:08:47.087] Format host information updated
Info 615  [23:08:47.594] Format host information updated
Info 616  [23:08:47.944] Format host information updated
Info 617  [23:08:48.121] Format host information updated
Info 618  [23:08:48.198] Format host information updated
Info 619  [23:08:48.406] Format host information updated
Info 620  [23:08:48.514] Format host information updated
Info 621  [23:08:48.682] Format host information updated
Info 622  [23:08:48.745] Format host information updated
Info 623  [23:08:49.261] Format host information updated
Info 624  [23:08:49.390] Format host information updated
Info 625  [23:08:49.588] Format host information updated
Info 626  [23:08:49.702] Format host information updated
Info 627  [23:08:50.141] Format host information updated
Info 628  [23:08:50.283] Format host information updated
Info 629  [23:08:50.443] Format host information updated
Info 630  [23:08:50.678] Format host information updated
Info 631  [23:08:50.769] Format host information updated
Info 632  [23:08:51.661] Format host information updated
Info 633  [23:08:51.894] Format host information updated
Info 634  [23:08:52.149] Format host information updated
Info 635  [23:08:52.269] Format host information updated
Info 636  [23:08:52.617] Format host information updated
Info 637  [23:08:52.766] Format host information updated
Info 638  [23:08:52.861] Format host information updated
Info 639  [23:08:53.357] Format host information updated
Info 640  [23:08:53.479] Format host information updated
Info 641  [23:08:53.601] Format host information updated
Info 642  [23:08:53.810] Format host information updated
Info 643  [23:08:54.202] Format host information updated
Info 644  [23:08:54.279] Format host information updated
Info 645  [23:08:54.368] Format host information updated
Info 646  [23:08:54.540] Format host information updated
Info 647  [23:08:54.985] Format host information updated
Info 648  [23:08:54.986] Format host information updated
Info 649  [23:08:56.043] Format host information updated
Info 650  [23:08:56.217] Format host information updated
Info 651  [23:08:57.115] Format host information updated
Info 652  [23:08:57.221] Format host information updated
Info 653  [23:08:58.113] Format host information updated
Info 654  [23:08:59.386] Format host information updated
Info 655  [23:08:59.479] Format host information updated
Info 656  [23:09:00.545] Format host information updated
Info 657  [23:09:00.547] Format host information updated
Info 658  [23:09:00.604] Format host information updated
Info 659  [23:09:01.239] Format host information updated
Info 660  [23:09:01.359] Format host information updated
Info 661  [23:09:01.479] Format host information updated
Info 662  [23:09:01.580] Format host information updated
Info 663  [23:09:02.566] Format host information updated
Info 664  [23:09:02.857] Format host information updated
Info 665  [23:09:02.948] Format host information updated
Info 666  [23:09:03.173] Format host information updated
Info 667  [23:09:03.308] Format host information updated
Info 668  [23:09:03.368] Format host information updated
Info 669  [23:09:03.437] Format host information updated
Info 670  [23:09:03.524] Format host information updated
Info 671  [23:09:03.691] Format host information updated
Info 672  [23:09:04.170] Format host information updated
Info 673  [23:09:04.172] Format host information updated
Info 674  [23:09:04.461] Format host information updated
Info 675  [23:09:05.069] Format host information updated
Info 676  [23:09:05.661] Format host information updated
Info 677  [23:09:05.790] Format host information updated
Info 678  [23:09:07.191] Format host information updated
Info 679  [23:09:07.295] Format host information updated
Info 680  [23:09:07.374] Format host information updated
Info 681  [23:09:08.411] Format host information updated
Info 682  [23:09:08.411] Format host information updated
Info 683  [23:09:08.412] Format host information updated
Info 684  [23:09:08.471] Format host information updated
Info 685  [23:09:18.015] Format host information updated
Info 686  [23:09:18.076] Format host information updated
Info 687  [23:09:18.254] Format host information updated
Info 688  [23:09:18.355] Format host information updated
Info 689  [23:09:20.291] Format host information updated
Info 690  [23:09:21.095] Format host information updated
Info 691  [23:09:21.249] Format host information updated
Info 692  [23:09:22.118] Format host information updated
Info 693  [23:09:22.243] Format host information updated
Info 694  [23:09:24.233] Format host information updated
Info 695  [23:09:26.076] Format host information updated
Info 696  [23:09:26.230] Format host information updated
Info 697  [23:09:26.527] Format host information updated
Info 698  [23:09:26.659] Format host information updated
Info 699  [23:09:26.840] Format host information updated
Info 700  [23:09:26.996] Format host information updated
Info 701  [23:09:27.363] Format host information updated
Info 702  [23:09:27.471] Format host information updated
Info 703  [23:09:27.584] Format host information updated
Info 704  [23:09:27.661] Format host information updated
Info 705  [23:09:28.667] Format host information updated
Info 706  [23:09:28.740] Format host information updated
Info 707  [23:09:29.349] Format host information updated
Info 708  [23:09:29.646] Format host information updated
Info 709  [23:09:29.981] Format host information updated
Info 710  [23:09:30.102] Format host information updated
Info 711  [23:09:31.172] Format host information updated
Info 712  [23:09:31.331] Format host information updated
Info 713  [23:09:31.468] Format host information updated
Info 714  [23:09:33.256] Format host information updated
Info 715  [23:09:33.381] Format host information updated
Info 716  [23:09:35.035] Format host information updated
Info 717  [23:09:35.166] Format host information updated
Info 718  [23:09:38.155] Format host information updated
Info 719  [23:09:38.700] Format host information updated
Info 720  [23:09:39.464] Format host information updated
Info 721  [23:09:39.589] Format host information updated
Info 722  [23:09:39.905] Format host information updated
Info 723  [23:09:40.018] Format host information updated
Info 724  [23:09:40.248] Format host information updated
Info 725  [23:09:40.308] Format host information updated
Info 726  [23:09:40.401] Format host information updated
Info 727  [23:09:40.835] Format host information updated
Info 728  [23:09:41.003] Format host information updated
Info 729  [23:09:41.169] Format host information updated
Info 730  [23:09:41.314] Format host information updated
Info 731  [23:09:41.394] Format host information updated
Info 732  [23:09:41.491] Format host information updated
Info 733  [23:09:41.553] Format host information updated
Info 734  [23:09:41.666] Format host information updated
Info 735  [23:09:41.832] Format host information updated
Info 736  [23:09:41.969] Format host information updated
Info 737  [23:09:42.107] Format host information updated
Info 738  [23:09:42.230] Format host information updated
Info 739  [23:09:42.299] Format host information updated
Info 740  [23:09:42.664] Format host information updated
Info 741  [23:09:42.817] Format host information updated
Info 742  [23:09:42.896] Format host information updated
Info 743  [23:09:43.021] Format host information updated
Info 744  [23:09:43.172] Format host information updated
Info 745  [23:09:43.238] Format host information updated
Info 746  [23:09:43.376] Format host information updated
Info 747  [23:09:43.829] Format host information updated
Info 748  [23:09:47.672] Format host information updated
Info 749  [23:09:48.045] Format host information updated
Info 750  [23:09:48.159] Format host information updated
Info 751  [23:09:48.473] Format host information updated
Info 752  [23:09:48.535] Format host information updated
Info 753  [23:09:48.600] Format host information updated
Info 754  [23:09:48.698] Format host information updated
Info 755  [23:09:48.814] Format host information updated
Info 756  [23:09:48.887] Format host information updated
Info 757  [23:09:49.076] Format host information updated
Info 758  [23:09:49.190] Format host information updated
Info 759  [23:09:49.305] Format host information updated
Info 760  [23:09:49.363] Format host information updated
Info 761  [23:09:49.654] Format host information updated
Info 762  [23:09:51.206] Format host information updated
Info 763  [23:09:52.211] Format host information updated
Info 764  [23:09:53.702] Format host information updated
Info 765  [23:09:53.784] Format host information updated
Info 766  [23:09:53.844] Format host information updated
Info 767  [23:09:54.091] Format host information updated
Info 768  [23:09:54.304] Format host information updated
Info 769  [23:09:54.480] Format host information updated
Info 770  [23:09:54.699] Format host information updated
Info 771  [23:09:55.991] Format host information updated
Info 772  [23:09:56.196] Format host information updated
Info 773  [23:09:56.600] Format host information updated
Info 774  [23:09:56.761] Format host information updated
Info 775  [23:09:57.762] Format host information updated
Info 776  [23:09:58.044] Format host information updated
Info 777  [23:09:58.118] Format host information updated
Info 778  [23:09:58.180] Format host information updated
Info 779  [23:10:03.677] Format host information updated
Info 780  [23:10:03.836] Format host information updated
Info 781  [23:10:04.071] Format host information updated
Info 782  [23:10:04.203] Format host information updated
Info 783  [23:10:04.347] Format host information updated
Info 784  [23:10:04.489] Format host information updated
Info 785  [23:10:04.579] Format host information updated
Info 786  [23:10:04.689] Format host information updated
Info 787  [23:10:04.823] Format host information updated
Info 788  [23:10:05.024] Format host information updated
Info 789  [23:10:05.154] Format host information updated
Info 790  [23:10:05.244] Format host information updated
Info 791  [23:10:05.553] Format host information updated
Info 792  [23:10:05.644] Format host information updated
Info 793  [23:10:05.737] Format host information updated
Info 794  [23:10:05.910] Format host information updated
Info 795  [23:10:06.069] Format host information updated
Info 796  [23:10:06.175] Format host information updated
Info 797  [23:10:06.384] Format host information updated
Info 798  [23:10:06.445] Format host information updated
Info 799  [23:10:06.563] Format host information updated
Info 800  [23:10:07.005] Format host information updated
Info 801  [23:10:15.690] Format host information updated
Info 802  [23:10:15.759] Format host information updated
Info 803  [23:10:15.852] Format host information updated
Info 804  [23:10:15.960] Format host information updated
Info 805  [23:10:16.071] Format host information updated
Info 806  [23:10:16.264] Format host information updated
Info 807  [23:10:30.814] Format host information updated
Info 808  [23:10:30.897] Format host information updated
Info 809  [23:10:31.081] Format host information updated
Info 810  [23:10:31.305] Format host information updated
Info 811  [23:10:31.385] Format host information updated
Info 812  [23:10:34.006] Format host information updated
Info 813  [23:10:34.131] Format host information updated
Info 814  [23:10:34.222] Format host information updated
Info 815  [23:10:34.459] Format host information updated
Info 816  [23:10:34.518] Format host information updated
Info 817  [23:10:34.780] Format host information updated
Info 818  [23:10:34.944] Format host information updated
Info 819  [23:25:59.523] Starting updateGraphWorker: Project: /dev/null/inferredProject1*
Info 820  [23:25:59.536] Finishing updateGraphWorker: Project: /dev/null/inferredProject1* Version: 7 structureChanged: true structureIsReused:: Not Elapsed: 12.642777000553906ms
Info 821  [23:25:59.536] Project '/dev/null/inferredProject1*' (Inferred)
Info 822  [23:25:59.536] 	Files (11)

Info 823  [23:25:59.536] -----------------------------------------------
Info 824  [23:25:59.536] Project '/dev/null/inferredProject1*' (Inferred)
Info 824  [23:25:59.536] 	Files (11)

Info 824  [23:25:59.536] -----------------------------------------------
Info 824  [23:25:59.536] Open files: 
Info 824  [23:25:59.536] 	FileName: /home/orion/src/purescript-puppeteer/src/Puppeteer.Handle.js ProjectRootPath: /home/orion/src/purescript-puppeteer
Info 824  [23:25:59.536] 		Projects: /dev/null/inferredProject1*
Info 824  [23:25:59.536] 	FileName: /home/orion/src/purescript-puppeteer/src/Puppeteer.Page.WaitFor.js ProjectRootPath: /home/orion/src/purescript-puppeteer
Info 824  [23:25:59.536] 		Projects: /dev/null/inferredProject1*
Info 824  [23:25:59.536] 	FileName: /home/orion/src/purescript-puppeteer/src/Puppeteer.Page.js ProjectRootPath: /home/orion/src/purescript-puppeteer
Info 824  [23:25:59.536] 		Projects: /dev/null/inferredProject1*
Info 824  [23:25:59.536] 	FileName: /home/orion/src/purescript-puppeteer/src/Puppeteer.Handle.Eval.js ProjectRootPath: /home/orion/src/purescript-puppeteer
Info 824  [23:25:59.536] 		Projects: /dev/null/inferredProject1*
Info 824  [23:25:59.665] Format host information updated
Info 825  [23:26:00.063] Format host information updated
Info 826  [23:26:04.840] Format host information updated
Info 827  [23:26:05.465] Format host information updated
Info 828  [23:26:06.676] Format host information updated
Info 829  [23:26:06.913] Format host information updated
Info 830  [23:26:07.057] Format host information updated
Info 831  [23:26:07.163] Format host information updated
Info 832  [23:26:07.533] Format host information updated
Info 833  [23:26:07.707] Format host information updated
Info 834  [23:26:07.786] Format host information updated
Info 835  [23:26:08.338] Format host information updated
Info 836  [23:26:08.532] Format host information updated
Info 837  [23:26:09.186] Format host information updated
Info 838  [23:26:09.449] Format host information updated
Info 839  [23:26:10.439] Format host information updated
Info 840  [23:26:10.683] Format host information updated
Info 841  [23:26:10.760] Format host information updated
Info 842  [23:26:10.848] Format host information updated
Info 843  [23:26:10.928] Format host information updated
Info 844  [23:26:11.412] Format host information updated
Info 845  [23:26:11.983] Format host information updated
Info 846  [23:26:12.624] Format host information updated
Info 847  [23:26:13.092] Format host information updated
Info 848  [23:26:14.356] Format host information updated
Info 849  [23:26:14.949] Format host information updated
Info 850  [23:26:16.300] Format host information updated
Info 851  [23:26:16.369] Format host information updated
Info 852  [23:26:16.691] Format host information updated
Info 853  [23:26:17.158] Format host information updated
Info 854  [23:26:17.353] Format host information updated
Info 855  [23:26:17.536] Format host information updated
Info 856  [23:26:17.602] Format host information updated
Info 857  [23:26:17.682] Format host information updated
Info 858  [23:26:18.102] Format host information updated
Info 859  [23:26:18.406] Format host information updated
Info 860  [23:26:18.622] Format host information updated
Info 861  [23:26:18.700] Format host information updated
Info 862  [23:26:18.943] Format host information updated
Info 863  [23:26:19.045] Format host information updated
Info 864  [23:26:19.434] Format host information updated
Info 865  [23:26:19.859] Format host information updated
Info 866  [23:26:20.144] Format host information updated
Info 867  [23:26:20.369] Format host information updated
Info 868  [23:26:20.577] Format host information updated
Info 869  [23:26:20.726] Format host information updated
Info 870  [23:26:20.965] Format host information updated
Info 871  [23:26:21.161] Format host information updated
Info 872  [23:26:21.253] Format host information updated
Info 873  [23:26:21.350] Format host information updated
Info 874  [23:26:21.565] Format host information updated
Info 875  [23:26:21.891] Format host information updated
Info 876  [23:26:22.102] Format host information updated
Info 877  [23:26:22.189] Format host information updated
Info 878  [23:26:22.317] Format host information updated
Info 879  [23:26:22.415] Format host information updated
Info 880  [23:26:22.530] Format host information updated
Info 881  [23:26:22.593] Format host information updated
Info 882  [23:26:23.948] Format host information updated
Info 883  [23:26:24.211] Format host information updated
Info 884  [23:26:24.285] Format host information updated
Info 885  [23:26:25.298] Format host information updated
Info 886  [23:26:28.198] Format host information updated
Info 887  [23:26:28.684] Format host information updated
Info 888  [23:26:31.885] Format host information updated
Info 889  [23:26:32.000] Format host information updated
Info 890  [23:26:32.137] Format host information updated
Info 891  [23:26:32.210] Format host information updated
Info 892  [23:26:32.470] Format host information updated
Info 893  [23:26:32.770] Format host information updated
Info 894  [23:26:32.969] Format host information updated
Info 895  [23:26:33.107] Format host information updated
Info 896  [23:26:33.243] Format host information updated
Info 897  [23:26:33.344] Format host information updated
Info 898  [23:26:33.423] Format host information updated
Info 899  [23:26:33.531] Format host information updated
Info 900  [23:26:33.808] Format host information updated
Info 901  [23:26:34.746] Format host information updated
Info 902  [23:26:34.841] Format host information updated
Info 903  [23:26:35.062] Format host information updated
Info 904  [23:26:35.129] Format host information updated
Info 905  [23:26:35.292] Format host information updated
Info 906  [23:26:35.483] Format host information updated
Info 907  [23:26:35.702] Format host information updated
Info 908  [23:26:35.848] Format host information updated
Info 909  [23:26:36.085] Format host information updated
Info 910  [23:26:36.309] Format host information updated
Info 911  [23:26:36.664] Format host information updated
Info 912  [23:26:36.756] Format host information updated
Info 913  [23:26:36.816] Format host information updated
Info 914  [23:26:37.845] Format host information updated
Info 915  [23:26:38.141] Format host information updated
Info 916  [23:26:38.356] Format host information updated
Info 917  [23:26:39.085] Format host information updated
Info 918  [23:26:39.164] Format host information updated
Info 919  [23:26:39.416] Format host information updated
Info 920  [23:26:39.553] Format host information updated
Info 921  [23:26:39.662] Format host information updated
Info 922  [23:26:39.861] Format host information updated
Info 923  [23:26:40.009] Format host information updated
Info 924  [23:26:40.235] Format host information updated
Info 925  [23:26:40.413] Format host information updated
Info 926  [23:26:40.500] Format host information updated
Info 927  [23:26:40.561] Format host information updated
Info 928  [23:26:42.431] Format host information updated
Info 929  [23:26:45.339] Format host information updated
Info 930  [23:26:45.680] Format host information updated
Info 931  [23:26:46.632] Format host information updated
Info 932  [23:26:46.946] Format host information updated
Info 933  [23:26:47.259] Format host information updated
Info 934  [23:26:48.485] Format host information updated
Info 935  [23:26:48.791] Format host information updated
Info 936  [23:26:49.098] Format host information updated
Info 937  [23:26:49.198] Format host information updated
Info 938  [23:26:49.346] Format host information updated
Info 939  [23:26:49.555] Format host information updated
Info 940  [23:26:49.696] Format host information updated
Info 941  [23:26:49.867] Format host information updated
Info 942  [23:26:49.991] Format host information updated
Info 943  [23:26:50.085] Format host information updated
Info 944  [23:26:50.150] Format host information updated
Info 945  [23:26:50.356] Format host information updated
Info 946  [23:26:50.482] Format host information updated
Info 947  [23:26:50.654] Format host information updated
Info 948  [23:26:50.853] Format host information updated
Info 949  [23:26:50.965] Format host information updated
Info 950  [23:26:51.106] Format host information updated
Info 951  [23:26:51.249] Format host information updated
Info 952  [23:26:51.366] Format host information updated
Info 953  [23:26:51.468] Format host information updated
Info 954  [23:26:53.068] Format host information updated
Info 955  [23:26:53.485] Format host information updated
Info 956  [23:26:53.656] Format host information updated
Info 957  [23:26:53.780] Format host information updated
Info 958  [23:26:53.861] Format host information updated
Info 959  [23:26:53.987] Format host information updated
Info 960  [23:26:54.043] Format host information updated
Info 961  [23:26:54.389] Format host information updated
Info 962  [23:26:54.775] Format host information updated
Info 963  [23:26:54.839] Format host information updated
Info 964  [23:26:55.090] Format host information updated
Info 965  [23:26:55.405] Format host information updated
Info 966  [23:26:55.768] Format host information updated
Info 967  [23:26:55.883] Format host information updated
Info 968  [23:26:56.199] Format host information updated
Info 969  [23:26:56.344] Format host information updated
Info 970  [23:26:56.437] Format host information updated
Info 971  [23:26:56.592] Format host information updated
Info 972  [23:26:56.709] Format host information updated
Info 973  [23:26:57.107] Format host information updated
Info 974  [23:26:57.292] Format host information updated
Info 975  [23:26:57.373] Format host information updated
Info 976  [23:26:57.452] Format host information updated
Info 977  [23:26:57.671] Format host information updated
Info 978  [23:26:57.834] Format host information updated
Info 979  [23:26:57.975] Format host information updated
Info 980  [23:26:58.129] Format host information updated
Info 981  [23:26:58.299] Format host information updated
Info 982  [23:26:58.428] Format host information updated
Info 983  [23:26:58.517] Format host information updated
Info 984  [23:26:58.644] Format host information updated
Info 985  [23:26:58.741] Format host information updated
Info 986  [23:26:58.946] Format host information updated
Info 987  [23:26:59.003] Format host information updated
Info 988  [23:26:59.061] Format host information updated
Info 989  [23:26:59.206] Format host information updated
Info 990  [23:26:59.368] Format host information updated
Info 991  [23:26:59.429] Format host information updated
Info 992  [23:26:59.569] Format host information updated
Info 993  [23:27:00.331] Format host information updated
Info 994  [23:27:00.331] Format host information updated
Info 995  [23:27:00.332] Format host information updated
Info 996  [23:27:01.411] Format host information updated
Info 997  [23:27:01.721] Format host information updated
Info 998  [23:27:01.806] Format host information updated
Info 999  [23:27:01.879] Format host information updated
Info 1000 [23:27:02.028] Format host information updated
Info 1001 [23:27:02.102] Format host information updated
Info 1002 [23:27:02.339] Format host information updated
Info 1003 [23:27:02.486] Format host information updated
Info 1004 [23:27:02.547] Format host information updated
Info 1005 [23:27:02.809] Format host information updated
Info 1006 [23:27:03.040] Format host information updated
Info 1007 [23:27:03.156] Format host information updated
Info 1008 [23:27:03.323] Format host information updated
Info 1009 [23:27:03.382] Format host information updated
Info 1010 [23:27:03.455] Format host information updated
Info 1011 [23:27:03.645] Format host information updated
Info 1012 [23:27:03.751] Format host information updated
Info 1013 [23:27:03.826] Format host information updated
Info 1014 [23:27:04.855] Format host information updated
Info 1015 [23:27:04.953] Format host information updated
Info 1016 [23:27:05.130] Format host information updated
Info 1017 [23:27:05.375] Format host information updated
Info 1018 [23:27:05.433] Format host information updated
Info 1019 [23:27:05.582] Format host information updated
Info 1020 [23:27:05.719] Format host information updated
Info 1021 [23:27:05.901] Format host information updated
Info 1022 [23:27:06.202] Format host information updated
Info 1023 [23:27:06.275] Format host information updated
Info 1024 [23:27:06.819] Format host information updated
Info 1025 [23:27:07.007] Format host information updated
Info 1026 [23:27:07.206] Format host information updated
Info 1027 [23:27:07.439] Format host information updated
Info 1028 [23:27:07.499] Format host information updated
Info 1029 [23:27:08.356] Format host information updated
Info 1030 [23:27:08.565] Format host information updated
Info 1031 [23:27:09.535] Format host information updated
Info 1032 [23:27:09.816] Format host information updated
Info 1033 [23:27:09.977] Format host information updated
Info 1034 [23:27:10.439] Format host information updated
Info 1035 [23:27:10.439] Format host information updated
Info 1036 [23:27:10.441] Format host information updated
Info 1037 [23:27:10.851] Format host information updated
Info 1038 [23:27:11.350] Format host information updated
Info 1039 [23:27:11.467] Format host information updated
Info 1040 [23:27:11.823] Format host information updated
Info 1041 [23:27:11.964] Format host information updated
Info 1042 [23:27:21.481] Format host information updated
Info 1043 [23:27:39.612] Format host information updated
Info 1044 [23:27:40.215] Format host information updated
Info 1045 [23:27:40.359] Format host information updated
Info 1046 [23:27:40.494] Format host information updated
Info 1047 [23:27:42.052] Format host information updated
Info 1048 [23:27:42.120] Format host information updated
Info 1049 [23:27:42.353] Format host information updated
Info 1050 [23:27:42.475] Format host information updated
Info 1051 [23:27:42.619] Format host information updated
Info 1052 [23:27:43.449] Format host information updated
Info 1053 [23:27:51.079] Format host information updated
Info 1054 [23:27:53.370] Format host information updated
Info 1055 [23:27:54.608] Format host information updated
Info 1056 [23:27:54.746] Format host information updated
Info 1057 [23:27:54.829] Format host information updated
Info 1058 [23:27:54.995] Format host information updated
Info 1059 [23:27:55.109] Format host information updated
Info 1060 [23:28:01.952] Format host information updated
Info 1061 [23:28:02.125] Format host information updated
Info 1062 [23:28:02.856] Format host information updated
Info 1063 [23:29:09.746] Starting updateGraphWorker: Project: /dev/null/inferredProject1*
Info 1064 [23:29:09.757] Finishing updateGraphWorker: Project: /dev/null/inferredProject1* Version: 8 structureChanged: true structureIsReused:: Not Elapsed: 10.666462999768555ms
Info 1065 [23:29:09.757] Project '/dev/null/inferredProject1*' (Inferred)
Info 1066 [23:29:09.757] 	Files (12)

Info 1067 [23:29:09.757] -----------------------------------------------
Info 1068 [23:29:09.757] Project '/dev/null/inferredProject1*' (Inferred)
Info 1068 [23:29:09.757] 	Files (12)

Info 1068 [23:29:09.757] -----------------------------------------------
Info 1068 [23:29:09.757] Open files: 
Info 1068 [23:29:09.757] 	FileName: /home/orion/src/purescript-puppeteer/src/Puppeteer.Handle.js ProjectRootPath: /home/orion/src/purescript-puppeteer
Info 1068 [23:29:09.757] 		Projects: /dev/null/inferredProject1*
Info 1068 [23:29:09.757] 	FileName: /home/orion/src/purescript-puppeteer/src/Puppeteer.Page.WaitFor.js ProjectRootPath: /home/orion/src/purescript-puppeteer
Info 1068 [23:29:09.757] 		Projects: /dev/null/inferredProject1*
Info 1068 [23:29:09.757] 	FileName: /home/orion/src/purescript-puppeteer/src/Puppeteer.Page.js ProjectRootPath: /home/orion/src/purescript-puppeteer
Info 1068 [23:29:09.757] 		Projects: /dev/null/inferredProject1*
Info 1068 [23:29:09.757] 	FileName: /home/orion/src/purescript-puppeteer/src/Puppeteer.Handle.Eval.js ProjectRootPath: /home/orion/src/purescript-puppeteer
Info 1068 [23:29:09.757] 		Projects: /dev/null/inferredProject1*
Info 1068 [23:29:09.757] 	FileName: /home/orion/src/purescript-puppeteer/src/Puppeteer.Page.Eval.js ProjectRootPath: /home/orion/src/purescript-puppeteer
Info 1068 [23:29:09.757] 		Projects: /dev/null/inferredProject1*
Info 1068 [23:29:09.995] Format host information updated
Info 1069 [23:29:24.335] Project '/dev/null/inferredProject1*' (Inferred)
Info 1069 [23:29:24.335] 	Files (12)

Info 1069 [23:29:24.335] -----------------------------------------------
Info 1069 [23:29:24.335] Open files: 
Info 1069 [23:29:24.335] 	FileName: /home/orion/src/purescript-puppeteer/src/Puppeteer.Handle.js ProjectRootPath: /home/orion/src/purescript-puppeteer
Info 1069 [23:29:24.335] 		Projects: /dev/null/inferredProject1*
Info 1069 [23:29:24.335] 	FileName: /home/orion/src/purescript-puppeteer/src/Puppeteer.Page.WaitFor.js ProjectRootPath: /home/orion/src/purescript-puppeteer
Info 1069 [23:29:24.335] 		Projects: /dev/null/inferredProject1*
Info 1069 [23:29:24.335] 	FileName: /home/orion/src/purescript-puppeteer/src/Puppeteer.Page.js ProjectRootPath: /home/orion/src/purescript-puppeteer
Info 1069 [23:29:24.335] 		Projects: /dev/null/inferredProject1*
Info 1069 [23:29:24.335] 	FileName: /home/orion/src/purescript-puppeteer/src/Puppeteer.Page.Eval.js ProjectRootPath: /home/orion/src/purescript-puppeteer
Info 1069 [23:29:24.335] 		Projects: /dev/null/inferredProject1*
Info 1069 [23:31:07.302] Project '/dev/null/inferredProject1*' (Inferred)
Info 1069 [23:31:07.302] 	Files (12)

Info 1069 [23:31:07.302] -----------------------------------------------
Info 1069 [23:31:07.302] Open files: 
Info 1069 [23:31:07.303] 	FileName: /home/orion/src/purescript-puppeteer/src/Puppeteer.Handle.js ProjectRootPath: /home/orion/src/purescript-puppeteer
Info 1069 [23:31:07.303] 		Projects: /dev/null/inferredProject1*
Info 1069 [23:31:07.303] 	FileName: /home/orion/src/purescript-puppeteer/src/Puppeteer.Page.WaitFor.js ProjectRootPath: /home/orion/src/purescript-puppeteer
Info 1069 [23:31:07.303] 		Projects: /dev/null/inferredProject1*
Info 1069 [23:31:07.303] 	FileName: /home/orion/src/purescript-puppeteer/src/Puppeteer.Page.js ProjectRootPath: /home/orion/src/purescript-puppeteer
Info 1069 [23:31:07.303] 		Projects: /dev/null/inferredProject1*
Info 1069 [23:33:34.037] Starting updateGraphWorker: Project: /dev/null/inferredProject1*
Info 1070 [23:33:34.042] Finishing updateGraphWorker: Project: /dev/null/inferredProject1* Version: 9 structureChanged: true structureIsReused:: Not Elapsed: 5.278230999596417ms
Info 1071 [23:33:34.043] Project '/dev/null/inferredProject1*' (Inferred)
Info 1072 [23:33:34.043] 	Files (11)

Info 1073 [23:33:34.043] -----------------------------------------------
Info 1074 [23:33:34.043] Project '/dev/null/inferredProject1*' (Inferred)
Info 1074 [23:33:34.043] 	Files (11)

Info 1074 [23:33:34.043] -----------------------------------------------
Info 1074 [23:33:34.043] Open files: 
Info 1074 [23:33:34.043] 	FileName: /home/orion/src/purescript-puppeteer/src/Puppeteer.Handle.js ProjectRootPath: /home/orion/src/purescript-puppeteer
Info 1074 [23:33:34.043] 		Projects: /dev/null/inferredProject1*
Info 1074 [23:33:34.043] 	FileName: /home/orion/src/purescript-puppeteer/src/Puppeteer.Page.WaitFor.js ProjectRootPath: /home/orion/src/purescript-puppeteer
Info 1074 [23:33:34.043] 		Projects: /dev/null/inferredProject1*
Info 1074 [23:33:34.043] 	FileName: /home/orion/src/purescript-puppeteer/src/Puppeteer.Page.js ProjectRootPath: /home/orion/src/purescript-puppeteer
Info 1074 [23:33:34.043] 		Projects: /dev/null/inferredProject1*
Info 1074 [23:33:34.043] 	FileName: /home/orion/src/purescript-puppeteer/src/Puppeteer.Eval.js ProjectRootPath: /home/orion/src/purescript-puppeteer
Info 1074 [23:33:34.043] 		Projects: /dev/null/inferredProject1*
Info 1074 [23:33:34.318] Format host information updated
Info 1075 [23:33:44.024] Format host information updated
Info 1076 [23:33:44.287] Format host information updated
Info 1077 [23:33:44.353] Format host information updated
Info 1078 [23:33:44.434] Format host information updated
Info 1079 [23:33:44.668] Format host information updated
Info 1080 [23:33:44.767] Format host information updated
Info 1081 [23:33:44.890] Format host information updated
Info 1082 [23:33:46.854] Format host information updated
Info 1083 [23:33:47.005] Format host information updated
Info 1084 [23:33:47.065] Format host information updated
Info 1085 [23:33:47.135] Format host information updated
Info 1086 [23:33:47.212] Format host information updated
Info 1087 [23:33:47.300] Format host information updated
Info 1088 [23:34:46.057] Format host information updated
Info 1089 [23:34:46.199] Format host information updated
Info 1090 [23:34:46.314] Format host information updated
Info 1091 [23:34:46.414] Format host information updated
Info 1092 [23:34:46.476] Format host information updated
Info 1093 [23:34:46.547] Format host information updated
Info 1094 [23:34:46.737] Format host information updated
Info 1095 [23:34:46.814] Format host information updated
Info 1096 [23:34:46.952] Format host information updated
Info 1097 [23:34:47.084] Format host information updated
Info 1098 [23:34:47.144] Format host information updated
Info 1099 [23:34:47.547] Format host information updated
Info 1100 [23:34:47.928] Format host information updated
Info 1101 [23:34:48.121] Format host information updated
Info 1102 [23:34:48.211] Format host information updated
Info 1103 [23:34:48.472] Format host information updated
Info 1104 [23:34:48.602] Format host information updated
Info 1105 [23:34:48.862] Format host information updated
Info 1106 [23:34:48.997] Format host information updated
Info 1107 [23:34:49.738] Format host information updated
Info 1108 [23:34:49.738] Format host information updated
Info 1109 [23:34:49.739] Format host information updated
Info 1110 [23:34:52.185] Format host information updated
Info 1111 [23:34:52.449] Format host information updated
Info 1112 [23:34:52.581] Format host information updated
Info 1113 [23:34:52.729] Format host information updated
Info 1114 [23:34:59.987] Format host information updated
Info 1115 [23:35:00.338] Format host information updated
Info 1116 [23:35:00.488] Format host information updated
Info 1117 [23:35:00.673] Format host information updated
Info 1118 [23:35:00.795] Format host information updated
Info 1119 [23:35:01.139] Format host information updated
Info 1120 [23:35:01.610] Format host information updated
Info 1121 [23:35:01.726] Format host information updated
Info 1122 [23:35:01.907] Format host information updated
Info 1123 [23:35:02.025] Format host information updated
Info 1124 [23:35:02.090] Format host information updated
Info 1125 [23:35:02.151] Format host information updated
Info 1126 [23:35:02.539] Format host information updated
Info 1127 [23:35:02.644] Format host information updated
Info 1128 [23:35:03.711] Format host information updated
Info 1129 [23:35:03.779] Format host information updated
Info 1130 [23:35:05.856] Format host information updated
Info 1131 [23:35:07.520] Format host information updated
Info 1132 [23:35:07.841] Format host information updated
Info 1133 [23:35:07.940] Format host information updated
Info 1134 [23:35:08.160] Format host information updated
Info 1135 [23:35:08.353] Format host information updated
Info 1136 [23:35:08.517] Format host information updated
Info 1137 [23:35:08.594] Format host information updated
Info 1138 [23:35:08.663] Format host information updated
Info 1139 [23:35:08.866] Format host information updated
Info 1140 [23:35:08.947] Format host information updated
Info 1141 [23:35:09.006] Format host information updated
Info 1142 [23:35:09.161] Format host information updated
Info 1143 [23:35:09.281] Format host information updated
Info 1144 [23:35:11.066] Format host information updated
Info 1145 [23:35:11.182] Format host information updated
Info 1146 [23:35:11.336] Format host information updated
Info 1147 [23:35:11.444] Format host information updated
Info 1148 [23:35:11.625] Format host information updated
Info 1149 [23:35:11.742] Format host information updated
Info 1150 [23:35:11.913] Format host information updated
Info 1151 [23:35:12.055] Format host information updated
Info 1152 [23:35:12.723] Format host information updated
Info 1153 [23:35:12.856] Format host information updated
Info 1154 [23:35:12.929] Format host information updated
Info 1155 [23:35:13.026] Format host information updated
Info 1156 [23:35:13.087] Format host information updated
Info 1157 [23:35:13.330] Format host information updated
Info 1158 [23:35:13.455] Format host information updated
Info 1159 [23:35:13.648] Format host information updated
Info 1160 [23:35:13.810] Format host information updated
Info 1161 [23:35:13.995] Format host information updated
Info 1162 [23:35:14.063] Format host information updated
Info 1163 [23:35:14.189] Format host information updated
Info 1164 [23:35:14.260] Format host information updated
Info 1165 [23:35:14.442] Format host information updated
Info 1166 [23:35:14.575] Format host information updated
Info 1167 [23:35:14.674] Format host information updated
Info 1168 [23:35:19.707] Format host information updated
Info 1169 [23:35:19.991] Format host information updated
Info 1170 [23:35:20.053] Format host information updated
Info 1171 [23:35:20.783] Format host information updated
Info 1172 [23:35:20.936] Format host information updated
Info 1173 [23:35:21.299] Format host information updated
Info 1174 [23:35:21.828] Format host information updated
Info 1175 [23:35:21.955] Format host information updated
Info 1176 [23:35:23.812] Format host information updated
Info 1177 [23:35:24.098] Format host information updated
Info 1178 [23:35:24.218] Format host information updated
Info 1179 [23:35:24.426] Format host information updated
Info 1180 [23:35:24.529] Format host information updated
Info 1181 [23:35:25.354] Format host information updated
Info 1182 [23:35:25.698] Format host information updated
Info 1183 [23:35:25.840] Format host information updated
Info 1184 [23:35:26.318] Format host information updated
Info 1185 [23:35:26.466] Format host information updated
Info 1186 [23:35:26.592] Format host information updated
Info 1187 [23:35:26.751] Format host information updated
Info 1188 [23:35:27.043] Format host information updated
Info 1189 [23:35:27.103] Format host information updated
Info 1190 [23:35:27.169] Format host information updated
Info 1191 [23:35:27.231] Format host information updated
Info 1192 [23:35:27.477] Format host information updated
Info 1193 [23:35:27.575] Format host information updated
Info 1194 [23:35:29.148] Format host information updated
Info 1195 [23:35:29.300] Format host information updated
Info 1196 [23:35:29.415] Format host information updated
Info 1197 [23:35:30.060] Format host information updated
Info 1198 [23:35:30.978] Format host information updated
Info 1199 [23:35:31.461] Format host information updated
Info 1200 [23:35:31.692] Format host information updated
Info 1201 [23:35:31.933] Format host information updated
Info 1202 [23:35:32.170] Format host information updated
Info 1203 [23:35:32.369] Format host information updated
Info 1204 [23:35:32.434] Format host information updated
Info 1205 [23:35:32.543] Format host information updated
Info 1206 [23:35:32.666] Format host information updated
Info 1207 [23:35:32.865] Format host information updated
Info 1208 [23:35:33.006] Format host information updated
Info 1209 [23:35:33.266] Format host information updated
Info 1210 [23:35:33.857] Format host information updated
Info 1211 [23:35:34.088] Format host information updated
Info 1212 [23:35:34.194] Format host information updated
Info 1213 [23:35:34.283] Format host information updated
Info 1214 [23:35:34.875] Format host information updated
Info 1215 [23:35:35.133] Format host information updated
Info 1216 [23:35:35.192] Format host information updated
Info 1217 [23:35:35.370] Format host information updated
Info 1218 [23:35:35.575] Format host information updated
Info 1219 [23:35:35.789] Format host information updated
Info 1220 [23:35:35.901] Format host information updated
Info 1221 [23:35:36.053] Format host information updated
Info 1222 [23:35:36.140] Format host information updated
Info 1223 [23:35:36.286] Format host information updated
Info 1224 [23:35:36.512] Format host information updated
Info 1225 [23:35:36.715] Format host information updated
Info 1226 [23:35:36.819] Format host information updated
Info 1227 [23:35:36.990] Format host information updated
Info 1228 [23:35:37.169] Format host information updated
Info 1229 [23:35:37.310] Format host information updated
Info 1230 [23:35:37.450] Format host information updated
Info 1231 [23:35:44.754] Format host information updated
Info 1232 [23:35:47.028] Format host information updated
Info 1233 [23:35:47.279] Format host information updated
Info 1234 [23:35:47.410] Format host information updated
Info 1235 [23:35:47.502] Format host information updated
Info 1236 [23:35:47.572] Format host information updated
Info 1237 [23:35:47.690] Format host information updated
Info 1238 [23:35:49.082] Format host information updated
Info 1239 [23:35:49.184] Format host information updated
Info 1240 [23:35:49.495] Format host information updated
Info 1241 [23:35:49.644] Format host information updated
Info 1242 [23:35:49.907] Format host information updated
Info 1243 [23:35:50.193] Format host information updated
Info 1244 [23:35:50.331] Format host information updated
Info 1245 [23:35:50.396] Format host information updated
Info 1246 [23:35:50.456] Format host information updated
Info 1247 [23:35:50.633] Format host information updated
Info 1248 [23:35:50.743] Format host information updated
Info 1249 [23:35:50.917] Format host information updated
Info 1250 [23:35:51.404] Format host information updated
Info 1251 [23:35:55.415] Format host information updated
Info 1252 [23:35:55.608] Format host information updated
Info 1253 [23:35:55.667] Format host information updated
Info 1254 [23:36:00.460] Format host information updated
Info 1255 [23:36:00.601] Format host information updated
Info 1256 [23:36:00.760] Format host information updated
Info 1257 [23:36:00.920] Format host information updated
Info 1258 [23:36:01.011] Format host information updated
Info 1259 [23:36:01.084] Format host information updated
Info 1260 [23:36:37.740] Format host information updated
Info 1261 [23:41:11.889] Starting updateGraphWorker: Project: /dev/null/inferredProject1*
Info 1262 [23:41:11.948] Finishing updateGraphWorker: Project: /dev/null/inferredProject1* Version: 10 structureChanged: true structureIsReused:: Not Elapsed: 59.657151999883354ms
Info 1263 [23:41:11.948] Project '/dev/null/inferredProject1*' (Inferred)
Info 1264 [23:41:11.948] 	Files (12)

Info 1265 [23:41:11.948] -----------------------------------------------
Info 1266 [23:41:11.948] Project '/dev/null/inferredProject1*' (Inferred)
Info 1266 [23:41:11.948] 	Files (12)

Info 1266 [23:41:11.948] -----------------------------------------------
Info 1266 [23:41:11.948] Open files: 
Info 1266 [23:41:11.948] 	FileName: /home/orion/src/purescript-puppeteer/src/Puppeteer.Handle.js ProjectRootPath: /home/orion/src/purescript-puppeteer
Info 1266 [23:41:11.949] 		Projects: /dev/null/inferredProject1*
Info 1266 [23:41:11.949] 	FileName: /home/orion/src/purescript-puppeteer/src/Puppeteer.Page.WaitFor.js ProjectRootPath: /home/orion/src/purescript-puppeteer
Info 1266 [23:41:11.949] 		Projects: /dev/null/inferredProject1*
Info 1266 [23:41:11.949] 	FileName: /home/orion/src/purescript-puppeteer/src/Puppeteer.Page.js ProjectRootPath: /home/orion/src/purescript-puppeteer
Info 1266 [23:41:11.949] 		Projects: /dev/null/inferredProject1*
Info 1266 [23:41:11.949] 	FileName: /home/orion/src/purescript-puppeteer/src/Puppeteer.Eval.js ProjectRootPath: /home/orion/src/purescript-puppeteer
Info 1266 [23:41:11.949] 		Projects: /dev/null/inferredProject1*
Info 1266 [23:41:11.949] 	FileName: /home/orion/src/purescript-puppeteer/node_modules/puppeteer-extra/node_modules/puppeteer-core/lib/cjs/puppeteer/api/Page.js ProjectRootPath: /home/orion/src/purescript-puppeteer
Info 1266 [23:41:11.949] 		Projects: /dev/null/inferredProject1*
Info 1266 [23:41:12.040] Format host information updated
Info 1267 [23:41:55.411] Format host information updated
Info 1268 [23:41:55.521] Format host information updated
Info 1269 [23:41:55.595] Format host information updated
Info 1270 [23:41:56.509] Format host information updated
Info 1271 [23:41:56.826] Format host information updated
Info 1272 [23:41:58.501] Format host information updated
Info 1273 [23:41:58.711] Format host information updated
Info 1274 [23:41:58.783] Format host information updated
Info 1275 [23:41:59.809] Format host information updated
Info 1276 [23:41:59.948] Format host information updated
Info 1277 [23:42:00.068] Format host information updated
Info 1278 [23:42:00.171] Format host information updated
Info 1279 [23:42:00.247] Format host information updated
Info 1280 [23:42:01.929] Format host information updated
Info 1281 [23:42:02.903] Format host information updated
Info 1282 [23:42:04.339] Format host information updated
Info 1283 [23:42:04.969] Format host information updated
Info 1284 [23:42:05.215] Format host information updated
Info 1285 [23:42:05.276] Format host information updated
Info 1286 [23:42:05.353] Format host information updated
Info 1287 [23:42:05.470] Format host information updated
Info 1288 [23:42:05.644] Format host information updated
Info 1289 [23:42:05.965] Format host information updated
Info 1290 [23:42:06.259] Format host information updated
Info 1291 [23:42:06.367] Format host information updated
Info 1292 [23:42:06.508] Format host information updated
Info 1293 [23:42:06.575] Format host information updated
Info 1294 [23:42:06.691] Format host information updated
Info 1295 [23:42:07.028] Format host information updated
Info 1296 [23:42:07.089] Format host information updated
Info 1297 [23:42:09.897] Format host information updated
Info 1298 [23:42:10.591] Format host information updated
Info 1299 [23:42:11.384] Format host information updated
Info 1300 [23:42:12.095] Format host information updated
Info 1301 [23:42:24.836] Format host information updated
Info 1302 [23:42:25.230] Format host information updated
Info 1303 [23:42:25.499] Format host information updated
Info 1304 [23:42:25.718] Format host information updated
Info 1305 [23:42:25.872] Format host information updated
Info 1306 [23:42:26.001] Format host information updated
Info 1307 [23:42:26.137] Format host information updated
Info 1308 [23:42:26.213] Format host information updated
Info 1309 [23:42:26.273] Format host information updated
Info 1310 [23:42:28.080] Format host information updated
Info 1311 [23:42:39.203] Format host information updated
Info 1312 [23:42:39.913] Format host information updated
Info 1313 [23:42:41.082] Format host information updated
Info 1314 [23:42:41.141] Format host information updated
Info 1315 [23:42:41.393] Format host information updated
Info 1316 [23:42:41.457] Format host information updated
Info 1317 [23:42:41.596] Format host information updated
Info 1318 [23:42:41.782] Format host information updated
Info 1319 [23:42:41.883] Format host information updated
Info 1320 [23:42:41.976] Format host information updated
Info 1321 [23:42:45.631] Format host information updated
Info 1322 [23:43:01.258] Format host information updated
Info 1323 [23:43:01.865] Format host information updated
Info 1324 [23:43:02.177] Format host information updated
Info 1325 [23:43:02.535] Format host information updated
Info 1326 [23:43:02.768] Format host information updated
Info 1327 [23:43:03.165] Format host information updated
Info 1328 [23:43:03.924] Format host information updated
Info 1329 [23:43:04.647] Format host information updated
Info 1330 [23:43:05.263] Format host information updated
Info 1331 [23:43:05.484] Format host information updated
Info 1332 [23:43:06.021] Format host information updated
Info 1333 [23:43:06.696] Format host information updated
Info 1334 [23:43:06.928] Format host information updated
Info 1335 [23:43:07.012] Format host information updated
Info 1336 [23:43:07.168] Format host information updated
Info 1337 [23:43:07.526] Format host information updated
Info 1338 [23:43:07.683] Format host information updated
Info 1339 [23:43:07.752] Format host information updated
Info 1340 [23:43:07.838] Format host information updated
Info 1341 [23:43:08.053] Format host information updated
Info 1342 [23:43:08.109] Format host information updated
Info 1343 [23:43:08.207] Format host information updated
Info 1344 [23:43:09.247] Format host information updated
Info 1345 [23:43:30.560] Format host information updated
Info 1346 [23:43:30.828] Format host information updated
Info 1347 [23:43:30.888] Format host information updated
Info 1348 [23:43:30.960] Format host information updated
Info 1349 [23:43:31.033] Format host information updated
Info 1350 [23:43:31.177] Format host information updated
Info 1351 [23:43:31.234] Format host information updated
Info 1352 [23:43:31.517] Format host information updated
Info 1353 [23:43:47.240] Project '/dev/null/inferredProject1*' (Inferred)
Info 1353 [23:43:47.240] 	Files (12)

Info 1353 [23:43:47.240] -----------------------------------------------
Info 1353 [23:43:47.240] Open files: 
Info 1353 [23:43:47.240] 	FileName: /home/orion/src/purescript-puppeteer/src/Puppeteer.Handle.js ProjectRootPath: /home/orion/src/purescript-puppeteer
Info 1353 [23:43:47.240] 		Projects: /dev/null/inferredProject1*
Info 1353 [23:43:47.240] 	FileName: /home/orion/src/purescript-puppeteer/src/Puppeteer.Page.WaitFor.js ProjectRootPath: /home/orion/src/purescript-puppeteer
Info 1353 [23:43:47.240] 		Projects: /dev/null/inferredProject1*
Info 1353 [23:43:47.240] 	FileName: /home/orion/src/purescript-puppeteer/src/Puppeteer.Page.js ProjectRootPath: /home/orion/src/purescript-puppeteer
Info 1353 [23:43:47.240] 		Projects: /dev/null/inferredProject1*
Info 1353 [23:43:47.240] 	FileName: /home/orion/src/purescript-puppeteer/src/Puppeteer.Eval.js ProjectRootPath: /home/orion/src/purescript-puppeteer
Info 1353 [23:43:47.240] 		Projects: /dev/null/inferredProject1*
Info 1353 [23:51:32.594] Format host information updated
Info 1354 [23:51:32.715] Format host information updated
Info 1355 [23:51:32.834] Format host information updated
Info 1356 [23:51:33.065] Format host information updated
Info 1357 [23:51:33.139] Format host information updated
Info 1358 [23:51:33.529] Format host information updated
Info 1359 [23:51:33.706] Format host information updated
Info 1360 [23:51:33.864] Format host information updated
Info 1361 [23:51:35.131] Format host information updated
Info 1362 [23:51:35.396] Format host information updated
Info 1363 [23:51:35.472] Format host information updated
Info 1364 [23:51:36.948] Format host information updated
Info 1365 [23:51:37.174] Format host information updated
Info 1366 [23:51:37.248] Format host information updated
Info 1367 [23:51:37.439] Format host information updated
Info 1368 [23:51:37.669] Format host information updated
Info 1369 [23:51:37.744] Format host information updated
Info 1370 [23:51:37.809] Format host information updated
Info 1371 [23:51:39.006] Format host information updated
Info 1372 [23:51:39.066] Format host information updated
Info 1373 [23:51:39.188] Format host information updated
Info 1374 [23:51:40.431] Format host information updated
Info 1375 [23:51:40.641] Format host information updated
Info 1376 [23:51:40.870] Format host information updated
Info 1377 [23:52:13.868] Format host information updated
Info 1378 [23:59:06.336] Format host information updated
Info 1379 [23:59:06.462] Format host information updated
Info 1380 [23:59:06.572] Format host information updated
Info 1381 [23:59:06.796] Format host information updated
Info 1382 [23:59:06.872] Format host information updated
Info 1383 [23:59:07.777] Format host information updated
Info 1384 [23:59:08.011] Format host information updated
Info 1385 [23:59:08.082] Format host information updated
Info 1386 [23:59:08.250] Format host information updated
Info 1387 [23:59:08.539] Format host information updated
Info 1388 [23:59:08.601] Format host information updated
Info 1389 [23:59:08.680] Format host information updated
Info 1390 [23:59:10.410] Format host information updated
Info 1391 [23:59:10.743] Format host information updated
Info 1392 [23:59:11.159] Format host information updated
Info 1393 [23:59:11.219] Format host information updated
Info 1394 [23:59:11.313] Format host information updated
Info 1395 [23:59:11.399] Format host information updated
Info 1396 [23:59:11.657] Format host information updated
Info 1397 [23:59:14.336] Format host information updated
Info 1398 [23:59:14.609] Format host information updated
Info 1399 [23:59:14.892] Format host information updated
