Info 0    [15:47:11.272] Starting TS Server
Info 1    [15:47:11.273] Version: 5.2.2
Info 2    [15:47:11.273] Arguments: /home/orion/.asdf/installs/node/20.2.0/bin/node /home/orion/.asdf/installs/node/20.2.0/lib/node_modules/typescript/lib/tsserver.js --serverMode partialSemantic --useInferredProjectPerProjectRoot --disableAutomaticTypingAcquisition --cancellationPipeName /tmp/f7fa116c91e1de80e85b2f6fb30f92f5/tscancellation* --logVerbosity normal --logFile /home/orion/src/purescript-puppeteer/.log/tsserver-log-lRaSzA/tsserver.log --locale en --validateDefaultNpmLocation --useNodeIpc
Info 3    [15:47:11.273] Platform: linux NodeVersion: v20.2.0 CaseSensitive: true
Info 4    [15:47:11.273] ServerMode: 1 hasUnknownServerMode: undefined
Info 5    [15:47:11.277] Format host information updated
Info 6    [15:47:11.281] Starting updateGraphWorker: Project: /dev/null/inferredProject1*
Info 7    [15:47:11.621] Finishing updateGraphWorker: Project: /dev/null/inferredProject1* Version: 1 structureChanged: true structureIsReused:: Not Elapsed: 339.6748110000044ms
Info 8    [15:47:11.621] Project '/dev/null/inferredProject1*' (Inferred)
Info 9    [15:47:11.621] 	Files (8)

Info 10   [15:47:11.621] -----------------------------------------------
Info 11   [15:47:11.622] Project '/dev/null/inferredProject1*' (Inferred)
Info 11   [15:47:11.622] 	Files (8)

Info 11   [15:47:11.622] -----------------------------------------------
Info 11   [15:47:11.622] Open files: 
Info 11   [15:47:11.622] 	FileName: /home/orion/src/purescript-puppeteer/src/Puppeteer.Page.Emulate.js ProjectRootPath: /home/orion/src/purescript-puppeteer
Info 11   [15:47:11.622] 		Projects: /dev/null/inferredProject1*
Info 11   [15:47:11.623] Format host information updated
Info 12   [15:47:12.309] Format host information updated
Info 13   [15:47:12.445] Format host information updated
Info 14   [15:47:12.593] Format host information updated
Info 15   [15:47:12.707] Format host information updated
Info 16   [15:47:12.824] Format host information updated
Info 17   [15:47:12.960] Format host information updated
Info 18   [15:57:32.181] Starting updateGraphWorker: Project: /dev/null/inferredProject1*
Info 19   [15:57:32.191] Finishing updateGraphWorker: Project: /dev/null/inferredProject1* Version: 2 structureChanged: true structureIsReused:: Not Elapsed: 10.115274000912905ms
Info 20   [15:57:32.191] Project '/dev/null/inferredProject1*' (Inferred)
Info 21   [15:57:32.191] 	Files (9)

Info 22   [15:57:32.191] -----------------------------------------------
Info 23   [15:57:32.191] Project '/dev/null/inferredProject1*' (Inferred)
Info 23   [15:57:32.191] 	Files (9)

Info 23   [15:57:32.191] -----------------------------------------------
Info 23   [15:57:32.191] Open files: 
Info 23   [15:57:32.191] 	FileName: /home/orion/src/purescript-puppeteer/src/Puppeteer.Page.Emulate.js ProjectRootPath: /home/orion/src/purescript-puppeteer
Info 23   [15:57:32.191] 		Projects: /dev/null/inferredProject1*
Info 23   [15:57:32.191] 	FileName: /home/orion/src/purescript-puppeteer/src/Puppeteer.Page.WaitFor.js ProjectRootPath: /home/orion/src/purescript-puppeteer
Info 23   [15:57:32.191] 		Projects: /dev/null/inferredProject1*
Info 23   [15:57:32.325] Format host information updated
Info 24   [15:57:34.915] Format host information updated
Info 25   [15:57:35.502] Format host information updated
Info 26   [15:57:38.364] Format host information updated
Info 27   [15:57:38.684] Format host information updated
Info 28   [15:57:38.892] Format host information updated
Info 29   [15:57:39.120] Format host information updated
Info 30   [15:57:39.255] Format host information updated
Info 31   [15:57:39.503] Format host information updated
Info 32   [15:57:40.475] Format host information updated
Info 33   [15:57:43.083] Format host information updated
Info 34   [15:57:43.874] Format host information updated
Info 35   [15:57:44.275] Format host information updated
Info 36   [15:57:45.286] Format host information updated
Info 37   [15:57:45.516] Format host information updated
Info 38   [15:57:45.667] Format host information updated
Info 39   [15:57:45.849] Format host information updated
Info 40   [15:57:46.050] Format host information updated
Info 41   [15:57:46.162] Format host information updated
Info 42   [15:57:46.255] Format host information updated
Info 43   [15:57:46.804] Format host information updated
Info 44   [15:57:47.391] Format host information updated
Info 45   [15:57:47.629] Format host information updated
Info 46   [15:57:47.995] Format host information updated
Info 47   [15:57:48.428] Format host information updated
Info 48   [15:57:49.004] Format host information updated
Info 49   [15:57:49.421] Format host information updated
Info 50   [15:57:49.675] Format host information updated
Info 51   [15:57:49.860] Format host information updated
Info 52   [15:57:49.971] Format host information updated
Info 53   [15:57:50.066] Format host information updated
Info 54   [15:57:50.203] Format host information updated
Info 55   [15:57:50.354] Format host information updated
Info 56   [15:57:50.609] Format host information updated
Info 57   [15:57:50.773] Format host information updated
Info 58   [15:57:50.862] Format host information updated
Info 59   [15:57:51.014] Format host information updated
Info 60   [15:57:51.157] Format host information updated
Info 61   [15:57:51.262] Format host information updated
Info 62   [15:57:51.483] Format host information updated
Info 63   [15:57:51.585] Format host information updated
Info 64   [15:57:51.645] Format host information updated
Info 65   [15:57:51.739] Format host information updated
Info 66   [15:57:51.931] Format host information updated
Info 67   [15:57:52.018] Format host information updated
Info 68   [15:57:52.168] Format host information updated
Info 69   [15:57:52.270] Format host information updated
Info 70   [15:57:56.474] Format host information updated
Info 71   [15:57:57.050] Format host information updated
Info 72   [15:57:57.779] Format host information updated
Info 73   [15:57:57.844] Format host information updated
Info 74   [15:57:58.413] Format host information updated
Info 75   [15:57:58.476] Format host information updated
Info 76   [15:57:58.580] Format host information updated
Info 77   [15:57:58.731] Format host information updated
Info 78   [15:57:58.791] Format host information updated
Info 79   [15:57:59.002] Format host information updated
Info 80   [15:58:01.108] Format host information updated
Info 81   [15:58:01.167] Format host information updated
Info 82   [15:58:01.649] Format host information updated
Info 83   [15:58:02.095] Format host information updated
Info 84   [15:58:02.400] Format host information updated
Info 85   [15:58:02.514] Format host information updated
Info 86   [15:58:02.688] Format host information updated
Info 87   [15:58:02.864] Format host information updated
Info 88   [15:58:03.139] Format host information updated
Info 89   [15:58:03.218] Format host information updated
Info 90   [15:58:03.430] Format host information updated
Info 91   [15:58:03.520] Format host information updated
Info 92   [15:58:03.605] Format host information updated
Info 93   [15:58:03.671] Format host information updated
Info 94   [15:58:03.803] Format host information updated
Info 95   [15:58:03.891] Format host information updated
Info 96   [15:58:04.310] Format host information updated
Info 97   [15:58:04.521] Format host information updated
Info 98   [15:58:04.703] Format host information updated
Info 99   [15:58:04.807] Format host information updated
Info 100  [15:58:05.139] Format host information updated
Info 101  [15:58:05.210] Format host information updated
Info 102  [15:58:05.692] Format host information updated
Info 103  [15:58:05.892] Format host information updated
Info 104  [15:58:06.209] Format host information updated
Info 105  [15:58:06.301] Format host information updated
Info 106  [15:58:06.628] Format host information updated
Info 107  [15:58:06.700] Format host information updated
Info 108  [15:58:06.910] Format host information updated
Info 109  [15:58:07.026] Format host information updated
Info 110  [15:58:07.091] Format host information updated
Info 111  [15:58:07.241] Format host information updated
Info 112  [15:58:07.299] Format host information updated
Info 113  [15:58:07.729] Format host information updated
Info 114  [15:58:07.871] Format host information updated
Info 115  [15:58:08.047] Format host information updated
Info 116  [15:58:08.126] Format host information updated
Info 117  [15:58:09.163] Format host information updated
Info 118  [15:58:09.381] Format host information updated
Info 119  [15:58:09.518] Format host information updated
Info 120  [15:58:09.736] Format host information updated
Info 121  [15:58:09.876] Format host information updated
Info 122  [15:58:10.245] Format host information updated
Info 123  [15:58:10.378] Format host information updated
Info 124  [15:58:10.514] Format host information updated
Info 125  [15:58:10.612] Format host information updated
Info 126  [15:58:10.809] Format host information updated
Info 127  [15:58:11.039] Format host information updated
Info 128  [15:58:11.115] Format host information updated
Info 129  [15:58:11.219] Format host information updated
Info 130  [15:58:11.331] Format host information updated
Info 131  [15:58:11.519] Format host information updated
Info 132  [15:58:12.394] Format host information updated
Info 133  [15:58:12.394] Format host information updated
Info 134  [15:58:12.395] Format host information updated
Info 135  [15:58:12.395] Format host information updated
Info 136  [15:58:12.659] Format host information updated
Info 137  [15:58:15.262] Format host information updated
Info 138  [15:58:15.344] Format host information updated
Info 139  [15:58:15.855] Format host information updated
Info 140  [15:58:15.969] Format host information updated
Info 141  [15:58:16.284] Format host information updated
Info 142  [15:58:16.375] Format host information updated
Info 143  [15:58:17.027] Format host information updated
Info 144  [15:58:17.351] Format host information updated
Info 145  [15:58:17.518] Format host information updated
Info 146  [15:58:17.644] Format host information updated
Info 147  [15:58:17.784] Format host information updated
Info 148  [15:58:18.286] Format host information updated
Info 149  [15:58:18.426] Format host information updated
Info 150  [15:58:18.589] Format host information updated
Info 151  [15:58:18.713] Format host information updated
Info 152  [15:58:19.539] Format host information updated
Info 153  [15:58:19.599] Format host information updated
Info 154  [15:58:19.730] Format host information updated
Info 155  [15:58:19.817] Format host information updated
Info 156  [15:58:19.935] Format host information updated
Info 157  [15:58:20.011] Format host information updated
Info 158  [15:58:20.203] Format host information updated
Info 159  [15:58:20.402] Format host information updated
Info 160  [15:58:20.581] Format host information updated
Info 161  [15:58:20.703] Format host information updated
Info 162  [15:58:20.766] Format host information updated
Info 163  [15:58:20.937] Format host information updated
Info 164  [15:58:21.099] Format host information updated
Info 165  [15:58:21.196] Format host information updated
Info 166  [15:58:21.303] Format host information updated
Info 167  [15:58:21.472] Format host information updated
Info 168  [15:58:22.898] Format host information updated
Info 169  [15:58:27.536] Format host information updated
Info 170  [15:58:27.710] Format host information updated
Info 171  [15:58:27.854] Format host information updated
Info 172  [15:58:28.115] Format host information updated
Info 173  [15:58:28.264] Format host information updated
Info 174  [15:58:28.367] Format host information updated
Info 175  [15:58:28.754] Format host information updated
Info 176  [15:58:29.051] Format host information updated
Info 177  [15:58:29.585] Format host information updated
Info 178  [15:58:29.794] Format host information updated
Info 179  [15:58:29.914] Format host information updated
Info 180  [15:58:30.306] Format host information updated
Info 181  [15:58:30.429] Format host information updated
Info 182  [15:58:30.625] Format host information updated
Info 183  [15:58:30.724] Format host information updated
Info 184  [15:58:30.849] Format host information updated
Info 185  [15:58:30.946] Format host information updated
Info 186  [15:58:31.122] Format host information updated
Info 187  [15:58:31.244] Format host information updated
Info 188  [15:58:31.412] Format host information updated
Info 189  [15:58:31.622] Format host information updated
Info 190  [15:58:31.703] Format host information updated
Info 191  [15:58:32.897] Format host information updated
Info 192  [15:58:33.008] Format host information updated
Info 193  [15:58:33.227] Format host information updated
Info 194  [15:58:34.155] Format host information updated
Info 195  [15:58:34.274] Format host information updated
Info 196  [15:58:34.561] Format host information updated
Info 197  [15:58:34.672] Format host information updated
Info 198  [15:58:34.748] Format host information updated
Info 199  [15:58:35.029] Format host information updated
Info 200  [15:58:35.158] Format host information updated
Info 201  [15:58:35.285] Format host information updated
Info 202  [15:58:35.698] Format host information updated
Info 203  [15:58:35.758] Format host information updated
Info 204  [15:58:37.246] Format host information updated
Info 205  [15:58:37.356] Format host information updated
Info 206  [15:58:37.487] Format host information updated
Info 207  [15:58:37.728] Format host information updated
Info 208  [15:58:37.849] Format host information updated
Info 209  [15:58:37.949] Format host information updated
Info 210  [15:58:38.190] Format host information updated
Info 211  [15:58:39.069] Format host information updated
Info 212  [15:58:39.161] Format host information updated
Info 213  [15:58:39.230] Format host information updated
Info 214  [15:58:39.315] Format host information updated
Info 215  [15:58:39.391] Format host information updated
Info 216  [15:58:39.587] Format host information updated
Info 217  [15:58:39.683] Format host information updated
Info 218  [15:58:39.804] Format host information updated
Info 219  [15:58:39.951] Format host information updated
Info 220  [15:58:40.052] Format host information updated
Info 221  [15:58:41.279] Format host information updated
Info 222  [15:58:41.344] Format host information updated
Info 223  [15:58:41.447] Format host information updated
Info 224  [15:58:41.542] Format host information updated
Info 225  [15:58:41.618] Format host information updated
Info 226  [15:58:41.788] Format host information updated
Info 227  [15:58:41.860] Format host information updated
Info 228  [15:58:42.121] Format host information updated
Info 229  [15:58:43.294] Format host information updated
Info 230  [15:58:45.056] Format host information updated
Info 231  [15:58:45.985] Format host information updated
Info 232  [15:58:50.866] Format host information updated
Info 233  [15:58:51.007] Format host information updated
Info 234  [15:58:51.076] Format host information updated
Info 235  [15:58:51.203] Format host information updated
Info 236  [15:58:51.417] Format host information updated
Info 237  [15:58:51.502] Format host information updated
Info 238  [15:58:52.478] Format host information updated
Info 239  [15:58:52.556] Format host information updated
Info 240  [15:58:52.613] Format host information updated
Info 241  [15:58:52.741] Format host information updated
Info 242  [15:58:52.907] Format host information updated
Info 243  [15:58:52.965] Format host information updated
Info 244  [15:58:53.122] Format host information updated
Info 245  [15:58:53.181] Format host information updated
Info 246  [15:58:57.831] Format host information updated
Info 247  [15:58:58.889] Format host information updated
Info 248  [15:58:59.279] Format host information updated
Info 249  [15:58:59.787] Format host information updated
Info 250  [15:58:59.848] Format host information updated
Info 251  [15:59:00.073] Format host information updated
Info 252  [15:59:00.164] Format host information updated
Info 253  [15:59:00.489] Format host information updated
Info 254  [15:59:00.489] Format host information updated
Info 255  [15:59:00.491] Format host information updated
Info 256  [15:59:11.015] Format host information updated
Info 257  [16:00:33.429] Format host information updated
Info 258  [16:00:33.593] Format host information updated
Info 259  [16:00:33.689] Format host information updated
Info 260  [16:00:33.802] Format host information updated
Info 261  [16:00:33.870] Format host information updated
Info 262  [16:00:34.016] Format host information updated
Info 263  [16:00:34.095] Format host information updated
Info 264  [16:00:36.392] Format host information updated
Info 265  [16:00:36.682] Format host information updated
Info 266  [16:00:36.786] Format host information updated
Info 267  [16:00:36.857] Format host information updated
Info 268  [16:00:36.948] Format host information updated
Info 269  [16:00:37.050] Format host information updated
Info 270  [16:00:37.106] Format host information updated
Info 271  [16:00:37.294] Format host information updated
Info 272  [16:00:37.427] Format host information updated
Info 273  [16:00:37.675] Format host information updated
Info 274  [16:00:37.734] Format host information updated
Info 275  [16:00:37.895] Format host information updated
Info 276  [16:00:38.010] Format host information updated
Info 277  [16:00:38.143] Format host information updated
Info 278  [16:00:38.251] Format host information updated
Info 279  [16:00:38.493] Format host information updated
Info 280  [16:00:38.579] Format host information updated
Info 281  [16:00:38.688] Format host information updated
Info 282  [16:00:38.744] Format host information updated
Info 283  [16:00:39.013] Format host information updated
Info 284  [16:00:39.156] Format host information updated
Info 285  [16:00:39.227] Format host information updated
Info 286  [16:00:39.351] Format host information updated
Info 287  [16:00:39.593] Format host information updated
Info 288  [16:00:39.704] Format host information updated
Info 289  [16:00:39.854] Format host information updated
Info 290  [16:00:40.055] Format host information updated
Info 291  [16:00:40.159] Format host information updated
Info 292  [16:00:40.294] Format host information updated
Info 293  [16:00:40.408] Format host information updated
Info 294  [16:00:40.718] Format host information updated
Info 295  [16:00:40.887] Format host information updated
Info 296  [16:00:41.044] Format host information updated
Info 297  [16:00:41.168] Format host information updated
Info 298  [16:00:41.325] Format host information updated
Info 299  [16:00:41.484] Format host information updated
Info 300  [16:00:41.675] Format host information updated
Info 301  [16:00:42.904] Format host information updated
Info 302  [16:00:43.102] Format host information updated
Info 303  [16:00:45.016] Format host information updated
Info 304  [16:00:46.784] Format host information updated
Info 305  [16:00:46.875] Format host information updated
Info 306  [16:00:47.087] Format host information updated
Info 307  [16:00:47.447] Format host information updated
Info 308  [16:00:47.725] Format host information updated
Info 309  [16:00:47.801] Format host information updated
Info 310  [16:00:47.917] Format host information updated
Info 311  [16:00:48.021] Format host information updated
Info 312  [16:00:48.273] Format host information updated
Info 313  [16:00:48.401] Format host information updated
Info 314  [16:00:48.513] Format host information updated
Info 315  [16:00:48.796] Format host information updated
Info 316  [16:00:48.887] Format host information updated
Info 317  [16:00:48.975] Format host information updated
Info 318  [16:00:49.492] Format host information updated
Info 319  [16:00:49.493] Format host information updated
Info 320  [16:00:49.498] Format host information updated
Info 321  [16:00:50.163] Format host information updated
Info 322  [16:00:50.228] Format host information updated
Info 323  [16:00:50.734] Format host information updated
Info 324  [16:00:50.857] Format host information updated
Info 325  [16:00:50.961] Format host information updated
Info 326  [16:00:51.326] Format host information updated
Info 327  [16:00:51.326] Format host information updated
Info 328  [16:00:51.329] Format host information updated
Info 329  [16:00:51.437] Format host information updated
Info 330  [16:00:51.671] Format host information updated
Info 331  [16:00:51.775] Format host information updated
Info 332  [16:00:51.867] Format host information updated
Info 333  [16:00:51.958] Format host information updated
Info 334  [16:00:52.084] Format host information updated
Info 335  [16:00:56.030] Format host information updated
Info 336  [16:01:27.640] Format host information updated
Info 337  [16:01:27.755] Format host information updated
Info 338  [16:01:27.835] Format host information updated
Info 339  [16:01:27.925] Format host information updated
Info 340  [16:01:28.034] Format host information updated
Info 341  [16:01:28.368] Format host information updated
Info 342  [16:01:28.508] Format host information updated
Info 343  [16:01:28.632] Format host information updated
Info 344  [16:01:28.780] Format host information updated
Info 345  [16:01:28.946] Format host information updated
Info 346  [16:01:29.049] Format host information updated
Info 347  [16:01:29.120] Format host information updated
Info 348  [16:01:38.044] Format host information updated
Info 349  [16:01:38.129] Format host information updated
Info 350  [16:01:38.314] Format host information updated
Info 351  [16:01:38.449] Format host information updated
Info 352  [16:01:41.186] Format host information updated
Info 353  [16:01:42.323] Format host information updated
Info 354  [16:01:43.614] Format host information updated
Info 355  [16:01:43.882] Format host information updated
Info 356  [16:01:44.039] Format host information updated
Info 357  [16:02:03.248] Format host information updated
Info 358  [16:02:03.415] Format host information updated
Info 359  [16:02:04.104] Format host information updated
Info 360  [16:02:04.267] Format host information updated
Info 361  [16:02:04.354] Format host information updated
Info 362  [16:02:04.517] Format host information updated
Info 363  [16:02:04.632] Format host information updated
Info 364  [16:02:04.737] Format host information updated
Info 365  [16:02:05.188] Format host information updated
Info 366  [16:02:05.340] Format host information updated
Info 367  [16:02:05.394] Format host information updated
Info 368  [16:02:05.705] Format host information updated
Info 369  [16:02:05.857] Format host information updated
Info 370  [16:02:06.277] Format host information updated
Info 371  [16:02:06.462] Format host information updated
Info 372  [16:02:06.553] Format host information updated
Info 373  [16:02:06.765] Format host information updated
Info 374  [16:02:06.879] Format host information updated
Info 375  [16:02:07.120] Format host information updated
Info 376  [16:02:07.346] Format host information updated
Info 377  [16:02:07.406] Format host information updated
Info 378  [16:02:07.485] Format host information updated
Info 379  [16:02:07.689] Format host information updated
Info 380  [16:02:07.948] Format host information updated
Info 381  [16:02:08.019] Format host information updated
Info 382  [16:02:08.087] Format host information updated
Info 383  [16:02:08.146] Format host information updated
Info 384  [16:02:08.601] Format host information updated
Info 385  [16:02:08.804] Format host information updated
Info 386  [16:02:08.885] Format host information updated
Info 387  [16:02:09.690] Format host information updated
Info 388  [16:02:09.850] Format host information updated
Info 389  [16:02:09.987] Format host information updated
Info 390  [16:02:10.047] Format host information updated
Info 391  [16:02:10.119] Format host information updated
Info 392  [16:02:10.177] Format host information updated
Info 393  [16:02:10.276] Format host information updated
Info 394  [16:02:10.361] Format host information updated
Info 395  [16:02:10.444] Format host information updated
Info 396  [16:02:12.547] Format host information updated
Info 397  [16:02:14.089] Format host information updated
Info 398  [16:02:14.204] Format host information updated
Info 399  [16:02:14.361] Format host information updated
Info 400  [16:02:14.490] Format host information updated
Info 401  [16:02:14.689] Format host information updated
Info 402  [16:02:15.556] Format host information updated
Info 403  [16:02:15.620] Format host information updated
Info 404  [16:02:15.704] Format host information updated
Info 405  [16:02:15.765] Format host information updated
Info 406  [16:02:15.880] Format host information updated
Info 407  [16:02:15.940] Format host information updated
Info 408  [16:02:16.023] Format host information updated
Info 409  [16:02:16.147] Format host information updated
Info 410  [16:02:16.303] Format host information updated
Info 411  [16:02:16.369] Format host information updated
Info 412  [16:02:17.058] Format host information updated
Info 413  [16:02:17.143] Format host information updated
Info 414  [16:02:17.225] Format host information updated
Info 415  [16:02:17.413] Format host information updated
Info 416  [16:02:17.571] Format host information updated
Info 417  [16:02:17.726] Format host information updated
Info 418  [16:02:17.796] Format host information updated
Info 419  [16:02:18.413] Format host information updated
Info 420  [16:02:18.572] Format host information updated
Info 421  [16:02:18.667] Format host information updated
Info 422  [16:02:18.909] Format host information updated
Info 423  [16:02:18.968] Format host information updated
Info 424  [16:02:19.452] Format host information updated
Info 425  [16:02:20.241] Format host information updated
Info 426  [16:02:20.422] Format host information updated
Info 427  [16:02:20.483] Format host information updated
Info 428  [16:02:20.575] Format host information updated
Info 429  [16:02:20.654] Format host information updated
Info 430  [16:02:20.871] Format host information updated
Info 431  [16:02:20.937] Format host information updated
Info 432  [16:02:21.046] Format host information updated
Info 433  [16:02:21.439] Format host information updated
Info 434  [16:02:21.667] Format host information updated
Info 435  [16:02:21.740] Format host information updated
Info 436  [16:02:21.800] Format host information updated
Info 437  [16:02:21.872] Format host information updated
Info 438  [16:02:22.340] Format host information updated
Info 439  [16:02:22.341] Format host information updated
Info 440  [16:02:22.342] Format host information updated
Info 441  [16:02:22.403] Format host information updated
Info 442  [16:02:23.011] Format host information updated
Info 443  [16:02:24.187] Format host information updated
Info 444  [16:02:24.262] Format host information updated
Info 445  [16:02:24.365] Format host information updated
Info 446  [16:02:25.156] Format host information updated
Info 447  [16:02:25.270] Format host information updated
Info 448  [16:02:27.198] Format host information updated
Info 449  [16:02:27.269] Format host information updated
Info 450  [16:02:28.060] Format host information updated
Info 451  [16:02:28.061] Format host information updated
Info 452  [16:02:28.062] Format host information updated
Info 453  [16:02:28.119] Format host information updated
Info 454  [16:02:29.326] Format host information updated
Info 455  [16:02:29.392] Format host information updated
Info 456  [16:02:29.487] Format host information updated
Info 457  [16:02:29.621] Format host information updated
Info 458  [16:02:29.782] Format host information updated
Info 459  [16:02:29.931] Format host information updated
Info 460  [16:02:30.017] Format host information updated
Info 461  [16:02:30.088] Format host information updated
Info 462  [16:02:30.253] Format host information updated
Info 463  [16:02:30.390] Format host information updated
Info 464  [16:02:31.163] Format host information updated
Info 465  [16:02:31.368] Format host information updated
Info 466  [16:02:31.526] Format host information updated
Info 467  [16:02:31.753] Format host information updated
Info 468  [16:02:31.835] Format host information updated
Info 469  [16:02:31.920] Format host information updated
Info 470  [16:02:33.158] Format host information updated
Info 471  [16:02:34.155] Format host information updated
Info 472  [16:02:34.263] Format host information updated
Info 473  [16:02:37.453] Format host information updated
Info 474  [16:02:37.516] Format host information updated
Info 475  [16:02:37.675] Format host information updated
Info 476  [16:02:37.856] Format host information updated
Info 477  [16:02:38.014] Format host information updated
Info 478  [16:02:38.153] Format host information updated
Info 479  [16:02:39.764] Format host information updated
Info 480  [16:02:42.227] Format host information updated
Info 481  [16:02:42.290] Format host information updated
Info 482  [16:02:42.396] Format host information updated
Info 483  [16:02:42.593] Format host information updated
Info 484  [16:02:42.763] Format host information updated
Info 485  [16:02:42.911] Format host information updated
Info 486  [16:02:43.073] Format host information updated
Info 487  [16:02:43.229] Format host information updated
Info 488  [16:02:43.335] Format host information updated
Info 489  [16:02:43.654] Format host information updated
Info 490  [16:02:43.775] Format host information updated
Info 491  [16:02:43.930] Format host information updated
Info 492  [16:02:44.139] Format host information updated
Info 493  [16:02:44.290] Format host information updated
Info 494  [16:02:44.425] Format host information updated
Info 495  [16:02:44.480] Format host information updated
Info 496  [16:02:44.813] Format host information updated
Info 497  [16:02:45.123] Format host information updated
Info 498  [16:02:45.207] Format host information updated
Info 499  [16:02:45.333] Format host information updated
Info 500  [16:02:45.471] Format host information updated
Info 501  [16:02:45.657] Format host information updated
Info 502  [16:02:45.814] Format host information updated
Info 503  [16:02:45.920] Format host information updated
Info 504  [16:02:45.975] Format host information updated
Info 505  [16:02:46.119] Format host information updated
Info 506  [16:02:46.182] Format host information updated
Info 507  [16:02:46.376] Format host information updated
Info 508  [16:02:46.675] Format host information updated
Info 509  [16:02:46.880] Format host information updated
Info 510  [16:02:47.092] Format host information updated
Info 511  [16:02:47.299] Format host information updated
Info 512  [16:02:47.561] Format host information updated
Info 513  [16:02:47.824] Format host information updated
Info 514  [16:02:47.936] Format host information updated
Info 515  [16:02:48.045] Format host information updated
Info 516  [16:02:48.102] Format host information updated
Info 517  [16:02:48.216] Format host information updated
Info 518  [16:02:48.315] Format host information updated
Info 519  [16:02:48.423] Format host information updated
Info 520  [16:02:52.345] Format host information updated
Info 521  [16:02:52.754] Format host information updated
Info 522  [16:02:52.838] Format host information updated
Info 523  [16:02:57.754] Format host information updated
Info 524  [16:02:58.144] Format host information updated
Info 525  [16:02:58.282] Format host information updated
Info 526  [16:02:58.388] Format host information updated
Info 527  [16:02:58.470] Format host information updated
Info 528  [16:02:58.644] Format host information updated
Info 529  [16:02:58.759] Format host information updated
Info 530  [16:02:58.848] Format host information updated
Info 531  [16:02:59.018] Format host information updated
Info 532  [16:03:00.617] Format host information updated
Info 533  [16:03:01.084] Format host information updated
Info 534  [16:03:01.917] Format host information updated
Info 535  [16:03:06.887] Format host information updated
Info 536  [16:03:14.841] Format host information updated
Info 537  [16:03:15.045] Format host information updated
Info 538  [16:03:15.143] Format host information updated
Info 539  [16:03:15.282] Format host information updated
Info 540  [16:03:15.409] Format host information updated
Info 541  [16:03:15.468] Format host information updated
Info 542  [16:03:16.719] Format host information updated
Info 543  [16:03:16.938] Format host information updated
Info 544  [16:03:17.042] Format host information updated
Info 545  [16:03:17.161] Format host information updated
Info 546  [16:03:17.276] Format host information updated
Info 547  [16:03:17.348] Format host information updated
Info 548  [16:03:22.889] Format host information updated
Info 549  [16:03:23.478] Format host information updated
Info 550  [16:03:23.554] Format host information updated
Info 551  [16:03:23.731] Format host information updated
Info 552  [16:03:23.786] Format host information updated
Info 553  [16:03:23.847] Format host information updated
Info 554  [16:03:23.908] Format host information updated
Info 555  [16:03:23.989] Format host information updated
Info 556  [16:03:24.193] Format host information updated
Info 557  [16:03:24.347] Format host information updated
Info 558  [16:03:24.418] Format host information updated
Info 559  [16:03:24.528] Format host information updated
Info 560  [16:03:24.932] Format host information updated
Info 561  [16:03:25.085] Format host information updated
Info 562  [16:03:25.169] Format host information updated
Info 563  [16:03:25.308] Format host information updated
Info 564  [16:03:25.369] Format host information updated
Info 565  [16:03:26.235] Format host information updated
Info 566  [16:03:26.486] Format host information updated
Info 567  [16:03:26.892] Format host information updated
Info 568  [16:03:27.069] Format host information updated
Info 569  [16:03:27.252] Format host information updated
Info 570  [16:03:27.392] Format host information updated
Info 571  [16:03:27.500] Format host information updated
Info 572  [16:03:27.656] Format host information updated
Info 573  [16:03:27.774] Format host information updated
Info 574  [16:03:28.949] Format host information updated
Info 575  [16:03:30.090] Format host information updated
Info 576  [16:04:14.290] Format host information updated
Info 577  [16:04:14.435] Format host information updated
Info 578  [16:04:17.675] Format host information updated
Info 579  [16:04:25.735] Format host information updated
Info 580  [16:04:25.993] Format host information updated
Info 581  [16:04:26.057] Format host information updated
Info 582  [16:04:26.189] Format host information updated
Info 583  [16:04:26.372] Format host information updated
Info 584  [16:04:26.502] Format host information updated
Info 585  [16:04:26.558] Format host information updated
Info 586  [16:04:28.312] Format host information updated
Info 587  [16:04:28.573] Format host information updated
Info 588  [16:04:28.717] Format host information updated
Info 589  [16:04:28.862] Format host information updated
Info 590  [16:04:29.119] Format host information updated
Info 591  [16:04:29.179] Format host information updated
Info 592  [16:04:29.288] Format host information updated
Info 593  [16:05:04.438] Format host information updated
Info 594  [16:05:04.552] Format host information updated
Info 595  [16:05:04.646] Format host information updated
Info 596  [16:05:04.799] Format host information updated
Info 597  [16:05:04.989] Format host information updated
Info 598  [16:05:05.053] Format host information updated
Info 599  [16:05:05.215] Format host information updated
Info 600  [16:05:06.063] Format host information updated
Info 601  [16:05:06.792] Format host information updated
Info 602  [16:05:09.626] Format host information updated
Info 603  [16:05:10.816] Format host information updated
Info 604  [16:05:11.631] Format host information updated
Info 605  [16:05:13.945] Format host information updated
Info 606  [16:05:14.063] Format host information updated
Info 607  [16:05:15.129] Format host information updated
Info 608  [16:05:15.244] Format host information updated
Info 609  [16:05:15.519] Format host information updated
Info 610  [16:05:15.632] Format host information updated
Info 611  [16:05:15.809] Format host information updated
Info 612  [16:05:15.927] Format host information updated
Info 613  [16:05:15.993] Format host information updated
Info 614  [16:05:16.071] Format host information updated
Info 615  [16:05:18.849] Format host information updated
Info 616  [16:05:19.237] Format host information updated
Info 617  [16:05:22.935] Format host information updated
Info 618  [16:05:23.114] Format host information updated
Info 619  [16:05:24.903] Format host information updated
Info 620  [16:05:24.971] Format host information updated
Info 621  [16:05:25.345] Format host information updated
Info 622  [16:05:25.553] Format host information updated
Info 623  [16:05:25.652] Format host information updated
Info 624  [16:05:26.145] Format host information updated
Info 625  [16:05:28.584] Format host information updated
Info 626  [16:05:30.226] Format host information updated
Info 627  [16:05:32.241] Format host information updated
Info 628  [16:05:32.411] Format host information updated
Info 629  [16:05:32.564] Format host information updated
Info 630  [16:05:32.666] Format host information updated
Info 631  [16:05:32.752] Format host information updated
Info 632  [16:05:34.231] Format host information updated
Info 633  [16:05:34.345] Format host information updated
Info 634  [16:05:34.499] Format host information updated
Info 635  [16:05:40.542] Format host information updated
Info 636  [16:05:42.719] Format host information updated
Info 637  [16:05:43.017] Format host information updated
Info 638  [16:05:45.159] Format host information updated
Info 639  [16:05:45.347] Format host information updated
Info 640  [16:05:45.473] Format host information updated
Info 641  [16:05:45.539] Format host information updated
Info 642  [16:05:45.656] Format host information updated
Info 643  [16:05:51.847] Format host information updated
Info 644  [16:05:53.833] Format host information updated
Info 645  [16:05:53.923] Format host information updated
Info 646  [16:05:54.234] Format host information updated
Info 647  [16:05:54.341] Format host information updated
Info 648  [16:05:54.664] Format host information updated
Info 649  [16:05:54.744] Format host information updated
Info 650  [16:05:54.864] Format host information updated
Info 651  [16:05:54.984] Format host information updated
Info 652  [16:05:55.119] Format host information updated
Info 653  [16:05:57.128] Format host information updated
Info 654  [16:05:57.233] Format host information updated
Info 655  [16:05:57.298] Format host information updated
Info 656  [16:05:57.452] Format host information updated
Info 657  [16:05:57.571] Format host information updated
Info 658  [16:05:57.710] Format host information updated
Info 659  [16:06:00.860] Format host information updated
Info 660  [16:06:03.305] Format host information updated
Info 661  [16:06:03.466] Format host information updated
Info 662  [16:06:03.548] Format host information updated
Info 663  [16:06:03.608] Format host information updated
Info 664  [16:06:03.668] Format host information updated
Info 665  [16:06:05.415] Format host information updated
Info 666  [16:06:05.578] Format host information updated
Info 667  [16:06:05.717] Format host information updated
Info 668  [16:06:05.894] Format host information updated
Info 669  [16:06:05.956] Format host information updated
Info 670  [16:06:06.473] Format host information updated
Info 671  [16:06:06.531] Format host information updated
Info 672  [16:06:06.657] Format host information updated
Info 673  [16:06:06.791] Format host information updated
Info 674  [16:06:06.870] Format host information updated
Info 675  [16:06:07.026] Format host information updated
Info 676  [16:10:27.107] Format host information updated
Info 677  [16:37:26.014] Starting updateGraphWorker: Project: /dev/null/inferredProject1*
Info 678  [16:37:26.022] Finishing updateGraphWorker: Project: /dev/null/inferredProject1* Version: 3 structureChanged: true structureIsReused:: Not Elapsed: 7.129405001178384ms
Info 679  [16:37:26.022] Project '/dev/null/inferredProject1*' (Inferred)
Info 680  [16:37:26.022] 	Files (10)

Info 681  [16:37:26.022] -----------------------------------------------
Info 682  [16:37:26.022] Project '/dev/null/inferredProject1*' (Inferred)
Info 682  [16:37:26.022] 	Files (10)

Info 682  [16:37:26.022] -----------------------------------------------
Info 682  [16:37:26.022] Open files: 
Info 682  [16:37:26.022] 	FileName: /home/orion/src/purescript-puppeteer/src/Puppeteer.Page.Emulate.js ProjectRootPath: /home/orion/src/purescript-puppeteer
Info 682  [16:37:26.022] 		Projects: /dev/null/inferredProject1*
Info 682  [16:37:26.022] 	FileName: /home/orion/src/purescript-puppeteer/src/Puppeteer.Page.WaitFor.js ProjectRootPath: /home/orion/src/purescript-puppeteer
Info 682  [16:37:26.022] 		Projects: /dev/null/inferredProject1*
Info 682  [16:37:26.022] 	FileName: /home/orion/src/purescript-puppeteer/src/Puppeteer.js ProjectRootPath: /home/orion/src/purescript-puppeteer
Info 682  [16:37:26.022] 		Projects: /dev/null/inferredProject1*
Info 682  [16:37:26.282] Format host information updated
Info 683  [16:48:20.235] Starting updateGraphWorker: Project: /dev/null/inferredProject1*
Info 684  [16:48:20.241] Finishing updateGraphWorker: Project: /dev/null/inferredProject1* Version: 4 structureChanged: true structureIsReused:: Not Elapsed: 5.819520000368357ms
Info 685  [16:48:20.241] Project '/dev/null/inferredProject1*' (Inferred)
Info 686  [16:48:20.241] 	Files (11)

Info 687  [16:48:20.241] -----------------------------------------------
Info 688  [16:48:20.241] Project '/dev/null/inferredProject1*' (Inferred)
Info 688  [16:48:20.241] 	Files (11)

Info 688  [16:48:20.241] -----------------------------------------------
Info 688  [16:48:20.241] Open files: 
Info 688  [16:48:20.241] 	FileName: /home/orion/src/purescript-puppeteer/src/Puppeteer.Page.Emulate.js ProjectRootPath: /home/orion/src/purescript-puppeteer
Info 688  [16:48:20.241] 		Projects: /dev/null/inferredProject1*
Info 688  [16:48:20.241] 	FileName: /home/orion/src/purescript-puppeteer/src/Puppeteer.Page.WaitFor.js ProjectRootPath: /home/orion/src/purescript-puppeteer
Info 688  [16:48:20.241] 		Projects: /dev/null/inferredProject1*
Info 688  [16:48:20.241] 	FileName: /home/orion/src/purescript-puppeteer/src/Puppeteer.js ProjectRootPath: /home/orion/src/purescript-puppeteer
Info 688  [16:48:20.241] 		Projects: /dev/null/inferredProject1*
Info 688  [16:48:20.241] 	FileName: /home/orion/src/purescript-puppeteer/src/Puppeteer.Browser.js ProjectRootPath: /home/orion/src/purescript-puppeteer
Info 688  [16:48:20.241] 		Projects: /dev/null/inferredProject1*
Info 688  [16:48:31.097] Format host information updated
Info 689  [16:48:35.249] Format host information updated
Info 690  [16:48:35.320] Format host information updated
Info 691  [16:48:35.415] Format host information updated
Info 692  [16:48:35.571] Format host information updated
Info 693  [16:48:35.713] Format host information updated
Info 694  [16:48:35.784] Format host information updated
Info 695  [16:48:38.279] Format host information updated
Info 696  [16:48:38.338] Format host information updated
Info 697  [16:48:38.405] Format host information updated
Info 698  [16:48:38.684] Format host information updated
Info 699  [16:48:38.996] Format host information updated
Info 700  [16:48:39.113] Format host information updated
Info 701  [16:48:39.261] Format host information updated
Info 702  [16:48:39.343] Format host information updated
Info 703  [16:48:51.876] Format host information updated
Info 704  [16:49:20.825] Format host information updated
Info 705  [16:49:20.945] Format host information updated
Info 706  [16:49:21.073] Format host information updated
Info 707  [16:49:21.239] Format host information updated
Info 708  [16:49:21.355] Format host information updated
Info 709  [16:49:22.828] Format host information updated
Info 710  [16:49:23.792] Format host information updated
Info 711  [16:49:25.045] Format host information updated
Info 712  [16:49:26.220] Format host information updated
Info 713  [16:49:27.534] Format host information updated
Info 714  [16:49:28.520] Format host information updated
Info 715  [16:49:30.140] Format host information updated
