Info 0    [13:56:54.889] Starting TS Server
Info 1    [13:56:54.889] Version: 5.2.2
Info 2    [13:56:54.889] Arguments: /home/orion/.asdf/installs/node/20.2.0/bin/node /home/orion/.asdf/installs/node/20.2.0/lib/node_modules/typescript/lib/tsserver.js --serverMode partialSemantic --useInferredProjectPerProjectRoot --disableAutomaticTypingAcquisition --cancellationPipeName /tmp/85d5b129d5be76150ef0243727cce4cc/tscancellation* --logVerbosity normal --logFile /home/orion/src/purescript-puppeteer/.log/tsserver-log-wYuYEU/tsserver.log --locale en --validateDefaultNpmLocation --useNodeIpc
Info 3    [13:56:54.889] Platform: linux NodeVersion: v20.2.0 CaseSensitive: true
Info 4    [13:56:54.889] ServerMode: 1 hasUnknownServerMode: undefined
Info 5    [13:56:54.894] Format host information updated
Info 6    [13:56:54.898] Starting updateGraphWorker: Project: /dev/null/inferredProject1*
Info 7    [13:56:55.246] Finishing updateGraphWorker: Project: /dev/null/inferredProject1* Version: 1 structureChanged: true structureIsReused:: Not Elapsed: 347.96562199946493ms
Info 8    [13:56:55.246] Project '/dev/null/inferredProject1*' (Inferred)
Info 9    [13:56:55.246] 	Files (8)

Info 10   [13:56:55.246] -----------------------------------------------
Info 11   [13:56:55.247] Project '/dev/null/inferredProject1*' (Inferred)
Info 11   [13:56:55.247] 	Files (8)

Info 11   [13:56:55.247] -----------------------------------------------
Info 11   [13:56:55.247] Open files: 
Info 11   [13:56:55.247] 	FileName: /home/orion/src/purescript-puppeteer/src/Puppeteer.Page.Navigate.js ProjectRootPath: /home/orion/src/purescript-puppeteer
Info 11   [13:56:55.247] 		Projects: /dev/null/inferredProject1*
Info 11   [13:56:55.247] Format host information updated
Info 12   [13:56:55.247] Format host information updated
Info 13   [13:56:55.248] Format host information updated
Info 14   [13:56:55.415] Format host information updated
Info 15   [13:56:55.609] Format host information updated
Info 16   [13:56:55.916] Format host information updated
Info 17   [13:56:56.101] Format host information updated
Info 18   [13:56:56.219] Format host information updated
Info 19   [13:56:56.401] Format host information updated
Info 20   [13:56:56.525] Format host information updated
Info 21   [13:56:59.863] Format host information updated
Info 22   [13:57:00.077] Format host information updated
Info 23   [13:57:00.190] Format host information updated
Info 24   [13:57:00.365] Format host information updated
Info 25   [13:57:00.512] Format host information updated
