Info 0    [12:26:08.950] Starting TS Server
Info 1    [12:26:08.953] Version: 5.2.2
Info 2    [12:26:08.953] Arguments: /home/orion/.asdf/installs/node/20.2.0/bin/node /home/orion/.asdf/installs/node/20.2.0/lib/node_modules/typescript/lib/tsserver.js --serverMode partialSemantic --useInferredProjectPerProjectRoot --disableAutomaticTypingAcquisition --cancellationPipeName /tmp/09ba127615e297da20434c7b8c8b3396/tscancellation* --logVerbosity normal --logFile /home/orion/src/purescript-puppeteer/.log/tsserver-log-xe3xMN/tsserver.log --locale en --validateDefaultNpmLocation --useNodeIpc
Info 3    [12:26:08.953] Platform: linux NodeVersion: v20.2.0 CaseSensitive: true
Info 4    [12:26:08.953] ServerMode: 1 hasUnknownServerMode: undefined
Info 5    [12:26:08.958] Format host information updated
Info 6    [12:26:08.963] Starting updateGraphWorker: Project: /dev/null/inferredProject1*
Info 7    [12:26:09.279] Finishing updateGraphWorker: Project: /dev/null/inferredProject1* Version: 1 structureChanged: true structureIsReused:: Not Elapsed: 316.18004700000165ms
Info 8    [12:26:09.279] Project '/dev/null/inferredProject1*' (Inferred)
Info 9    [12:26:09.280] 	Files (8)

Info 10   [12:26:09.280] -----------------------------------------------
Info 11   [12:26:09.280] Project '/dev/null/inferredProject1*' (Inferred)
Info 11   [12:26:09.280] 	Files (8)

Info 11   [12:26:09.280] -----------------------------------------------
Info 11   [12:26:09.280] Open files: 
Info 11   [12:26:09.280] 	FileName: /home/orion/src/purescript-puppeteer/src/Puppeteer.Page.Event.js ProjectRootPath: /home/orion/src/purescript-puppeteer
Info 11   [12:26:09.280] 		Projects: /dev/null/inferredProject1*
Info 11   [12:26:09.280] Format host information updated
Info 12   [12:26:09.363] Format host information updated
Info 13   [12:26:09.763] Format host information updated
Info 14   [12:26:09.937] Starting updateGraphWorker: Project: /dev/null/inferredProject1*
Info 15   [12:26:09.941] Finishing updateGraphWorker: Project: /dev/null/inferredProject1* Version: 2 structureChanged: false structureIsReused:: Completely Elapsed: 3.6208649999753106ms
Info 16   [12:26:09.941] Different program with same set of files
Info 17   [12:26:09.961] getCompletionData: Get current token: 0.01802200000383891
Info 18   [12:26:09.961] getCompletionData: Is inside comment: 0.08777000001282431
Info 19   [12:26:09.961] getCompletionData: Get previous token: 0.08159899999736808
Info 20   [12:26:09.965] getCompletionData: Semantic work: 3.5177260000200476
Info 21   [12:26:09.995] getCompletionsAtPosition: getCompletionEntriesFromSymbols: 29.541689000005135
Info 22   [12:26:10.001] Format host information updated
Info 23   [12:26:10.153] Starting updateGraphWorker: Project: /dev/null/inferredProject1*
Info 24   [12:26:10.156] Finishing updateGraphWorker: Project: /dev/null/inferredProject1* Version: 3 structureChanged: false structureIsReused:: Completely Elapsed: 3.743965000001481ms
Info 25   [12:26:10.157] Different program with same set of files
Info 26   [12:26:10.157] getCompletionData: Get current token: 0.01119800002197735
Info 27   [12:26:10.157] getCompletionData: Is inside comment: 0.02425099999527447
Info 28   [12:26:10.157] getCompletionData: Get previous token: 0.026332000008551404
Info 29   [12:26:10.159] getCompletionData: Semantic work: 2.2689059999829624
Info 30   [12:26:10.172] getCompletionsAtPosition: getCompletionEntriesFromSymbols: 13.020155999984127
Info 31   [12:26:10.175] Format host information updated
Info 32   [12:26:10.241] Starting updateGraphWorker: Project: /dev/null/inferredProject1*
Info 33   [12:26:10.243] Finishing updateGraphWorker: Project: /dev/null/inferredProject1* Version: 4 structureChanged: false structureIsReused:: Completely Elapsed: 2.507835999975214ms
Info 34   [12:26:10.243] Different program with same set of files
Info 35   [12:26:10.244] getCompletionData: Get current token: 0.030694999994011596
Info 36   [12:26:10.244] getCompletionData: Is inside comment: 0.14139200001955032
Info 37   [12:26:10.244] getCompletionData: Get previous token: 0.057815999985905364
Info 38   [12:26:10.246] getCompletionData: Semantic work: 1.991879000008339
Info 39   [12:26:10.256] getCompletionsAtPosition: getCompletionEntriesFromSymbols: 9.84891199998674
Info 40   [12:26:10.259] Format host information updated
Info 41   [12:26:10.332] Starting updateGraphWorker: Project: /dev/null/inferredProject1*
Info 42   [12:26:10.334] Finishing updateGraphWorker: Project: /dev/null/inferredProject1* Version: 5 structureChanged: false structureIsReused:: Completely Elapsed: 1.323854999995092ms
Info 43   [12:26:10.334] Different program with same set of files
Info 44   [12:26:10.334] getCompletionData: Get current token: 0.048630000004777685
Info 45   [12:26:10.334] getCompletionData: Is inside comment: 0.009623999998439103
Info 46   [12:26:10.334] getCompletionData: Get previous token: 0.010869999998249114
Info 47   [12:26:10.335] getCompletionData: Semantic work: 1.1878879999858327
Info 48   [12:26:10.341] getCompletionsAtPosition: getCompletionEntriesFromSymbols: 6.239667999994708
Info 49   [12:26:10.343] Format host information updated
Info 50   [12:26:10.401] Starting updateGraphWorker: Project: /dev/null/inferredProject1*
Info 51   [12:26:10.403] Finishing updateGraphWorker: Project: /dev/null/inferredProject1* Version: 6 structureChanged: false structureIsReused:: Completely Elapsed: 1.9844760000123642ms
Info 52   [12:26:10.403] Different program with same set of files
Info 53   [12:26:10.403] getCompletionData: Get current token: 0.006305999995674938
Info 54   [12:26:10.403] getCompletionData: Is inside comment: 0.012063000001944602
Info 55   [12:26:10.403] getCompletionData: Get previous token: 0.010303999995812774
Info 56   [12:26:10.405] getCompletionData: Semantic work: 1.4995200000121258
Info 57   [12:26:10.412] getCompletionsAtPosition: getCompletionEntriesFromSymbols: 6.952334000001429
Info 58   [12:26:10.414] Format host information updated
Info 59   [12:26:10.461] Format host information updated
Info 60   [12:26:10.678] Starting updateGraphWorker: Project: /dev/null/inferredProject1*
Info 61   [12:26:10.680] Finishing updateGraphWorker: Project: /dev/null/inferredProject1* Version: 7 structureChanged: false structureIsReused:: Completely Elapsed: 1.6166059999959543ms
Info 62   [12:26:10.680] Different program with same set of files
Info 63   [12:26:10.680] getCompletionData: Get current token: 0.0034180000075139105
Info 64   [12:26:10.680] getCompletionData: Is inside comment: 0.011383999983081594
Info 65   [12:26:10.680] getCompletionData: Get previous token: 0.04329499998129904
Info 66   [12:26:10.681] getCompletionsAtPosition: isCompletionListBlocker: 0.2327660000009928
Info 67   [12:26:10.682] getCompletionData: Semantic work: 1.6521559999964666
Info 68   [12:26:10.688] getCompletionsAtPosition: getCompletionEntriesFromSymbols: 5.691229999996722
Info 69   [12:26:10.691] Format host information updated
Info 70   [12:26:10.739] Starting updateGraphWorker: Project: /dev/null/inferredProject1*
Info 71   [12:26:10.740] Finishing updateGraphWorker: Project: /dev/null/inferredProject1* Version: 8 structureChanged: false structureIsReused:: Completely Elapsed: 1.1535100000037346ms
Info 72   [12:26:10.740] Different program with same set of files
Info 73   [12:26:10.740] getCompletionData: Get current token: 0.004721000004792586
Info 74   [12:26:10.740] getCompletionData: Is inside comment: 0.008046000002650544
Info 75   [12:26:10.740] getCompletionData: Get previous token: 0.012917000014567748
Info 76   [12:26:10.740] getCompletionsAtPosition: isCompletionListBlocker: 0.009714999992866069
Info 77   [12:26:10.741] getCompletionData: Semantic work: 1.1560190000163857
Info 78   [12:26:10.747] getCompletionsAtPosition: getCompletionEntriesFromSymbols: 5.497250999993412
Info 79   [12:26:10.749] Format host information updated
Info 80   [12:26:10.842] Format host information updated
Info 81   [12:26:10.918] Format host information updated
Info 82   [12:26:10.977] Format host information updated
Info 83   [12:26:11.054] Format host information updated
Info 84   [12:26:11.531] Format host information updated
Info 85   [12:26:11.648] Format host information updated
Info 86   [12:26:11.766] Format host information updated
Info 87   [12:26:11.866] Format host information updated
Info 88   [12:26:11.948] Format host information updated
Info 89   [12:26:12.077] Format host information updated
Info 90   [12:26:12.404] Format host information updated
Info 91   [12:26:12.532] Format host information updated
Info 92   [12:26:12.720] Format host information updated
Info 93   [12:26:13.156] Format host information updated
Info 94   [12:26:13.329] Format host information updated
Info 95   [12:26:13.420] Format host information updated
Info 96   [12:26:13.777] Format host information updated
Info 97   [12:26:13.868] Format host information updated
Info 98   [12:26:14.417] Format host information updated
Info 99   [12:26:14.579] Format host information updated
Info 100  [12:26:15.443] Format host information updated
Info 101  [12:26:15.627] Format host information updated
Info 102  [12:26:15.749] Format host information updated
Info 103  [12:26:15.960] Format host information updated
Info 104  [12:26:16.018] Format host information updated
Info 105  [12:26:16.278] Format host information updated
Info 106  [12:26:16.403] Format host information updated
Info 107  [12:26:16.525] Format host information updated
Info 108  [12:26:16.744] Format host information updated
Info 109  [12:26:16.983] Format host information updated
Info 110  [12:26:17.100] Format host information updated
Info 111  [12:26:17.342] Format host information updated
Info 112  [12:26:17.726] Format host information updated
Info 113  [12:26:17.822] Format host information updated
Info 114  [12:26:18.004] Format host information updated
Info 115  [12:26:18.063] Format host information updated
Info 116  [12:26:18.247] Format host information updated
Info 117  [12:26:18.527] Format host information updated
Info 118  [12:26:18.737] Format host information updated
Info 119  [12:26:18.816] Format host information updated
Info 120  [12:26:18.971] Format host information updated
Info 121  [12:26:19.095] Format host information updated
Info 122  [12:26:19.211] Format host information updated
Info 123  [12:26:19.295] Format host information updated
Info 124  [12:26:19.419] Format host information updated
Info 125  [12:26:19.731] Format host information updated
Info 126  [12:26:19.932] Format host information updated
Info 127  [12:26:20.002] Format host information updated
Info 128  [12:26:20.104] Format host information updated
Info 129  [12:26:20.226] Format host information updated
Info 130  [12:26:20.417] Format host information updated
Info 131  [12:26:20.498] Format host information updated
Info 132  [12:26:20.591] Format host information updated
Info 133  [12:26:21.049] Format host information updated
Info 134  [12:26:21.108] Format host information updated
Info 135  [12:26:23.094] Format host information updated
Info 136  [12:26:23.190] Format host information updated
Info 137  [12:26:23.309] Format host information updated
Info 138  [12:26:23.829] Format host information updated
Info 139  [12:26:25.089] Format host information updated
Info 140  [12:26:25.397] Format host information updated
Info 141  [12:26:25.643] Format host information updated
Info 142  [12:26:25.803] Format host information updated
Info 143  [12:26:25.970] Format host information updated
Info 144  [12:26:26.121] Format host information updated
Info 145  [12:26:26.262] Format host information updated
Info 146  [12:26:26.419] Format host information updated
Info 147  [12:26:26.700] Format host information updated
Info 148  [12:26:27.260] Format host information updated
Info 149  [12:26:27.720] Format host information updated
Info 150  [12:26:28.511] Format host information updated
Info 151  [12:26:28.932] Format host information updated
Info 152  [12:26:29.072] Format host information updated
Info 153  [12:26:29.292] Format host information updated
Info 154  [12:26:29.387] Format host information updated
Info 155  [12:26:29.586] Format host information updated
Info 156  [12:26:29.747] Format host information updated
Info 157  [12:26:30.432] Format host information updated
Info 158  [12:26:30.531] Format host information updated
Info 159  [12:26:30.744] Format host information updated
Info 160  [12:26:30.925] Format host information updated
Info 161  [12:26:31.065] Format host information updated
Info 162  [12:26:31.393] Format host information updated
Info 163  [12:26:31.533] Format host information updated
Info 164  [12:26:31.702] Format host information updated
Info 165  [12:26:31.880] Format host information updated
Info 166  [12:26:31.955] Format host information updated
Info 167  [12:26:32.233] Format host information updated
Info 168  [12:26:32.343] Format host information updated
Info 169  [12:26:32.442] Format host information updated
Info 170  [12:26:32.601] Format host information updated
Info 171  [12:26:33.534] Format host information updated
Info 172  [12:26:33.603] Format host information updated
Info 173  [12:26:34.347] Format host information updated
Info 174  [12:26:34.669] Format host information updated
Info 175  [12:26:34.884] Format host information updated
Info 176  [12:26:35.335] Format host information updated
Info 177  [12:26:35.674] Format host information updated
Info 178  [12:26:35.733] Format host information updated
Info 179  [12:26:37.124] Format host information updated
Info 180  [12:26:37.264] Format host information updated
Info 181  [12:26:37.416] Format host information updated
Info 182  [12:26:37.805] Format host information updated
Info 183  [12:26:37.941] Format host information updated
Info 184  [12:26:38.076] Format host information updated
Info 185  [12:26:38.245] Format host information updated
Info 186  [12:26:38.452] Format host information updated
Info 187  [12:26:38.602] Format host information updated
Info 188  [12:26:38.662] Format host information updated
Info 189  [12:26:38.958] Format host information updated
Info 190  [12:26:39.043] Format host information updated
Info 191  [12:26:39.154] Format host information updated
Info 192  [12:26:39.269] Format host information updated
Info 193  [12:26:39.365] Format host information updated
Info 194  [12:26:40.020] Format host information updated
Info 195  [12:26:40.859] Format host information updated
Info 196  [12:26:40.919] Format host information updated
Info 197  [12:26:41.249] Format host information updated
Info 198  [12:26:42.156] Format host information updated
Info 199  [12:26:42.266] Format host information updated
Info 200  [12:26:42.450] Format host information updated
Info 201  [12:26:42.529] Format host information updated
Info 202  [12:26:51.050] Format host information updated
Info 203  [12:26:51.113] Format host information updated
Info 204  [12:26:51.645] Format host information updated
Info 205  [12:26:51.855] Format host information updated
Info 206  [12:26:52.193] Format host information updated
Info 207  [12:26:52.304] Format host information updated
Info 208  [12:26:55.277] Format host information updated
Info 209  [12:26:55.337] Format host information updated
Info 210  [12:26:55.436] Format host information updated
Info 211  [12:26:55.647] Format host information updated
Info 212  [12:26:55.878] Format host information updated
Info 213  [12:26:55.971] Format host information updated
Info 214  [12:26:56.450] Format host information updated
Info 215  [12:26:56.556] Format host information updated
Info 216  [12:26:56.691] Format host information updated
Info 217  [12:26:57.363] Format host information updated
Info 218  [12:26:57.472] Format host information updated
Info 219  [12:26:57.669] Format host information updated
Info 220  [12:26:57.771] Format host information updated
Info 221  [12:26:58.699] Format host information updated
Info 222  [12:26:58.783] Format host information updated
Info 223  [12:26:59.398] Format host information updated
Info 224  [12:26:59.598] Format host information updated
Info 225  [12:27:00.018] Format host information updated
Info 226  [12:27:00.725] Format host information updated
Info 227  [12:27:00.919] Format host information updated
Info 228  [12:27:01.045] Format host information updated
Info 229  [12:27:01.134] Format host information updated
Info 230  [12:27:01.611] Format host information updated
Info 231  [12:27:01.755] Format host information updated
Info 232  [12:27:01.947] Format host information updated
Info 233  [12:27:02.021] Format host information updated
Info 234  [12:27:02.389] Format host information updated
Info 235  [12:27:02.485] Format host information updated
Info 236  [12:27:02.627] Format host information updated
Info 237  [12:27:04.779] Format host information updated
Info 238  [12:27:07.970] Format host information updated
Info 239  [12:27:07.971] Format host information updated
Info 240  [12:27:11.756] Format host information updated
Info 241  [12:27:13.292] Format host information updated
Info 242  [12:27:13.515] Format host information updated
Info 243  [12:27:13.849] Format host information updated
Info 244  [12:27:13.976] Format host information updated
Info 245  [12:27:14.723] Format host information updated
Info 246  [12:27:14.993] Format host information updated
Info 247  [12:27:15.107] Format host information updated
Info 248  [12:27:15.260] Format host information updated
Info 249  [12:27:16.634] Format host information updated
Info 250  [12:27:17.747] Format host information updated
Info 251  [12:27:23.259] Format host information updated
Info 252  [12:27:23.416] Format host information updated
Info 253  [12:27:25.330] Format host information updated
Info 254  [12:27:25.497] Format host information updated
Info 255  [12:27:25.603] Format host information updated
Info 256  [12:27:25.676] Format host information updated
Info 257  [12:27:25.785] Format host information updated
Info 258  [12:28:15.625] Format host information updated
Info 259  [12:28:16.012] Format host information updated
Info 260  [12:28:16.072] Format host information updated
Info 261  [12:28:18.165] Format host information updated
Info 262  [12:28:18.344] Format host information updated
Info 263  [12:28:18.423] Format host information updated
Info 264  [12:28:18.767] Format host information updated
Info 265  [12:28:18.915] Format host information updated
Info 266  [12:28:19.059] Format host information updated
Info 267  [12:28:19.247] Format host information updated
Info 268  [12:28:19.392] Format host information updated
Info 269  [12:28:19.571] Format host information updated
Info 270  [12:28:19.846] Format host information updated
Info 271  [12:28:19.934] Format host information updated
Info 272  [12:28:20.045] Format host information updated
Info 273  [12:28:20.115] Format host information updated
Info 274  [12:28:20.267] Format host information updated
Info 275  [12:28:20.323] Format host information updated
Info 276  [12:28:20.468] Format host information updated
Info 277  [12:28:21.634] Format host information updated
Info 278  [12:28:21.808] Format host information updated
Info 279  [12:28:21.889] Format host information updated
Info 280  [12:28:22.122] Format host information updated
Info 281  [12:28:22.262] Format host information updated
Info 282  [12:28:22.365] Format host information updated
Info 283  [12:28:22.498] Format host information updated
Info 284  [12:28:26.499] Format host information updated
Info 285  [12:28:26.623] Format host information updated
Info 286  [12:28:26.754] Format host information updated
Info 287  [12:28:27.169] Format host information updated
Info 288  [12:28:27.720] Format host information updated
Info 289  [12:28:27.836] Format host information updated
Info 290  [12:28:27.973] Format host information updated
Info 291  [12:28:28.053] Format host information updated
Info 292  [12:28:28.214] Format host information updated
Info 293  [12:28:28.397] Format host information updated
Info 294  [12:28:28.918] Format host information updated
Info 295  [12:28:29.316] Format host information updated
Info 296  [12:28:29.712] Format host information updated
Info 297  [12:28:29.903] Format host information updated
Info 298  [12:28:30.017] Format host information updated
Info 299  [12:28:30.309] Format host information updated
Info 300  [12:28:30.399] Format host information updated
Info 301  [12:28:30.523] Format host information updated
Info 302  [12:28:32.997] Format host information updated
Info 303  [12:28:33.274] Format host information updated
Info 304  [12:28:33.602] Format host information updated
Info 305  [12:28:34.664] Format host information updated
Info 306  [12:28:35.146] Format host information updated
Info 307  [12:28:35.491] Format host information updated
Info 308  [12:28:35.623] Format host information updated
Info 309  [12:28:35.965] Format host information updated
Info 310  [12:28:36.389] Format host information updated
Info 311  [12:28:36.453] Format host information updated
Info 312  [12:28:36.602] Format host information updated
Info 313  [12:28:36.779] Format host information updated
Info 314  [12:28:36.891] Format host information updated
Info 315  [12:28:36.986] Format host information updated
Info 316  [12:28:37.073] Format host information updated
Info 317  [12:28:37.973] Format host information updated
Info 318  [12:28:38.053] Format host information updated
Info 319  [12:28:38.143] Format host information updated
Info 320  [12:28:38.258] Format host information updated
Info 321  [12:28:38.903] Format host information updated
Info 322  [12:28:39.318] Format host information updated
Info 323  [12:28:44.599] Format host information updated
Info 324  [12:28:44.699] Format host information updated
Info 325  [12:28:51.535] Format host information updated
Info 326  [12:28:51.657] Format host information updated
Info 327  [12:28:51.717] Format host information updated
Info 328  [12:28:53.116] Format host information updated
Info 329  [12:28:53.208] Format host information updated
Info 330  [12:28:53.364] Format host information updated
Info 331  [12:28:53.432] Format host information updated
Info 332  [12:28:53.716] Format host information updated
Info 333  [12:28:53.819] Format host information updated
Info 334  [12:28:53.983] Format host information updated
Info 335  [12:28:54.093] Format host information updated
Info 336  [12:28:54.156] Format host information updated
Info 337  [12:28:54.296] Format host information updated
Info 338  [12:28:54.528] Format host information updated
Info 339  [12:28:54.593] Format host information updated
Info 340  [12:28:55.248] Format host information updated
Info 341  [12:28:55.620] Format host information updated
Info 342  [12:28:55.782] Format host information updated
Info 343  [12:28:56.046] Format host information updated
Info 344  [12:28:56.155] Format host information updated
Info 345  [12:28:56.247] Format host information updated
Info 346  [12:28:56.827] Format host information updated
Info 347  [12:28:56.956] Format host information updated
Info 348  [12:28:57.099] Format host information updated
Info 349  [12:28:57.220] Format host information updated
Info 350  [12:28:57.391] Format host information updated
Info 351  [12:28:57.540] Format host information updated
Info 352  [12:28:57.600] Format host information updated
Info 353  [12:29:02.727] Format host information updated
Info 354  [12:29:05.146] Format host information updated
Info 355  [12:29:05.334] Format host information updated
Info 356  [12:29:05.393] Format host information updated
Info 357  [12:29:05.941] Format host information updated
Info 358  [12:29:06.457] Format host information updated
Info 359  [12:29:06.569] Format host information updated
Info 360  [12:29:06.663] Format host information updated
Info 361  [12:29:06.827] Format host information updated
Info 362  [12:29:08.523] Format host information updated
Info 363  [12:29:09.616] Format host information updated
Info 364  [12:29:10.116] Format host information updated
Info 365  [12:29:10.423] Format host information updated
Info 366  [12:29:10.593] Format host information updated
Info 367  [12:29:10.705] Format host information updated
Info 368  [12:29:10.881] Format host information updated
Info 369  [12:29:19.746] Format host information updated
Info 370  [12:29:20.246] Format host information updated
Info 371  [12:29:20.447] Format host information updated
Info 372  [12:29:20.654] Format host information updated
Info 373  [12:29:20.841] Format host information updated
Info 374  [12:29:20.906] Format host information updated
Info 375  [12:29:20.969] Format host information updated
Info 376  [12:29:21.060] Format host information updated
Info 377  [12:29:24.866] Format host information updated
Info 378  [12:29:31.187] Format host information updated
Info 379  [12:29:31.406] Format host information updated
Info 380  [12:30:00.032] Format host information updated
Info 381  [12:30:00.440] Format host information updated
Info 382  [12:30:00.713] Format host information updated
Info 383  [12:30:00.850] Format host information updated
Info 384  [12:30:00.907] Format host information updated
Info 385  [12:30:01.949] Format host information updated
Info 386  [12:30:04.006] Format host information updated
Info 387  [12:30:04.485] Format host information updated
Info 388  [12:30:04.611] Format host information updated
Info 389  [12:30:04.791] Format host information updated
Info 390  [12:30:04.889] Format host information updated
Info 391  [12:30:05.110] Format host information updated
Info 392  [12:30:05.170] Format host information updated
Info 393  [12:30:05.599] Format host information updated
Info 394  [12:30:05.753] Format host information updated
Info 395  [12:30:05.880] Format host information updated
Info 396  [12:30:06.215] Format host information updated
Info 397  [12:30:06.357] Format host information updated
Info 398  [12:30:06.468] Format host information updated
Info 399  [12:30:06.782] Format host information updated
Info 400  [12:30:06.857] Format host information updated
Info 401  [12:30:07.574] Format host information updated
Info 402  [12:30:07.909] Format host information updated
Info 403  [12:30:08.017] Format host information updated
Info 404  [12:30:08.092] Format host information updated
Info 405  [12:30:08.319] Format host information updated
Info 406  [12:30:08.433] Format host information updated
Info 407  [12:30:08.642] Format host information updated
Info 408  [12:30:08.702] Format host information updated
Info 409  [12:30:08.805] Format host information updated
Info 410  [12:30:09.048] Format host information updated
Info 411  [12:30:09.482] Format host information updated
Info 412  [12:30:09.899] Format host information updated
Info 413  [12:30:10.343] Format host information updated
Info 414  [12:30:10.576] Format host information updated
Info 415  [12:30:10.915] Format host information updated
Info 416  [12:30:11.098] Format host information updated
Info 417  [12:30:11.164] Format host information updated
Info 418  [12:30:11.361] Format host information updated
Info 419  [12:30:11.429] Format host information updated
Info 420  [12:30:11.817] Format host information updated
Info 421  [12:30:11.946] Format host information updated
Info 422  [12:30:12.116] Format host information updated
Info 423  [12:30:12.271] Format host information updated
Info 424  [12:30:12.347] Format host information updated
Info 425  [12:30:12.423] Format host information updated
Info 426  [12:30:14.888] Format host information updated
Info 427  [12:30:14.952] Format host information updated
Info 428  [12:30:15.022] Format host information updated
Info 429  [12:30:15.104] Format host information updated
Info 430  [12:30:15.173] Format host information updated
Info 431  [12:30:21.572] Format host information updated
Info 432  [12:30:21.795] Format host information updated
Info 433  [12:30:22.418] Format host information updated
Info 434  [12:30:22.559] Format host information updated
Info 435  [12:30:22.771] Format host information updated
Info 436  [12:30:22.829] Format host information updated
Info 437  [12:30:22.953] Format host information updated
Info 438  [12:31:54.956] Format host information updated
Info 439  [12:31:55.016] Format host information updated
Info 440  [12:31:55.127] Format host information updated
Info 441  [12:31:55.238] Format host information updated
Info 442  [12:31:55.469] Format host information updated
Info 443  [12:31:55.531] Format host information updated
Info 444  [12:31:55.672] Format host information updated
Info 445  [12:31:55.811] Format host information updated
Info 446  [12:31:55.893] Format host information updated
Info 447  [12:31:55.951] Format host information updated
Info 448  [12:31:57.009] Format host information updated
Info 449  [12:31:57.069] Format host information updated
Info 450  [12:31:57.152] Format host information updated
Info 451  [12:31:57.247] Format host information updated
Info 452  [12:31:57.379] Format host information updated
Info 453  [12:31:57.536] Format host information updated
Info 454  [12:32:00.344] Format host information updated
Info 455  [12:32:00.465] Format host information updated
Info 456  [12:32:00.520] Format host information updated
Info 457  [12:32:00.677] Format host information updated
Info 458  [12:32:00.946] Format host information updated
Info 459  [12:32:01.101] Format host information updated
Info 460  [12:32:01.290] Format host information updated
Info 461  [12:32:01.530] Format host information updated
Info 462  [12:32:01.590] Format host information updated
Info 463  [12:32:01.685] Format host information updated
Info 464  [12:32:01.782] Format host information updated
Info 465  [12:32:01.942] Format host information updated
Info 466  [12:32:04.203] Format host information updated
Info 467  [12:32:04.262] Format host information updated
Info 468  [12:32:04.333] Format host information updated
Info 469  [12:32:04.431] Format host information updated
Info 470  [12:32:04.592] Format host information updated
Info 471  [12:32:04.666] Format host information updated
Info 472  [12:32:06.474] Format host information updated
Info 473  [12:32:09.431] Format host information updated
Info 474  [13:08:49.608] Starting updateGraphWorker: Project: /dev/null/inferredProject1*
Info 475  [13:08:49.622] Finishing updateGraphWorker: Project: /dev/null/inferredProject1* Version: 9 structureChanged: true structureIsReused:: Not Elapsed: 13.488431999925524ms
Info 476  [13:08:49.622] Project '/dev/null/inferredProject1*' (Inferred)
Info 477  [13:08:49.622] 	Files (9)

Info 478  [13:08:49.622] -----------------------------------------------
Info 479  [13:08:49.622] Project '/dev/null/inferredProject1*' (Inferred)
Info 479  [13:08:49.622] 	Files (9)

Info 479  [13:08:49.622] -----------------------------------------------
Info 479  [13:08:49.622] Open files: 
Info 479  [13:08:49.622] 	FileName: /home/orion/src/purescript-puppeteer/src/Puppeteer.Page.Event.js ProjectRootPath: /home/orion/src/purescript-puppeteer
Info 479  [13:08:49.622] 		Projects: /dev/null/inferredProject1*
Info 479  [13:08:49.622] 	FileName: /home/orion/src/purescript-puppeteer/src/Puppeteer.Http.js ProjectRootPath: /home/orion/src/purescript-puppeteer
Info 479  [13:08:49.622] 		Projects: /dev/null/inferredProject1*
Info 479  [13:08:49.929] Format host information updated
Info 480  [13:08:50.035] Format host information updated
Info 481  [13:08:50.849] Format host information updated
Info 482  [13:08:51.550] Format host information updated
Info 483  [13:08:55.823] Format host information updated
Info 484  [13:08:56.169] Format host information updated
Info 485  [13:08:56.297] Format host information updated
Info 486  [13:08:56.411] Format host information updated
Info 487  [13:08:57.656] Format host information updated
Info 488  [13:08:57.917] Format host information updated
Info 489  [13:08:59.219] Format host information updated
Info 490  [13:09:00.107] Format host information updated
Info 491  [13:09:01.185] Format host information updated
Info 492  [13:09:01.788] Format host information updated
Info 493  [13:09:02.434] Format host information updated
Info 494  [13:09:03.302] Format host information updated
Info 495  [13:09:04.115] Format host information updated
Info 496  [13:09:04.460] Format host information updated
Info 497  [13:09:05.231] Format host information updated
Info 498  [13:09:05.677] Format host information updated
Info 499  [13:09:05.835] Format host information updated
Info 500  [13:09:06.397] Format host information updated
Info 501  [13:09:06.785] Format host information updated
Info 502  [13:09:07.353] Format host information updated
Info 503  [13:09:08.714] Format host information updated
Info 504  [13:09:08.910] Format host information updated
Info 505  [13:09:09.018] Format host information updated
Info 506  [13:09:09.185] Format host information updated
Info 507  [13:09:09.243] Format host information updated
Info 508  [13:09:09.440] Format host information updated
Info 509  [13:09:09.591] Format host information updated
Info 510  [13:09:09.696] Format host information updated
Info 511  [13:09:09.757] Format host information updated
Info 512  [13:09:13.560] Format host information updated
Info 513  [13:09:14.317] Format host information updated
Info 514  [13:09:14.442] Format host information updated
Info 515  [13:09:14.572] Format host information updated
Info 516  [13:09:14.720] Format host information updated
Info 517  [13:09:14.779] Format host information updated
Info 518  [13:09:14.847] Format host information updated
Info 519  [13:09:15.023] Format host information updated
Info 520  [13:09:15.116] Format host information updated
Info 521  [13:09:15.282] Format host information updated
Info 522  [13:09:15.433] Format host information updated
Info 523  [13:09:15.593] Format host information updated
Info 524  [13:09:15.937] Format host information updated
Info 525  [13:09:16.123] Format host information updated
Info 526  [13:09:16.312] Format host information updated
Info 527  [13:09:16.491] Format host information updated
Info 528  [13:09:16.596] Format host information updated
Info 529  [13:09:16.746] Format host information updated
Info 530  [13:09:16.816] Format host information updated
Info 531  [13:09:17.233] Format host information updated
Info 532  [13:09:17.623] Format host information updated
Info 533  [13:09:21.298] Format host information updated
Info 534  [13:09:21.566] Format host information updated
Info 535  [13:09:21.889] Format host information updated
Info 536  [13:09:22.100] Format host information updated
Info 537  [13:09:22.189] Format host information updated
Info 538  [13:09:22.308] Format host information updated
Info 539  [13:09:22.371] Format host information updated
Info 540  [13:09:22.520] Format host information updated
Info 541  [13:09:22.587] Format host information updated
Info 542  [13:09:22.812] Format host information updated
Info 543  [13:09:22.947] Format host information updated
Info 544  [13:09:23.092] Format host information updated
Info 545  [13:09:23.257] Format host information updated
Info 546  [13:09:23.401] Format host information updated
Info 547  [13:09:23.582] Format host information updated
Info 548  [13:09:23.660] Format host information updated
Info 549  [13:09:23.820] Format host information updated
Info 550  [13:09:23.895] Format host information updated
Info 551  [13:09:24.920] Format host information updated
Info 552  [13:09:25.232] Format host information updated
Info 553  [13:09:25.365] Format host information updated
Info 554  [13:09:25.683] Format host information updated
Info 555  [13:09:25.830] Format host information updated
Info 556  [13:09:25.895] Format host information updated
Info 557  [13:09:26.536] Format host information updated
Info 558  [13:09:27.013] Format host information updated
Info 559  [13:09:27.350] Format host information updated
Info 560  [13:09:27.452] Format host information updated
Info 561  [13:09:28.044] Format host information updated
Info 562  [13:09:28.119] Format host information updated
Info 563  [13:09:28.255] Format host information updated
Info 564  [13:09:28.354] Format host information updated
Info 565  [13:09:28.445] Format host information updated
Info 566  [13:09:28.801] Format host information updated
Info 567  [13:09:29.031] Format host information updated
Info 568  [13:09:30.065] Format host information updated
Info 569  [13:09:30.723] Format host information updated
Info 570  [13:09:31.501] Format host information updated
Info 571  [13:09:31.912] Format host information updated
Info 572  [13:09:32.035] Format host information updated
Info 573  [13:09:32.218] Format host information updated
Info 574  [13:09:32.276] Format host information updated
Info 575  [13:09:32.707] Format host information updated
Info 576  [13:09:32.774] Format host information updated
Info 577  [13:09:33.296] Format host information updated
Info 578  [13:09:33.517] Format host information updated
Info 579  [13:09:33.783] Format host information updated
Info 580  [13:09:33.881] Format host information updated
Info 581  [13:09:34.488] Format host information updated
Info 582  [13:09:34.601] Format host information updated
Info 583  [13:09:34.712] Format host information updated
Info 584  [13:09:34.868] Format host information updated
Info 585  [13:09:34.938] Format host information updated
Info 586  [13:09:35.023] Format host information updated
Info 587  [13:09:37.431] Format host information updated
Info 588  [13:09:37.667] Format host information updated
Info 589  [13:09:37.798] Format host information updated
Info 590  [13:09:37.946] Format host information updated
Info 591  [13:09:38.061] Format host information updated
Info 592  [13:09:38.254] Format host information updated
Info 593  [13:09:38.329] Format host information updated
Info 594  [13:09:38.449] Format host information updated
Info 595  [13:09:38.550] Format host information updated
Info 596  [13:09:38.700] Format host information updated
Info 597  [13:09:38.769] Format host information updated
Info 598  [13:09:38.911] Format host information updated
Info 599  [13:09:39.085] Format host information updated
Info 600  [13:09:39.800] Format host information updated
Info 601  [13:09:39.863] Format host information updated
Info 602  [13:09:40.246] Format host information updated
Info 603  [13:09:41.107] Format host information updated
Info 604  [13:09:41.265] Format host information updated
Info 605  [13:09:41.425] Format host information updated
Info 606  [13:09:41.548] Format host information updated
Info 607  [13:09:42.843] Format host information updated
Info 608  [13:09:42.920] Format host information updated
Info 609  [13:09:42.995] Format host information updated
Info 610  [13:09:43.203] Format host information updated
Info 611  [13:09:43.350] Format host information updated
Info 612  [13:09:43.510] Format host information updated
Info 613  [13:09:43.670] Format host information updated
Info 614  [13:09:43.797] Format host information updated
Info 615  [13:09:43.900] Format host information updated
Info 616  [13:09:44.137] Format host information updated
Info 617  [13:09:56.815] Format host information updated
Info 618  [13:09:57.050] Format host information updated
Info 619  [13:09:57.105] Format host information updated
Info 620  [13:09:57.266] Format host information updated
Info 621  [13:09:57.394] Format host information updated
Info 622  [13:09:57.917] Format host information updated
Info 623  [13:09:58.064] Format host information updated
Info 624  [13:09:58.154] Format host information updated
Info 625  [13:09:58.398] Format host information updated
Info 626  [13:09:58.535] Format host information updated
Info 627  [13:09:58.708] Format host information updated
Info 628  [13:09:59.880] Format host information updated
Info 629  [13:09:59.880] Format host information updated
Info 630  [13:09:59.880] Format host information updated
Info 631  [13:10:00.232] Format host information updated
Info 632  [13:10:02.858] Format host information updated
Info 633  [13:10:03.329] Format host information updated
Info 634  [13:10:03.814] Format host information updated
Info 635  [13:10:03.944] Format host information updated
Info 636  [13:10:04.146] Format host information updated
Info 637  [13:10:04.226] Format host information updated
Info 638  [13:10:04.472] Format host information updated
Info 639  [13:10:05.539] Format host information updated
Info 640  [13:10:05.727] Format host information updated
Info 641  [13:10:05.794] Format host information updated
Info 642  [13:10:06.045] Format host information updated
Info 643  [13:10:06.263] Format host information updated
Info 644  [13:10:06.319] Format host information updated
Info 645  [13:10:06.844] Format host information updated
Info 646  [13:10:06.845] Format host information updated
Info 647  [13:10:06.846] Format host information updated
Info 648  [13:10:07.120] Format host information updated
Info 649  [13:10:07.339] Format host information updated
Info 650  [13:10:11.156] Format host information updated
Info 651  [13:10:20.176] Format host information updated
Info 652  [13:10:20.415] Format host information updated
Info 653  [13:10:20.485] Format host information updated
Info 654  [13:10:20.997] Format host information updated
Info 655  [13:10:21.333] Format host information updated
Info 656  [13:10:21.414] Format host information updated
Info 657  [13:10:21.785] Format host information updated
Info 658  [13:10:21.889] Format host information updated
Info 659  [13:10:22.017] Format host information updated
Info 660  [13:10:22.595] Format host information updated
Info 661  [13:10:22.595] Format host information updated
Info 662  [13:10:22.596] Format host information updated
Info 663  [13:10:25.224] Format host information updated
Info 664  [13:10:25.291] Format host information updated
Info 665  [13:10:25.445] Format host information updated
Info 666  [13:10:25.611] Format host information updated
Info 667  [13:10:25.795] Format host information updated
Info 668  [13:10:25.860] Format host information updated
Info 669  [13:10:25.999] Format host information updated
Info 670  [13:10:26.142] Format host information updated
Info 671  [13:10:26.291] Format host information updated
Info 672  [13:10:26.507] Format host information updated
Info 673  [13:10:26.560] Format host information updated
Info 674  [13:10:26.726] Format host information updated
Info 675  [13:10:26.833] Format host information updated
Info 676  [13:10:27.294] Format host information updated
Info 677  [13:10:27.404] Format host information updated
Info 678  [13:10:27.532] Format host information updated
Info 679  [13:10:27.620] Format host information updated
Info 680  [13:10:28.198] Format host information updated
Info 681  [13:10:28.198] Format host information updated
Info 682  [13:10:28.200] Format host information updated
Info 683  [13:10:29.601] Format host information updated
Info 684  [13:10:29.775] Format host information updated
Info 685  [13:10:33.261] Format host information updated
Info 686  [13:10:33.785] Format host information updated
Info 687  [13:10:34.267] Format host information updated
Info 688  [13:10:34.430] Format host information updated
Info 689  [13:10:34.506] Format host information updated
Info 690  [13:10:34.651] Format host information updated
Info 691  [13:10:35.122] Format host information updated
Info 692  [13:10:35.504] Format host information updated
Info 693  [13:10:35.504] Format host information updated
Info 694  [13:10:35.505] Format host information updated
Info 695  [13:10:39.521] Format host information updated
Info 696  [13:10:42.294] Format host information updated
Info 697  [13:10:42.528] Format host information updated
Info 698  [13:10:42.588] Format host information updated
Info 699  [13:10:42.683] Format host information updated
Info 700  [13:10:42.753] Format host information updated
Info 701  [13:10:42.916] Format host information updated
Info 702  [13:10:43.031] Format host information updated
Info 703  [13:10:43.099] Format host information updated
Info 704  [13:10:43.630] Format host information updated
Info 705  [13:10:43.631] Format host information updated
Info 706  [13:10:43.631] Format host information updated
Info 707  [13:10:45.723] Format host information updated
Info 708  [13:10:45.902] Format host information updated
Info 709  [13:10:45.983] Format host information updated
Info 710  [13:10:46.170] Format host information updated
Info 711  [13:10:46.310] Format host information updated
Info 712  [13:10:46.540] Format host information updated
Info 713  [13:10:46.595] Format host information updated
Info 714  [13:10:47.071] Format host information updated
Info 715  [13:10:47.133] Format host information updated
Info 716  [13:10:47.495] Format host information updated
Info 717  [13:10:47.644] Format host information updated
Info 718  [13:10:48.075] Format host information updated
Info 719  [13:10:48.325] Format host information updated
Info 720  [13:10:48.396] Format host information updated
Info 721  [13:10:49.993] Format host information updated
Info 722  [13:10:50.244] Format host information updated
Info 723  [13:10:50.312] Format host information updated
Info 724  [13:10:50.373] Format host information updated
Info 725  [13:10:50.457] Format host information updated
Info 726  [13:10:50.846] Format host information updated
Info 727  [13:10:50.925] Format host information updated
Info 728  [13:10:50.992] Format host information updated
Info 729  [13:10:51.050] Format host information updated
Info 730  [13:10:51.125] Format host information updated
Info 731  [13:10:51.350] Format host information updated
Info 732  [13:10:51.453] Format host information updated
Info 733  [13:10:51.551] Format host information updated
Info 734  [13:10:51.813] Format host information updated
Info 735  [13:10:51.871] Format host information updated
Info 736  [13:10:52.081] Format host information updated
Info 737  [13:10:52.276] Format host information updated
Info 738  [13:10:52.680] Format host information updated
Info 739  [13:10:52.767] Format host information updated
Info 740  [13:10:53.009] Format host information updated
Info 741  [13:10:57.211] Format host information updated
Info 742  [13:11:00.620] Format host information updated
Info 743  [13:11:06.017] Format host information updated
Info 744  [13:11:06.219] Format host information updated
Info 745  [13:11:06.279] Format host information updated
Info 746  [13:11:06.341] Format host information updated
Info 747  [13:11:06.479] Format host information updated
Info 748  [13:11:06.625] Format host information updated
Info 749  [13:11:06.695] Format host information updated
Info 750  [13:11:08.688] Format host information updated
Info 751  [13:11:09.259] Format host information updated
Info 752  [13:11:09.324] Format host information updated
Info 753  [13:11:09.460] Format host information updated
Info 754  [13:11:09.530] Format host information updated
Info 755  [13:11:09.664] Format host information updated
Info 756  [13:11:09.966] Format host information updated
Info 757  [13:11:10.059] Format host information updated
Info 758  [13:11:10.275] Format host information updated
Info 759  [13:11:10.368] Format host information updated
Info 760  [13:11:10.502] Format host information updated
Info 761  [13:11:10.665] Format host information updated
Info 762  [13:11:10.846] Format host information updated
Info 763  [13:11:10.913] Format host information updated
Info 764  [13:11:11.075] Format host information updated
Info 765  [13:11:11.179] Format host information updated
Info 766  [13:11:11.340] Format host information updated
Info 767  [13:11:11.396] Format host information updated
Info 768  [13:11:11.547] Format host information updated
Info 769  [13:11:11.891] Format host information updated
Info 770  [13:11:12.019] Format host information updated
Info 771  [13:11:12.136] Format host information updated
Info 772  [13:11:12.212] Format host information updated
Info 773  [13:11:12.766] Format host information updated
Info 774  [13:11:12.894] Format host information updated
Info 775  [13:11:12.965] Format host information updated
Info 776  [13:11:13.161] Format host information updated
Info 777  [13:11:13.346] Format host information updated
Info 778  [13:11:13.444] Format host information updated
Info 779  [13:11:13.533] Format host information updated
Info 780  [13:11:19.337] Format host information updated
Info 781  [13:11:19.549] Format host information updated
Info 782  [13:11:19.676] Format host information updated
Info 783  [13:11:19.821] Format host information updated
Info 784  [13:11:19.992] Format host information updated
Info 785  [13:11:20.051] Format host information updated
Info 786  [13:11:20.272] Format host information updated
Info 787  [13:11:20.336] Format host information updated
Info 788  [13:11:21.455] Format host information updated
Info 789  [13:11:21.673] Format host information updated
Info 790  [13:11:21.784] Format host information updated
Info 791  [13:11:23.425] Format host information updated
Info 792  [13:11:23.589] Format host information updated
Info 793  [13:11:23.709] Format host information updated
Info 794  [13:11:24.238] Format host information updated
Info 795  [13:11:24.238] Format host information updated
Info 796  [13:11:24.240] Format host information updated
Info 797  [13:11:24.300] Format host information updated
Info 798  [13:11:29.843] Format host information updated
Info 799  [13:11:34.682] Format host information updated
Info 800  [13:11:36.129] Format host information updated
Info 801  [13:11:37.007] Format host information updated
Info 802  [13:11:37.225] Format host information updated
Info 803  [13:11:37.358] Format host information updated
Info 804  [13:11:37.638] Format host information updated
Info 805  [13:11:37.752] Format host information updated
Info 806  [13:11:37.823] Format host information updated
Info 807  [13:11:38.166] Format host information updated
Info 808  [13:11:38.490] Format host information updated
Info 809  [13:11:38.576] Format host information updated
Info 810  [13:11:38.727] Format host information updated
Info 811  [13:11:38.785] Format host information updated
Info 812  [13:11:38.864] Format host information updated
Info 813  [13:11:38.966] Format host information updated
Info 814  [13:11:39.096] Format host information updated
Info 815  [13:11:39.207] Format host information updated
Info 816  [13:11:39.275] Format host information updated
Info 817  [13:11:39.426] Format host information updated
Info 818  [13:11:39.672] Format host information updated
Info 819  [13:11:39.833] Format host information updated
Info 820  [13:11:40.185] Format host information updated
Info 821  [13:11:40.249] Format host information updated
Info 822  [13:11:40.328] Format host information updated
Info 823  [13:11:40.390] Format host information updated
Info 824  [13:11:40.497] Format host information updated
Info 825  [13:11:40.682] Format host information updated
Info 826  [13:11:40.935] Format host information updated
Info 827  [13:11:41.112] Format host information updated
Info 828  [13:11:43.830] Format host information updated
Info 829  [13:11:43.967] Format host information updated
Info 830  [13:11:44.077] Format host information updated
Info 831  [13:11:44.249] Format host information updated
Info 832  [13:11:44.307] Format host information updated
Info 833  [13:16:47.826] Format host information updated
Info 834  [13:16:47.905] Format host information updated
Info 835  [13:16:48.346] Format host information updated
Info 836  [13:16:48.944] Format host information updated
Info 837  [13:16:49.008] Format host information updated
Info 838  [13:16:49.378] Format host information updated
Info 839  [13:16:49.450] Format host information updated
Info 840  [13:16:49.522] Format host information updated
Info 841  [13:16:49.635] Format host information updated
Info 842  [13:16:49.788] Format host information updated
Info 843  [13:16:49.844] Format host information updated
Info 844  [13:16:49.950] Format host information updated
Info 845  [13:16:50.085] Format host information updated
Info 846  [13:16:50.750] Format host information updated
Info 847  [13:16:50.857] Format host information updated
Info 848  [13:16:51.168] Format host information updated
Info 849  [13:16:51.562] Format host information updated
Info 850  [13:16:51.880] Format host information updated
Info 851  [13:16:52.645] Format host information updated
Info 852  [13:16:54.021] Format host information updated
Info 853  [13:16:54.187] Format host information updated
Info 854  [13:16:54.276] Format host information updated
Info 855  [13:16:54.377] Format host information updated
Info 856  [13:16:54.452] Format host information updated
Info 857  [13:16:54.666] Format host information updated
Info 858  [13:16:54.735] Format host information updated
Info 859  [13:16:54.966] Format host information updated
Info 860  [13:16:55.053] Format host information updated
Info 861  [13:16:55.273] Format host information updated
Info 862  [13:16:55.500] Format host information updated
Info 863  [13:16:55.681] Format host information updated
Info 864  [13:16:55.742] Format host information updated
Info 865  [13:16:55.928] Format host information updated
Info 866  [13:16:56.530] Format host information updated
Info 867  [13:16:57.246] Format host information updated
Info 868  [13:16:58.592] Format host information updated
Info 869  [13:16:58.660] Format host information updated
Info 870  [13:16:58.755] Format host information updated
Info 871  [13:16:59.067] Format host information updated
Info 872  [13:16:59.211] Format host information updated
Info 873  [13:16:59.368] Format host information updated
Info 874  [13:16:59.536] Format host information updated
Info 875  [13:16:59.612] Format host information updated
Info 876  [13:16:59.789] Format host information updated
Info 877  [13:17:00.050] Format host information updated
Info 878  [13:17:00.131] Format host information updated
Info 879  [13:17:00.203] Format host information updated
Info 880  [13:17:00.397] Format host information updated
Info 881  [13:17:00.457] Format host information updated
Info 882  [13:17:00.939] Format host information updated
Info 883  [13:17:01.326] Format host information updated
Info 884  [13:17:01.530] Format host information updated
Info 885  [13:17:01.620] Format host information updated
Info 886  [13:17:01.813] Format host information updated
Info 887  [13:17:01.960] Format host information updated
Info 888  [13:17:02.027] Format host information updated
Info 889  [13:17:02.576] Format host information updated
Info 890  [13:17:02.730] Format host information updated
Info 891  [13:17:03.408] Format host information updated
Info 892  [13:17:03.561] Format host information updated
Info 893  [13:17:03.882] Format host information updated
Info 894  [13:17:03.941] Format host information updated
Info 895  [13:17:07.474] Format host information updated
Info 896  [13:17:07.532] Format host information updated
Info 897  [13:17:09.326] Format host information updated
Info 898  [13:17:09.388] Format host information updated
Info 899  [13:17:10.202] Format host information updated
Info 900  [13:17:10.329] Format host information updated
Info 901  [13:17:10.406] Format host information updated
Info 902  [13:17:10.606] Format host information updated
Info 903  [13:17:10.741] Format host information updated
Info 904  [13:17:11.296] Format host information updated
Info 905  [13:17:11.696] Format host information updated
Info 906  [13:17:11.917] Format host information updated
Info 907  [13:17:12.108] Format host information updated
Info 908  [13:17:12.215] Format host information updated
Info 909  [13:17:12.556] Format host information updated
Info 910  [13:17:13.366] Format host information updated
Info 911  [13:17:13.420] Format host information updated
Info 912  [13:17:13.583] Format host information updated
Info 913  [13:17:13.756] Format host information updated
Info 914  [13:17:13.866] Format host information updated
Info 915  [13:17:13.926] Format host information updated
Info 916  [13:17:14.562] Format host information updated
Info 917  [13:17:14.969] Format host information updated
Info 918  [13:17:15.217] Format host information updated
Info 919  [13:17:15.399] Format host information updated
Info 920  [13:17:15.707] Format host information updated
Info 921  [13:17:15.775] Format host information updated
Info 922  [13:17:15.915] Format host information updated
Info 923  [13:17:16.145] Format host information updated
Info 924  [13:17:16.391] Format host information updated
Info 925  [13:17:16.472] Format host information updated
Info 926  [13:17:16.555] Format host information updated
Info 927  [13:17:16.785] Format host information updated
Info 928  [13:17:17.775] Format host information updated
Info 929  [13:17:18.003] Format host information updated
Info 930  [13:17:18.132] Format host information updated
Info 931  [13:17:18.252] Format host information updated
Info 932  [13:17:18.590] Format host information updated
Info 933  [13:17:18.873] Format host information updated
Info 934  [13:17:19.066] Format host information updated
Info 935  [13:17:19.135] Format host information updated
Info 936  [13:17:19.236] Format host information updated
Info 937  [13:17:19.308] Format host information updated
Info 938  [13:17:19.377] Format host information updated
Info 939  [13:17:19.518] Format host information updated
Info 940  [13:17:19.576] Format host information updated
Info 941  [13:17:19.778] Format host information updated
Info 942  [13:17:19.984] Format host information updated
Info 943  [13:17:20.054] Format host information updated
Info 944  [13:17:30.495] Format host information updated
Info 945  [13:17:33.120] Format host information updated
Info 946  [13:17:33.261] Format host information updated
Info 947  [13:17:33.438] Format host information updated
Info 948  [13:17:33.595] Format host information updated
Info 949  [13:17:33.759] Format host information updated
Info 950  [13:17:33.820] Format host information updated
Info 951  [13:17:33.881] Format host information updated
Info 952  [13:17:34.052] Format host information updated
Info 953  [13:17:34.181] Format host information updated
Info 954  [13:17:34.298] Format host information updated
Info 955  [13:17:34.389] Format host information updated
Info 956  [13:17:36.517] Format host information updated
Info 957  [13:17:36.734] Format host information updated
Info 958  [13:17:37.182] Format host information updated
Info 959  [13:17:37.300] Format host information updated
Info 960  [13:17:37.482] Format host information updated
Info 961  [13:17:37.556] Format host information updated
Info 962  [13:17:38.163] Format host information updated
Info 963  [13:17:38.363] Format host information updated
Info 964  [13:17:38.512] Format host information updated
Info 965  [13:17:38.653] Format host information updated
Info 966  [13:17:39.020] Format host information updated
Info 967  [13:17:39.440] Format host information updated
Info 968  [13:17:39.575] Format host information updated
Info 969  [13:17:40.839] Format host information updated
Info 970  [13:17:40.839] Format host information updated
Info 971  [13:17:40.840] Format host information updated
Info 972  [13:17:40.900] Format host information updated
Info 973  [13:17:45.956] Format host information updated
Info 974  [13:17:47.343] Format host information updated
Info 975  [13:17:47.612] Format host information updated
Info 976  [13:17:47.734] Format host information updated
Info 977  [13:17:47.859] Format host information updated
Info 978  [13:17:48.158] Format host information updated
Info 979  [13:17:48.278] Format host information updated
Info 980  [13:17:48.360] Format host information updated
Info 981  [13:17:48.426] Format host information updated
Info 982  [13:17:48.492] Format host information updated
Info 983  [13:17:48.551] Format host information updated
Info 984  [13:17:48.619] Format host information updated
Info 985  [13:17:50.515] Format host information updated
Info 986  [13:17:50.692] Format host information updated
Info 987  [13:17:50.781] Format host information updated
Info 988  [13:17:51.005] Format host information updated
Info 989  [13:17:51.582] Format host information updated
Info 990  [13:17:51.770] Format host information updated
Info 991  [13:17:51.958] Format host information updated
Info 992  [13:17:52.073] Format host information updated
Info 993  [13:17:52.639] Format host information updated
Info 994  [13:17:52.708] Format host information updated
Info 995  [13:17:53.229] Format host information updated
Info 996  [13:17:53.229] Format host information updated
Info 997  [13:17:53.231] Format host information updated
Info 998  [13:17:53.290] Format host information updated
Info 999  [13:17:55.799] Format host information updated
Info 1000 [13:18:02.278] Format host information updated
Info 1001 [13:18:02.398] Format host information updated
Info 1002 [13:18:02.520] Format host information updated
Info 1003 [13:18:02.708] Format host information updated
Info 1004 [13:18:03.144] Format host information updated
Info 1005 [13:18:03.324] Format host information updated
Info 1006 [13:18:03.540] Format host information updated
Info 1007 [13:18:03.708] Format host information updated
Info 1008 [13:18:03.773] Format host information updated
Info 1009 [13:18:03.832] Format host information updated
Info 1010 [13:18:03.900] Format host information updated
Info 1011 [13:18:03.968] Format host information updated
Info 1012 [13:18:04.074] Format host information updated
Info 1013 [13:18:04.347] Format host information updated
Info 1014 [13:18:04.477] Format host information updated
Info 1015 [13:18:04.636] Format host information updated
Info 1016 [13:18:04.706] Format host information updated
Info 1017 [13:18:05.006] Format host information updated
Info 1018 [13:18:05.123] Format host information updated
Info 1019 [13:18:05.281] Format host information updated
Info 1020 [13:18:05.388] Format host information updated
Info 1021 [13:18:05.487] Format host information updated
Info 1022 [13:18:05.582] Format host information updated
Info 1023 [13:18:05.753] Format host information updated
Info 1024 [13:18:07.317] Format host information updated
Info 1025 [13:18:07.407] Format host information updated
Info 1026 [13:18:07.494] Format host information updated
Info 1027 [13:18:07.768] Format host information updated
Info 1028 [13:18:08.845] Format host information updated
Info 1029 [13:18:08.954] Format host information updated
Info 1030 [13:18:09.215] Format host information updated
Info 1031 [13:18:09.402] Format host information updated
Info 1032 [13:18:09.753] Format host information updated
Info 1033 [13:18:09.844] Format host information updated
Info 1034 [13:18:09.958] Format host information updated
Info 1035 [13:18:10.731] Format host information updated
Info 1036 [13:18:10.731] Format host information updated
Info 1037 [13:18:10.732] Format host information updated
Info 1038 [13:18:12.329] Format host information updated
Info 1039 [13:18:12.387] Format host information updated
Info 1040 [13:18:20.108] Format host information updated
Info 1041 [13:18:22.705] Format host information updated
Info 1042 [13:18:24.928] Format host information updated
Info 1043 [13:18:25.037] Format host information updated
Info 1044 [13:18:25.186] Format host information updated
Info 1045 [13:18:25.418] Format host information updated
Info 1046 [13:18:25.533] Format host information updated
Info 1047 [13:18:26.170] Format host information updated
Info 1048 [13:18:26.351] Format host information updated
Info 1049 [13:18:26.467] Format host information updated
Info 1050 [13:18:26.581] Format host information updated
Info 1051 [13:18:26.837] Format host information updated
Info 1052 [13:18:26.932] Format host information updated
Info 1053 [13:18:27.112] Format host information updated
Info 1054 [13:18:27.284] Format host information updated
Info 1055 [13:18:27.372] Format host information updated
Info 1056 [13:18:27.584] Format host information updated
Info 1057 [13:18:27.642] Format host information updated
Info 1058 [13:18:28.269] Format host information updated
Info 1059 [13:18:28.270] Format host information updated
Info 1060 [13:18:28.271] Format host information updated
Info 1061 [13:18:28.331] Format host information updated
Info 1062 [13:18:54.915] Format host information updated
Info 1063 [13:18:55.132] Format host information updated
Info 1064 [13:18:55.255] Format host information updated
Info 1065 [13:18:55.527] Format host information updated
Info 1066 [13:18:55.824] Format host information updated
Info 1067 [13:18:55.963] Format host information updated
Info 1068 [13:18:56.032] Format host information updated
Info 1069 [13:18:56.532] Format host information updated
Info 1070 [13:18:56.722] Format host information updated
Info 1071 [13:18:56.889] Format host information updated
Info 1072 [13:18:56.943] Format host information updated
Info 1073 [13:18:57.242] Format host information updated
Info 1074 [13:18:57.389] Format host information updated
Info 1075 [13:18:57.475] Format host information updated
Info 1076 [13:18:57.776] Format host information updated
Info 1077 [13:18:57.835] Format host information updated
Info 1078 [13:19:03.098] Format host information updated
Info 1079 [13:19:04.551] Format host information updated
Info 1080 [13:19:05.787] Format host information updated
Info 1081 [13:19:06.251] Format host information updated
Info 1082 [13:19:06.353] Format host information updated
Info 1083 [13:19:06.453] Format host information updated
Info 1084 [13:19:06.546] Format host information updated
Info 1085 [13:19:06.772] Format host information updated
Info 1086 [13:19:06.832] Format host information updated
Info 1087 [13:19:06.954] Format host information updated
Info 1088 [13:19:07.081] Format host information updated
Info 1089 [13:19:07.219] Format host information updated
Info 1090 [13:19:07.299] Format host information updated
Info 1091 [13:19:07.358] Format host information updated
Info 1092 [13:19:08.465] Format host information updated
Info 1093 [13:19:09.844] Format host information updated
Info 1094 [13:19:13.844] Format host information updated
Info 1095 [13:19:13.985] Format host information updated
Info 1096 [13:19:14.491] Format host information updated
Info 1097 [13:19:14.666] Format host information updated
Info 1098 [13:19:14.731] Format host information updated
Info 1099 [13:19:15.391] Format host information updated
Info 1100 [13:19:15.514] Format host information updated
Info 1101 [13:19:15.734] Format host information updated
Info 1102 [13:19:15.851] Format host information updated
Info 1103 [13:19:16.064] Format host information updated
Info 1104 [13:19:16.184] Format host information updated
Info 1105 [13:19:16.314] Format host information updated
Info 1106 [13:19:16.509] Format host information updated
Info 1107 [13:19:16.671] Format host information updated
Info 1108 [13:19:16.782] Format host information updated
Info 1109 [13:19:16.841] Format host information updated
Info 1110 [13:19:21.515] Format host information updated
Info 1111 [13:19:21.611] Format host information updated
Info 1112 [13:19:21.751] Format host information updated
Info 1113 [13:19:21.975] Format host information updated
Info 1114 [13:19:22.163] Format host information updated
Info 1115 [13:19:22.259] Format host information updated
Info 1116 [13:19:22.469] Format host information updated
Info 1117 [13:19:22.533] Format host information updated
Info 1118 [13:19:26.437] Format host information updated
Info 1119 [13:22:36.712] Format host information updated
Info 1120 [13:22:44.356] Starting updateGraphWorker: Project: /dev/null/inferredProject1*
Info 1121 [13:22:44.358] Finishing updateGraphWorker: Project: /dev/null/inferredProject1* Version: 10 structureChanged: true structureIsReused:: Not Elapsed: 2.2476680004037917ms
Info 1122 [13:22:44.359] Project '/dev/null/inferredProject1*' (Inferred)
Info 1123 [13:22:44.359] 	Files (10)

Info 1124 [13:22:44.359] -----------------------------------------------
Info 1125 [13:22:44.359] Project '/dev/null/inferredProject1*' (Inferred)
Info 1125 [13:22:44.359] 	Files (10)

Info 1125 [13:22:44.359] -----------------------------------------------
Info 1125 [13:22:44.359] Open files: 
Info 1125 [13:22:44.359] 	FileName: /home/orion/src/purescript-puppeteer/src/Puppeteer.Page.Event.js ProjectRootPath: /home/orion/src/purescript-puppeteer
Info 1125 [13:22:44.359] 		Projects: /dev/null/inferredProject1*
Info 1125 [13:22:44.359] 	FileName: /home/orion/src/purescript-puppeteer/src/Puppeteer.Http.js ProjectRootPath: /home/orion/src/purescript-puppeteer
Info 1125 [13:22:44.359] 		Projects: /dev/null/inferredProject1*
Info 1125 [13:22:44.359] 	FileName: /home/orion/src/purescript-puppeteer/src/Puppeteer.Page.Http.Request.js ProjectRootPath: /home/orion/src/purescript-puppeteer
Info 1125 [13:22:44.359] 		Projects: /dev/null/inferredProject1*
Info 1125 [13:22:44.646] Format host information updated
Info 1126 [13:22:44.875] Format host information updated
Info 1127 [13:22:45.494] Format host information updated
Info 1128 [13:39:34.850] Starting updateGraphWorker: Project: /dev/null/inferredProject1*
Info 1129 [13:39:34.857] Finishing updateGraphWorker: Project: /dev/null/inferredProject1* Version: 11 structureChanged: true structureIsReused:: Not Elapsed: 7.292814000509679ms
Info 1130 [13:39:34.857] Project '/dev/null/inferredProject1*' (Inferred)
Info 1131 [13:39:34.857] 	Files (11)

Info 1132 [13:39:34.857] -----------------------------------------------
Info 1133 [13:39:34.857] Project '/dev/null/inferredProject1*' (Inferred)
Info 1133 [13:39:34.857] 	Files (11)

Info 1133 [13:39:34.857] -----------------------------------------------
Info 1133 [13:39:34.857] Open files: 
Info 1133 [13:39:34.857] 	FileName: /home/orion/src/purescript-puppeteer/src/Puppeteer.Page.Event.js ProjectRootPath: /home/orion/src/purescript-puppeteer
Info 1133 [13:39:34.857] 		Projects: /dev/null/inferredProject1*
Info 1133 [13:39:34.857] 	FileName: /home/orion/src/purescript-puppeteer/src/Puppeteer.Http.js ProjectRootPath: /home/orion/src/purescript-puppeteer
Info 1133 [13:39:34.857] 		Projects: /dev/null/inferredProject1*
Info 1133 [13:39:34.857] 	FileName: /home/orion/src/purescript-puppeteer/src/Puppeteer.Page.Http.Request.js ProjectRootPath: /home/orion/src/purescript-puppeteer
Info 1133 [13:39:34.857] 		Projects: /dev/null/inferredProject1*
Info 1133 [13:39:34.857] 	FileName: /home/orion/src/purescript-puppeteer/src/Puppeteer.Page.Http.Response.js ProjectRootPath: /home/orion/src/purescript-puppeteer
Info 1133 [13:39:34.857] 		Projects: /dev/null/inferredProject1*
Info 1133 [13:39:35.062] Format host information updated
Info 1134 [13:39:35.373] Format host information updated
Info 1135 [13:39:36.206] Format host information updated
Info 1136 [13:39:37.201] Format host information updated
Info 1137 [13:39:37.550] Format host information updated
Info 1138 [13:39:40.483] Format host information updated
Info 1139 [13:39:40.758] Format host information updated
Info 1140 [13:39:40.875] Format host information updated
Info 1141 [13:39:41.147] Format host information updated
Info 1142 [13:39:42.386] Format host information updated
Info 1143 [13:39:44.431] Format host information updated
Info 1144 [13:39:45.332] Format host information updated
Info 1145 [13:39:45.949] Format host information updated
Info 1146 [13:39:47.170] Format host information updated
Info 1147 [13:39:47.405] Format host information updated
Info 1148 [13:39:47.592] Format host information updated
Info 1149 [13:39:47.757] Format host information updated
Info 1150 [13:39:47.950] Format host information updated
Info 1151 [13:39:48.268] Format host information updated
Info 1152 [13:39:48.329] Format host information updated
Info 1153 [13:39:48.457] Format host information updated
Info 1154 [13:39:48.880] Format host information updated
Info 1155 [13:39:49.137] Format host information updated
Info 1156 [13:39:49.677] Format host information updated
Info 1157 [13:39:49.944] Format host information updated
Info 1158 [13:39:50.482] Format host information updated
Info 1159 [13:39:51.010] Format host information updated
Info 1160 [13:39:51.929] Format host information updated
Info 1161 [13:39:52.819] Format host information updated
Info 1162 [13:39:53.023] Format host information updated
Info 1163 [13:39:53.223] Format host information updated
Info 1164 [13:39:53.371] Format host information updated
Info 1165 [13:39:53.465] Format host information updated
Info 1166 [13:39:53.566] Format host information updated
Info 1167 [13:39:53.625] Format host information updated
Info 1168 [13:39:53.842] Format host information updated
Info 1169 [13:39:53.937] Format host information updated
Info 1170 [13:39:54.092] Format host information updated
Info 1171 [13:39:54.161] Format host information updated
Info 1172 [13:40:06.126] Format host information updated
Info 1173 [13:40:06.769] Format host information updated
Info 1174 [13:40:10.828] Format host information updated
Info 1175 [13:40:11.132] Format host information updated
Info 1176 [13:40:18.011] Format host information updated
Info 1177 [13:40:20.349] Format host information updated
Info 1178 [13:40:20.447] Format host information updated
Info 1179 [13:40:20.547] Format host information updated
Info 1180 [13:40:20.688] Format host information updated
Info 1181 [13:40:20.769] Format host information updated
Info 1182 [13:40:20.836] Format host information updated
Info 1183 [13:40:20.993] Format host information updated
Info 1184 [13:40:21.113] Format host information updated
Info 1185 [13:40:21.195] Format host information updated
Info 1186 [13:40:21.375] Format host information updated
Info 1187 [13:40:21.436] Format host information updated
Info 1188 [13:40:31.391] Format host information updated
Info 1189 [13:40:31.620] Format host information updated
Info 1190 [13:40:31.842] Format host information updated
Info 1191 [13:40:32.024] Format host information updated
Info 1192 [13:40:32.103] Format host information updated
Info 1193 [13:40:32.225] Format host information updated
Info 1194 [13:40:32.428] Format host information updated
Info 1195 [13:40:32.500] Format host information updated
Info 1196 [13:40:40.134] Format host information updated
Info 1197 [13:40:40.193] Format host information updated
Info 1198 [13:40:40.773] Format host information updated
Info 1199 [13:40:44.775] Format host information updated
Info 1200 [13:40:45.305] Format host information updated
Info 1201 [13:40:45.605] Format host information updated
Info 1202 [13:40:45.777] Format host information updated
Info 1203 [13:40:45.835] Format host information updated
Info 1204 [13:40:46.040] Format host information updated
Info 1205 [13:40:46.118] Format host information updated
Info 1206 [13:40:46.285] Format host information updated
Info 1207 [13:40:46.514] Format host information updated
Info 1208 [13:40:46.623] Format host information updated
Info 1209 [13:40:47.171] Format host information updated
Info 1210 [13:40:49.486] Format host information updated
Info 1211 [13:40:49.597] Format host information updated
Info 1212 [13:40:49.739] Format host information updated
Info 1213 [13:40:49.830] Format host information updated
Info 1214 [13:40:51.328] Format host information updated
Info 1215 [13:40:51.670] Format host information updated
Info 1216 [13:40:51.847] Format host information updated
Info 1217 [13:40:51.961] Format host information updated
Info 1218 [13:40:52.028] Format host information updated
Info 1219 [13:40:52.230] Format host information updated
Info 1220 [13:40:52.300] Format host information updated
Info 1221 [13:40:52.432] Format host information updated
Info 1222 [13:40:52.532] Format host information updated
Info 1223 [13:40:52.729] Format host information updated
Info 1224 [13:40:52.814] Format host information updated
Info 1225 [13:40:53.699] Format host information updated
Info 1226 [13:40:53.825] Format host information updated
Info 1227 [13:40:53.972] Format host information updated
Info 1228 [13:40:54.032] Format host information updated
Info 1229 [13:40:54.232] Format host information updated
Info 1230 [13:40:54.320] Format host information updated
Info 1231 [13:40:54.472] Format host information updated
Info 1232 [13:40:54.534] Format host information updated
Info 1233 [13:40:54.639] Format host information updated
Info 1234 [13:40:54.737] Format host information updated
Info 1235 [13:40:54.824] Format host information updated
Info 1236 [13:41:01.636] Format host information updated
Info 1237 [13:41:02.920] Format host information updated
Info 1238 [13:41:03.479] Format host information updated
Info 1239 [13:41:05.012] Format host information updated
Info 1240 [13:41:06.142] Format host information updated
Info 1241 [13:41:10.792] Format host information updated
Info 1242 [13:41:10.915] Format host information updated
Info 1243 [13:41:10.998] Format host information updated
Info 1244 [13:41:11.250] Format host information updated
Info 1245 [13:41:11.336] Format host information updated
Info 1246 [13:41:12.573] Format host information updated
Info 1247 [13:41:12.774] Format host information updated
Info 1248 [13:41:12.873] Format host information updated
Info 1249 [13:41:13.100] Format host information updated
Info 1250 [13:41:13.168] Format host information updated
Info 1251 [13:41:13.260] Format host information updated
Info 1252 [13:41:13.316] Format host information updated
Info 1253 [13:41:13.465] Format host information updated
Info 1254 [13:41:13.542] Format host information updated
Info 1255 [13:41:13.634] Format host information updated
Info 1256 [13:41:13.777] Format host information updated
Info 1257 [13:41:14.104] Format host information updated
Info 1258 [13:41:14.167] Format host information updated
Info 1259 [13:41:14.227] Format host information updated
Info 1260 [13:41:17.462] Format host information updated
Info 1261 [13:41:18.853] Format host information updated
Info 1262 [13:41:18.983] Format host information updated
Info 1263 [13:41:19.050] Format host information updated
Info 1264 [13:41:19.117] Format host information updated
Info 1265 [13:41:19.221] Format host information updated
Info 1266 [13:41:19.365] Format host information updated
Info 1267 [13:41:19.584] Format host information updated
Info 1268 [13:41:19.729] Format host information updated
Info 1269 [13:41:20.726] Format host information updated
Info 1270 [13:41:21.105] Format host information updated
Info 1271 [13:41:21.176] Format host information updated
Info 1272 [13:41:21.534] Format host information updated
Info 1273 [13:41:21.617] Format host information updated
Info 1274 [13:41:21.801] Format host information updated
Info 1275 [13:41:21.908] Format host information updated
Info 1276 [13:41:22.002] Format host information updated
Info 1277 [13:41:22.167] Format host information updated
Info 1278 [13:41:22.225] Format host information updated
Info 1279 [13:41:22.303] Format host information updated
Info 1280 [13:41:22.371] Format host information updated
Info 1281 [13:41:22.914] Format host information updated
Info 1282 [13:41:23.219] Format host information updated
Info 1283 [13:41:23.467] Format host information updated
Info 1284 [13:41:23.541] Format host information updated
Info 1285 [13:41:23.921] Format host information updated
Info 1286 [13:41:24.047] Format host information updated
Info 1287 [13:41:24.147] Format host information updated
Info 1288 [13:41:24.303] Format host information updated
Info 1289 [13:41:24.542] Format host information updated
Info 1290 [13:41:24.711] Format host information updated
Info 1291 [13:41:25.067] Format host information updated
Info 1292 [13:41:25.173] Format host information updated
Info 1293 [13:41:25.233] Format host information updated
Info 1294 [13:41:25.325] Format host information updated
Info 1295 [13:41:25.485] Format host information updated
Info 1296 [13:41:25.654] Format host information updated
Info 1297 [13:41:25.740] Format host information updated
Info 1298 [13:41:25.805] Format host information updated
Info 1299 [13:41:25.940] Format host information updated
Info 1300 [13:41:28.097] Format host information updated
Info 1301 [13:41:28.181] Format host information updated
Info 1302 [13:41:28.296] Format host information updated
Info 1303 [13:41:28.444] Format host information updated
Info 1304 [13:41:28.627] Format host information updated
Info 1305 [13:41:29.264] Format host information updated
Info 1306 [13:41:29.409] Format host information updated
Info 1307 [13:41:29.602] Format host information updated
Info 1308 [13:41:29.740] Format host information updated
Info 1309 [13:41:30.028] Format host information updated
Info 1310 [13:41:30.178] Format host information updated
Info 1311 [13:41:30.263] Format host information updated
Info 1312 [13:41:30.766] Format host information updated
Info 1313 [13:41:30.766] Format host information updated
Info 1314 [13:41:30.768] Format host information updated
Info 1315 [13:41:30.828] Format host information updated
Info 1316 [13:41:36.646] Format host information updated
Info 1317 [13:41:42.233] Format host information updated
Info 1318 [13:41:44.495] Format host information updated
Info 1319 [13:41:44.654] Format host information updated
Info 1320 [13:41:44.769] Format host information updated
Info 1321 [13:41:44.890] Format host information updated
Info 1322 [13:41:44.958] Format host information updated
Info 1323 [13:41:48.399] Format host information updated
Info 1324 [13:41:48.600] Format host information updated
Info 1325 [13:41:48.719] Format host information updated
Info 1326 [13:41:48.862] Format host information updated
Info 1327 [13:41:55.022] Format host information updated
Info 1328 [13:41:56.143] Format host information updated
Info 1329 [13:41:56.355] Format host information updated
Info 1330 [13:41:56.484] Format host information updated
Info 1331 [13:41:56.659] Format host information updated
Info 1332 [13:41:56.819] Format host information updated
Info 1333 [13:41:56.947] Format host information updated
Info 1334 [13:41:58.074] Format host information updated
Info 1335 [13:42:00.410] Format host information updated
Info 1336 [13:42:01.211] Format host information updated
Info 1337 [13:42:01.322] Format host information updated
Info 1338 [13:42:01.591] Format host information updated
Info 1339 [13:42:01.682] Format host information updated
Info 1340 [13:42:01.806] Format host information updated
Info 1341 [13:42:01.884] Format host information updated
Info 1342 [13:42:01.941] Format host information updated
Info 1343 [13:42:05.563] Format host information updated
Info 1344 [13:42:05.777] Format host information updated
Info 1345 [13:42:05.952] Format host information updated
Info 1346 [13:42:06.063] Format host information updated
Info 1347 [13:42:06.260] Format host information updated
Info 1348 [13:42:06.376] Format host information updated
Info 1349 [13:42:06.518] Format host information updated
Info 1350 [13:42:06.592] Format host information updated
Info 1351 [13:42:07.015] Format host information updated
Info 1352 [13:42:07.094] Format host information updated
Info 1353 [13:42:07.282] Format host information updated
Info 1354 [13:42:07.358] Format host information updated
Info 1355 [13:42:07.493] Format host information updated
Info 1356 [13:42:07.559] Format host information updated
Info 1357 [13:42:12.446] Format host information updated
Info 1358 [13:42:15.099] Format host information updated
Info 1359 [13:42:15.305] Format host information updated
Info 1360 [13:42:15.409] Format host information updated
Info 1361 [13:42:15.541] Format host information updated
Info 1362 [13:42:15.686] Format host information updated
Info 1363 [13:42:15.809] Format host information updated
Info 1364 [13:42:16.083] Format host information updated
Info 1365 [13:42:16.229] Format host information updated
Info 1366 [13:42:16.289] Format host information updated
Info 1367 [13:42:16.348] Format host information updated
Info 1368 [13:42:16.575] Format host information updated
Info 1369 [13:42:16.700] Format host information updated
Info 1370 [13:42:16.996] Format host information updated
Info 1371 [13:42:17.089] Format host information updated
Info 1372 [13:42:17.228] Format host information updated
Info 1373 [13:42:17.605] Format host information updated
Info 1374 [13:42:17.665] Format host information updated
Info 1375 [13:42:20.660] Format host information updated
Info 1376 [13:42:20.857] Format host information updated
Info 1377 [13:42:20.989] Format host information updated
Info 1378 [13:42:21.054] Format host information updated
Info 1379 [13:42:21.206] Format host information updated
Info 1380 [13:42:22.171] Format host information updated
Info 1381 [13:42:23.089] Format host information updated
Info 1382 [13:42:24.617] Format host information updated
Info 1383 [13:42:24.709] Format host information updated
Info 1384 [13:42:24.840] Format host information updated
Info 1385 [13:42:24.992] Format host information updated
Info 1386 [13:42:25.137] Format host information updated
Info 1387 [13:42:29.662] Format host information updated
Info 1388 [13:42:32.735] Format host information updated
Info 1389 [13:42:32.900] Format host information updated
Info 1390 [13:42:33.116] Format host information updated
Info 1391 [13:42:33.226] Format host information updated
Info 1392 [13:42:33.365] Format host information updated
Info 1393 [13:42:33.444] Format host information updated
Info 1394 [13:42:33.617] Format host information updated
Info 1395 [13:42:33.685] Format host information updated
Info 1396 [13:42:33.760] Format host information updated
Info 1397 [13:42:34.404] Format host information updated
Info 1398 [13:42:34.601] Format host information updated
Info 1399 [13:42:34.719] Format host information updated
Info 1400 [13:42:34.804] Format host information updated
Info 1401 [13:42:35.125] Format host information updated
Info 1402 [13:42:35.189] Format host information updated
Info 1403 [13:42:35.276] Format host information updated
Info 1404 [13:42:35.336] Format host information updated
Info 1405 [13:42:35.843] Format host information updated
Info 1406 [13:42:35.843] Format host information updated
Info 1407 [13:42:35.846] Format host information updated
Info 1408 [13:42:36.094] Format host information updated
Info 1409 [13:42:36.344] Format host information updated
Info 1410 [13:42:36.441] Format host information updated
Info 1411 [13:42:37.956] Format host information updated
Info 1412 [13:42:42.476] Format host information updated
Info 1413 [13:42:42.768] Format host information updated
Info 1414 [13:42:42.885] Format host information updated
Info 1415 [13:42:42.989] Format host information updated
Info 1416 [13:42:43.079] Format host information updated
Info 1417 [13:42:43.175] Format host information updated
Info 1418 [13:42:43.254] Format host information updated
Info 1419 [13:42:43.380] Format host information updated
Info 1420 [13:42:54.549] Format host information updated
Info 1421 [13:42:54.695] Format host information updated
Info 1422 [13:42:54.823] Format host information updated
Info 1423 [13:42:54.949] Format host information updated
Info 1424 [13:42:55.151] Format host information updated
Info 1425 [13:42:55.361] Format host information updated
Info 1426 [13:42:55.450] Format host information updated
Info 1427 [13:42:55.528] Format host information updated
Info 1428 [13:42:55.632] Format host information updated
Info 1429 [13:42:55.743] Format host information updated
Info 1430 [13:42:55.988] Format host information updated
Info 1431 [13:42:56.135] Format host information updated
Info 1432 [13:42:56.310] Format host information updated
Info 1433 [13:42:56.425] Format host information updated
Info 1434 [13:42:56.559] Format host information updated
Info 1435 [13:42:56.676] Format host information updated
Info 1436 [13:42:56.736] Format host information updated
Info 1437 [13:42:56.836] Format host information updated
Info 1438 [13:42:57.035] Format host information updated
Info 1439 [13:42:57.182] Format host information updated
Info 1440 [13:42:57.237] Format host information updated
Info 1441 [13:42:57.366] Format host information updated
Info 1442 [13:42:57.424] Format host information updated
Info 1443 [13:42:57.507] Format host information updated
Info 1444 [13:42:57.617] Format host information updated
Info 1445 [13:42:57.740] Format host information updated
Info 1446 [13:43:03.357] Format host information updated
Info 1447 [13:43:04.930] Format host information updated
Info 1448 [13:43:05.350] Format host information updated
Info 1449 [13:43:05.697] Format host information updated
Info 1450 [13:43:05.906] Format host information updated
Info 1451 [13:43:06.012] Format host information updated
Info 1452 [13:43:06.141] Format host information updated
Info 1453 [13:43:06.284] Format host information updated
Info 1454 [13:43:06.847] Format host information updated
Info 1455 [13:43:07.002] Format host information updated
Info 1456 [13:43:07.198] Format host information updated
Info 1457 [13:43:07.330] Format host information updated
Info 1458 [13:43:11.427] Format host information updated
Info 1459 [13:43:15.153] Format host information updated
Info 1460 [13:43:15.232] Format host information updated
Info 1461 [13:43:15.296] Format host information updated
Info 1462 [13:43:15.423] Format host information updated
Info 1463 [13:43:15.531] Format host information updated
Info 1464 [13:43:15.699] Format host information updated
Info 1465 [13:43:15.756] Format host information updated
Info 1466 [13:43:24.582] Format host information updated
Info 1467 [13:43:24.827] Format host information updated
Info 1468 [13:43:25.142] Format host information updated
Info 1469 [13:43:25.251] Format host information updated
Info 1470 [13:43:25.318] Format host information updated
Info 1471 [13:43:25.446] Format host information updated
Info 1472 [13:43:25.543] Format host information updated
Info 1473 [13:43:25.647] Format host information updated
Info 1474 [13:43:26.422] Format host information updated
Info 1475 [13:43:27.736] Format host information updated
Info 1476 [13:43:27.933] Format host information updated
Info 1477 [13:43:28.029] Format host information updated
Info 1478 [13:43:28.183] Format host information updated
Info 1479 [13:43:28.365] Format host information updated
Info 1480 [13:43:28.459] Format host information updated
Info 1481 [13:43:28.640] Format host information updated
Info 1482 [13:43:28.800] Format host information updated
Info 1483 [13:43:28.863] Format host information updated
Info 1484 [13:43:28.961] Format host information updated
Info 1485 [13:43:29.100] Format host information updated
Info 1486 [13:43:29.305] Format host information updated
Info 1487 [13:43:29.453] Format host information updated
Info 1488 [13:43:29.601] Format host information updated
Info 1489 [13:43:29.689] Format host information updated
Info 1490 [13:43:29.816] Format host information updated
Info 1491 [13:43:29.994] Format host information updated
Info 1492 [13:43:30.052] Format host information updated
Info 1493 [13:43:30.120] Format host information updated
Info 1494 [13:43:30.249] Format host information updated
Info 1495 [13:43:30.360] Format host information updated
Info 1496 [13:43:30.504] Format host information updated
Info 1497 [13:43:41.399] Format host information updated
Info 1498 [13:43:43.476] Format host information updated
Info 1499 [13:43:45.422] Format host information updated
Info 1500 [13:43:45.514] Format host information updated
Info 1501 [13:43:45.719] Format host information updated
Info 1502 [13:43:45.872] Format host information updated
Info 1503 [13:43:45.961] Format host information updated
Info 1504 [13:43:46.029] Format host information updated
Info 1505 [13:43:46.129] Format host information updated
Info 1506 [13:43:46.453] Format host information updated
Info 1507 [13:43:46.588] Format host information updated
Info 1508 [13:43:46.672] Format host information updated
Info 1509 [13:43:46.795] Format host information updated
Info 1510 [13:43:46.970] Format host information updated
Info 1511 [13:43:47.128] Format host information updated
Info 1512 [13:43:47.855] Format host information updated
Info 1513 [13:43:47.976] Format host information updated
Info 1514 [13:43:48.103] Format host information updated
Info 1515 [13:43:48.200] Format host information updated
Info 1516 [13:43:48.425] Format host information updated
Info 1517 [13:43:48.560] Format host information updated
Info 1518 [13:43:48.647] Format host information updated
Info 1519 [13:43:48.708] Format host information updated
Info 1520 [13:43:49.371] Format host information updated
Info 1521 [13:43:49.371] Format host information updated
Info 1522 [13:43:49.372] Format host information updated
Info 1523 [13:43:54.553] Format host information updated
Info 1524 [13:43:56.549] Format host information updated
Info 1525 [13:43:56.689] Format host information updated
Info 1526 [13:43:56.844] Format host information updated
Info 1527 [13:43:56.933] Format host information updated
Info 1528 [13:43:57.051] Format host information updated
Info 1529 [13:43:57.107] Format host information updated
Info 1530 [13:43:57.212] Format host information updated
Info 1531 [13:43:58.707] Format host information updated
Info 1532 [13:43:58.842] Format host information updated
Info 1533 [13:43:58.923] Format host information updated
Info 1534 [13:43:59.155] Format host information updated
Info 1535 [13:43:59.234] Format host information updated
Info 1536 [13:43:59.839] Format host information updated
Info 1537 [13:43:59.998] Format host information updated
Info 1538 [13:44:00.261] Format host information updated
Info 1539 [13:44:00.430] Format host information updated
Info 1540 [13:44:00.814] Format host information updated
Info 1541 [13:44:00.885] Format host information updated
Info 1542 [13:44:00.949] Format host information updated
Info 1543 [13:44:01.063] Format host information updated
Info 1544 [13:44:01.134] Format host information updated
Info 1545 [13:44:01.991] Format host information updated
Info 1546 [13:44:01.991] Format host information updated
Info 1547 [13:44:01.991] Format host information updated
Info 1548 [13:44:01.992] Format host information updated
Info 1549 [13:56:10.948] Starting updateGraphWorker: Project: /dev/null/inferredProject1*
Info 1550 [13:56:10.954] Finishing updateGraphWorker: Project: /dev/null/inferredProject1* Version: 12 structureChanged: true structureIsReused:: Not Elapsed: 5.85875799972564ms
Info 1551 [13:56:10.954] Project '/dev/null/inferredProject1*' (Inferred)
Info 1552 [13:56:10.954] 	Files (12)

Info 1553 [13:56:10.954] -----------------------------------------------
Info 1554 [13:56:10.954] Project '/dev/null/inferredProject1*' (Inferred)
Info 1554 [13:56:10.954] 	Files (12)

Info 1554 [13:56:10.954] -----------------------------------------------
Info 1554 [13:56:10.954] Open files: 
Info 1554 [13:56:10.954] 	FileName: /home/orion/src/purescript-puppeteer/src/Puppeteer.Page.Event.js ProjectRootPath: /home/orion/src/purescript-puppeteer
Info 1554 [13:56:10.954] 		Projects: /dev/null/inferredProject1*
Info 1554 [13:56:10.954] 	FileName: /home/orion/src/purescript-puppeteer/src/Puppeteer.Http.js ProjectRootPath: /home/orion/src/purescript-puppeteer
Info 1554 [13:56:10.954] 		Projects: /dev/null/inferredProject1*
Info 1554 [13:56:10.954] 	FileName: /home/orion/src/purescript-puppeteer/src/Puppeteer.Page.Http.Request.js ProjectRootPath: /home/orion/src/purescript-puppeteer
Info 1554 [13:56:10.954] 		Projects: /dev/null/inferredProject1*
Info 1554 [13:56:10.954] 	FileName: /home/orion/src/purescript-puppeteer/src/Puppeteer.Page.Http.Response.js ProjectRootPath: /home/orion/src/purescript-puppeteer
Info 1554 [13:56:10.954] 		Projects: /dev/null/inferredProject1*
Info 1554 [13:56:10.954] 	FileName: /home/orion/src/purescript-puppeteer/src/Puppeteer.Page.Navigate.js ProjectRootPath: /home/orion/src/purescript-puppeteer
Info 1554 [13:56:10.954] 		Projects: /dev/null/inferredProject1*
Info 1554 [13:56:11.489] Format host information updated
