Info 0    [11:56:50.469] Starting TS Server
Info 1    [11:56:50.469] Version: 5.2.2
Info 2    [11:56:50.469] Arguments: /home/orion/.asdf/installs/node/20.2.0/bin/node /home/orion/.asdf/installs/node/20.2.0/lib/node_modules/typescript/lib/tsserver.js --serverMode partialSemantic --useInferredProjectPerProjectRoot --disableAutomaticTypingAcquisition --cancellationPipeName /tmp/fc3846cdf41daacffa05b0c7fcec57ac/tscancellation* --logVerbosity normal --logFile /home/orion/src/purescript-puppeteer/.log/tsserver-log-TDB9NR/tsserver.log --locale en --validateDefaultNpmLocation --useNodeIpc
Info 3    [11:56:50.469] Platform: linux NodeVersion: v20.2.0 CaseSensitive: true
Info 4    [11:56:50.469] ServerMode: 1 hasUnknownServerMode: undefined
Info 5    [11:56:50.474] Format host information updated
Info 6    [11:56:50.478] Starting updateGraphWorker: Project: /dev/null/inferredProject1*
Info 7    [11:56:50.791] Finishing updateGraphWorker: Project: /dev/null/inferredProject1* Version: 1 structureChanged: true structureIsReused:: Not Elapsed: 312.66665600053966ms
Info 8    [11:56:50.791] Project '/dev/null/inferredProject1*' (Inferred)
Info 9    [11:56:50.791] 	Files (8)

Info 10   [11:56:50.791] -----------------------------------------------
Info 11   [11:56:50.791] Project '/dev/null/inferredProject1*' (Inferred)
Info 11   [11:56:50.791] 	Files (8)

Info 11   [11:56:50.791] -----------------------------------------------
Info 11   [11:56:50.791] Open files: 
Info 11   [11:56:50.791] 	FileName: /home/orion/src/purescript-puppeteer/src/Puppeteer.Handle.js ProjectRootPath: /home/orion/src/purescript-puppeteer
Info 11   [11:56:50.791] 		Projects: /dev/null/inferredProject1*
Info 11   [11:56:50.792] Format host information updated
Info 12   [11:56:50.793] Format host information updated
Info 13   [12:03:00.684] Starting updateGraphWorker: Project: /dev/null/inferredProject1*
Info 14   [12:03:00.692] Finishing updateGraphWorker: Project: /dev/null/inferredProject1* Version: 2 structureChanged: true structureIsReused:: Not Elapsed: 8.21735400147736ms
Info 15   [12:03:00.692] Project '/dev/null/inferredProject1*' (Inferred)
Info 16   [12:03:00.692] 	Files (9)

Info 17   [12:03:00.692] -----------------------------------------------
Info 18   [12:03:00.692] Project '/dev/null/inferredProject1*' (Inferred)
Info 18   [12:03:00.692] 	Files (9)

Info 18   [12:03:00.692] -----------------------------------------------
Info 18   [12:03:00.692] Open files: 
Info 18   [12:03:00.692] 	FileName: /home/orion/src/purescript-puppeteer/src/Puppeteer.Handle.js ProjectRootPath: /home/orion/src/purescript-puppeteer
Info 18   [12:03:00.692] 		Projects: /dev/null/inferredProject1*
Info 18   [12:03:00.692] 	FileName: /home/orion/src/purescript-puppeteer/src/Puppeteer.js ProjectRootPath: /home/orion/src/purescript-puppeteer
Info 18   [12:03:00.692] 		Projects: /dev/null/inferredProject1*
Info 18   [12:03:00.893] Format host information updated
Info 19   [12:03:03.580] Format host information updated
Info 20   [12:03:03.641] Format host information updated
Info 21   [12:03:03.793] Format host information updated
Info 22   [12:03:03.999] Format host information updated
Info 23   [12:03:04.247] Format host information updated
Info 24   [12:03:04.404] Format host information updated
Info 25   [12:03:04.616] Format host information updated
Info 26   [12:03:04.675] Format host information updated
Info 27   [12:03:05.038] Format host information updated
Info 28   [12:03:05.174] Format host information updated
Info 29   [12:03:05.251] Format host information updated
Info 30   [12:03:05.517] Format host information updated
Info 31   [12:03:05.774] Format host information updated
Info 32   [12:03:05.893] Format host information updated
Info 33   [12:03:06.059] Format host information updated
Info 34   [12:03:06.293] Format host information updated
Info 35   [12:03:06.376] Format host information updated
Info 36   [12:03:06.625] Format host information updated
Info 37   [12:03:06.811] Format host information updated
Info 38   [12:03:07.047] Format host information updated
Info 39   [12:03:07.180] Format host information updated
Info 40   [12:03:08.025] Format host information updated
Info 41   [12:03:09.823] Format host information updated
Info 42   [12:03:09.885] Format host information updated
Info 43   [12:03:10.011] Format host information updated
Info 44   [12:03:10.141] Format host information updated
Info 45   [12:03:10.325] Format host information updated
Info 46   [12:03:10.401] Format host information updated
Info 47   [12:03:11.064] Format host information updated
Info 48   [12:03:12.433] Format host information updated
Info 49   [12:03:12.583] Format host information updated
Info 50   [12:03:13.051] Format host information updated
Info 51   [12:03:13.286] Format host information updated
Info 52   [12:03:13.628] Format host information updated
Info 53   [12:03:13.716] Format host information updated
Info 54   [12:03:13.805] Format host information updated
Info 55   [12:03:13.995] Format host information updated
Info 56   [12:03:14.190] Format host information updated
Info 57   [12:03:14.279] Format host information updated
Info 58   [12:03:15.338] Format host information updated
Info 59   [12:03:15.397] Format host information updated
Info 60   [12:03:15.520] Format host information updated
Info 61   [12:03:15.622] Format host information updated
Info 62   [12:03:15.839] Format host information updated
Info 63   [12:03:16.793] Format host information updated
Info 64   [12:03:17.141] Format host information updated
Info 65   [12:03:17.490] Format host information updated
Info 66   [12:03:17.764] Format host information updated
Info 67   [12:03:17.856] Format host information updated
Info 68   [12:03:19.619] Format host information updated
Info 69   [12:03:20.241] Format host information updated
Info 70   [12:03:20.350] Format host information updated
Info 71   [12:03:20.637] Format host information updated
Info 72   [12:03:20.942] Format host information updated
Info 73   [12:03:21.242] Format host information updated
Info 74   [12:03:21.362] Format host information updated
Info 75   [12:03:21.610] Format host information updated
Info 76   [12:03:21.828] Format host information updated
Info 77   [12:03:22.085] Format host information updated
Info 78   [12:03:22.224] Format host information updated
Info 79   [12:03:22.486] Format host information updated
Info 80   [12:03:22.636] Format host information updated
Info 81   [12:03:22.845] Format host information updated
Info 82   [12:03:22.993] Format host information updated
Info 83   [12:03:23.141] Format host information updated
Info 84   [12:03:23.200] Format host information updated
Info 85   [12:03:23.306] Format host information updated
Info 86   [12:03:23.424] Format host information updated
Info 87   [12:03:23.607] Format host information updated
Info 88   [12:03:23.660] Format host information updated
Info 89   [12:03:24.647] Format host information updated
Info 90   [12:03:24.935] Format host information updated
Info 91   [12:03:25.032] Format host information updated
Info 92   [12:03:25.397] Format host information updated
Info 93   [12:03:25.513] Format host information updated
Info 94   [12:03:25.850] Format host information updated
Info 95   [12:51:16.350] Starting updateGraphWorker: Project: /dev/null/inferredProject1*
Info 96   [12:51:16.403] Finishing updateGraphWorker: Project: /dev/null/inferredProject1* Version: 3 structureChanged: true structureIsReused:: Not Elapsed: 53.09532899968326ms
Info 97   [12:51:16.403] Project '/dev/null/inferredProject1*' (Inferred)
Info 98   [12:51:16.403] 	Files (10)

Info 99   [12:51:16.403] -----------------------------------------------
Info 100  [12:51:16.403] Project '/dev/null/inferredProject1*' (Inferred)
Info 100  [12:51:16.403] 	Files (10)

Info 100  [12:51:16.403] -----------------------------------------------
Info 100  [12:51:16.403] Open files: 
Info 100  [12:51:16.403] 	FileName: /home/orion/src/purescript-puppeteer/src/Puppeteer.Handle.js ProjectRootPath: /home/orion/src/purescript-puppeteer
Info 100  [12:51:16.403] 		Projects: /dev/null/inferredProject1*
Info 100  [12:51:16.403] 	FileName: /home/orion/src/purescript-puppeteer/src/Puppeteer.js ProjectRootPath: /home/orion/src/purescript-puppeteer
Info 100  [12:51:16.403] 		Projects: /dev/null/inferredProject1*
Info 100  [12:51:16.403] 	FileName: /home/orion/src/purescript-puppeteer/node_modules/puppeteer-core/lib/cjs/puppeteer/api/Page.js ProjectRootPath: /home/orion/src/purescript-puppeteer
Info 100  [12:51:16.403] 		Projects: /dev/null/inferredProject1*
Info 100  [12:51:17.783] Project '/dev/null/inferredProject1*' (Inferred)
Info 100  [12:51:17.783] 	Files (10)

Info 100  [12:51:17.783] -----------------------------------------------
Info 100  [12:51:17.783] Open files: 
Info 100  [12:51:17.783] 	FileName: /home/orion/src/purescript-puppeteer/src/Puppeteer.Handle.js ProjectRootPath: /home/orion/src/purescript-puppeteer
Info 100  [12:51:17.783] 		Projects: /dev/null/inferredProject1*
Info 100  [12:51:17.783] 	FileName: /home/orion/src/purescript-puppeteer/src/Puppeteer.js ProjectRootPath: /home/orion/src/purescript-puppeteer
Info 100  [12:51:17.783] 		Projects: /dev/null/inferredProject1*
Info 100  [12:51:21.642] Starting updateGraphWorker: Project: /dev/null/inferredProject1*
Info 101  [12:51:21.646] Finishing updateGraphWorker: Project: /dev/null/inferredProject1* Version: 4 structureChanged: true structureIsReused:: Not Elapsed: 4.054789001122117ms
Info 102  [12:51:21.646] Project '/dev/null/inferredProject1*' (Inferred)
Info 103  [12:51:21.646] 	Files (10)

Info 104  [12:51:21.646] -----------------------------------------------
Info 105  [12:51:21.646] Project '/dev/null/inferredProject1*' (Inferred)
Info 105  [12:51:21.646] 	Files (10)

Info 105  [12:51:21.646] -----------------------------------------------
Info 105  [12:51:21.646] Open files: 
Info 105  [12:51:21.646] 	FileName: /home/orion/src/purescript-puppeteer/src/Puppeteer.Handle.js ProjectRootPath: /home/orion/src/purescript-puppeteer
Info 105  [12:51:21.646] 		Projects: /dev/null/inferredProject1*
Info 105  [12:51:21.646] 	FileName: /home/orion/src/purescript-puppeteer/src/Puppeteer.js ProjectRootPath: /home/orion/src/purescript-puppeteer
Info 105  [12:51:21.646] 		Projects: /dev/null/inferredProject1*
Info 105  [12:51:21.646] 	FileName: /home/orion/src/purescript-puppeteer/src/Puppeteer.Page.js ProjectRootPath: /home/orion/src/purescript-puppeteer
Info 105  [12:51:21.646] 		Projects: /dev/null/inferredProject1*
Info 105  [12:51:22.584] Format host information updated
Info 106  [12:51:26.111] Format host information updated
Info 107  [12:51:26.401] Format host information updated
Info 108  [12:51:28.611] Format host information updated
Info 109  [12:51:28.852] Format host information updated
Info 110  [12:51:28.977] Format host information updated
Info 111  [12:51:29.347] Format host information updated
Info 112  [12:51:30.210] Format host information updated
Info 113  [12:51:30.486] Format host information updated
Info 114  [12:51:30.671] Format host information updated
Info 115  [12:51:31.719] Format host information updated
Info 116  [12:51:32.516] Format host information updated
Info 117  [12:51:33.623] Format host information updated
Info 118  [12:51:34.330] Format host information updated
Info 119  [12:51:34.638] Format host information updated
Info 120  [12:51:34.788] Format host information updated
Info 121  [12:51:34.976] Format host information updated
Info 122  [12:51:35.127] Format host information updated
Info 123  [12:51:35.224] Format host information updated
Info 124  [12:51:35.321] Format host information updated
Info 125  [12:51:35.407] Format host information updated
Info 126  [12:51:35.546] Format host information updated
Info 127  [12:51:35.638] Format host information updated
Info 128  [12:51:35.951] Format host information updated
Info 129  [12:51:36.415] Format host information updated
Info 130  [12:51:36.670] Format host information updated
Info 131  [12:51:37.286] Format host information updated
Info 132  [12:51:37.917] Format host information updated
Info 133  [12:51:38.205] Format host information updated
Info 134  [12:51:38.549] Format host information updated
Info 135  [12:51:38.699] Format host information updated
Info 136  [12:51:39.172] Format host information updated
Info 137  [12:51:39.460] Format host information updated
Info 138  [12:51:39.708] Format host information updated
Info 139  [12:51:39.898] Format host information updated
Info 140  [12:51:40.010] Format host information updated
Info 141  [12:51:40.098] Format host information updated
Info 142  [12:51:40.162] Format host information updated
Info 143  [12:51:40.308] Format host information updated
Info 144  [12:51:40.481] Format host information updated
Info 145  [12:51:40.607] Format host information updated
Info 146  [12:51:40.726] Format host information updated
Info 147  [12:51:40.783] Format host information updated
Info 148  [12:51:47.200] Format host information updated
Info 149  [12:51:47.706] Format host information updated
Info 150  [12:51:54.825] Format host information updated
Info 151  [12:51:55.170] Format host information updated
Info 152  [12:51:56.232] Format host information updated
Info 153  [12:51:56.335] Format host information updated
Info 154  [12:51:56.556] Format host information updated
Info 155  [12:51:56.780] Format host information updated
Info 156  [12:51:56.971] Format host information updated
Info 157  [12:51:57.112] Format host information updated
Info 158  [12:51:57.407] Format host information updated
Info 159  [12:51:57.665] Format host information updated
Info 160  [12:51:57.958] Format host information updated
Info 161  [12:51:58.093] Format host information updated
Info 162  [12:51:58.150] Format host information updated
Info 163  [12:51:58.640] Format host information updated
Info 164  [12:51:58.825] Format host information updated
Info 165  [12:51:58.929] Format host information updated
Info 166  [12:51:59.150] Format host information updated
Info 167  [12:52:01.464] Format host information updated
Info 168  [12:52:01.523] Format host information updated
Info 169  [12:52:02.040] Format host information updated
Info 170  [12:52:02.473] Format host information updated
Info 171  [12:52:02.607] Format host information updated
Info 172  [12:52:03.148] Format host information updated
Info 173  [12:52:03.488] Format host information updated
Info 174  [12:52:04.406] Format host information updated
Info 175  [12:52:04.483] Format host information updated
Info 176  [12:52:04.645] Format host information updated
Info 177  [12:52:04.752] Format host information updated
Info 178  [12:52:04.850] Format host information updated
Info 179  [12:52:04.956] Format host information updated
Info 180  [12:52:05.045] Format host information updated
Info 181  [12:52:05.536] Format host information updated
Info 182  [12:52:05.649] Format host information updated
Info 183  [12:52:05.833] Format host information updated
Info 184  [12:52:05.908] Format host information updated
Info 185  [12:52:06.119] Format host information updated
Info 186  [12:52:06.272] Format host information updated
Info 187  [12:52:06.350] Format host information updated
Info 188  [12:52:06.514] Format host information updated
Info 189  [12:52:06.646] Format host information updated
Info 190  [12:52:06.858] Format host information updated
Info 191  [12:52:06.981] Format host information updated
Info 192  [12:52:07.130] Format host information updated
Info 193  [12:52:07.244] Format host information updated
Info 194  [12:52:07.347] Format host information updated
Info 195  [12:52:07.487] Format host information updated
Info 196  [12:52:07.589] Format host information updated
Info 197  [12:52:07.652] Format host information updated
Info 198  [12:52:07.755] Format host information updated
Info 199  [12:52:07.822] Format host information updated
Info 200  [12:52:08.128] Format host information updated
Info 201  [12:52:08.256] Format host information updated
Info 202  [12:52:08.325] Format host information updated
Info 203  [12:52:08.396] Format host information updated
Info 204  [12:52:08.470] Format host information updated
Info 205  [12:52:08.594] Format host information updated
Info 206  [12:52:08.654] Format host information updated
Info 207  [12:52:09.948] Format host information updated
Info 208  [12:52:10.112] Format host information updated
Info 209  [12:52:10.216] Format host information updated
Info 210  [12:52:10.299] Format host information updated
Info 211  [12:52:10.437] Format host information updated
Info 212  [12:52:10.510] Format host information updated
Info 213  [12:52:10.589] Format host information updated
Info 214  [12:52:10.829] Format host information updated
Info 215  [12:52:10.952] Format host information updated
Info 216  [12:52:11.146] Format host information updated
Info 217  [12:52:11.261] Format host information updated
Info 218  [12:52:11.395] Format host information updated
Info 219  [12:52:11.515] Format host information updated
Info 220  [12:52:11.730] Format host information updated
Info 221  [12:52:12.835] Format host information updated
Info 222  [12:52:12.904] Format host information updated
Info 223  [12:52:13.016] Format host information updated
Info 224  [12:52:15.852] Format host information updated
Info 225  [12:52:15.918] Format host information updated
Info 226  [12:52:16.101] Format host information updated
Info 227  [12:52:16.165] Format host information updated
Info 228  [12:52:16.389] Format host information updated
Info 229  [12:52:17.026] Format host information updated
Info 230  [12:52:39.278] Format host information updated
Info 231  [12:52:39.527] Format host information updated
Info 232  [12:52:39.655] Format host information updated
Info 233  [12:52:39.862] Format host information updated
Info 234  [12:52:40.042] Format host information updated
Info 235  [12:52:40.188] Format host information updated
Info 236  [12:52:40.288] Format host information updated
Info 237  [12:52:45.018] Format host information updated
Info 238  [12:52:45.249] Format host information updated
Info 239  [12:52:45.435] Format host information updated
Info 240  [12:52:45.532] Format host information updated
Info 241  [12:52:45.665] Format host information updated
Info 242  [12:52:45.831] Format host information updated
Info 243  [12:52:45.982] Format host information updated
Info 244  [12:52:46.105] Format host information updated
Info 245  [12:52:46.163] Format host information updated
Info 246  [12:52:46.394] Format host information updated
Info 247  [12:52:46.455] Format host information updated
Info 248  [12:52:47.106] Format host information updated
Info 249  [12:52:47.302] Format host information updated
Info 250  [12:52:47.619] Format host information updated
Info 251  [12:52:47.695] Format host information updated
Info 252  [12:52:47.951] Format host information updated
Info 253  [12:52:48.196] Format host information updated
Info 254  [12:52:48.304] Format host information updated
Info 255  [12:52:48.378] Format host information updated
Info 256  [12:52:49.001] Format host information updated
Info 257  [12:52:50.917] Format host information updated
Info 258  [12:52:56.135] Format host information updated
Info 259  [12:52:56.461] Format host information updated
Info 260  [12:52:56.682] Format host information updated
Info 261  [12:52:56.742] Format host information updated
Info 262  [12:52:57.005] Format host information updated
Info 263  [12:53:00.261] Format host information updated
Info 264  [12:53:00.334] Format host information updated
Info 265  [12:53:01.399] Format host information updated
Info 266  [12:53:01.849] Format host information updated
Info 267  [12:53:02.431] Format host information updated
Info 268  [12:53:02.654] Format host information updated
Info 269  [12:53:02.957] Format host information updated
Info 270  [12:53:03.048] Format host information updated
Info 271  [12:53:06.005] Format host information updated
Info 272  [12:53:06.099] Format host information updated
Info 273  [12:53:06.230] Format host information updated
Info 274  [12:53:06.589] Format host information updated
Info 275  [12:53:06.822] Format host information updated
Info 276  [12:53:07.525] Format host information updated
Info 277  [12:53:07.756] Format host information updated
Info 278  [12:53:08.124] Format host information updated
Info 279  [12:53:08.646] Format host information updated
Info 280  [12:53:08.766] Format host information updated
Info 281  [12:53:08.886] Format host information updated
Info 282  [12:53:09.250] Format host information updated
Info 283  [12:53:09.419] Format host information updated
Info 284  [12:53:09.722] Format host information updated
Info 285  [12:53:09.780] Format host information updated
Info 286  [12:53:10.670] Format host information updated
Info 287  [12:53:11.210] Format host information updated
Info 288  [12:53:11.638] Format host information updated
Info 289  [12:53:15.000] Format host information updated
Info 290  [12:53:15.515] Format host information updated
Info 291  [12:53:15.680] Format host information updated
Info 292  [12:53:16.125] Format host information updated
Info 293  [12:53:16.275] Format host information updated
Info 294  [12:53:21.982] Format host information updated
Info 295  [12:53:22.072] Format host information updated
Info 296  [12:53:22.292] Format host information updated
Info 297  [12:53:22.393] Format host information updated
Info 298  [12:53:22.497] Format host information updated
Info 299  [12:53:22.708] Format host information updated
Info 300  [12:53:22.790] Format host information updated
Info 301  [12:53:22.861] Format host information updated
Info 302  [12:53:22.921] Format host information updated
Info 303  [12:53:27.832] Format host information updated
Info 304  [12:53:27.832] Format host information updated
Info 305  [12:53:27.833] Format host information updated
Info 306  [12:53:28.073] Format host information updated
Info 307  [12:53:28.621] Format host information updated
Info 308  [12:53:28.905] Format host information updated
Info 309  [12:53:29.109] Format host information updated
Info 310  [12:53:29.171] Format host information updated
Info 311  [12:53:29.420] Format host information updated
Info 312  [12:53:29.480] Format host information updated
Info 313  [12:53:29.930] Format host information updated
Info 314  [12:53:30.077] Format host information updated
Info 315  [12:53:30.343] Format host information updated
Info 316  [12:53:30.509] Format host information updated
Info 317  [12:53:30.703] Format host information updated
Info 318  [12:53:30.884] Format host information updated
Info 319  [12:53:31.003] Format host information updated
Info 320  [12:53:31.590] Format host information updated
Info 321  [12:53:31.719] Format host information updated
Info 322  [12:53:31.911] Format host information updated
Info 323  [12:53:32.031] Format host information updated
Info 324  [12:53:32.777] Format host information updated
Info 325  [12:53:32.946] Format host information updated
Info 326  [12:53:33.007] Format host information updated
Info 327  [12:53:33.224] Format host information updated
Info 328  [12:53:33.365] Format host information updated
Info 329  [12:53:33.571] Format host information updated
Info 330  [12:53:33.631] Format host information updated
Info 331  [12:53:34.634] Format host information updated
Info 332  [12:53:34.732] Format host information updated
Info 333  [12:53:34.816] Format host information updated
Info 334  [12:53:34.891] Format host information updated
Info 335  [12:53:34.997] Format host information updated
Info 336  [12:53:35.071] Format host information updated
Info 337  [12:53:35.145] Format host information updated
Info 338  [12:53:35.310] Format host information updated
Info 339  [12:53:35.492] Format host information updated
Info 340  [12:53:35.549] Format host information updated
Info 341  [12:53:35.695] Format host information updated
Info 342  [12:53:35.795] Format host information updated
Info 343  [12:53:35.862] Format host information updated
Info 344  [12:53:36.260] Format host information updated
Info 345  [12:53:36.726] Format host information updated
Info 346  [12:53:36.795] Format host information updated
Info 347  [12:53:36.924] Format host information updated
Info 348  [12:53:39.576] Format host information updated
Info 349  [12:53:41.761] Format host information updated
Info 350  [12:53:41.973] Format host information updated
Info 351  [12:53:42.157] Format host information updated
Info 352  [12:53:42.341] Format host information updated
Info 353  [12:53:42.457] Format host information updated
Info 354  [12:53:42.514] Format host information updated
Info 355  [12:53:42.757] Format host information updated
Info 356  [12:53:43.987] Format host information updated
Info 357  [12:53:44.095] Format host information updated
Info 358  [12:53:44.687] Format host information updated
Info 359  [12:53:44.757] Format host information updated
Info 360  [12:53:45.011] Format host information updated
Info 361  [12:53:45.077] Format host information updated
Info 362  [12:53:45.193] Format host information updated
Info 363  [12:53:45.313] Format host information updated
Info 364  [12:53:45.403] Format host information updated
Info 365  [12:53:45.578] Format host information updated
Info 366  [12:53:45.692] Format host information updated
Info 367  [12:53:45.843] Format host information updated
Info 368  [12:53:45.921] Format host information updated
Info 369  [12:53:46.018] Format host information updated
Info 370  [12:53:46.108] Format host information updated
Info 371  [12:53:46.305] Format host information updated
Info 372  [12:53:46.431] Format host information updated
Info 373  [12:53:47.147] Format host information updated
Info 374  [12:53:47.148] Format host information updated
Info 375  [12:53:47.149] Format host information updated
Info 376  [12:53:47.369] Format host information updated
Info 377  [12:53:47.429] Format host information updated
Info 378  [12:53:47.722] Format host information updated
Info 379  [12:53:47.847] Format host information updated
Info 380  [12:53:48.058] Format host information updated
Info 381  [12:53:48.424] Format host information updated
Info 382  [12:53:48.862] Format host information updated
Info 383  [12:53:52.657] Format host information updated
Info 384  [12:53:54.130] Format host information updated
Info 385  [12:53:57.817] Format host information updated
Info 386  [12:53:59.041] Format host information updated
Info 387  [12:53:59.233] Format host information updated
Info 388  [12:53:59.374] Format host information updated
Info 389  [12:53:59.534] Format host information updated
Info 390  [12:53:59.760] Format host information updated
Info 391  [12:53:59.957] Format host information updated
Info 392  [12:54:02.146] Format host information updated
Info 393  [12:54:05.287] Format host information updated
Info 394  [12:54:05.632] Format host information updated
Info 395  [12:54:05.848] Format host information updated
Info 396  [12:54:06.019] Format host information updated
Info 397  [12:54:06.075] Format host information updated
Info 398  [12:54:06.198] Format host information updated
Info 399  [12:54:06.435] Format host information updated
Info 400  [12:54:07.170] Format host information updated
Info 401  [12:54:08.125] Format host information updated
Info 402  [12:54:08.456] Format host information updated
Info 403  [12:54:08.587] Format host information updated
Info 404  [12:54:08.753] Format host information updated
Info 405  [12:54:08.831] Format host information updated
Info 406  [12:54:08.949] Format host information updated
Info 407  [12:54:14.669] Format host information updated
Info 408  [12:54:16.124] Format host information updated
Info 409  [12:54:16.292] Format host information updated
Info 410  [12:54:16.474] Format host information updated
Info 411  [12:54:16.633] Format host information updated
Info 412  [12:54:16.692] Format host information updated
Info 413  [12:54:16.823] Format host information updated
Info 414  [12:54:27.434] Format host information updated
