Info 0    [10:31:15.916] Starting TS Server
Info 1    [10:31:15.919] Version: 5.2.2
Info 2    [10:31:15.919] Arguments: /home/orion/.asdf/installs/node/20.2.0/bin/node /home/orion/.asdf/installs/node/20.2.0/lib/node_modules/typescript/lib/tsserver.js --serverMode partialSemantic --useInferredProjectPerProjectRoot --disableAutomaticTypingAcquisition --cancellationPipeName /tmp/17b831a5735e2192616c36b4d90eb793/tscancellation* --logVerbosity normal --logFile /home/orion/src/purescript-puppeteer/.log/tsserver-log-J5S2D1/tsserver.log --locale en --validateDefaultNpmLocation --useNodeIpc
Info 3    [10:31:15.919] Platform: linux NodeVersion: v20.2.0 CaseSensitive: true
Info 4    [10:31:15.919] ServerMode: 1 hasUnknownServerMode: undefined
Info 5    [10:31:15.924] Format host information updated
Info 6    [10:31:15.928] Starting updateGraphWorker: Project: /dev/null/inferredProject1*
Info 7    [10:31:16.224] Finishing updateGraphWorker: Project: /dev/null/inferredProject1* Version: 1 structureChanged: true structureIsReused:: Not Elapsed: 296.0490590000991ms
Info 8    [10:31:16.224] Project '/dev/null/inferredProject1*' (Inferred)
Info 9    [10:31:16.225] 	Files (8)

Info 10   [10:31:16.225] -----------------------------------------------
Info 11   [10:31:16.225] Project '/dev/null/inferredProject1*' (Inferred)
Info 11   [10:31:16.225] 	Files (8)

Info 11   [10:31:16.225] -----------------------------------------------
Info 11   [10:31:16.225] Open files: 
Info 11   [10:31:16.225] 	FileName: /home/orion/src/purescript-puppeteer/src/Puppeteer.js ProjectRootPath: /home/orion/src/purescript-puppeteer
Info 11   [10:31:16.225] 		Projects: /dev/null/inferredProject1*
Info 11   [10:31:16.225] Format host information updated
Info 12   [10:31:16.226] Format host information updated
Info 13   [10:31:17.066] Starting updateGraphWorker: Project: /dev/null/inferredProject1*
Info 14   [10:31:17.070] Finishing updateGraphWorker: Project: /dev/null/inferredProject1* Version: 2 structureChanged: false structureIsReused:: Completely Elapsed: 3.676128000020981ms
Info 15   [10:31:17.070] Different program with same set of files
Info 16   [10:31:17.090] getCompletionData: Get current token: 0.01791399996727705
Info 17   [10:31:17.090] getCompletionData: Is inside comment: 0.05558399995788932
Info 18   [10:31:17.090] getCompletionData: Get previous token: 0.04226400004699826
Info 19   [10:31:17.094] getCompletionData: Semantic work: 3.7194079998880625
Info 20   [10:31:17.133] getCompletionsAtPosition: getCompletionEntriesFromSymbols: 37.95456099999137
Info 21   [10:31:17.136] Format host information updated
Info 22   [10:31:17.257] Format host information updated
Info 23   [10:31:17.317] Format host information updated
Info 24   [10:31:17.377] Format host information updated
Info 25   [10:31:17.503] Format host information updated
Info 26   [10:31:17.600] Format host information updated
Info 27   [10:31:17.760] Format host information updated
Info 28   [10:31:17.872] Format host information updated
Info 29   [10:31:17.943] Format host information updated
Info 30   [10:31:18.071] Format host information updated
Info 31   [10:31:18.232] Format host information updated
Info 32   [10:31:18.440] Format host information updated
Info 33   [10:31:18.571] Format host information updated
Info 34   [10:31:18.855] Format host information updated
Info 35   [10:31:18.991] Format host information updated
Info 36   [10:31:19.231] Format host information updated
Info 37   [10:31:19.292] Format host information updated
Info 38   [10:31:19.453] Format host information updated
Info 39   [10:31:19.535] Format host information updated
Info 40   [10:31:19.629] Format host information updated
Info 41   [10:31:19.844] Format host information updated
Info 42   [10:31:19.993] Format host information updated
Info 43   [10:31:20.104] Format host information updated
Info 44   [10:31:20.250] Format host information updated
Info 45   [10:31:20.353] Format host information updated
Info 46   [10:31:20.481] Format host information updated
Info 47   [10:31:20.700] Format host information updated
Info 48   [10:31:20.811] Format host information updated
Info 49   [10:31:21.003] Format host information updated
Info 50   [10:31:21.111] Format host information updated
Info 51   [10:31:21.221] Format host information updated
Info 52   [10:31:21.753] Format host information updated
Info 53   [10:31:21.813] Format host information updated
Info 54   [10:31:21.872] Format host information updated
Info 55   [10:31:22.021] Format host information updated
Info 56   [10:31:22.177] Format host information updated
Info 57   [10:31:22.258] Format host information updated
Info 58   [10:31:22.389] Format host information updated
Info 59   [10:31:22.456] Format host information updated
Info 60   [10:31:30.164] Format host information updated
Info 61   [10:31:31.202] Format host information updated
Info 62   [10:31:31.383] Format host information updated
Info 63   [10:31:31.502] Format host information updated
Info 64   [10:31:31.578] Format host information updated
Info 65   [10:31:31.867] Format host information updated
Info 66   [10:31:31.962] Format host information updated
Info 67   [10:31:32.321] Format host information updated
Info 68   [10:31:32.529] Format host information updated
Info 69   [10:31:32.644] Format host information updated
Info 70   [10:31:32.799] Format host information updated
Info 71   [10:31:32.934] Format host information updated
Info 72   [10:31:33.048] Format host information updated
Info 73   [10:31:33.184] Format host information updated
Info 74   [10:31:33.274] Format host information updated
Info 75   [10:31:34.527] Format host information updated
Info 76   [10:31:34.710] Format host information updated
Info 77   [10:31:34.779] Format host information updated
Info 78   [10:31:35.504] Format host information updated
Info 79   [10:31:35.649] Format host information updated
Info 80   [10:31:35.865] Format host information updated
Info 81   [10:31:36.024] Format host information updated
Info 82   [10:31:36.693] Format host information updated
Info 83   [10:31:36.753] Format host information updated
Info 84   [10:31:41.537] Format host information updated
Info 85   [10:31:42.320] Format host information updated
Info 86   [10:31:42.431] Format host information updated
Info 87   [10:31:42.529] Format host information updated
Info 88   [10:31:42.627] Format host information updated
Info 89   [10:31:42.799] Format host information updated
Info 90   [10:31:42.954] Format host information updated
Info 91   [10:31:43.028] Format host information updated
Info 92   [10:31:43.222] Format host information updated
Info 93   [10:31:43.338] Format host information updated
Info 94   [10:31:43.432] Format host information updated
Info 95   [10:31:43.801] Format host information updated
Info 96   [10:31:43.863] Format host information updated
Info 97   [10:31:44.443] Format host information updated
Info 98   [10:31:44.527] Format host information updated
Info 99   [10:31:44.645] Format host information updated
Info 100  [10:31:44.726] Format host information updated
Info 101  [10:31:44.933] Format host information updated
Info 102  [10:31:45.108] Format host information updated
Info 103  [10:31:45.172] Format host information updated
Info 104  [10:31:45.415] Format host information updated
Info 105  [10:31:45.634] Format host information updated
Info 106  [10:31:45.897] Format host information updated
Info 107  [10:31:46.154] Format host information updated
Info 108  [10:31:46.320] Format host information updated
Info 109  [10:31:46.543] Format host information updated
Info 110  [10:31:46.625] Format host information updated
Info 111  [10:31:46.708] Format host information updated
Info 112  [10:31:46.867] Format host information updated
Info 113  [10:31:46.937] Format host information updated
Info 114  [10:31:47.068] Format host information updated
Info 115  [10:31:47.167] Format host information updated
Info 116  [10:31:50.105] Format host information updated
Info 117  [10:31:50.198] Format host information updated
Info 118  [10:31:50.337] Format host information updated
Info 119  [10:31:50.457] Format host information updated
Info 120  [10:31:50.574] Format host information updated
Info 121  [10:31:50.638] Format host information updated
Info 122  [10:31:50.828] Format host information updated
Info 123  [10:31:50.940] Format host information updated
Info 124  [10:32:10.624] Format host information updated
Info 125  [10:32:10.865] Format host information updated
Info 126  [10:32:11.040] Format host information updated
Info 127  [10:32:11.156] Format host information updated
Info 128  [10:32:11.251] Format host information updated
Info 129  [10:32:11.477] Format host information updated
Info 130  [10:32:11.646] Format host information updated
Info 131  [10:32:45.615] Format host information updated
Info 132  [10:32:46.257] Format host information updated
Info 133  [10:32:47.604] Format host information updated
Info 134  [10:32:48.206] Format host information updated
Info 135  [10:32:48.458] Format host information updated
Info 136  [10:32:48.744] Format host information updated
Info 137  [10:32:48.857] Format host information updated
Info 138  [10:32:49.228] Format host information updated
Info 139  [10:32:49.656] Format host information updated
Info 140  [10:32:49.918] Format host information updated
Info 141  [10:32:50.129] Format host information updated
Info 142  [10:32:50.303] Format host information updated
Info 143  [10:32:50.586] Format host information updated
Info 144  [10:32:50.703] Format host information updated
Info 145  [10:32:50.821] Format host information updated
Info 146  [10:32:51.206] Format host information updated
Info 147  [10:32:52.312] Format host information updated
Info 148  [10:32:52.488] Format host information updated
Info 149  [10:32:52.980] Format host information updated
Info 150  [10:32:53.042] Format host information updated
Info 151  [10:32:56.310] Format host information updated
Info 152  [10:32:56.909] Format host information updated
Info 153  [10:32:58.327] Format host information updated
Info 154  [10:32:58.388] Format host information updated
Info 155  [10:32:59.187] Format host information updated
Info 156  [10:32:59.743] Format host information updated
Info 157  [10:32:59.867] Format host information updated
Info 158  [10:33:00.599] Format host information updated
Info 159  [10:33:00.687] Format host information updated
Info 160  [10:33:00.763] Format host information updated
Info 161  [10:33:00.908] Format host information updated
Info 162  [10:33:00.993] Format host information updated
Info 163  [10:33:01.187] Format host information updated
Info 164  [10:33:01.583] Format host information updated
Info 165  [10:33:01.761] Format host information updated
Info 166  [10:33:01.839] Format host information updated
Info 167  [10:33:01.938] Format host information updated
Info 168  [10:33:02.068] Format host information updated
Info 169  [10:33:02.137] Format host information updated
Info 170  [10:33:02.430] Format host information updated
Info 171  [10:33:02.787] Format host information updated
Info 172  [10:33:03.087] Format host information updated
Info 173  [10:33:06.785] Format host information updated
Info 174  [10:33:06.921] Format host information updated
Info 175  [10:33:07.303] Format host information updated
Info 176  [10:33:08.931] Format host information updated
Info 177  [10:33:09.069] Format host information updated
Info 178  [10:33:09.141] Format host information updated
Info 179  [10:33:11.484] Format host information updated
Info 180  [10:33:12.584] Format host information updated
Info 181  [10:33:13.500] Format host information updated
Info 182  [10:33:13.720] Format host information updated
Info 183  [10:33:13.833] Format host information updated
Info 184  [10:33:13.930] Format host information updated
Info 185  [10:33:14.019] Format host information updated
Info 186  [10:33:14.130] Format host information updated
Info 187  [10:33:14.311] Format host information updated
Info 188  [10:33:14.442] Format host information updated
Info 189  [10:33:14.505] Format host information updated
Info 190  [10:33:16.138] Format host information updated
Info 191  [10:33:17.209] Format host information updated
Info 192  [10:33:17.881] Format host information updated
Info 193  [10:33:18.759] Format host information updated
Info 194  [10:33:19.595] Format host information updated
Info 195  [10:33:19.750] Format host information updated
Info 196  [10:33:20.089] Format host information updated
Info 197  [10:33:20.619] Format host information updated
Info 198  [10:33:24.206] Format host information updated
Info 199  [10:33:24.523] Format host information updated
Info 200  [10:33:24.831] Format host information updated
Info 201  [10:33:27.761] Format host information updated
Info 202  [10:33:28.427] Format host information updated
Info 203  [10:33:28.807] Format host information updated
Info 204  [10:33:29.387] Format host information updated
Info 205  [10:33:30.797] Format host information updated
Info 206  [10:33:31.627] Format host information updated
Info 207  [10:33:31.991] Format host information updated
Info 208  [10:33:32.152] Format host information updated
Info 209  [10:33:32.328] Format host information updated
Info 210  [10:33:32.397] Format host information updated
Info 211  [10:33:32.506] Format host information updated
Info 212  [10:33:33.108] Format host information updated
Info 213  [10:33:33.865] Format host information updated
Info 214  [10:33:34.409] Format host information updated
Info 215  [10:33:34.666] Format host information updated
Info 216  [10:33:34.881] Format host information updated
Info 217  [10:33:34.981] Format host information updated
Info 218  [10:33:35.065] Format host information updated
Info 219  [10:33:35.256] Format host information updated
Info 220  [10:33:35.353] Format host information updated
Info 221  [10:33:35.473] Format host information updated
Info 222  [10:33:35.543] Format host information updated
Info 223  [10:33:35.665] Format host information updated
Info 224  [10:33:35.855] Format host information updated
Info 225  [10:33:36.769] Format host information updated
Info 226  [10:33:38.234] Format host information updated
Info 227  [10:33:38.313] Format host information updated
Info 228  [10:33:38.923] Format host information updated
Info 229  [10:33:39.044] Format host information updated
Info 230  [10:33:40.292] Format host information updated
Info 231  [10:33:40.399] Format host information updated
Info 232  [10:33:40.779] Format host information updated
Info 233  [10:33:40.874] Format host information updated
Info 234  [10:33:41.081] Format host information updated
Info 235  [10:33:41.176] Format host information updated
Info 236  [10:33:42.443] Format host information updated
Info 237  [10:33:42.582] Format host information updated
Info 238  [10:33:42.710] Format host information updated
Info 239  [10:33:42.822] Format host information updated
Info 240  [10:33:43.534] Format host information updated
Info 241  [10:33:43.613] Format host information updated
Info 242  [10:33:44.085] Format host information updated
Info 243  [10:33:44.314] Format host information updated
Info 244  [10:33:44.398] Format host information updated
Info 245  [10:33:44.874] Format host information updated
Info 246  [10:33:44.958] Format host information updated
Info 247  [10:33:45.021] Format host information updated
Info 248  [10:33:45.152] Format host information updated
Info 249  [10:33:45.374] Format host information updated
Info 250  [10:33:45.455] Format host information updated
Info 251  [10:33:45.662] Format host information updated
Info 252  [10:33:45.759] Format host information updated
Info 253  [10:33:45.960] Format host information updated
Info 254  [10:33:46.155] Format host information updated
Info 255  [10:33:46.253] Format host information updated
Info 256  [10:33:46.687] Format host information updated
Info 257  [10:33:46.877] Format host information updated
Info 258  [10:33:47.045] Format host information updated
Info 259  [10:33:47.159] Format host information updated
Info 260  [10:33:47.314] Format host information updated
Info 261  [10:33:47.462] Format host information updated
Info 262  [10:33:47.565] Format host information updated
Info 263  [10:33:47.724] Format host information updated
Info 264  [10:33:47.837] Format host information updated
Info 265  [10:33:48.341] Format host information updated
Info 266  [10:33:48.463] Format host information updated
Info 267  [10:33:48.594] Format host information updated
Info 268  [10:33:48.681] Format host information updated
Info 269  [10:33:48.753] Format host information updated
Info 270  [10:33:48.911] Format host information updated
Info 271  [10:33:48.970] Format host information updated
Info 272  [10:33:49.060] Format host information updated
Info 273  [10:33:49.117] Format host information updated
Info 274  [10:33:49.786] Format host information updated
Info 275  [10:33:57.302] Format host information updated
Info 276  [10:33:57.594] Format host information updated
Info 277  [10:33:57.875] Format host information updated
Info 278  [10:33:57.988] Format host information updated
Info 279  [10:33:58.154] Format host information updated
Info 280  [10:33:58.455] Format host information updated
Info 281  [10:33:59.833] Format host information updated
Info 282  [10:34:00.922] Format host information updated
Info 283  [10:34:01.176] Format host information updated
Info 284  [10:34:01.496] Format host information updated
Info 285  [10:34:01.709] Format host information updated
Info 286  [10:34:01.880] Format host information updated
Info 287  [10:34:02.005] Format host information updated
Info 288  [10:34:02.104] Format host information updated
Info 289  [10:34:02.298] Format host information updated
Info 290  [10:34:03.293] Format host information updated
Info 291  [10:34:03.887] Format host information updated
Info 292  [10:34:04.019] Format host information updated
Info 293  [10:34:04.171] Format host information updated
Info 294  [10:34:04.478] Format host information updated
Info 295  [10:34:04.675] Format host information updated
Info 296  [10:34:04.813] Format host information updated
Info 297  [10:34:04.985] Format host information updated
Info 298  [10:34:05.183] Format host information updated
Info 299  [10:34:05.310] Format host information updated
Info 300  [10:34:06.220] Format host information updated
Info 301  [10:34:06.282] Format host information updated
Info 302  [10:34:06.909] Format host information updated
Info 303  [10:34:08.506] Format host information updated
Info 304  [10:34:09.389] Format host information updated
Info 305  [10:34:09.492] Format host information updated
Info 306  [10:34:09.922] Format host information updated
Info 307  [10:34:10.040] Format host information updated
Info 308  [10:34:10.247] Format host information updated
Info 309  [10:34:10.376] Format host information updated
Info 310  [10:34:10.448] Format host information updated
Info 311  [10:34:10.554] Format host information updated
Info 312  [10:34:11.332] Format host information updated
Info 313  [10:34:11.527] Format host information updated
Info 314  [10:34:11.665] Format host information updated
Info 315  [10:34:11.769] Format host information updated
Info 316  [10:34:11.863] Format host information updated
Info 317  [10:34:12.060] Format host information updated
Info 318  [10:34:12.265] Format host information updated
Info 319  [10:34:12.367] Format host information updated
Info 320  [10:34:12.616] Format host information updated
Info 321  [10:34:15.391] Format host information updated
Info 322  [10:34:15.554] Format host information updated
Info 323  [10:34:18.284] Format host information updated
Info 324  [10:34:20.184] Format host information updated
Info 325  [10:34:20.308] Format host information updated
Info 326  [10:34:20.395] Format host information updated
Info 327  [10:34:20.949] Format host information updated
Info 328  [10:34:21.689] Format host information updated
Info 329  [10:34:21.900] Format host information updated
Info 330  [10:34:22.042] Format host information updated
Info 331  [10:34:23.201] Format host information updated
Info 332  [10:34:23.398] Format host information updated
Info 333  [10:34:23.653] Format host information updated
Info 334  [10:34:23.732] Format host information updated
Info 335  [10:34:24.408] Format host information updated
Info 336  [10:34:24.571] Format host information updated
Info 337  [10:34:24.948] Format host information updated
Info 338  [10:34:25.105] Format host information updated
Info 339  [10:34:25.216] Format host information updated
Info 340  [10:34:25.467] Format host information updated
Info 341  [10:34:25.951] Format host information updated
Info 342  [10:34:26.176] Format host information updated
Info 343  [10:34:26.453] Format host information updated
Info 344  [10:34:26.534] Format host information updated
Info 345  [10:34:26.655] Format host information updated
Info 346  [10:34:26.944] Format host information updated
Info 347  [10:34:27.050] Format host information updated
Info 348  [10:34:27.151] Format host information updated
Info 349  [10:34:27.407] Format host information updated
Info 350  [10:34:27.604] Format host information updated
Info 351  [10:34:27.703] Format host information updated
Info 352  [10:34:27.810] Format host information updated
Info 353  [10:34:29.304] Format host information updated
Info 354  [10:34:31.238] Format host information updated
Info 355  [10:34:31.714] Format host information updated
Info 356  [10:34:31.893] Format host information updated
Info 357  [10:34:32.014] Format host information updated
Info 358  [10:34:32.898] Format host information updated
Info 359  [10:34:32.957] Format host information updated
Info 360  [10:34:34.961] Format host information updated
Info 361  [10:34:35.223] Format host information updated
Info 362  [10:34:35.354] Format host information updated
Info 363  [10:34:35.761] Format host information updated
Info 364  [10:34:35.870] Format host information updated
Info 365  [10:34:35.970] Format host information updated
Info 366  [10:34:36.040] Format host information updated
Info 367  [10:34:36.501] Format host information updated
Info 368  [10:34:36.783] Format host information updated
Info 369  [10:34:36.888] Format host information updated
Info 370  [10:34:37.024] Format host information updated
Info 371  [10:34:37.136] Format host information updated
Info 372  [10:34:37.816] Format host information updated
Info 373  [10:34:38.258] Format host information updated
Info 374  [10:34:38.397] Format host information updated
Info 375  [10:34:38.636] Format host information updated
Info 376  [10:34:38.730] Format host information updated
Info 377  [10:34:51.715] Format host information updated
Info 378  [10:34:51.815] Format host information updated
Info 379  [10:34:51.887] Format host information updated
Info 380  [10:34:52.036] Format host information updated
Info 381  [10:34:52.112] Format host information updated
Info 382  [10:34:52.244] Format host information updated
Info 383  [10:34:52.424] Format host information updated
Info 384  [10:34:52.523] Format host information updated
Info 385  [10:34:53.008] Format host information updated
Info 386  [10:34:53.123] Format host information updated
Info 387  [10:34:53.237] Format host information updated
Info 388  [10:34:53.326] Format host information updated
Info 389  [10:34:53.497] Format host information updated
Info 390  [10:34:53.632] Format host information updated
Info 391  [10:34:53.729] Format host information updated
Info 392  [10:34:55.125] Format host information updated
Info 393  [10:34:55.549] Format host information updated
Info 394  [10:34:55.740] Format host information updated
Info 395  [10:34:55.819] Format host information updated
Info 396  [10:34:55.887] Format host information updated
Info 397  [10:34:55.949] Format host information updated
Info 398  [10:34:56.074] Format host information updated
Info 399  [10:34:56.156] Format host information updated
Info 400  [10:34:57.136] Format host information updated
Info 401  [10:34:57.196] Format host information updated
Info 402  [10:34:57.895] Format host information updated
Info 403  [10:34:57.988] Format host information updated
Info 404  [10:34:58.127] Format host information updated
Info 405  [10:34:58.186] Format host information updated
Info 406  [10:34:58.406] Format host information updated
Info 407  [10:34:58.596] Format host information updated
Info 408  [10:34:59.167] Format host information updated
Info 409  [10:34:59.298] Format host information updated
Info 410  [10:34:59.442] Format host information updated
Info 411  [10:34:59.545] Format host information updated
Info 412  [10:34:59.662] Format host information updated
Info 413  [10:34:59.723] Format host information updated
Info 414  [10:34:59.916] Format host information updated
Info 415  [10:35:00.036] Format host information updated
Info 416  [10:35:00.163] Format host information updated
Info 417  [10:35:00.376] Format host information updated
Info 418  [10:35:00.461] Format host information updated
Info 419  [10:35:00.536] Format host information updated
Info 420  [10:35:00.653] Format host information updated
Info 421  [10:35:01.154] Format host information updated
Info 422  [10:35:01.261] Format host information updated
Info 423  [10:35:01.348] Format host information updated
Info 424  [10:35:01.600] Format host information updated
Info 425  [10:35:01.889] Format host information updated
Info 426  [10:35:01.971] Format host information updated
Info 427  [10:35:02.147] Format host information updated
Info 428  [10:35:02.314] Format host information updated
Info 429  [10:35:02.438] Format host information updated
Info 430  [10:35:02.618] Format host information updated
Info 431  [10:35:26.091] Format host information updated
Info 432  [10:35:26.173] Format host information updated
Info 433  [10:35:26.255] Format host information updated
Info 434  [10:35:26.348] Format host information updated
Info 435  [10:35:26.531] Format host information updated
Info 436  [10:35:26.690] Format host information updated
Info 437  [10:35:26.785] Format host information updated
Info 438  [10:35:26.932] Format host information updated
Info 439  [10:35:27.005] Format host information updated
Info 440  [10:35:27.087] Format host information updated
Info 441  [10:35:27.390] Format host information updated
Info 442  [10:35:27.470] Format host information updated
Info 443  [10:35:30.721] Format host information updated
Info 444  [10:35:30.881] Format host information updated
Info 445  [10:35:31.022] Format host information updated
Info 446  [10:35:31.118] Format host information updated
Info 447  [10:35:31.200] Format host information updated
Info 448  [10:35:31.356] Format host information updated
Info 449  [10:35:31.706] Format host information updated
Info 450  [10:35:32.031] Format host information updated
Info 451  [10:35:32.104] Format host information updated
Info 452  [10:35:32.181] Format host information updated
Info 453  [10:35:32.316] Format host information updated
Info 454  [10:35:32.373] Format host information updated
Info 455  [10:35:32.463] Format host information updated
Info 456  [10:35:32.619] Format host information updated
Info 457  [10:35:33.250] Format host information updated
Info 458  [10:35:33.483] Format host information updated
Info 459  [10:35:33.730] Format host information updated
Info 460  [10:35:33.998] Format host information updated
Info 461  [10:35:34.467] Format host information updated
Info 462  [10:35:34.627] Format host information updated
Info 463  [10:35:34.736] Format host information updated
Info 464  [10:35:34.806] Format host information updated
Info 465  [10:35:34.925] Format host information updated
Info 466  [10:35:35.159] Format host information updated
Info 467  [10:35:35.322] Format host information updated
Info 468  [10:35:35.383] Format host information updated
Info 469  [10:35:35.800] Format host information updated
Info 470  [10:35:36.060] Format host information updated
Info 471  [10:35:37.072] Format host information updated
Info 472  [10:35:37.174] Format host information updated
Info 473  [10:35:37.343] Format host information updated
Info 474  [10:35:37.503] Format host information updated
Info 475  [10:35:37.590] Format host information updated
Info 476  [10:35:37.656] Format host information updated
Info 477  [10:35:37.751] Format host information updated
Info 478  [10:35:37.970] Format host information updated
Info 479  [10:35:38.233] Format host information updated
Info 480  [10:35:38.323] Format host information updated
Info 481  [10:35:38.472] Format host information updated
Info 482  [10:35:38.556] Format host information updated
Info 483  [10:35:38.743] Format host information updated
Info 484  [10:35:39.005] Format host information updated
Info 485  [10:35:39.264] Format host information updated
Info 486  [10:35:42.172] Format host information updated
Info 487  [10:35:42.318] Format host information updated
Info 488  [10:35:44.006] Format host information updated
Info 489  [10:35:44.078] Format host information updated
Info 490  [10:35:44.155] Format host information updated
Info 491  [10:35:44.303] Format host information updated
Info 492  [10:35:44.383] Format host information updated
Info 493  [10:35:44.487] Format host information updated
Info 494  [10:35:44.590] Format host information updated
Info 495  [10:35:44.813] Format host information updated
Info 496  [10:35:44.934] Format host information updated
Info 497  [10:35:45.104] Format host information updated
Info 498  [10:35:45.272] Format host information updated
Info 499  [10:35:45.368] Format host information updated
Info 500  [10:35:45.438] Format host information updated
Info 501  [10:35:45.547] Format host information updated
Info 502  [10:35:45.720] Format host information updated
Info 503  [10:35:45.992] Format host information updated
Info 504  [10:35:46.163] Format host information updated
Info 505  [10:35:46.305] Format host information updated
Info 506  [10:35:46.587] Format host information updated
Info 507  [10:35:46.767] Format host information updated
Info 508  [10:35:47.054] Format host information updated
Info 509  [10:35:47.429] Format host information updated
Info 510  [10:35:47.577] Format host information updated
Info 511  [10:35:47.867] Format host information updated
Info 512  [10:35:48.021] Format host information updated
Info 513  [10:35:48.081] Format host information updated
Info 514  [10:35:48.176] Format host information updated
Info 515  [10:35:48.305] Format host information updated
Info 516  [10:35:48.437] Format host information updated
Info 517  [10:35:48.497] Format host information updated
Info 518  [10:35:48.671] Format host information updated
Info 519  [10:35:48.819] Format host information updated
Info 520  [10:35:48.888] Format host information updated
Info 521  [10:35:49.004] Format host information updated
Info 522  [10:35:49.109] Format host information updated
Info 523  [10:35:49.213] Format host information updated
Info 524  [10:35:49.593] Format host information updated
Info 525  [10:35:49.752] Format host information updated
Info 526  [10:35:50.217] Format host information updated
Info 527  [10:35:53.155] Format host information updated
Info 528  [10:35:53.439] Format host information updated
Info 529  [10:35:53.734] Format host information updated
Info 530  [10:35:53.885] Format host information updated
Info 531  [10:35:54.024] Format host information updated
Info 532  [10:35:54.124] Format host information updated
Info 533  [10:35:54.265] Format host information updated
Info 534  [10:35:54.351] Format host information updated
Info 535  [10:35:54.512] Format host information updated
Info 536  [10:35:54.690] Format host information updated
Info 537  [10:35:54.809] Format host information updated
Info 538  [10:35:55.224] Format host information updated
Info 539  [10:35:55.415] Format host information updated
Info 540  [10:35:55.578] Format host information updated
Info 541  [10:35:55.689] Format host information updated
Info 542  [10:35:56.043] Format host information updated
Info 543  [10:35:56.253] Format host information updated
Info 544  [10:35:56.322] Format host information updated
Info 545  [10:35:56.401] Format host information updated
Info 546  [10:35:56.480] Format host information updated
Info 547  [10:35:56.638] Format host information updated
Info 548  [10:35:56.702] Format host information updated
Info 549  [10:35:57.539] Format host information updated
Info 550  [10:36:13.069] Format host information updated
Info 551  [10:36:13.267] Format host information updated
Info 552  [10:36:13.679] Format host information updated
Info 553  [10:36:13.796] Format host information updated
Info 554  [10:36:13.856] Format host information updated
Info 555  [10:36:13.926] Format host information updated
Info 556  [10:36:14.054] Format host information updated
Info 557  [10:36:14.180] Format host information updated
Info 558  [10:36:14.465] Format host information updated
Info 559  [10:36:14.772] Format host information updated
Info 560  [10:36:14.881] Format host information updated
Info 561  [10:36:15.041] Format host information updated
Info 562  [10:36:15.122] Format host information updated
Info 563  [10:36:15.322] Format host information updated
Info 564  [10:36:15.498] Format host information updated
Info 565  [10:36:15.769] Format host information updated
Info 566  [10:36:15.876] Format host information updated
Info 567  [10:36:16.218] Format host information updated
Info 568  [10:36:16.366] Format host information updated
Info 569  [10:36:16.463] Format host information updated
Info 570  [10:36:16.589] Format host information updated
Info 571  [10:36:17.304] Format host information updated
Info 572  [10:36:17.707] Format host information updated
Info 573  [10:36:18.147] Format host information updated
Info 574  [10:36:18.645] Format host information updated
Info 575  [10:36:18.965] Format host information updated
Info 576  [10:36:19.279] Format host information updated
Info 577  [10:36:19.510] Format host information updated
Info 578  [10:36:19.675] Format host information updated
Info 579  [10:36:19.735] Format host information updated
Info 580  [10:36:20.296] Format host information updated
Info 581  [10:36:21.049] Format host information updated
Info 582  [10:36:21.214] Format host information updated
Info 583  [10:36:21.409] Format host information updated
Info 584  [10:36:21.655] Format host information updated
Info 585  [10:36:21.863] Format host information updated
Info 586  [10:36:22.132] Format host information updated
Info 587  [10:36:22.248] Format host information updated
Info 588  [10:36:22.373] Format host information updated
Info 589  [10:36:22.439] Format host information updated
Info 590  [10:36:22.573] Format host information updated
Info 591  [10:36:22.649] Format host information updated
Info 592  [10:36:22.777] Format host information updated
Info 593  [10:36:22.844] Format host information updated
Info 594  [10:36:23.088] Format host information updated
Info 595  [10:36:23.428] Format host information updated
Info 596  [10:36:23.539] Format host information updated
Info 597  [10:36:23.633] Format host information updated
Info 598  [10:36:23.744] Format host information updated
Info 599  [10:36:23.840] Format host information updated
Info 600  [10:36:23.972] Format host information updated
Info 601  [10:36:24.129] Format host information updated
Info 602  [10:36:31.348] Format host information updated
Info 603  [10:36:31.409] Format host information updated
Info 604  [10:36:33.829] Format host information updated
Info 605  [10:36:33.934] Format host information updated
Info 606  [10:36:34.094] Format host information updated
Info 607  [10:36:34.208] Format host information updated
Info 608  [10:36:34.367] Format host information updated
Info 609  [10:36:34.481] Format host information updated
Info 610  [10:36:34.556] Format host information updated
Info 611  [10:36:34.716] Format host information updated
Info 612  [10:36:34.792] Format host information updated
Info 613  [10:36:36.553] Format host information updated
Info 614  [10:36:36.769] Format host information updated
Info 615  [10:36:36.883] Format host information updated
Info 616  [10:36:36.978] Format host information updated
Info 617  [10:36:37.265] Format host information updated
Info 618  [10:36:37.379] Format host information updated
Info 619  [10:36:37.453] Format host information updated
Info 620  [10:36:37.664] Format host information updated
Info 621  [10:36:37.966] Format host information updated
Info 622  [10:36:38.180] Format host information updated
Info 623  [10:36:38.246] Format host information updated
Info 624  [10:36:38.436] Format host information updated
Info 625  [10:36:38.540] Format host information updated
Info 626  [10:36:40.076] Format host information updated
Info 627  [10:36:40.142] Format host information updated
Info 628  [10:36:40.203] Format host information updated
Info 629  [10:36:40.351] Format host information updated
Info 630  [10:36:40.513] Format host information updated
Info 631  [10:36:40.574] Format host information updated
Info 632  [10:36:40.978] Format host information updated
Info 633  [10:36:41.099] Format host information updated
Info 634  [10:36:41.189] Format host information updated
Info 635  [10:36:42.476] Format host information updated
Info 636  [10:36:42.533] Format host information updated
Info 637  [10:36:43.383] Format host information updated
Info 638  [10:36:43.454] Format host information updated
Info 639  [10:36:44.124] Format host information updated
Info 640  [10:36:44.265] Format host information updated
Info 641  [10:36:44.344] Format host information updated
Info 642  [10:36:44.482] Format host information updated
Info 643  [10:36:44.580] Format host information updated
Info 644  [10:36:44.739] Format host information updated
Info 645  [10:36:44.801] Format host information updated
Info 646  [10:36:45.041] Format host information updated
Info 647  [10:36:45.132] Format host information updated
Info 648  [10:36:45.376] Format host information updated
Info 649  [10:36:45.577] Format host information updated
Info 650  [10:36:45.651] Format host information updated
Info 651  [10:36:45.771] Format host information updated
Info 652  [10:36:45.840] Format host information updated
Info 653  [10:36:46.049] Format host information updated
Info 654  [10:36:46.115] Format host information updated
Info 655  [10:36:47.130] Format host information updated
Info 656  [10:36:47.354] Format host information updated
Info 657  [10:36:47.940] Format host information updated
Info 658  [10:36:48.001] Format host information updated
Info 659  [10:36:48.904] Format host information updated
Info 660  [10:36:49.111] Format host information updated
Info 661  [10:36:49.239] Format host information updated
Info 662  [10:36:49.358] Format host information updated
Info 663  [10:36:49.428] Format host information updated
Info 664  [10:36:49.566] Format host information updated
Info 665  [10:36:49.729] Format host information updated
Info 666  [10:36:49.785] Format host information updated
Info 667  [10:36:50.039] Format host information updated
Info 668  [10:36:50.180] Format host information updated
Info 669  [10:36:50.306] Format host information updated
Info 670  [10:36:50.509] Format host information updated
Info 671  [10:36:50.650] Format host information updated
Info 672  [10:36:50.762] Format host information updated
Info 673  [10:36:50.866] Format host information updated
Info 674  [10:36:50.935] Format host information updated
Info 675  [10:36:51.011] Format host information updated
Info 676  [10:36:51.098] Format host information updated
Info 677  [10:36:51.200] Format host information updated
Info 678  [10:36:51.679] Format host information updated
Info 679  [10:36:51.811] Format host information updated
Info 680  [10:36:52.038] Format host information updated
Info 681  [10:36:52.114] Format host information updated
Info 682  [10:36:52.488] Format host information updated
Info 683  [10:36:52.552] Format host information updated
Info 684  [10:36:52.678] Format host information updated
Info 685  [10:36:52.787] Format host information updated
Info 686  [10:36:52.965] Format host information updated
Info 687  [10:36:53.041] Format host information updated
Info 688  [10:36:53.261] Format host information updated
Info 689  [10:36:53.383] Format host information updated
Info 690  [10:36:53.476] Format host information updated
Info 691  [10:36:57.987] Format host information updated
Info 692  [10:36:58.577] Format host information updated
Info 693  [10:36:59.311] Format host information updated
Info 694  [10:36:59.580] Format host information updated
Info 695  [10:37:00.411] Format host information updated
Info 696  [10:37:02.276] Format host information updated
Info 697  [10:37:02.448] Format host information updated
Info 698  [10:37:02.529] Format host information updated
Info 699  [10:37:03.153] Format host information updated
Info 700  [10:37:03.153] Format host information updated
Info 701  [10:37:03.155] Format host information updated
Info 702  [10:37:03.235] Format host information updated
Info 703  [10:37:04.878] Format host information updated
Info 704  [10:37:04.977] Format host information updated
Info 705  [10:37:05.245] Format host information updated
Info 706  [10:37:05.401] Format host information updated
Info 707  [10:37:05.486] Format host information updated
Info 708  [10:37:05.692] Format host information updated
Info 709  [10:37:06.068] Format host information updated
Info 710  [10:37:06.068] Format host information updated
Info 711  [10:37:06.070] Format host information updated
Info 712  [10:37:06.362] Format host information updated
Info 713  [10:37:06.432] Format host information updated
Info 714  [10:37:06.517] Format host information updated
Info 715  [10:37:06.654] Format host information updated
Info 716  [10:37:06.765] Format host information updated
Info 717  [10:37:06.841] Format host information updated
Info 718  [10:37:07.211] Format host information updated
Info 719  [10:37:08.834] Format host information updated
Info 720  [10:37:08.946] Format host information updated
Info 721  [10:37:09.083] Format host information updated
Info 722  [10:37:09.178] Format host information updated
Info 723  [10:37:12.056] Format host information updated
Info 724  [10:37:12.124] Format host information updated
Info 725  [10:37:12.195] Format host information updated
Info 726  [10:37:12.286] Format host information updated
Info 727  [10:37:12.379] Format host information updated
Info 728  [10:37:12.481] Format host information updated
Info 729  [10:37:13.048] Format host information updated
Info 730  [10:37:14.127] Format host information updated
Info 731  [10:37:14.187] Format host information updated
Info 732  [10:37:15.954] Format host information updated
Info 733  [10:37:16.020] Format host information updated
Info 734  [10:37:17.775] Format host information updated
Info 735  [10:37:17.850] Format host information updated
Info 736  [10:37:17.918] Format host information updated
Info 737  [10:37:18.014] Format host information updated
Info 738  [10:37:24.467] Format host information updated
Info 739  [10:37:25.550] Format host information updated
Info 740  [10:37:25.637] Format host information updated
Info 741  [10:37:25.714] Format host information updated
Info 742  [10:37:26.398] Format host information updated
Info 743  [10:37:27.782] Format host information updated
Info 744  [10:37:28.681] Format host information updated
Info 745  [10:37:28.789] Format host information updated
Info 746  [10:37:28.904] Format host information updated
Info 747  [10:37:28.964] Format host information updated
Info 748  [10:37:29.052] Format host information updated
Info 749  [10:37:29.190] Format host information updated
Info 750  [10:37:29.917] Format host information updated
Info 751  [10:37:30.017] Format host information updated
Info 752  [10:37:30.079] Format host information updated
Info 753  [10:37:30.136] Format host information updated
Info 754  [10:37:30.472] Format host information updated
Info 755  [10:37:30.603] Format host information updated
Info 756  [10:37:30.703] Format host information updated
Info 757  [10:37:32.263] Format host information updated
Info 758  [10:37:37.181] Format host information updated
Info 759  [10:37:37.807] Format host information updated
Info 760  [10:37:38.039] Format host information updated
Info 761  [10:37:38.198] Format host information updated
Info 762  [10:37:38.392] Format host information updated
Info 763  [10:37:38.505] Format host information updated
Info 764  [10:37:38.560] Format host information updated
Info 765  [10:37:38.631] Format host information updated
Info 766  [10:37:38.814] Format host information updated
Info 767  [10:37:39.302] Format host information updated
Info 768  [10:37:39.303] Format host information updated
Info 769  [10:37:39.304] Format host information updated
Info 770  [10:37:39.424] Format host information updated
Info 771  [10:37:40.799] Format host information updated
Info 772  [10:37:40.899] Format host information updated
Info 773  [10:37:40.983] Format host information updated
Info 774  [10:37:41.102] Format host information updated
Info 775  [10:37:41.252] Format host information updated
Info 776  [10:37:41.395] Format host information updated
Info 777  [10:37:41.478] Format host information updated
Info 778  [10:37:43.349] Format host information updated
Info 779  [10:37:43.349] Format host information updated
Info 780  [10:37:43.349] Format host information updated
Info 781  [10:37:43.351] Format host information updated
Info 782  [10:37:43.545] Format host information updated
Info 783  [10:37:43.872] Format host information updated
Info 784  [10:37:43.966] Format host information updated
Info 785  [10:37:46.323] Format host information updated
Info 786  [10:37:46.398] Format host information updated
Info 787  [10:37:47.888] Format host information updated
Info 788  [10:37:48.359] Format host information updated
Info 789  [10:37:48.656] Format host information updated
Info 790  [10:37:49.099] Format host information updated
Info 791  [10:37:49.213] Format host information updated
Info 792  [10:37:50.495] Format host information updated
Info 793  [10:37:50.877] Format host information updated
Info 794  [10:37:51.516] Format host information updated
Info 795  [10:37:52.092] Format host information updated
Info 796  [10:37:52.534] Format host information updated
Info 797  [10:37:52.943] Format host information updated
Info 798  [10:37:53.013] Format host information updated
Info 799  [10:37:53.099] Format host information updated
Info 800  [10:37:53.165] Format host information updated
Info 801  [10:37:53.335] Format host information updated
Info 802  [10:37:53.862] Format host information updated
Info 803  [10:37:53.862] Format host information updated
Info 804  [10:37:53.863] Format host information updated
Info 805  [10:37:53.948] Format host information updated
Info 806  [10:37:54.203] Format host information updated
Info 807  [10:37:54.419] Format host information updated
Info 808  [10:37:54.489] Format host information updated
Info 809  [10:37:55.258] Format host information updated
Info 810  [10:37:55.326] Format host information updated
Info 811  [10:37:55.407] Format host information updated
Info 812  [10:37:55.490] Format host information updated
Info 813  [10:37:55.676] Format host information updated
Info 814  [10:37:56.206] Format host information updated
Info 815  [10:37:56.206] Format host information updated
Info 816  [10:37:56.206] Format host information updated
Info 817  [10:37:56.207] Format host information updated
Info 818  [10:37:56.551] Format host information updated
Info 819  [10:37:57.001] Format host information updated
Info 820  [10:37:57.455] Format host information updated
Info 821  [10:37:58.015] Format host information updated
Info 822  [10:37:58.108] Format host information updated
Info 823  [10:37:58.168] Format host information updated
Info 824  [10:37:58.304] Format host information updated
Info 825  [10:37:58.381] Format host information updated
Info 826  [10:37:58.477] Format host information updated
Info 827  [10:37:58.540] Format host information updated
Info 828  [10:37:58.777] Format host information updated
Info 829  [10:37:58.904] Format host information updated
Info 830  [10:37:59.253] Format host information updated
Info 831  [10:37:59.561] Format host information updated
Info 832  [10:37:59.622] Format host information updated
Info 833  [10:37:59.903] Format host information updated
Info 834  [10:38:00.736] Format host information updated
Info 835  [10:38:01.472] Format host information updated
Info 836  [10:38:01.537] Format host information updated
Info 837  [10:38:01.607] Format host information updated
Info 838  [10:38:01.692] Format host information updated
Info 839  [10:38:01.847] Format host information updated
Info 840  [10:38:01.908] Format host information updated
Info 841  [10:38:02.029] Format host information updated
Info 842  [10:38:02.650] Format host information updated
Info 843  [10:38:11.614] Format host information updated
Info 844  [10:38:12.716] Format host information updated
Info 845  [10:38:12.993] Format host information updated
Info 846  [10:38:13.141] Format host information updated
Info 847  [10:38:13.294] Format host information updated
Info 848  [10:38:13.396] Format host information updated
Info 849  [10:38:13.533] Format host information updated
Info 850  [10:38:13.601] Format host information updated
Info 851  [10:38:13.896] Format host information updated
Info 852  [10:38:13.956] Format host information updated
Info 853  [10:38:14.243] Format host information updated
Info 854  [10:38:16.381] Format host information updated
Info 855  [10:38:17.010] Format host information updated
Info 856  [10:38:17.953] Format host information updated
Info 857  [10:38:19.677] Format host information updated
Info 858  [10:38:19.758] Format host information updated
Info 859  [10:38:20.511] Format host information updated
Info 860  [10:38:20.511] Format host information updated
Info 861  [10:38:20.513] Format host information updated
Info 862  [10:38:20.580] Format host information updated
Info 863  [10:38:24.468] Format host information updated
Info 864  [10:38:25.032] Format host information updated
Info 865  [10:38:25.150] Format host information updated
Info 866  [10:38:25.276] Format host information updated
Info 867  [10:38:25.334] Format host information updated
Info 868  [10:38:25.536] Format host information updated
Info 869  [10:38:25.694] Format host information updated
Info 870  [10:38:25.910] Format host information updated
Info 871  [10:38:26.128] Format host information updated
Info 872  [10:38:26.649] Format host information updated
Info 873  [10:38:26.709] Format host information updated
Info 874  [10:38:28.474] Format host information updated
Info 875  [10:38:28.649] Format host information updated
Info 876  [10:38:28.940] Format host information updated
Info 877  [10:38:29.183] Format host information updated
Info 878  [10:38:29.303] Format host information updated
Info 879  [10:38:29.437] Format host information updated
Info 880  [10:38:29.497] Format host information updated
Info 881  [10:38:29.677] Format host information updated
Info 882  [10:38:29.732] Format host information updated
Info 883  [10:38:30.265] Format host information updated
Info 884  [10:38:30.608] Format host information updated
Info 885  [10:38:30.950] Format host information updated
Info 886  [10:38:31.163] Format host information updated
Info 887  [10:38:31.228] Format host information updated
Info 888  [10:38:31.317] Format host information updated
Info 889  [10:38:31.454] Format host information updated
Info 890  [10:38:31.565] Format host information updated
Info 891  [10:38:31.856] Format host information updated
Info 892  [10:38:32.228] Format host information updated
Info 893  [10:38:32.470] Format host information updated
Info 894  [10:38:32.534] Format host information updated
Info 895  [10:38:32.701] Format host information updated
Info 896  [10:38:32.792] Format host information updated
Info 897  [10:38:32.915] Format host information updated
Info 898  [10:38:32.983] Format host information updated
Info 899  [10:38:33.128] Format host information updated
Info 900  [10:38:33.194] Format host information updated
Info 901  [10:38:33.270] Format host information updated
Info 902  [10:38:36.794] Format host information updated
Info 903  [10:38:38.474] Format host information updated
Info 904  [10:38:38.783] Format host information updated
Info 905  [10:38:41.403] Format host information updated
Info 906  [10:38:41.727] Format host information updated
Info 907  [10:38:42.514] Format host information updated
Info 908  [10:38:45.314] Format host information updated
Info 909  [10:38:45.754] Format host information updated
Info 910  [10:38:48.032] Format host information updated
Info 911  [10:38:48.368] Format host information updated
Info 912  [10:38:48.465] Format host information updated
Info 913  [10:38:48.622] Format host information updated
Info 914  [10:38:48.736] Format host information updated
Info 915  [10:38:48.800] Format host information updated
Info 916  [10:38:48.934] Format host information updated
Info 917  [10:38:49.413] Format host information updated
Info 918  [10:38:49.957] Format host information updated
Info 919  [10:38:50.232] Format host information updated
Info 920  [10:38:50.318] Format host information updated
Info 921  [10:38:50.546] Format host information updated
Info 922  [10:38:50.721] Format host information updated
Info 923  [10:38:50.800] Format host information updated
Info 924  [10:38:50.985] Format host information updated
Info 925  [10:38:51.045] Format host information updated
Info 926  [10:38:51.242] Format host information updated
Info 927  [10:38:51.302] Format host information updated
Info 928  [10:38:52.510] Format host information updated
Info 929  [10:38:57.495] Format host information updated
Info 930  [10:39:01.550] Format host information updated
Info 931  [10:39:01.690] Format host information updated
Info 932  [10:39:01.905] Format host information updated
Info 933  [10:39:01.971] Format host information updated
Info 934  [10:39:02.106] Format host information updated
Info 935  [10:39:02.196] Format host information updated
Info 936  [10:39:02.363] Format host information updated
Info 937  [10:39:02.500] Format host information updated
Info 938  [10:39:02.643] Format host information updated
Info 939  [10:39:02.807] Format host information updated
Info 940  [10:39:03.300] Format host information updated
Info 941  [10:39:03.685] Format host information updated
Info 942  [10:39:04.268] Format host information updated
Info 943  [10:39:04.365] Format host information updated
Info 944  [10:39:04.521] Format host information updated
Info 945  [10:39:04.750] Format host information updated
Info 946  [10:39:04.825] Format host information updated
Info 947  [10:39:04.924] Format host information updated
Info 948  [10:39:05.021] Format host information updated
Info 949  [10:39:05.080] Format host information updated
Info 950  [10:39:05.214] Format host information updated
Info 951  [10:39:05.356] Format host information updated
Info 952  [10:39:07.430] Format host information updated
Info 953  [10:39:07.872] Format host information updated
Info 954  [10:39:07.984] Format host information updated
Info 955  [10:39:08.217] Format host information updated
Info 956  [10:39:08.464] Format host information updated
Info 957  [10:39:08.586] Format host information updated
Info 958  [10:39:08.711] Format host information updated
Info 959  [10:39:08.986] Format host information updated
Info 960  [10:39:09.453] Format host information updated
Info 961  [10:39:09.555] Format host information updated
Info 962  [10:39:09.775] Format host information updated
Info 963  [10:39:09.989] Format host information updated
Info 964  [10:39:10.075] Format host information updated
Info 965  [10:39:10.197] Format host information updated
Info 966  [10:39:10.259] Format host information updated
Info 967  [10:39:10.343] Format host information updated
Info 968  [10:39:10.429] Format host information updated
Info 969  [10:39:11.525] Format host information updated
Info 970  [10:39:11.702] Format host information updated
Info 971  [10:39:11.831] Format host information updated
Info 972  [10:39:12.043] Format host information updated
Info 973  [10:39:12.137] Format host information updated
Info 974  [10:39:12.215] Format host information updated
Info 975  [10:39:12.328] Format host information updated
Info 976  [10:39:12.527] Format host information updated
Info 977  [10:39:12.728] Format host information updated
Info 978  [10:39:12.847] Format host information updated
Info 979  [10:39:12.923] Format host information updated
Info 980  [10:39:13.006] Format host information updated
Info 981  [10:39:13.111] Format host information updated
Info 982  [10:39:13.207] Format host information updated
Info 983  [10:39:13.325] Format host information updated
Info 984  [10:39:13.532] Format host information updated
Info 985  [10:39:13.588] Format host information updated
Info 986  [10:39:13.731] Format host information updated
Info 987  [10:39:13.879] Format host information updated
Info 988  [10:39:14.120] Format host information updated
Info 989  [10:39:14.848] Format host information updated
Info 990  [10:39:16.884] Format host information updated
Info 991  [10:39:16.949] Format host information updated
Info 992  [10:39:17.508] Format host information updated
Info 993  [10:39:17.598] Format host information updated
Info 994  [10:39:17.653] Format host information updated
Info 995  [10:39:18.113] Format host information updated
Info 996  [10:39:18.447] Format host information updated
Info 997  [10:39:18.651] Format host information updated
Info 998  [10:39:18.817] Format host information updated
Info 999  [10:39:19.007] Format host information updated
Info 1000 [10:39:19.167] Format host information updated
Info 1001 [10:39:20.225] Format host information updated
Info 1002 [10:39:20.524] Format host information updated
Info 1003 [10:39:20.677] Format host information updated
Info 1004 [10:39:20.861] Format host information updated
Info 1005 [10:39:20.968] Format host information updated
Info 1006 [10:39:22.480] Format host information updated
Info 1007 [10:39:22.599] Format host information updated
Info 1008 [10:39:22.756] Format host information updated
Info 1009 [10:39:23.013] Format host information updated
Info 1010 [10:39:23.189] Format host information updated
Info 1011 [10:39:23.269] Format host information updated
Info 1012 [10:39:23.558] Format host information updated
Info 1013 [10:39:23.739] Format host information updated
Info 1014 [10:39:23.950] Format host information updated
Info 1015 [10:39:24.672] Format host information updated
Info 1016 [10:39:25.027] Format host information updated
Info 1017 [10:39:26.390] Format host information updated
Info 1018 [10:39:26.987] Format host information updated
Info 1019 [10:39:27.065] Format host information updated
Info 1020 [10:39:27.439] Format host information updated
Info 1021 [10:39:27.543] Format host information updated
Info 1022 [10:39:27.738] Format host information updated
Info 1023 [10:39:27.813] Format host information updated
Info 1024 [10:39:28.436] Format host information updated
Info 1025 [10:39:28.518] Format host information updated
Info 1026 [10:39:29.176] Format host information updated
Info 1027 [10:39:29.799] Format host information updated
Info 1028 [10:39:30.368] Format host information updated
Info 1029 [10:39:30.683] Format host information updated
Info 1030 [10:39:31.772] Format host information updated
Info 1031 [10:39:32.868] Format host information updated
Info 1032 [10:39:32.926] Format host information updated
Info 1033 [10:39:33.161] Format host information updated
Info 1034 [10:39:33.221] Format host information updated
Info 1035 [10:39:33.836] Format host information updated
Info 1036 [10:39:34.152] Format host information updated
Info 1037 [10:39:34.271] Format host information updated
Info 1038 [10:39:34.602] Format host information updated
Info 1039 [10:39:34.925] Format host information updated
Info 1040 [10:39:34.985] Format host information updated
Info 1041 [10:39:35.501] Format host information updated
Info 1042 [10:39:36.034] Format host information updated
Info 1043 [10:39:36.561] Format host information updated
Info 1044 [10:39:37.100] Format host information updated
Info 1045 [10:39:37.185] Format host information updated
Info 1046 [10:39:37.264] Format host information updated
Info 1047 [10:39:37.400] Format host information updated
Info 1048 [10:39:38.112] Format host information updated
Info 1049 [10:39:38.630] Format host information updated
Info 1050 [10:39:38.808] Format host information updated
Info 1051 [10:39:38.873] Format host information updated
Info 1052 [10:39:39.026] Format host information updated
Info 1053 [10:39:39.115] Format host information updated
Info 1054 [10:39:39.221] Format host information updated
Info 1055 [10:39:39.350] Format host information updated
Info 1056 [10:39:39.483] Format host information updated
Info 1057 [10:39:42.910] Format host information updated
Info 1058 [10:39:43.448] Format host information updated
Info 1059 [10:39:43.621] Format host information updated
Info 1060 [10:39:44.861] Format host information updated
Info 1061 [10:39:46.284] Format host information updated
Info 1062 [10:39:46.500] Format host information updated
Info 1063 [10:39:46.585] Format host information updated
Info 1064 [10:39:46.740] Format host information updated
Info 1065 [10:39:47.075] Format host information updated
Info 1066 [10:39:47.209] Format host information updated
Info 1067 [10:39:47.313] Format host information updated
Info 1068 [10:39:47.426] Format host information updated
Info 1069 [10:39:49.643] Format host information updated
Info 1070 [10:39:49.752] Format host information updated
Info 1071 [10:39:49.818] Format host information updated
Info 1072 [10:39:49.952] Format host information updated
Info 1073 [10:39:50.093] Format host information updated
Info 1074 [10:39:50.186] Format host information updated
Info 1075 [10:39:50.249] Format host information updated
Info 1076 [10:39:50.453] Format host information updated
Info 1077 [10:39:50.581] Format host information updated
Info 1078 [10:39:56.101] Format host information updated
Info 1079 [10:39:56.510] Format host information updated
Info 1080 [10:39:56.691] Format host information updated
Info 1081 [10:39:56.788] Format host information updated
Info 1082 [10:39:56.950] Format host information updated
Info 1083 [10:39:57.120] Format host information updated
Info 1084 [10:39:57.333] Format host information updated
Info 1085 [10:39:57.453] Format host information updated
Info 1086 [10:39:57.759] Format host information updated
Info 1087 [10:39:59.883] Format host information updated
Info 1088 [10:40:00.130] Format host information updated
Info 1089 [10:40:00.444] Format host information updated
Info 1090 [10:40:00.539] Format host information updated
Info 1091 [10:40:00.620] Format host information updated
Info 1092 [10:40:00.714] Format host information updated
Info 1093 [10:40:01.171] Format host information updated
Info 1094 [10:40:01.390] Format host information updated
Info 1095 [10:40:01.569] Format host information updated
Info 1096 [10:40:01.682] Format host information updated
Info 1097 [10:40:01.759] Format host information updated
Info 1098 [10:40:02.040] Format host information updated
Info 1099 [10:40:02.159] Format host information updated
Info 1100 [10:40:02.446] Format host information updated
Info 1101 [10:40:02.530] Format host information updated
Info 1102 [10:40:02.663] Format host information updated
Info 1103 [10:40:03.226] Format host information updated
Info 1104 [10:40:03.392] Format host information updated
Info 1105 [10:40:03.637] Format host information updated
Info 1106 [10:40:03.720] Format host information updated
Info 1107 [10:40:04.223] Format host information updated
Info 1108 [10:40:04.486] Format host information updated
Info 1109 [10:40:04.550] Format host information updated
Info 1110 [10:40:05.283] Format host information updated
Info 1111 [10:40:05.478] Format host information updated
Info 1112 [10:40:05.567] Format host information updated
Info 1113 [10:40:05.674] Format host information updated
Info 1114 [10:40:06.836] Format host information updated
Info 1115 [10:40:06.838] Format host information updated
Info 1116 [10:40:06.946] Format host information updated
Info 1117 [10:40:07.065] Format host information updated
Info 1118 [10:40:07.237] Format host information updated
Info 1119 [10:40:08.726] Format host information updated
Info 1120 [10:40:09.293] Format host information updated
Info 1121 [10:40:09.363] Format host information updated
Info 1122 [10:40:09.424] Format host information updated
Info 1123 [10:40:09.486] Format host information updated
Info 1124 [10:40:09.560] Format host information updated
Info 1125 [10:40:09.619] Format host information updated
Info 1126 [10:40:10.173] Format host information updated
Info 1127 [10:40:10.352] Format host information updated
Info 1128 [10:40:10.427] Format host information updated
Info 1129 [10:40:10.569] Format host information updated
Info 1130 [10:40:10.810] Format host information updated
Info 1131 [10:40:10.942] Format host information updated
Info 1132 [10:40:11.065] Format host information updated
Info 1133 [10:40:11.207] Format host information updated
Info 1134 [10:40:11.523] Format host information updated
Info 1135 [10:40:12.028] Format host information updated
Info 1136 [10:40:14.046] Format host information updated
Info 1137 [10:40:14.169] Format host information updated
Info 1138 [10:40:14.456] Format host information updated
Info 1139 [10:40:14.561] Format host information updated
Info 1140 [10:40:14.734] Format host information updated
Info 1141 [10:40:14.804] Format host information updated
Info 1142 [10:40:14.985] Format host information updated
Info 1143 [10:40:15.046] Format host information updated
Info 1144 [10:40:16.538] Format host information updated
Info 1145 [10:40:16.695] Format host information updated
Info 1146 [10:40:17.062] Format host information updated
Info 1147 [10:40:17.255] Format host information updated
Info 1148 [10:40:17.547] Format host information updated
Info 1149 [10:40:17.697] Format host information updated
Info 1150 [10:40:17.799] Format host information updated
Info 1151 [10:40:17.901] Format host information updated
Info 1152 [10:40:18.645] Format host information updated
Info 1153 [10:40:18.800] Format host information updated
Info 1154 [10:40:19.626] Format host information updated
Info 1155 [10:40:19.713] Format host information updated
Info 1156 [10:40:20.031] Format host information updated
Info 1157 [10:40:20.102] Format host information updated
Info 1158 [10:40:20.373] Format host information updated
Info 1159 [10:40:20.500] Format host information updated
Info 1160 [10:40:20.559] Format host information updated
Info 1161 [10:40:20.702] Format host information updated
Info 1162 [10:40:20.915] Format host information updated
Info 1163 [10:40:20.970] Format host information updated
Info 1164 [10:40:21.142] Format host information updated
Info 1165 [10:40:21.238] Format host information updated
Info 1166 [10:40:21.680] Format host information updated
Info 1167 [10:40:21.830] Format host information updated
Info 1168 [10:40:21.938] Format host information updated
Info 1169 [10:40:22.057] Format host information updated
Info 1170 [10:40:22.170] Format host information updated
Info 1171 [10:40:22.326] Format host information updated
Info 1172 [10:40:22.394] Format host information updated
Info 1173 [10:40:22.455] Format host information updated
Info 1174 [10:40:22.563] Format host information updated
Info 1175 [10:40:23.637] Format host information updated
Info 1176 [10:40:23.639] Format host information updated
Info 1177 [10:40:23.964] Format host information updated
Info 1178 [10:40:24.176] Format host information updated
Info 1179 [10:40:24.334] Format host information updated
Info 1180 [10:40:24.509] Format host information updated
Info 1181 [10:40:25.293] Format host information updated
Info 1182 [10:40:25.422] Format host information updated
Info 1183 [10:40:25.619] Format host information updated
Info 1184 [10:40:25.778] Format host information updated
Info 1185 [10:40:25.934] Format host information updated
Info 1186 [10:40:26.046] Format host information updated
Info 1187 [10:40:26.142] Format host information updated
Info 1188 [10:40:26.235] Format host information updated
Info 1189 [10:40:26.294] Format host information updated
Info 1190 [10:40:27.938] Format host information updated
Info 1191 [10:40:28.005] Format host information updated
Info 1192 [10:40:29.644] Format host information updated
Info 1193 [10:40:29.888] Format host information updated
Info 1194 [10:40:30.151] Format host information updated
Info 1195 [10:40:30.343] Format host information updated
Info 1196 [10:40:31.011] Format host information updated
Info 1197 [10:40:32.496] Format host information updated
Info 1198 [10:40:32.889] Format host information updated
Info 1199 [10:40:32.969] Format host information updated
Info 1200 [10:40:34.441] Format host information updated
Info 1201 [10:40:34.553] Format host information updated
Info 1202 [10:40:34.646] Format host information updated
Info 1203 [10:40:34.748] Format host information updated
Info 1204 [10:40:35.018] Format host information updated
Info 1205 [10:40:35.131] Format host information updated
Info 1206 [10:40:35.259] Format host information updated
Info 1207 [10:40:35.324] Format host information updated
Info 1208 [10:40:35.504] Format host information updated
Info 1209 [10:40:35.638] Format host information updated
Info 1210 [10:40:35.702] Format host information updated
Info 1211 [10:40:35.811] Format host information updated
Info 1212 [10:40:46.593] Format host information updated
Info 1213 [10:40:46.778] Format host information updated
Info 1214 [10:40:47.014] Format host information updated
Info 1215 [10:40:47.248] Format host information updated
Info 1216 [10:40:47.328] Format host information updated
Info 1217 [10:40:49.766] Format host information updated
Info 1218 [10:40:50.006] Format host information updated
Info 1219 [10:40:50.077] Format host information updated
Info 1220 [10:40:50.272] Format host information updated
Info 1221 [10:40:50.331] Format host information updated
Info 1222 [10:40:58.433] Format host information updated
Info 1223 [10:41:00.188] Format host information updated
Info 1224 [10:41:00.607] Format host information updated
Info 1225 [10:41:01.150] Format host information updated
Info 1226 [10:41:01.692] Format host information updated
Info 1227 [10:41:01.921] Format host information updated
Info 1228 [10:41:02.036] Format host information updated
Info 1229 [10:41:02.404] Format host information updated
Info 1230 [10:41:02.922] Format host information updated
Info 1231 [10:41:03.209] Format host information updated
Info 1232 [10:41:03.420] Format host information updated
Info 1233 [10:41:03.524] Format host information updated
Info 1234 [10:41:03.622] Format host information updated
Info 1235 [10:41:03.877] Format host information updated
Info 1236 [10:41:04.054] Format host information updated
Info 1237 [10:41:04.121] Format host information updated
Info 1238 [10:41:04.226] Format host information updated
Info 1239 [10:41:04.660] Format host information updated
Info 1240 [10:41:04.877] Format host information updated
Info 1241 [10:41:05.094] Format host information updated
Info 1242 [10:41:05.741] Format host information updated
Info 1243 [10:41:06.382] Format host information updated
Info 1244 [10:41:07.484] Format host information updated
Info 1245 [10:41:07.857] Format host information updated
Info 1246 [10:41:08.187] Format host information updated
Info 1247 [10:41:08.473] Format host information updated
Info 1248 [10:41:09.401] Format host information updated
Info 1249 [10:41:09.937] Format host information updated
Info 1250 [10:41:10.083] Format host information updated
Info 1251 [10:41:11.206] Format host information updated
Info 1252 [10:41:11.298] Format host information updated
Info 1253 [10:41:11.485] Format host information updated
Info 1254 [10:41:11.794] Format host information updated
Info 1255 [10:41:11.913] Format host information updated
Info 1256 [10:41:12.282] Format host information updated
Info 1257 [10:41:12.494] Format host information updated
Info 1258 [10:41:12.566] Format host information updated
Info 1259 [10:41:12.678] Format host information updated
Info 1260 [10:41:12.913] Format host information updated
Info 1261 [10:41:13.072] Format host information updated
Info 1262 [10:41:13.225] Format host information updated
Info 1263 [10:41:15.620] Format host information updated
Info 1264 [10:41:15.732] Format host information updated
Info 1265 [10:41:15.885] Format host information updated
Info 1266 [10:41:16.221] Format host information updated
Info 1267 [10:41:16.458] Format host information updated
Info 1268 [10:41:16.593] Format host information updated
Info 1269 [10:41:16.769] Format host information updated
Info 1270 [10:41:16.830] Format host information updated
Info 1271 [10:41:17.116] Format host information updated
Info 1272 [10:41:17.278] Format host information updated
Info 1273 [10:41:17.442] Format host information updated
Info 1274 [10:41:17.583] Format host information updated
Info 1275 [10:41:17.646] Format host information updated
Info 1276 [10:41:17.796] Format host information updated
Info 1277 [10:41:17.932] Format host information updated
Info 1278 [10:41:18.092] Format host information updated
Info 1279 [10:41:18.147] Format host information updated
Info 1280 [10:41:18.267] Format host information updated
Info 1281 [10:41:18.330] Format host information updated
Info 1282 [10:41:18.523] Format host information updated
Info 1283 [10:41:26.492] Format host information updated
Info 1284 [10:41:26.791] Format host information updated
Info 1285 [10:41:27.083] Format host information updated
Info 1286 [10:41:27.218] Format host information updated
Info 1287 [10:41:27.348] Format host information updated
Info 1288 [10:41:27.593] Format host information updated
Info 1289 [10:41:28.153] Format host information updated
Info 1290 [10:41:28.298] Format host information updated
Info 1291 [10:41:28.507] Format host information updated
Info 1292 [10:41:28.685] Format host information updated
Info 1293 [10:41:28.843] Format host information updated
Info 1294 [10:41:29.129] Format host information updated
Info 1295 [10:41:29.365] Format host information updated
Info 1296 [10:41:29.444] Format host information updated
Info 1297 [10:41:29.532] Format host information updated
Info 1298 [10:41:29.663] Format host information updated
Info 1299 [10:41:29.768] Format host information updated
Info 1300 [10:41:29.841] Format host information updated
Info 1301 [10:41:37.063] Format host information updated
Info 1302 [10:41:37.171] Format host information updated
Info 1303 [10:41:37.229] Format host information updated
Info 1304 [10:41:37.375] Format host information updated
Info 1305 [10:41:37.458] Format host information updated
Info 1306 [10:41:37.579] Format host information updated
Info 1307 [10:41:37.783] Format host information updated
Info 1308 [10:41:37.846] Format host information updated
Info 1309 [10:41:37.908] Format host information updated
Info 1310 [10:41:38.347] Format host information updated
Info 1311 [10:41:38.529] Format host information updated
Info 1312 [10:41:38.624] Format host information updated
Info 1313 [10:41:40.478] Format host information updated
Info 1314 [10:41:41.283] Format host information updated
Info 1315 [10:41:41.669] Format host information updated
Info 1316 [10:41:41.758] Format host information updated
Info 1317 [10:41:41.908] Format host information updated
Info 1318 [10:41:43.034] Format host information updated
Info 1319 [10:41:43.398] Format host information updated
Info 1320 [10:41:43.536] Format host information updated
Info 1321 [10:41:43.619] Format host information updated
Info 1322 [10:41:43.771] Format host information updated
Info 1323 [10:41:44.026] Format host information updated
Info 1324 [10:41:44.362] Format host information updated
Info 1325 [10:41:44.698] Format host information updated
Info 1326 [10:41:44.823] Format host information updated
Info 1327 [10:41:44.901] Format host information updated
Info 1328 [10:41:45.090] Format host information updated
Info 1329 [10:41:45.223] Format host information updated
Info 1330 [10:41:45.292] Format host information updated
Info 1331 [10:41:45.489] Format host information updated
Info 1332 [10:41:45.633] Format host information updated
Info 1333 [10:41:45.997] Format host information updated
Info 1334 [10:41:46.160] Format host information updated
Info 1335 [10:41:46.464] Format host information updated
Info 1336 [10:41:46.816] Format host information updated
Info 1337 [10:41:49.535] Format host information updated
Info 1338 [10:41:49.952] Format host information updated
Info 1339 [10:41:50.099] Format host information updated
Info 1340 [10:41:50.201] Format host information updated
Info 1341 [10:41:50.310] Format host information updated
Info 1342 [10:41:50.888] Format host information updated
Info 1343 [10:41:50.889] Format host information updated
Info 1344 [10:41:50.890] Format host information updated
Info 1345 [10:41:50.965] Format host information updated
Info 1346 [10:41:51.187] Format host information updated
Info 1347 [10:41:51.337] Format host information updated
Info 1348 [10:41:51.479] Format host information updated
Info 1349 [10:41:51.627] Format host information updated
Info 1350 [10:41:52.263] Format host information updated
Info 1351 [10:41:52.359] Format host information updated
Info 1352 [10:41:52.419] Format host information updated
Info 1353 [10:41:52.482] Format host information updated
Info 1354 [10:41:52.651] Format host information updated
Info 1355 [10:41:52.780] Format host information updated
Info 1356 [10:41:52.991] Format host information updated
Info 1357 [10:41:53.237] Format host information updated
Info 1358 [10:41:53.933] Format host information updated
Info 1359 [10:41:54.302] Format host information updated
Info 1360 [10:42:01.115] Format host information updated
Info 1361 [10:42:01.467] Format host information updated
