Info 0    [14:29:12.814] Starting TS Server
Info 1    [14:29:12.815] Version: 5.2.2
Info 2    [14:29:12.815] Arguments: /home/orion/.asdf/installs/node/20.2.0/bin/node /home/orion/.asdf/installs/node/20.2.0/lib/node_modules/typescript/lib/tsserver.js --useInferredProjectPerProjectRoot --cancellationPipeName /tmp/d38fed96d1155bb6acf02783c9d4d929/tscancellation* --logVerbosity normal --logFile /home/orion/src/purescript-puppeteer/.log/tsserver-log-r7azuC/tsserver.log --locale en --validateDefaultNpmLocation --useNodeIpc
Info 3    [14:29:12.815] Platform: linux NodeVersion: v20.2.0 CaseSensitive: true
Info 4    [14:29:12.815] ServerMode: undefined hasUnknownServerMode: undefined
Info 5    [14:29:12.822] Format host information updated
Info 6    [14:29:12.824] Search path: /home/orion/src/purescript-puppeteer/src
Info 7    [14:29:12.825] For info: /home/orion/src/purescript-puppeteer/src/Puppeteer.Page.Http.Response.js :: Config file name: /home/orion/src/purescript-puppeteer/jsconfig.json
Info 8    [14:29:12.825] Creating configuration project /home/orion/src/purescript-puppeteer/jsconfig.json
Info 9    [14:29:12.838] Config: /home/orion/src/purescript-puppeteer/jsconfig.json : {
 "rootNames": [
  "/home/orion/src/purescript-puppeteer/src/Puppeteer.Browser.Context.js",
  "/home/orion/src/purescript-puppeteer/src/Puppeteer.Browser.js",
  "/home/orion/src/purescript-puppeteer/src/Puppeteer.Cartesian.js",
  "/home/orion/src/purescript-puppeteer/src/Puppeteer.FFI.js",
  "/home/orion/src/purescript-puppeteer/src/Puppeteer.Handle.js",
  "/home/orion/src/purescript-puppeteer/src/Puppeteer.Keyboard.js",
  "/home/orion/src/purescript-puppeteer/src/Puppeteer.Page.Cookie.js",
  "/home/orion/src/purescript-puppeteer/src/Puppeteer.Page.Emulate.js",
  "/home/orion/src/purescript-puppeteer/src/Puppeteer.Page.Event.ConsoleMessage.js",
  "/home/orion/src/purescript-puppeteer/src/Puppeteer.Page.Event.Dialog.js",
  "/home/orion/src/purescript-puppeteer/src/Puppeteer.Page.Event.js",
  "/home/orion/src/purescript-puppeteer/src/Puppeteer.Page.Export.js",
  "/home/orion/src/purescript-puppeteer/src/Puppeteer.Page.Http.Request.js",
  "/home/orion/src/purescript-puppeteer/src/Puppeteer.Page.Http.Response.js",
  "/home/orion/src/purescript-puppeteer/src/Puppeteer.Page.Http.js",
  "/home/orion/src/purescript-puppeteer/src/Puppeteer.Page.Navigate.js",
  "/home/orion/src/purescript-puppeteer/src/Puppeteer.Page.js",
  "/home/orion/src/purescript-puppeteer/src/Puppeteer.js",
  "/home/orion/src/purescript-puppeteer/bun/fmt.js"
 ],
 "options": {
  "allowJs": true,
  "maxNodeModuleJsDepth": 2,
  "allowSyntheticDefaultImports": true,
  "skipLibCheck": true,
  "noEmit": true,
  "types": [
   "bun-types"
  ],
  "lib": [
   "lib.esnext.d.ts"
  ],
  "target": 99,
  "module": 99,
  "moduleResolution": 100,
  "moduleDetection": 3,
  "jsx": 2,
  "checkJs": true,
  "strict": true,
  "configFilePath": "/home/orion/src/purescript-puppeteer/jsconfig.json"
 }
}
Info 10   [14:29:12.842] Starting updateGraphWorker: Project: /home/orion/src/purescript-puppeteer/jsconfig.json
Info 11   [14:29:13.723] Finishing updateGraphWorker: Project: /home/orion/src/purescript-puppeteer/jsconfig.json Version: 1 structureChanged: true structureIsReused:: Not Elapsed: 880.874878000468ms
Info 12   [14:29:13.724] Project '/home/orion/src/purescript-puppeteer/jsconfig.json' (Configured)
Info 13   [14:29:13.724] 	Files (145)

Info 14   [14:29:13.724] -----------------------------------------------
Info 15   [14:29:13.731] AutoImportProviderProject: found 16 root files in 5 dependencies in 5.343793000094593 ms
Info 16   [14:29:13.740] Starting updateGraphWorker: Project: /dev/null/autoImportProviderProject1*
Info 17   [14:29:14.304] Finishing updateGraphWorker: Project: /dev/null/autoImportProviderProject1* Version: 1 structureChanged: true structureIsReused:: Not Elapsed: 564.3828659998253ms
Info 18   [14:29:14.305] Project '/dev/null/autoImportProviderProject1*' (AutoImportProvider)
Info 19   [14:29:14.305] 	Files (271)

Info 20   [14:29:14.305] -----------------------------------------------
Info 21   [14:29:14.308] Project '/home/orion/src/purescript-puppeteer/jsconfig.json' (Configured)
Info 21   [14:29:14.308] 	Files (145)

Info 21   [14:29:14.308] -----------------------------------------------
Info 21   [14:29:14.308] Project '/dev/null/autoImportProviderProject1*' (AutoImportProvider)
Info 21   [14:29:14.308] 	Files (271)

Info 21   [14:29:14.308] -----------------------------------------------
Info 21   [14:29:14.308] Open files: 
Info 21   [14:29:14.308] 	FileName: /home/orion/src/purescript-puppeteer/src/Puppeteer.Page.Http.Response.js ProjectRootPath: /home/orion/src/purescript-puppeteer
Info 21   [14:29:14.308] 		Projects: /home/orion/src/purescript-puppeteer/jsconfig.json
Info 21   [14:29:14.310] Format host information updated
Info 22   [14:29:14.311] Starting updateGraphWorker: Project: /home/orion/src/purescript-puppeteer/jsconfig.json
Info 23   [14:29:14.328] Finishing updateGraphWorker: Project: /home/orion/src/purescript-puppeteer/jsconfig.json Version: 2 structureChanged: false structureIsReused:: Completely Elapsed: 16.314629999920726ms
Info 24   [14:29:14.328] Different program with same set of files
Info 25   [14:29:16.810] Before ensureProjectForOpenFiles:
Info 26   [14:29:16.810] Project '/home/orion/src/purescript-puppeteer/jsconfig.json' (Configured)
Info 26   [14:29:16.810] 	Files (145)

Info 26   [14:29:16.810] -----------------------------------------------
Info 26   [14:29:16.810] Project '/dev/null/autoImportProviderProject1*' (AutoImportProvider)
Info 26   [14:29:16.810] 	Files (271)

Info 26   [14:29:16.810] -----------------------------------------------
Info 26   [14:29:16.810] Open files: 
Info 26   [14:29:16.810] 	FileName: /home/orion/src/purescript-puppeteer/src/Puppeteer.Page.Http.Response.js ProjectRootPath: /home/orion/src/purescript-puppeteer
Info 26   [14:29:16.810] 		Projects: /home/orion/src/purescript-puppeteer/jsconfig.json
Info 26   [14:29:16.810] After ensureProjectForOpenFiles:
Info 27   [14:29:16.810] Project '/home/orion/src/purescript-puppeteer/jsconfig.json' (Configured)
Info 27   [14:29:16.810] 	Files (145)

Info 27   [14:29:16.810] -----------------------------------------------
Info 27   [14:29:16.810] Project '/dev/null/autoImportProviderProject1*' (AutoImportProvider)
Info 27   [14:29:16.810] 	Files (271)

Info 27   [14:29:16.810] -----------------------------------------------
Info 27   [14:29:16.810] Open files: 
Info 27   [14:29:16.811] 	FileName: /home/orion/src/purescript-puppeteer/src/Puppeteer.Page.Http.Response.js ProjectRootPath: /home/orion/src/purescript-puppeteer
Info 27   [14:29:16.811] 		Projects: /home/orion/src/purescript-puppeteer/jsconfig.json
Info 27   [14:29:16.811] got projects updated in background, updating diagnostics for /home/orion/src/purescript-puppeteer/src/Puppeteer.Page.Http.Response.js
Info 28   [14:31:47.926] Format host information updated
Info 29   [14:31:47.926] Starting updateGraphWorker: Project: /home/orion/src/purescript-puppeteer/jsconfig.json
Info 30   [14:31:47.945] Finishing updateGraphWorker: Project: /home/orion/src/purescript-puppeteer/jsconfig.json Version: 3 structureChanged: false structureIsReused:: Completely Elapsed: 18.579966999590397ms
Info 31   [14:31:47.945] Different program with same set of files
Info 32   [14:31:50.229] Format host information updated
Info 33   [14:31:50.229] Starting updateGraphWorker: Project: /home/orion/src/purescript-puppeteer/jsconfig.json
Info 34   [14:31:50.245] Finishing updateGraphWorker: Project: /home/orion/src/purescript-puppeteer/jsconfig.json Version: 4 structureChanged: false structureIsReused:: Completely Elapsed: 15.373603000305593ms
Info 35   [14:31:50.245] Different program with same set of files
Info 36   [14:31:53.868] Format host information updated
Info 37   [14:31:53.868] Starting updateGraphWorker: Project: /home/orion/src/purescript-puppeteer/jsconfig.json
Info 38   [14:31:53.881] Finishing updateGraphWorker: Project: /home/orion/src/purescript-puppeteer/jsconfig.json Version: 5 structureChanged: false structureIsReused:: Completely Elapsed: 12.258415999822319ms
Info 39   [14:31:53.881] Different program with same set of files
Info 40   [14:31:54.731] Format host information updated
Info 41   [14:31:54.732] Starting updateGraphWorker: Project: /home/orion/src/purescript-puppeteer/jsconfig.json
Info 42   [14:31:54.742] Finishing updateGraphWorker: Project: /home/orion/src/purescript-puppeteer/jsconfig.json Version: 6 structureChanged: false structureIsReused:: Completely Elapsed: 10.2088130004704ms
Info 43   [14:31:54.742] Different program with same set of files
Info 44   [14:34:21.856] Search path: /home/orion/src/purescript-puppeteer/src
Info 45   [14:34:21.856] For info: /home/orion/src/purescript-puppeteer/src/Puppeteer.Page.Http.Request.js :: Config file name: /home/orion/src/purescript-puppeteer/jsconfig.json
Info 46   [14:34:21.857] Project '/home/orion/src/purescript-puppeteer/jsconfig.json' (Configured)
Info 46   [14:34:21.857] 	Files (145)

Info 46   [14:34:21.857] -----------------------------------------------
Info 46   [14:34:21.857] Project '/dev/null/autoImportProviderProject1*' (AutoImportProvider)
Info 46   [14:34:21.857] 	Files (271)

Info 46   [14:34:21.857] -----------------------------------------------
Info 46   [14:34:21.857] Open files: 
Info 46   [14:34:21.857] 	FileName: /home/orion/src/purescript-puppeteer/src/Puppeteer.Page.Http.Response.js ProjectRootPath: /home/orion/src/purescript-puppeteer
Info 46   [14:34:21.857] 		Projects: /home/orion/src/purescript-puppeteer/jsconfig.json
Info 46   [14:34:21.857] 	FileName: /home/orion/src/purescript-puppeteer/src/Puppeteer.Page.Http.Request.js ProjectRootPath: /home/orion/src/purescript-puppeteer
Info 46   [14:34:21.857] 		Projects: /home/orion/src/purescript-puppeteer/jsconfig.json
Info 46   [14:34:22.070] Starting updateGraphWorker: Project: /home/orion/src/purescript-puppeteer/jsconfig.json
Info 47   [14:34:22.115] Finishing updateGraphWorker: Project: /home/orion/src/purescript-puppeteer/jsconfig.json Version: 7 structureChanged: false structureIsReused:: Completely Elapsed: 44.79268699977547ms
Info 48   [14:34:22.115] Different program with same set of files
Info 49   [14:34:22.885] Format host information updated
Info 50   [14:34:24.368] Before ensureProjectForOpenFiles:
Info 51   [14:34:24.368] Project '/home/orion/src/purescript-puppeteer/jsconfig.json' (Configured)
Info 51   [14:34:24.368] 	Files (145)

Info 51   [14:34:24.368] -----------------------------------------------
Info 51   [14:34:24.368] Project '/dev/null/autoImportProviderProject1*' (AutoImportProvider)
Info 51   [14:34:24.368] 	Files (271)

Info 51   [14:34:24.368] -----------------------------------------------
Info 51   [14:34:24.368] Open files: 
Info 51   [14:34:24.368] 	FileName: /home/orion/src/purescript-puppeteer/src/Puppeteer.Page.Http.Response.js ProjectRootPath: /home/orion/src/purescript-puppeteer
Info 51   [14:34:24.368] 		Projects: /home/orion/src/purescript-puppeteer/jsconfig.json
Info 51   [14:34:24.368] 	FileName: /home/orion/src/purescript-puppeteer/src/Puppeteer.Page.Http.Request.js ProjectRootPath: /home/orion/src/purescript-puppeteer
Info 51   [14:34:24.368] 		Projects: /home/orion/src/purescript-puppeteer/jsconfig.json
Info 51   [14:34:24.368] After ensureProjectForOpenFiles:
Info 52   [14:34:24.368] Project '/home/orion/src/purescript-puppeteer/jsconfig.json' (Configured)
Info 52   [14:34:24.368] 	Files (145)

Info 52   [14:34:24.368] -----------------------------------------------
Info 52   [14:34:24.368] Project '/dev/null/autoImportProviderProject1*' (AutoImportProvider)
Info 52   [14:34:24.368] 	Files (271)

Info 52   [14:34:24.368] -----------------------------------------------
Info 52   [14:34:24.368] Open files: 
Info 52   [14:34:24.368] 	FileName: /home/orion/src/purescript-puppeteer/src/Puppeteer.Page.Http.Response.js ProjectRootPath: /home/orion/src/purescript-puppeteer
Info 52   [14:34:24.368] 		Projects: /home/orion/src/purescript-puppeteer/jsconfig.json
Info 52   [14:34:24.368] 	FileName: /home/orion/src/purescript-puppeteer/src/Puppeteer.Page.Http.Request.js ProjectRootPath: /home/orion/src/purescript-puppeteer
Info 52   [14:34:24.369] 		Projects: /home/orion/src/purescript-puppeteer/jsconfig.json
Info 52   [14:34:24.369] got projects updated in background, updating diagnostics for /home/orion/src/purescript-puppeteer/src/Puppeteer.Page.Http.Response.js,/home/orion/src/purescript-puppeteer/src/Puppeteer.Page.Http.Request.js
Info 53   [14:34:29.456] Format host information updated
Info 54   [14:34:29.456] Starting updateGraphWorker: Project: /home/orion/src/purescript-puppeteer/jsconfig.json
Info 55   [14:34:29.475] Finishing updateGraphWorker: Project: /home/orion/src/purescript-puppeteer/jsconfig.json Version: 8 structureChanged: false structureIsReused:: Completely Elapsed: 18.563489000312984ms
Info 56   [14:34:29.475] Different program with same set of files
Info 57   [14:34:30.708] Format host information updated
Info 58   [14:34:30.708] Starting updateGraphWorker: Project: /home/orion/src/purescript-puppeteer/jsconfig.json
Info 59   [14:34:30.722] Finishing updateGraphWorker: Project: /home/orion/src/purescript-puppeteer/jsconfig.json Version: 9 structureChanged: false structureIsReused:: Completely Elapsed: 14.422729999758303ms
Info 60   [14:34:30.722] Different program with same set of files
Info 61   [14:34:30.858] Format host information updated
Info 62   [14:34:30.858] Starting updateGraphWorker: Project: /home/orion/src/purescript-puppeteer/jsconfig.json
Info 63   [14:34:30.873] Finishing updateGraphWorker: Project: /home/orion/src/purescript-puppeteer/jsconfig.json Version: 10 structureChanged: false structureIsReused:: Completely Elapsed: 14.531696000136435ms
Info 64   [14:34:30.873] Different program with same set of files
Info 65   [14:34:31.216] Format host information updated
Info 66   [14:34:31.216] Starting updateGraphWorker: Project: /home/orion/src/purescript-puppeteer/jsconfig.json
Info 67   [14:34:31.228] Finishing updateGraphWorker: Project: /home/orion/src/purescript-puppeteer/jsconfig.json Version: 11 structureChanged: false structureIsReused:: Completely Elapsed: 11.572527999989688ms
Info 68   [14:34:31.228] Different program with same set of files
Info 69   [14:34:31.383] Format host information updated
Info 70   [14:34:31.384] Starting updateGraphWorker: Project: /home/orion/src/purescript-puppeteer/jsconfig.json
Info 71   [14:34:31.423] Finishing updateGraphWorker: Project: /home/orion/src/purescript-puppeteer/jsconfig.json Version: 12 structureChanged: false structureIsReused:: Completely Elapsed: 38.13906199950725ms
Info 72   [14:34:31.423] Different program with same set of files
Info 73   [14:34:31.746] Format host information updated
Info 74   [14:34:31.747] Starting updateGraphWorker: Project: /home/orion/src/purescript-puppeteer/jsconfig.json
Info 75   [14:34:31.756] Finishing updateGraphWorker: Project: /home/orion/src/purescript-puppeteer/jsconfig.json Version: 13 structureChanged: false structureIsReused:: Completely Elapsed: 9.83882400020957ms
Info 76   [14:34:31.757] Different program with same set of files
Info 77   [14:34:35.460] Format host information updated
Info 78   [14:34:35.461] Starting updateGraphWorker: Project: /home/orion/src/purescript-puppeteer/jsconfig.json
Info 79   [14:34:35.473] Finishing updateGraphWorker: Project: /home/orion/src/purescript-puppeteer/jsconfig.json Version: 14 structureChanged: false structureIsReused:: Completely Elapsed: 12.670753999613225ms
Info 80   [14:34:35.473] Different program with same set of files
Info 81   [14:34:36.883] Format host information updated
Info 82   [14:34:36.883] Starting updateGraphWorker: Project: /home/orion/src/purescript-puppeteer/jsconfig.json
Info 83   [14:34:36.898] Finishing updateGraphWorker: Project: /home/orion/src/purescript-puppeteer/jsconfig.json Version: 15 structureChanged: false structureIsReused:: Completely Elapsed: 14.552517999894917ms
Info 84   [14:34:36.898] Different program with same set of files
Info 85   [14:34:41.628] Format host information updated
Info 86   [14:34:41.629] Starting updateGraphWorker: Project: /home/orion/src/purescript-puppeteer/jsconfig.json
Info 87   [14:34:41.639] Finishing updateGraphWorker: Project: /home/orion/src/purescript-puppeteer/jsconfig.json Version: 16 structureChanged: false structureIsReused:: Completely Elapsed: 10.305149000138044ms
Info 88   [14:34:41.639] Different program with same set of files
Info 89   [14:34:44.929] Format host information updated
Info 90   [14:34:44.929] Starting updateGraphWorker: Project: /home/orion/src/purescript-puppeteer/jsconfig.json
Info 91   [14:34:44.941] Finishing updateGraphWorker: Project: /home/orion/src/purescript-puppeteer/jsconfig.json Version: 17 structureChanged: false structureIsReused:: Completely Elapsed: 11.73537900019437ms
Info 92   [14:34:44.941] Different program with same set of files
Info 93   [14:45:06.567] DirectoryWatcher:: Triggered with /home/orion/src/purescript-puppeteer/src/Puppeteer.Page.WaitFor.purs 0:: WatchInfo: /home/orion/src/purescript-puppeteer/src 1 undefined Config: /home/orion/src/purescript-puppeteer/jsconfig.json WatchType: Wild card directory
Info 94   [14:45:06.569] Project: /home/orion/src/purescript-puppeteer/jsconfig.json Detected file add/remove of non supported extension: /home/orion/src/purescript-puppeteer/src/Puppeteer.Page.WaitFor.purs
Info 95   [14:45:06.569] Elapsed:: 1.5828419998288155ms DirectoryWatcher:: Triggered with /home/orion/src/purescript-puppeteer/src/Puppeteer.Page.WaitFor.purs 0:: WatchInfo: /home/orion/src/purescript-puppeteer/src 1 undefined Config: /home/orion/src/purescript-puppeteer/jsconfig.json WatchType: Wild card directory
Info 96   [14:45:06.569] DirectoryWatcher:: Triggered with /home/orion/src/purescript-puppeteer/src/Puppeteer.Page.WaitFor.purs 0:: WatchInfo: /home/orion/src/purescript-puppeteer/src 1 undefined Project: /home/orion/src/purescript-puppeteer/jsconfig.json WatchType: Failed Lookup Locations
Info 97   [14:45:06.570] Elapsed:: 0.8430249989032745ms DirectoryWatcher:: Triggered with /home/orion/src/purescript-puppeteer/src/Puppeteer.Page.WaitFor.purs 0:: WatchInfo: /home/orion/src/purescript-puppeteer/src 1 undefined Project: /home/orion/src/purescript-puppeteer/jsconfig.json WatchType: Failed Lookup Locations
