Info 0    [12:24:22.979] Starting TS Server
Info 1    [12:24:22.979] Version: 5.2.2
Info 2    [12:24:22.979] Arguments: /home/orion/.asdf/installs/node/20.2.0/bin/node /home/orion/.asdf/installs/node/20.2.0/lib/node_modules/typescript/lib/tsserver.js --serverMode partialSemantic --useInferredProjectPerProjectRoot --disableAutomaticTypingAcquisition --cancellationPipeName /tmp/c6a12041f984adf3df6e27357630842e/tscancellation* --logVerbosity normal --logFile /home/orion/src/purescript-puppeteer/.log/tsserver-log-Dgn18a/tsserver.log --locale en --validateDefaultNpmLocation --useNodeIpc
Info 3    [12:24:22.979] Platform: linux NodeVersion: v20.2.0 CaseSensitive: true
Info 4    [12:24:22.979] ServerMode: 1 hasUnknownServerMode: undefined
Info 5    [12:24:22.985] Format host information updated
Info 6    [12:24:22.989] Starting updateGraphWorker: Project: /dev/null/inferredProject1*
Info 7    [12:24:23.344] Finishing updateGraphWorker: Project: /dev/null/inferredProject1* Version: 1 structureChanged: true structureIsReused:: Not Elapsed: 354.83851299993694ms
Info 8    [12:24:23.344] Project '/dev/null/inferredProject1*' (Inferred)
Info 9    [12:24:23.344] 	Files (8)

Info 10   [12:24:23.344] -----------------------------------------------
Info 11   [12:24:23.345] Project '/dev/null/inferredProject1*' (Inferred)
Info 11   [12:24:23.345] 	Files (8)

Info 11   [12:24:23.345] -----------------------------------------------
Info 11   [12:24:23.345] Open files: 
Info 11   [12:24:23.345] 	FileName: /home/orion/src/purescript-puppeteer/src/Puppeteer.js ProjectRootPath: /home/orion/src/purescript-puppeteer
Info 11   [12:24:23.345] 		Projects: /dev/null/inferredProject1*
Info 11   [12:24:39.289] Format host information updated
Info 12   [12:24:39.448] Format host information updated
Info 13   [12:24:39.632] Format host information updated
Info 14   [12:24:39.949] Format host information updated
Info 15   [12:24:40.124] Format host information updated
Info 16   [12:25:22.272] Starting updateGraphWorker: Project: /dev/null/inferredProject1*
Info 17   [12:25:22.283] Finishing updateGraphWorker: Project: /dev/null/inferredProject1* Version: 2 structureChanged: true structureIsReused:: Not Elapsed: 10.401643998920918ms
Info 18   [12:25:22.283] Project '/dev/null/inferredProject1*' (Inferred)
Info 19   [12:25:22.283] 	Files (9)

Info 20   [12:25:22.283] -----------------------------------------------
Info 21   [12:25:22.283] Project '/dev/null/inferredProject1*' (Inferred)
Info 21   [12:25:22.283] 	Files (9)

Info 21   [12:25:22.283] -----------------------------------------------
Info 21   [12:25:22.283] Open files: 
Info 21   [12:25:22.283] 	FileName: /home/orion/src/purescript-puppeteer/src/Puppeteer.js ProjectRootPath: /home/orion/src/purescript-puppeteer
Info 21   [12:25:22.283] 		Projects: /dev/null/inferredProject1*
Info 21   [12:25:22.283] 	FileName: /home/orion/src/purescript-puppeteer/src/Puppeteer.FFI.js ProjectRootPath: /home/orion/src/purescript-puppeteer
Info 21   [12:25:22.283] 		Projects: /dev/null/inferredProject1*
Info 21   [12:25:22.494] Format host information updated
Info 22   [12:25:39.687] Format host information updated
Info 23   [12:25:39.749] Format host information updated
Info 24   [12:25:40.026] Format host information updated
Info 25   [12:25:40.167] Format host information updated
Info 26   [12:25:40.435] Format host information updated
Info 27   [12:25:40.492] Format host information updated
Info 28   [12:25:40.634] Format host information updated
Info 29   [12:25:40.843] Format host information updated
Info 30   [12:25:41.142] Format host information updated
Info 31   [12:25:41.283] Format host information updated
Info 32   [12:25:43.392] Format host information updated
Info 33   [12:25:43.511] Format host information updated
Info 34   [12:25:43.758] Format host information updated
Info 35   [12:25:43.811] Format host information updated
Info 36   [12:25:44.040] Format host information updated
Info 37   [12:25:45.159] Format host information updated
Info 38   [12:25:45.838] Format host information updated
Info 39   [12:25:47.798] Format host information updated
Info 40   [12:25:47.865] Format host information updated
Info 41   [12:26:03.412] Format host information updated
Info 42   [12:26:31.410] Starting updateGraphWorker: Project: /dev/null/inferredProject1*
Info 43   [12:26:31.416] Finishing updateGraphWorker: Project: /dev/null/inferredProject1* Version: 3 structureChanged: true structureIsReused:: Not Elapsed: 6.4654930010437965ms
Info 44   [12:26:31.416] Project '/dev/null/inferredProject1*' (Inferred)
Info 45   [12:26:31.416] 	Files (10)

Info 46   [12:26:31.416] -----------------------------------------------
Info 47   [12:26:31.417] Project '/dev/null/inferredProject1*' (Inferred)
Info 47   [12:26:31.417] 	Files (10)

Info 47   [12:26:31.417] -----------------------------------------------
Info 47   [12:26:31.417] Open files: 
Info 47   [12:26:31.417] 	FileName: /home/orion/src/purescript-puppeteer/src/Puppeteer.js ProjectRootPath: /home/orion/src/purescript-puppeteer
Info 47   [12:26:31.417] 		Projects: /dev/null/inferredProject1*
Info 47   [12:26:31.417] 	FileName: /home/orion/src/purescript-puppeteer/src/Puppeteer.FFI.js ProjectRootPath: /home/orion/src/purescript-puppeteer
Info 47   [12:26:31.417] 		Projects: /dev/null/inferredProject1*
Info 47   [12:26:31.417] 	FileName: /home/orion/src/purescript-puppeteer/src/Puppeteer.Browser.js ProjectRootPath: /home/orion/src/purescript-puppeteer
Info 47   [12:26:31.417] 		Projects: /dev/null/inferredProject1*
Info 47   [12:26:31.631] Format host information updated
Info 48   [12:33:45.282] Format host information updated
Info 49   [12:33:45.421] Format host information updated
Info 50   [12:33:45.548] Format host information updated
Info 51   [12:33:45.723] Format host information updated
Info 52   [12:33:46.209] Format host information updated
