[14:58:25.580] Global cache location '/home/orion/.cache/typescript/5.2', safe file path '/home/orion/.asdf/installs/node/20.2.0/lib/node_modules/typescript/lib/typingSafeList.json', types map path /home/orion/.asdf/installs/node/20.2.0/lib/node_modules/typescript/lib/typesMap.json
[14:58:25.580] Processing cache location '/home/orion/.cache/typescript/5.2'
[14:58:25.580] Trying to find '/home/orion/.cache/typescript/5.2/package.json'...
[14:58:25.581] Loaded content of '/home/orion/.cache/typescript/5.2/package.json': {"private":true,"dependencies":{"types-registry":"^0.1.662"},"devDependencies":{"@types/arr-union":"^3.1.0","@types/assert":"^1.5.6","@types/buffer-from":"^1.1.0","@types/callsite":"^1.0.32","@types/clone-deep":"^4.0.1","@types/cookie":"^0.5.1","@types/d":"^1.0.1","@types/debug":"^4.1.8","@types/dot":"^1.1.5","@types/go":"^1.6.24","@types/is-buffer":"^2.0.0","@types/kind-of":"^6.0.0","@types/merge-deep":"^3.0.0","@types/mime":"^3.0.1","@types/mvdan-sh":"^0.10.6","@types/node":"^20.6.5","@types/page":"^1.11.7","@types/path-browserify":"^1.0.0","@types/pathjs":"^0.8.36","@types/q":"^1.5.5","@types/qs":"^6.9.7","@types/react":"^18.2.21","@types/react-dom":"^18.2.7","@types/source-map-support":"^0.5.7","@types/ws":"^8.5.5","@types/xo":"^0.39.6"}}
[14:58:25.581] Loaded content of '/home/orion/.cache/typescript/5.2/package-lock.json'
[14:58:25.581] Finished processing cache location '/home/orion/.cache/typescript/5.2'
[14:58:25.581] Process id: 192034
[14:58:25.581] NPM location: "/home/orion/.asdf/installs/node/20.2.0/bin/npm" (explicit '--npmLocation' not  provided)
[14:58:25.581] validateDefaultNpmLocation: true
[14:58:25.581] Npm config file: /home/orion/.cache/typescript/5.2/package.json
[14:58:25.581] Updating types-registry npm package...
[14:58:25.581] Exec: "/home/orion/.asdf/installs/node/20.2.0/bin/npm" install --ignore-scripts types-registry@latest
[14:58:26.333]     Succeeded. stdout:
    
    up to date, audited 36 packages in 603ms

found 0 vulnerabilities

[14:58:26.333] Updated types-registry npm package
[14:58:26.358] Got install request {"projectName":"/home/orion/src/purescript-puppeteer/jsconfig.json","fileNames":["/home/orion/src/purescript-puppeteer/src/Puppeteer.Browser.Context.js","/home/orion/src/purescript-puppeteer/src/Puppeteer.Browser.js","/home/orion/src/purescript-puppeteer/src/Puppeteer.Cartesian.js","/home/orion/src/purescript-puppeteer/src/Puppeteer.FFI.js","/home/orion/src/purescript-puppeteer/src/Puppeteer.Handle.js","/home/orion/src/purescript-puppeteer/src/Puppeteer.Keyboard.js","/home/orion/src/purescript-puppeteer/src/Puppeteer.Page.js","/home/orion/src/purescript-puppeteer/src/Puppeteer.js","/home/orion/src/purescript-puppeteer/bun/fmt.js"],"compilerOptions":{"allowJs":true,"maxNodeModuleJsDepth":2,"allowSyntheticDefaultImports":true,"skipLibCheck":true,"noEmit":true,"types":["bun-types"],"lib":["lib.esnext.d.ts"],"target":99,"module":99,"moduleResolution":100,"moduleDetection":3,"jsx":2,"checkJs":true,"strict":true,"configFilePath":"/home/orion/src/purescript-puppeteer/jsconfig.json","allowNonTsExtensions":true},"typeAcquisition":{"enable":true,"include":[],"exclude":[]},"unresolvedImports":[],"projectRootPath":"/home/orion/src/purescript-puppeteer","kind":"discover"}
[14:58:26.368] Loaded safelist from types map file '/home/orion/.asdf/installs/node/20.2.0/lib/node_modules/typescript/lib/typesMap.json'
[14:58:26.368] Explicitly included types: []
[14:58:26.368] Inferred typings from unresolved imports: []
[14:58:26.368] Result: {"cachedTypingPaths":[],"newTypingNames":[],"filesToWatch":[]}
[14:58:26.368] Finished typings discovery: {"cachedTypingPaths":[],"newTypingNames":[],"filesToWatch":[]}
[14:58:26.368] Closing file watchers for project '/home/orion/src/purescript-puppeteer/jsconfig.json'
[14:58:26.368] No watchers are registered for project '/home/orion/src/purescript-puppeteer/jsconfig.json'
[14:58:26.369] Sending response:
    {"projectName":"/home/orion/src/purescript-puppeteer/jsconfig.json","typeAcquisition":{"enable":true,"include":[],"exclude":[]},"compilerOptions":{"allowJs":true,"maxNodeModuleJsDepth":2,"allowSyntheticDefaultImports":true,"skipLibCheck":true,"noEmit":true,"types":["bun-types"],"lib":["lib.esnext.d.ts"],"target":99,"module":99,"moduleResolution":100,"moduleDetection":3,"jsx":2,"checkJs":true,"strict":true,"configFilePath":"/home/orion/src/purescript-puppeteer/jsconfig.json","allowNonTsExtensions":true},"typings":[],"unresolvedImports":[],"kind":"action::set"}
[14:58:26.369] Response has been sent.
[14:58:26.369] No new typings were requested as a result of typings discovery
[15:36:20.711] Got install request {"projectName":"/home/orion/src/purescript-puppeteer/jsconfig.json","fileNames":["/home/orion/src/purescript-puppeteer/src/Puppeteer.Browser.Context.js","/home/orion/src/purescript-puppeteer/src/Puppeteer.Browser.js","/home/orion/src/purescript-puppeteer/src/Puppeteer.Cartesian.js","/home/orion/src/purescript-puppeteer/src/Puppeteer.FFI.js","/home/orion/src/purescript-puppeteer/src/Puppeteer.Handle.js","/home/orion/src/purescript-puppeteer/src/Puppeteer.Keyboard.js","/home/orion/src/purescript-puppeteer/src/Puppeteer.Page.js","/home/orion/src/purescript-puppeteer/src/Puppeteer.js","/home/orion/src/purescript-puppeteer/bun/fmt.js"],"compilerOptions":{"allowJs":true,"maxNodeModuleJsDepth":2,"allowSyntheticDefaultImports":true,"skipLibCheck":true,"noEmit":true,"types":["bun-types"],"lib":["lib.esnext.d.ts"],"target":99,"module":99,"moduleResolution":100,"moduleDetection":3,"jsx":2,"checkJs":true,"strict":true,"configFilePath":"/home/orion/src/purescript-puppeteer/jsconfig.json","allowNonTsExtensions":true},"typeAcquisition":{"enable":true,"include":[],"exclude":[]},"unresolvedImports":[")"],"projectRootPath":"/home/orion/src/purescript-puppeteer","kind":"discover"}
[15:36:20.711] Explicitly included types: []
[15:36:20.712] Inferred typings from unresolved imports: [")"]
[15:36:20.712] Result: {"cachedTypingPaths":[],"newTypingNames":[")"],"filesToWatch":[]}
[15:36:20.712] Finished typings discovery: {"cachedTypingPaths":[],"newTypingNames":[")"],"filesToWatch":[]}
[15:36:20.712] Closing file watchers for project '/home/orion/src/purescript-puppeteer/jsconfig.json'
[15:36:20.712] No watchers are registered for project '/home/orion/src/purescript-puppeteer/jsconfig.json'
[15:36:20.713] Installing typings [")"]
[15:36:20.714] ')':: Entry for package ')' does not exist in local types registry - skipping...
[15:36:20.714] All typings are known to be missing or invalid - no need to install more typings
[15:36:20.714] Sending response:
    {"projectName":"/home/orion/src/purescript-puppeteer/jsconfig.json","typeAcquisition":{"enable":true,"include":[],"exclude":[]},"compilerOptions":{"allowJs":true,"maxNodeModuleJsDepth":2,"allowSyntheticDefaultImports":true,"skipLibCheck":true,"noEmit":true,"types":["bun-types"],"lib":["lib.esnext.d.ts"],"target":99,"module":99,"moduleResolution":100,"moduleDetection":3,"jsx":2,"checkJs":true,"strict":true,"configFilePath":"/home/orion/src/purescript-puppeteer/jsconfig.json","allowNonTsExtensions":true},"typings":[],"unresolvedImports":[")"],"kind":"action::set"}
[15:36:20.714] Response has been sent.
[15:36:20.840] Got install request {"projectName":"/home/orion/src/purescript-puppeteer/jsconfig.json","fileNames":["/home/orion/src/purescript-puppeteer/src/Puppeteer.Browser.Context.js","/home/orion/src/purescript-puppeteer/src/Puppeteer.Browser.js","/home/orion/src/purescript-puppeteer/src/Puppeteer.Cartesian.js","/home/orion/src/purescript-puppeteer/src/Puppeteer.FFI.js","/home/orion/src/purescript-puppeteer/src/Puppeteer.Handle.js","/home/orion/src/purescript-puppeteer/src/Puppeteer.Keyboard.js","/home/orion/src/purescript-puppeteer/src/Puppeteer.Page.js","/home/orion/src/purescript-puppeteer/src/Puppeteer.js","/home/orion/src/purescript-puppeteer/bun/fmt.js"],"compilerOptions":{"allowJs":true,"maxNodeModuleJsDepth":2,"allowSyntheticDefaultImports":true,"skipLibCheck":true,"noEmit":true,"types":["bun-types"],"lib":["lib.esnext.d.ts"],"target":99,"module":99,"moduleResolution":100,"moduleDetection":3,"jsx":2,"checkJs":true,"strict":true,"configFilePath":"/home/orion/src/purescript-puppeteer/jsconfig.json","allowNonTsExtensions":true},"typeAcquisition":{"enable":true,"include":[],"exclude":[]},"unresolvedImports":[""],"projectRootPath":"/home/orion/src/purescript-puppeteer","kind":"discover"}
[15:36:20.840] Explicitly included types: []
[15:36:20.840] Inferred typings from unresolved imports: [""]
[15:36:20.840] Result: {"cachedTypingPaths":[],"newTypingNames":[""],"filesToWatch":[]}
[15:36:20.840] Finished typings discovery: {"cachedTypingPaths":[],"newTypingNames":[""],"filesToWatch":[]}
[15:36:20.840] Closing file watchers for project '/home/orion/src/purescript-puppeteer/jsconfig.json'
[15:36:20.840] No watchers are registered for project '/home/orion/src/purescript-puppeteer/jsconfig.json'
[15:36:20.840] Installing typings [""]
[15:36:20.841] '':: Package name '' cannot be empty
[15:36:20.841] All typings are known to be missing or invalid - no need to install more typings
[15:36:20.841] Sending response:
    {"projectName":"/home/orion/src/purescript-puppeteer/jsconfig.json","typeAcquisition":{"enable":true,"include":[],"exclude":[]},"compilerOptions":{"allowJs":true,"maxNodeModuleJsDepth":2,"allowSyntheticDefaultImports":true,"skipLibCheck":true,"noEmit":true,"types":["bun-types"],"lib":["lib.esnext.d.ts"],"target":99,"module":99,"moduleResolution":100,"moduleDetection":3,"jsx":2,"checkJs":true,"strict":true,"configFilePath":"/home/orion/src/purescript-puppeteer/jsconfig.json","allowNonTsExtensions":true},"typings":[],"unresolvedImports":[""],"kind":"action::set"}
[15:36:20.841] Response has been sent.
[15:36:21.382] Got install request {"projectName":"/home/orion/src/purescript-puppeteer/jsconfig.json","fileNames":["/home/orion/src/purescript-puppeteer/src/Puppeteer.Browser.Context.js","/home/orion/src/purescript-puppeteer/src/Puppeteer.Browser.js","/home/orion/src/purescript-puppeteer/src/Puppeteer.Cartesian.js","/home/orion/src/purescript-puppeteer/src/Puppeteer.FFI.js","/home/orion/src/purescript-puppeteer/src/Puppeteer.Handle.js","/home/orion/src/purescript-puppeteer/src/Puppeteer.Keyboard.js","/home/orion/src/purescript-puppeteer/src/Puppeteer.Page.js","/home/orion/src/purescript-puppeteer/src/Puppeteer.js","/home/orion/src/purescript-puppeteer/bun/fmt.js"],"compilerOptions":{"allowJs":true,"maxNodeModuleJsDepth":2,"allowSyntheticDefaultImports":true,"skipLibCheck":true,"noEmit":true,"types":["bun-types"],"lib":["lib.esnext.d.ts"],"target":99,"module":99,"moduleResolution":100,"moduleDetection":3,"jsx":2,"checkJs":true,"strict":true,"configFilePath":"/home/orion/src/purescript-puppeteer/jsconfig.json","allowNonTsExtensions":true},"typeAcquisition":{"enable":true,"include":[],"exclude":[]},"unresolvedImports":["p"],"projectRootPath":"/home/orion/src/purescript-puppeteer","kind":"discover"}
[15:36:21.383] Explicitly included types: []
[15:36:21.383] Inferred typings from unresolved imports: ["p"]
[15:36:21.383] Result: {"cachedTypingPaths":[],"newTypingNames":["p"],"filesToWatch":[]}
[15:36:21.383] Finished typings discovery: {"cachedTypingPaths":[],"newTypingNames":["p"],"filesToWatch":[]}
[15:36:21.383] Closing file watchers for project '/home/orion/src/purescript-puppeteer/jsconfig.json'
[15:36:21.383] No watchers are registered for project '/home/orion/src/purescript-puppeteer/jsconfig.json'
[15:36:21.383] Installing typings ["p"]
[15:36:21.383] 'p':: Entry for package 'p' does not exist in local types registry - skipping...
[15:36:21.383] All typings are known to be missing or invalid - no need to install more typings
[15:36:21.383] Sending response:
    {"projectName":"/home/orion/src/purescript-puppeteer/jsconfig.json","typeAcquisition":{"enable":true,"include":[],"exclude":[]},"compilerOptions":{"allowJs":true,"maxNodeModuleJsDepth":2,"allowSyntheticDefaultImports":true,"skipLibCheck":true,"noEmit":true,"types":["bun-types"],"lib":["lib.esnext.d.ts"],"target":99,"module":99,"moduleResolution":100,"moduleDetection":3,"jsx":2,"checkJs":true,"strict":true,"configFilePath":"/home/orion/src/purescript-puppeteer/jsconfig.json","allowNonTsExtensions":true},"typings":[],"unresolvedImports":["p"],"kind":"action::set"}
[15:36:21.383] Response has been sent.
[15:36:21.438] Got install request {"projectName":"/home/orion/src/purescript-puppeteer/jsconfig.json","fileNames":["/home/orion/src/purescript-puppeteer/src/Puppeteer.Browser.Context.js","/home/orion/src/purescript-puppeteer/src/Puppeteer.Browser.js","/home/orion/src/purescript-puppeteer/src/Puppeteer.Cartesian.js","/home/orion/src/purescript-puppeteer/src/Puppeteer.FFI.js","/home/orion/src/purescript-puppeteer/src/Puppeteer.Handle.js","/home/orion/src/purescript-puppeteer/src/Puppeteer.Keyboard.js","/home/orion/src/purescript-puppeteer/src/Puppeteer.Page.js","/home/orion/src/purescript-puppeteer/src/Puppeteer.js","/home/orion/src/purescript-puppeteer/bun/fmt.js"],"compilerOptions":{"allowJs":true,"maxNodeModuleJsDepth":2,"allowSyntheticDefaultImports":true,"skipLibCheck":true,"noEmit":true,"types":["bun-types"],"lib":["lib.esnext.d.ts"],"target":99,"module":99,"moduleResolution":100,"moduleDetection":3,"jsx":2,"checkJs":true,"strict":true,"configFilePath":"/home/orion/src/purescript-puppeteer/jsconfig.json","allowNonTsExtensions":true},"typeAcquisition":{"enable":true,"include":[],"exclude":[]},"unresolvedImports":["pu"],"projectRootPath":"/home/orion/src/purescript-puppeteer","kind":"discover"}
[15:36:21.439] Explicitly included types: []
[15:36:21.439] Inferred typings from unresolved imports: ["pu"]
[15:36:21.439] Result: {"cachedTypingPaths":[],"newTypingNames":["pu"],"filesToWatch":[]}
[15:36:21.439] Finished typings discovery: {"cachedTypingPaths":[],"newTypingNames":["pu"],"filesToWatch":[]}
[15:36:21.439] Closing file watchers for project '/home/orion/src/purescript-puppeteer/jsconfig.json'
[15:36:21.439] No watchers are registered for project '/home/orion/src/purescript-puppeteer/jsconfig.json'
[15:36:21.440] Installing typings ["pu"]
[15:36:21.440] 'pu':: Entry for package 'pu' does not exist in local types registry - skipping...
[15:36:21.440] All typings are known to be missing or invalid - no need to install more typings
[15:36:21.440] Sending response:
    {"projectName":"/home/orion/src/purescript-puppeteer/jsconfig.json","typeAcquisition":{"enable":true,"include":[],"exclude":[]},"compilerOptions":{"allowJs":true,"maxNodeModuleJsDepth":2,"allowSyntheticDefaultImports":true,"skipLibCheck":true,"noEmit":true,"types":["bun-types"],"lib":["lib.esnext.d.ts"],"target":99,"module":99,"moduleResolution":100,"moduleDetection":3,"jsx":2,"checkJs":true,"strict":true,"configFilePath":"/home/orion/src/purescript-puppeteer/jsconfig.json","allowNonTsExtensions":true},"typings":[],"unresolvedImports":["pu"],"kind":"action::set"}
[15:36:21.440] Response has been sent.
[15:36:21.604] Got install request {"projectName":"/home/orion/src/purescript-puppeteer/jsconfig.json","fileNames":["/home/orion/src/purescript-puppeteer/src/Puppeteer.Browser.Context.js","/home/orion/src/purescript-puppeteer/src/Puppeteer.Browser.js","/home/orion/src/purescript-puppeteer/src/Puppeteer.Cartesian.js","/home/orion/src/purescript-puppeteer/src/Puppeteer.FFI.js","/home/orion/src/purescript-puppeteer/src/Puppeteer.Handle.js","/home/orion/src/purescript-puppeteer/src/Puppeteer.Keyboard.js","/home/orion/src/purescript-puppeteer/src/Puppeteer.Page.js","/home/orion/src/purescript-puppeteer/src/Puppeteer.js","/home/orion/src/purescript-puppeteer/bun/fmt.js"],"compilerOptions":{"allowJs":true,"maxNodeModuleJsDepth":2,"allowSyntheticDefaultImports":true,"skipLibCheck":true,"noEmit":true,"types":["bun-types"],"lib":["lib.esnext.d.ts"],"target":99,"module":99,"moduleResolution":100,"moduleDetection":3,"jsx":2,"checkJs":true,"strict":true,"configFilePath":"/home/orion/src/purescript-puppeteer/jsconfig.json","allowNonTsExtensions":true},"typeAcquisition":{"enable":true,"include":[],"exclude":[]},"unresolvedImports":["pup"],"projectRootPath":"/home/orion/src/purescript-puppeteer","kind":"discover"}
[15:36:21.604] Explicitly included types: []
[15:36:21.604] Inferred typings from unresolved imports: ["pup"]
[15:36:21.604] Result: {"cachedTypingPaths":[],"newTypingNames":["pup"],"filesToWatch":[]}
[15:36:21.604] Finished typings discovery: {"cachedTypingPaths":[],"newTypingNames":["pup"],"filesToWatch":[]}
[15:36:21.604] Closing file watchers for project '/home/orion/src/purescript-puppeteer/jsconfig.json'
[15:36:21.604] No watchers are registered for project '/home/orion/src/purescript-puppeteer/jsconfig.json'
[15:36:21.604] Installing typings ["pup"]
[15:36:21.604] 'pup':: Entry for package 'pup' does not exist in local types registry - skipping...
[15:36:21.604] All typings are known to be missing or invalid - no need to install more typings
[15:36:21.604] Sending response:
    {"projectName":"/home/orion/src/purescript-puppeteer/jsconfig.json","typeAcquisition":{"enable":true,"include":[],"exclude":[]},"compilerOptions":{"allowJs":true,"maxNodeModuleJsDepth":2,"allowSyntheticDefaultImports":true,"skipLibCheck":true,"noEmit":true,"types":["bun-types"],"lib":["lib.esnext.d.ts"],"target":99,"module":99,"moduleResolution":100,"moduleDetection":3,"jsx":2,"checkJs":true,"strict":true,"configFilePath":"/home/orion/src/purescript-puppeteer/jsconfig.json","allowNonTsExtensions":true},"typings":[],"unresolvedImports":["pup"],"kind":"action::set"}
[15:36:21.604] Response has been sent.
[15:36:21.669] Got install request {"projectName":"/home/orion/src/purescript-puppeteer/jsconfig.json","fileNames":["/home/orion/src/purescript-puppeteer/src/Puppeteer.Browser.Context.js","/home/orion/src/purescript-puppeteer/src/Puppeteer.Browser.js","/home/orion/src/purescript-puppeteer/src/Puppeteer.Cartesian.js","/home/orion/src/purescript-puppeteer/src/Puppeteer.FFI.js","/home/orion/src/purescript-puppeteer/src/Puppeteer.Handle.js","/home/orion/src/purescript-puppeteer/src/Puppeteer.Keyboard.js","/home/orion/src/purescript-puppeteer/src/Puppeteer.Page.js","/home/orion/src/purescript-puppeteer/src/Puppeteer.js","/home/orion/src/purescript-puppeteer/bun/fmt.js"],"compilerOptions":{"allowJs":true,"maxNodeModuleJsDepth":2,"allowSyntheticDefaultImports":true,"skipLibCheck":true,"noEmit":true,"types":["bun-types"],"lib":["lib.esnext.d.ts"],"target":99,"module":99,"moduleResolution":100,"moduleDetection":3,"jsx":2,"checkJs":true,"strict":true,"configFilePath":"/home/orion/src/purescript-puppeteer/jsconfig.json","allowNonTsExtensions":true},"typeAcquisition":{"enable":true,"include":[],"exclude":[]},"unresolvedImports":["pupe"],"projectRootPath":"/home/orion/src/purescript-puppeteer","kind":"discover"}
[15:36:21.669] Explicitly included types: []
[15:36:21.670] Inferred typings from unresolved imports: ["pupe"]
[15:36:21.670] Result: {"cachedTypingPaths":[],"newTypingNames":["pupe"],"filesToWatch":[]}
[15:36:21.670] Finished typings discovery: {"cachedTypingPaths":[],"newTypingNames":["pupe"],"filesToWatch":[]}
[15:36:21.670] Closing file watchers for project '/home/orion/src/purescript-puppeteer/jsconfig.json'
[15:36:21.670] No watchers are registered for project '/home/orion/src/purescript-puppeteer/jsconfig.json'
[15:36:21.670] Installing typings ["pupe"]
[15:36:21.670] 'pupe':: Entry for package 'pupe' does not exist in local types registry - skipping...
[15:36:21.670] All typings are known to be missing or invalid - no need to install more typings
[15:36:21.670] Sending response:
    {"projectName":"/home/orion/src/purescript-puppeteer/jsconfig.json","typeAcquisition":{"enable":true,"include":[],"exclude":[]},"compilerOptions":{"allowJs":true,"maxNodeModuleJsDepth":2,"allowSyntheticDefaultImports":true,"skipLibCheck":true,"noEmit":true,"types":["bun-types"],"lib":["lib.esnext.d.ts"],"target":99,"module":99,"moduleResolution":100,"moduleDetection":3,"jsx":2,"checkJs":true,"strict":true,"configFilePath":"/home/orion/src/purescript-puppeteer/jsconfig.json","allowNonTsExtensions":true},"typings":[],"unresolvedImports":["pupe"],"kind":"action::set"}
[15:36:21.671] Response has been sent.
[15:36:22.478] Got install request {"projectName":"/home/orion/src/purescript-puppeteer/jsconfig.json","fileNames":["/home/orion/src/purescript-puppeteer/src/Puppeteer.Browser.Context.js","/home/orion/src/purescript-puppeteer/src/Puppeteer.Browser.js","/home/orion/src/purescript-puppeteer/src/Puppeteer.Cartesian.js","/home/orion/src/purescript-puppeteer/src/Puppeteer.FFI.js","/home/orion/src/purescript-puppeteer/src/Puppeteer.Handle.js","/home/orion/src/purescript-puppeteer/src/Puppeteer.Keyboard.js","/home/orion/src/purescript-puppeteer/src/Puppeteer.Page.js","/home/orion/src/purescript-puppeteer/src/Puppeteer.js","/home/orion/src/purescript-puppeteer/bun/fmt.js"],"compilerOptions":{"allowJs":true,"maxNodeModuleJsDepth":2,"allowSyntheticDefaultImports":true,"skipLibCheck":true,"noEmit":true,"types":["bun-types"],"lib":["lib.esnext.d.ts"],"target":99,"module":99,"moduleResolution":100,"moduleDetection":3,"jsx":2,"checkJs":true,"strict":true,"configFilePath":"/home/orion/src/purescript-puppeteer/jsconfig.json","allowNonTsExtensions":true},"typeAcquisition":{"enable":true,"include":[],"exclude":[]},"unresolvedImports":[],"projectRootPath":"/home/orion/src/purescript-puppeteer","kind":"discover"}
[15:36:22.478] Explicitly included types: []
[15:36:22.478] Inferred typings from unresolved imports: []
[15:36:22.478] Result: {"cachedTypingPaths":[],"newTypingNames":[],"filesToWatch":[]}
[15:36:22.478] Finished typings discovery: {"cachedTypingPaths":[],"newTypingNames":[],"filesToWatch":[]}
[15:36:22.478] Closing file watchers for project '/home/orion/src/purescript-puppeteer/jsconfig.json'
[15:36:22.478] No watchers are registered for project '/home/orion/src/purescript-puppeteer/jsconfig.json'
[15:36:22.478] Sending response:
    {"projectName":"/home/orion/src/purescript-puppeteer/jsconfig.json","typeAcquisition":{"enable":true,"include":[],"exclude":[]},"compilerOptions":{"allowJs":true,"maxNodeModuleJsDepth":2,"allowSyntheticDefaultImports":true,"skipLibCheck":true,"noEmit":true,"types":["bun-types"],"lib":["lib.esnext.d.ts"],"target":99,"module":99,"moduleResolution":100,"moduleDetection":3,"jsx":2,"checkJs":true,"strict":true,"configFilePath":"/home/orion/src/purescript-puppeteer/jsconfig.json","allowNonTsExtensions":true},"typings":[],"unresolvedImports":[],"kind":"action::set"}
[15:36:22.478] Response has been sent.
[15:36:22.478] No new typings were requested as a result of typings discovery
[15:37:13.692] Got install request {"projectName":"/home/orion/src/purescript-puppeteer/jsconfig.json","fileNames":["/home/orion/src/purescript-puppeteer/src/Puppeteer.Browser.Context.js","/home/orion/src/purescript-puppeteer/src/Puppeteer.Browser.js","/home/orion/src/purescript-puppeteer/src/Puppeteer.Cartesian.js","/home/orion/src/purescript-puppeteer/src/Puppeteer.FFI.js","/home/orion/src/purescript-puppeteer/src/Puppeteer.Handle.js","/home/orion/src/purescript-puppeteer/src/Puppeteer.Keyboard.js","/home/orion/src/purescript-puppeteer/src/Puppeteer.Page.js","/home/orion/src/purescript-puppeteer/src/Puppeteer.js","/home/orion/src/purescript-puppeteer/bun/fmt.js"],"compilerOptions":{"allowJs":true,"maxNodeModuleJsDepth":2,"allowSyntheticDefaultImports":true,"skipLibCheck":true,"noEmit":true,"types":["bun-types"],"lib":["lib.esnext.d.ts"],"target":99,"module":99,"moduleResolution":100,"moduleDetection":3,"jsx":2,"checkJs":true,"strict":true,"configFilePath":"/home/orion/src/purescript-puppeteer/jsconfig.json","allowNonTsExtensions":true},"typeAcquisition":{"enable":true,"include":[],"exclude":[]},"unresolvedImports":[").PuppeteerExtra>} "],"projectRootPath":"/home/orion/src/purescript-puppeteer","kind":"discover"}
[15:37:13.693] Explicitly included types: []
[15:37:13.693] Inferred typings from unresolved imports: [").PuppeteerExtra>} "]
[15:37:13.693] Result: {"cachedTypingPaths":[],"newTypingNames":[").PuppeteerExtra>} "],"filesToWatch":[]}
[15:37:13.693] Finished typings discovery: {"cachedTypingPaths":[],"newTypingNames":[").PuppeteerExtra>} "],"filesToWatch":[]}
[15:37:13.693] Closing file watchers for project '/home/orion/src/purescript-puppeteer/jsconfig.json'
[15:37:13.693] No watchers are registered for project '/home/orion/src/purescript-puppeteer/jsconfig.json'
[15:37:13.693] Installing typings [").PuppeteerExtra>} "]
[15:37:13.694] ').PuppeteerExtra>} ':: Package name ').PuppeteerExtra>} ' contains non URI safe characters
[15:37:13.694] All typings are known to be missing or invalid - no need to install more typings
[15:37:13.694] Sending response:
    {"projectName":"/home/orion/src/purescript-puppeteer/jsconfig.json","typeAcquisition":{"enable":true,"include":[],"exclude":[]},"compilerOptions":{"allowJs":true,"maxNodeModuleJsDepth":2,"allowSyntheticDefaultImports":true,"skipLibCheck":true,"noEmit":true,"types":["bun-types"],"lib":["lib.esnext.d.ts"],"target":99,"module":99,"moduleResolution":100,"moduleDetection":3,"jsx":2,"checkJs":true,"strict":true,"configFilePath":"/home/orion/src/purescript-puppeteer/jsconfig.json","allowNonTsExtensions":true},"typings":[],"unresolvedImports":[").PuppeteerExtra>} "],"kind":"action::set"}
[15:37:13.694] Response has been sent.
[15:37:14.453] Got install request {"projectName":"/home/orion/src/purescript-puppeteer/jsconfig.json","fileNames":["/home/orion/src/purescript-puppeteer/src/Puppeteer.Browser.Context.js","/home/orion/src/purescript-puppeteer/src/Puppeteer.Browser.js","/home/orion/src/purescript-puppeteer/src/Puppeteer.Cartesian.js","/home/orion/src/purescript-puppeteer/src/Puppeteer.FFI.js","/home/orion/src/purescript-puppeteer/src/Puppeteer.Handle.js","/home/orion/src/purescript-puppeteer/src/Puppeteer.Keyboard.js","/home/orion/src/purescript-puppeteer/src/Puppeteer.Page.js","/home/orion/src/purescript-puppeteer/src/Puppeteer.js","/home/orion/src/purescript-puppeteer/bun/fmt.js"],"compilerOptions":{"allowJs":true,"maxNodeModuleJsDepth":2,"allowSyntheticDefaultImports":true,"skipLibCheck":true,"noEmit":true,"types":["bun-types"],"lib":["lib.esnext.d.ts"],"target":99,"module":99,"moduleResolution":100,"moduleDetection":3,"jsx":2,"checkJs":true,"strict":true,"configFilePath":"/home/orion/src/purescript-puppeteer/jsconfig.json","allowNonTsExtensions":true},"typeAcquisition":{"enable":true,"include":[],"exclude":[]},"unresolvedImports":[""],"projectRootPath":"/home/orion/src/purescript-puppeteer","kind":"discover"}
[15:37:14.454] Explicitly included types: []
[15:37:14.454] Inferred typings from unresolved imports: [""]
[15:37:14.454] Result: {"cachedTypingPaths":[],"newTypingNames":[""],"filesToWatch":[]}
[15:37:14.454] Finished typings discovery: {"cachedTypingPaths":[],"newTypingNames":[""],"filesToWatch":[]}
[15:37:14.454] Closing file watchers for project '/home/orion/src/purescript-puppeteer/jsconfig.json'
[15:37:14.454] No watchers are registered for project '/home/orion/src/purescript-puppeteer/jsconfig.json'
[15:37:14.454] Installing typings [""]
[15:37:14.454] '':: '' is in missingTypingsSet - skipping...
[15:37:14.454] All typings are known to be missing or invalid - no need to install more typings
[15:37:14.454] Sending response:
    {"projectName":"/home/orion/src/purescript-puppeteer/jsconfig.json","typeAcquisition":{"enable":true,"include":[],"exclude":[]},"compilerOptions":{"allowJs":true,"maxNodeModuleJsDepth":2,"allowSyntheticDefaultImports":true,"skipLibCheck":true,"noEmit":true,"types":["bun-types"],"lib":["lib.esnext.d.ts"],"target":99,"module":99,"moduleResolution":100,"moduleDetection":3,"jsx":2,"checkJs":true,"strict":true,"configFilePath":"/home/orion/src/purescript-puppeteer/jsconfig.json","allowNonTsExtensions":true},"typings":[],"unresolvedImports":[""],"kind":"action::set"}
[15:37:14.454] Response has been sent.
[15:37:14.935] Got install request {"projectName":"/home/orion/src/purescript-puppeteer/jsconfig.json","fileNames":["/home/orion/src/purescript-puppeteer/src/Puppeteer.Browser.Context.js","/home/orion/src/purescript-puppeteer/src/Puppeteer.Browser.js","/home/orion/src/purescript-puppeteer/src/Puppeteer.Cartesian.js","/home/orion/src/purescript-puppeteer/src/Puppeteer.FFI.js","/home/orion/src/purescript-puppeteer/src/Puppeteer.Handle.js","/home/orion/src/purescript-puppeteer/src/Puppeteer.Keyboard.js","/home/orion/src/purescript-puppeteer/src/Puppeteer.Page.js","/home/orion/src/purescript-puppeteer/src/Puppeteer.js","/home/orion/src/purescript-puppeteer/bun/fmt.js"],"compilerOptions":{"allowJs":true,"maxNodeModuleJsDepth":2,"allowSyntheticDefaultImports":true,"skipLibCheck":true,"noEmit":true,"types":["bun-types"],"lib":["lib.esnext.d.ts"],"target":99,"module":99,"moduleResolution":100,"moduleDetection":3,"jsx":2,"checkJs":true,"strict":true,"configFilePath":"/home/orion/src/purescript-puppeteer/jsconfig.json","allowNonTsExtensions":true},"typeAcquisition":{"enable":true,"include":[],"exclude":[]},"unresolvedImports":["p"],"projectRootPath":"/home/orion/src/purescript-puppeteer","kind":"discover"}
[15:37:14.935] Explicitly included types: []
[15:37:14.935] Inferred typings from unresolved imports: ["p"]
[15:37:14.935] Result: {"cachedTypingPaths":[],"newTypingNames":["p"],"filesToWatch":[]}
[15:37:14.935] Finished typings discovery: {"cachedTypingPaths":[],"newTypingNames":["p"],"filesToWatch":[]}
[15:37:14.935] Closing file watchers for project '/home/orion/src/purescript-puppeteer/jsconfig.json'
[15:37:14.935] No watchers are registered for project '/home/orion/src/purescript-puppeteer/jsconfig.json'
[15:37:14.935] Installing typings ["p"]
[15:37:14.935] 'p':: Entry for package 'p' does not exist in local types registry - skipping...
[15:37:14.935] All typings are known to be missing or invalid - no need to install more typings
[15:37:14.935] Sending response:
    {"projectName":"/home/orion/src/purescript-puppeteer/jsconfig.json","typeAcquisition":{"enable":true,"include":[],"exclude":[]},"compilerOptions":{"allowJs":true,"maxNodeModuleJsDepth":2,"allowSyntheticDefaultImports":true,"skipLibCheck":true,"noEmit":true,"types":["bun-types"],"lib":["lib.esnext.d.ts"],"target":99,"module":99,"moduleResolution":100,"moduleDetection":3,"jsx":2,"checkJs":true,"strict":true,"configFilePath":"/home/orion/src/purescript-puppeteer/jsconfig.json","allowNonTsExtensions":true},"typings":[],"unresolvedImports":["p"],"kind":"action::set"}
[15:37:14.935] Response has been sent.
[15:37:15.012] Got install request {"projectName":"/home/orion/src/purescript-puppeteer/jsconfig.json","fileNames":["/home/orion/src/purescript-puppeteer/src/Puppeteer.Browser.Context.js","/home/orion/src/purescript-puppeteer/src/Puppeteer.Browser.js","/home/orion/src/purescript-puppeteer/src/Puppeteer.Cartesian.js","/home/orion/src/purescript-puppeteer/src/Puppeteer.FFI.js","/home/orion/src/purescript-puppeteer/src/Puppeteer.Handle.js","/home/orion/src/purescript-puppeteer/src/Puppeteer.Keyboard.js","/home/orion/src/purescript-puppeteer/src/Puppeteer.Page.js","/home/orion/src/purescript-puppeteer/src/Puppeteer.js","/home/orion/src/purescript-puppeteer/bun/fmt.js"],"compilerOptions":{"allowJs":true,"maxNodeModuleJsDepth":2,"allowSyntheticDefaultImports":true,"skipLibCheck":true,"noEmit":true,"types":["bun-types"],"lib":["lib.esnext.d.ts"],"target":99,"module":99,"moduleResolution":100,"moduleDetection":3,"jsx":2,"checkJs":true,"strict":true,"configFilePath":"/home/orion/src/purescript-puppeteer/jsconfig.json","allowNonTsExtensions":true},"typeAcquisition":{"enable":true,"include":[],"exclude":[]},"unresolvedImports":["pu"],"projectRootPath":"/home/orion/src/purescript-puppeteer","kind":"discover"}
[15:37:15.013] Explicitly included types: []
[15:37:15.013] Inferred typings from unresolved imports: ["pu"]
[15:37:15.013] Result: {"cachedTypingPaths":[],"newTypingNames":["pu"],"filesToWatch":[]}
[15:37:15.013] Finished typings discovery: {"cachedTypingPaths":[],"newTypingNames":["pu"],"filesToWatch":[]}
[15:37:15.014] Closing file watchers for project '/home/orion/src/purescript-puppeteer/jsconfig.json'
[15:37:15.014] No watchers are registered for project '/home/orion/src/purescript-puppeteer/jsconfig.json'
[15:37:15.014] Installing typings ["pu"]
[15:37:15.014] 'pu':: Entry for package 'pu' does not exist in local types registry - skipping...
[15:37:15.014] All typings are known to be missing or invalid - no need to install more typings
[15:37:15.014] Sending response:
    {"projectName":"/home/orion/src/purescript-puppeteer/jsconfig.json","typeAcquisition":{"enable":true,"include":[],"exclude":[]},"compilerOptions":{"allowJs":true,"maxNodeModuleJsDepth":2,"allowSyntheticDefaultImports":true,"skipLibCheck":true,"noEmit":true,"types":["bun-types"],"lib":["lib.esnext.d.ts"],"target":99,"module":99,"moduleResolution":100,"moduleDetection":3,"jsx":2,"checkJs":true,"strict":true,"configFilePath":"/home/orion/src/purescript-puppeteer/jsconfig.json","allowNonTsExtensions":true},"typings":[],"unresolvedImports":["pu"],"kind":"action::set"}
[15:37:15.014] Response has been sent.
[15:37:15.176] Got install request {"projectName":"/home/orion/src/purescript-puppeteer/jsconfig.json","fileNames":["/home/orion/src/purescript-puppeteer/src/Puppeteer.Browser.Context.js","/home/orion/src/purescript-puppeteer/src/Puppeteer.Browser.js","/home/orion/src/purescript-puppeteer/src/Puppeteer.Cartesian.js","/home/orion/src/purescript-puppeteer/src/Puppeteer.FFI.js","/home/orion/src/purescript-puppeteer/src/Puppeteer.Handle.js","/home/orion/src/purescript-puppeteer/src/Puppeteer.Keyboard.js","/home/orion/src/purescript-puppeteer/src/Puppeteer.Page.js","/home/orion/src/purescript-puppeteer/src/Puppeteer.js","/home/orion/src/purescript-puppeteer/bun/fmt.js"],"compilerOptions":{"allowJs":true,"maxNodeModuleJsDepth":2,"allowSyntheticDefaultImports":true,"skipLibCheck":true,"noEmit":true,"types":["bun-types"],"lib":["lib.esnext.d.ts"],"target":99,"module":99,"moduleResolution":100,"moduleDetection":3,"jsx":2,"checkJs":true,"strict":true,"configFilePath":"/home/orion/src/purescript-puppeteer/jsconfig.json","allowNonTsExtensions":true},"typeAcquisition":{"enable":true,"include":[],"exclude":[]},"unresolvedImports":["pup"],"projectRootPath":"/home/orion/src/purescript-puppeteer","kind":"discover"}
[15:37:15.176] Explicitly included types: []
[15:37:15.176] Inferred typings from unresolved imports: ["pup"]
[15:37:15.176] Result: {"cachedTypingPaths":[],"newTypingNames":["pup"],"filesToWatch":[]}
[15:37:15.176] Finished typings discovery: {"cachedTypingPaths":[],"newTypingNames":["pup"],"filesToWatch":[]}
[15:37:15.177] Closing file watchers for project '/home/orion/src/purescript-puppeteer/jsconfig.json'
[15:37:15.177] No watchers are registered for project '/home/orion/src/purescript-puppeteer/jsconfig.json'
[15:37:15.177] Installing typings ["pup"]
[15:37:15.177] 'pup':: Entry for package 'pup' does not exist in local types registry - skipping...
[15:37:15.177] All typings are known to be missing or invalid - no need to install more typings
[15:37:15.177] Sending response:
    {"projectName":"/home/orion/src/purescript-puppeteer/jsconfig.json","typeAcquisition":{"enable":true,"include":[],"exclude":[]},"compilerOptions":{"allowJs":true,"maxNodeModuleJsDepth":2,"allowSyntheticDefaultImports":true,"skipLibCheck":true,"noEmit":true,"types":["bun-types"],"lib":["lib.esnext.d.ts"],"target":99,"module":99,"moduleResolution":100,"moduleDetection":3,"jsx":2,"checkJs":true,"strict":true,"configFilePath":"/home/orion/src/purescript-puppeteer/jsconfig.json","allowNonTsExtensions":true},"typings":[],"unresolvedImports":["pup"],"kind":"action::set"}
[15:37:15.177] Response has been sent.
[15:37:15.338] Got install request {"projectName":"/home/orion/src/purescript-puppeteer/jsconfig.json","fileNames":["/home/orion/src/purescript-puppeteer/src/Puppeteer.Browser.Context.js","/home/orion/src/purescript-puppeteer/src/Puppeteer.Browser.js","/home/orion/src/purescript-puppeteer/src/Puppeteer.Cartesian.js","/home/orion/src/purescript-puppeteer/src/Puppeteer.FFI.js","/home/orion/src/purescript-puppeteer/src/Puppeteer.Handle.js","/home/orion/src/purescript-puppeteer/src/Puppeteer.Keyboard.js","/home/orion/src/purescript-puppeteer/src/Puppeteer.Page.js","/home/orion/src/purescript-puppeteer/src/Puppeteer.js","/home/orion/src/purescript-puppeteer/bun/fmt.js"],"compilerOptions":{"allowJs":true,"maxNodeModuleJsDepth":2,"allowSyntheticDefaultImports":true,"skipLibCheck":true,"noEmit":true,"types":["bun-types"],"lib":["lib.esnext.d.ts"],"target":99,"module":99,"moduleResolution":100,"moduleDetection":3,"jsx":2,"checkJs":true,"strict":true,"configFilePath":"/home/orion/src/purescript-puppeteer/jsconfig.json","allowNonTsExtensions":true},"typeAcquisition":{"enable":true,"include":[],"exclude":[]},"unresolvedImports":["pupp"],"projectRootPath":"/home/orion/src/purescript-puppeteer","kind":"discover"}
[15:37:15.338] Explicitly included types: []
[15:37:15.338] Inferred typings from unresolved imports: ["pupp"]
[15:37:15.338] Result: {"cachedTypingPaths":[],"newTypingNames":["pupp"],"filesToWatch":[]}
[15:37:15.338] Finished typings discovery: {"cachedTypingPaths":[],"newTypingNames":["pupp"],"filesToWatch":[]}
[15:37:15.338] Closing file watchers for project '/home/orion/src/purescript-puppeteer/jsconfig.json'
[15:37:15.338] No watchers are registered for project '/home/orion/src/purescript-puppeteer/jsconfig.json'
[15:37:15.338] Installing typings ["pupp"]
[15:37:15.339] 'pupp':: Entry for package 'pupp' does not exist in local types registry - skipping...
[15:37:15.339] All typings are known to be missing or invalid - no need to install more typings
[15:37:15.339] Sending response:
    {"projectName":"/home/orion/src/purescript-puppeteer/jsconfig.json","typeAcquisition":{"enable":true,"include":[],"exclude":[]},"compilerOptions":{"allowJs":true,"maxNodeModuleJsDepth":2,"allowSyntheticDefaultImports":true,"skipLibCheck":true,"noEmit":true,"types":["bun-types"],"lib":["lib.esnext.d.ts"],"target":99,"module":99,"moduleResolution":100,"moduleDetection":3,"jsx":2,"checkJs":true,"strict":true,"configFilePath":"/home/orion/src/purescript-puppeteer/jsconfig.json","allowNonTsExtensions":true},"typings":[],"unresolvedImports":["pupp"],"kind":"action::set"}
[15:37:15.339] Response has been sent.
[15:37:18.851] Got install request {"projectName":"/home/orion/src/purescript-puppeteer/jsconfig.json","fileNames":["/home/orion/src/purescript-puppeteer/src/Puppeteer.Browser.Context.js","/home/orion/src/purescript-puppeteer/src/Puppeteer.Browser.js","/home/orion/src/purescript-puppeteer/src/Puppeteer.Cartesian.js","/home/orion/src/purescript-puppeteer/src/Puppeteer.FFI.js","/home/orion/src/purescript-puppeteer/src/Puppeteer.Handle.js","/home/orion/src/purescript-puppeteer/src/Puppeteer.Keyboard.js","/home/orion/src/purescript-puppeteer/src/Puppeteer.Page.js","/home/orion/src/purescript-puppeteer/src/Puppeteer.js","/home/orion/src/purescript-puppeteer/bun/fmt.js"],"compilerOptions":{"allowJs":true,"maxNodeModuleJsDepth":2,"allowSyntheticDefaultImports":true,"skipLibCheck":true,"noEmit":true,"types":["bun-types"],"lib":["lib.esnext.d.ts"],"target":99,"module":99,"moduleResolution":100,"moduleDetection":3,"jsx":2,"checkJs":true,"strict":true,"configFilePath":"/home/orion/src/purescript-puppeteer/jsconfig.json","allowNonTsExtensions":true},"typeAcquisition":{"enable":true,"include":[],"exclude":[]},"unresolvedImports":[""],"projectRootPath":"/home/orion/src/purescript-puppeteer","kind":"discover"}
[15:37:18.851] Explicitly included types: []
[15:37:18.852] Inferred typings from unresolved imports: [""]
[15:37:18.852] Result: {"cachedTypingPaths":[],"newTypingNames":[""],"filesToWatch":[]}
[15:37:18.852] Finished typings discovery: {"cachedTypingPaths":[],"newTypingNames":[""],"filesToWatch":[]}
[15:37:18.852] Closing file watchers for project '/home/orion/src/purescript-puppeteer/jsconfig.json'
[15:37:18.852] No watchers are registered for project '/home/orion/src/purescript-puppeteer/jsconfig.json'
[15:37:18.852] Installing typings [""]
[15:37:18.852] '':: '' is in missingTypingsSet - skipping...
[15:37:18.852] All typings are known to be missing or invalid - no need to install more typings
[15:37:18.852] Sending response:
    {"projectName":"/home/orion/src/purescript-puppeteer/jsconfig.json","typeAcquisition":{"enable":true,"include":[],"exclude":[]},"compilerOptions":{"allowJs":true,"maxNodeModuleJsDepth":2,"allowSyntheticDefaultImports":true,"skipLibCheck":true,"noEmit":true,"types":["bun-types"],"lib":["lib.esnext.d.ts"],"target":99,"module":99,"moduleResolution":100,"moduleDetection":3,"jsx":2,"checkJs":true,"strict":true,"configFilePath":"/home/orion/src/purescript-puppeteer/jsconfig.json","allowNonTsExtensions":true},"typings":[],"unresolvedImports":[""],"kind":"action::set"}
[15:37:18.852] Response has been sent.
[17:04:10.446] Parent process has exited, shutting down...
