Info 0    [14:26:52.862] Starting TS Server
Info 1    [14:26:52.865] Version: 5.2.2
Info 2    [14:26:52.865] Arguments: /home/orion/.asdf/installs/node/20.2.0/bin/node /home/orion/.asdf/installs/node/20.2.0/lib/node_modules/typescript/lib/tsserver.js --serverMode partialSemantic --useInferredProjectPerProjectRoot --disableAutomaticTypingAcquisition --cancellationPipeName /tmp/6dc2a5c26499cccd1cb533e8e1454120/tscancellation* --logVerbosity normal --logFile /home/orion/src/purescript-puppeteer/.log/tsserver-log-O5LSig/tsserver.log --locale en --validateDefaultNpmLocation --useNodeIpc
Info 3    [14:26:52.865] Platform: linux NodeVersion: v20.2.0 CaseSensitive: true
Info 4    [14:26:52.865] ServerMode: 1 hasUnknownServerMode: undefined
Info 5    [14:26:52.871] Format host information updated
Info 6    [14:26:52.875] Starting updateGraphWorker: Project: /dev/null/inferredProject1*
Info 7    [14:26:53.189] Finishing updateGraphWorker: Project: /dev/null/inferredProject1* Version: 1 structureChanged: true structureIsReused:: Not Elapsed: 314.57270999997854ms
Info 8    [14:26:53.189] Project '/dev/null/inferredProject1*' (Inferred)
Info 9    [14:26:53.190] 	Files (8)

Info 10   [14:26:53.190] -----------------------------------------------
Info 11   [14:26:53.190] Project '/dev/null/inferredProject1*' (Inferred)
Info 11   [14:26:53.190] 	Files (8)

Info 11   [14:26:53.190] -----------------------------------------------
Info 11   [14:26:53.190] Open files: 
Info 11   [14:26:53.190] 	FileName: /home/orion/src/purescript-puppeteer/src/Puppeteer.Browser.js ProjectRootPath: /home/orion/src/purescript-puppeteer
Info 11   [14:26:53.190] 		Projects: /dev/null/inferredProject1*
Info 11   [14:26:53.191] Format host information updated
Info 12   [14:26:53.491] Format host information updated
Info 13   [14:26:53.568] Format host information updated
Info 14   [14:26:54.376] Format host information updated
Info 15   [14:26:54.713] Format host information updated
Info 16   [14:26:54.853] Format host information updated
Info 17   [14:26:54.988] Format host information updated
Info 18   [14:26:55.141] Format host information updated
Info 19   [14:26:56.685] Format host information updated
Info 20   [14:26:56.951] Format host information updated
Info 21   [14:26:58.517] Format host information updated
Info 22   [14:26:58.874] Format host information updated
Info 23   [14:26:59.736] Format host information updated
Info 24   [14:26:59.966] Format host information updated
Info 25   [14:27:00.073] Format host information updated
Info 26   [14:27:00.144] Format host information updated
Info 27   [14:27:00.342] Format host information updated
Info 28   [14:27:00.410] Format host information updated
Info 29   [14:27:00.487] Format host information updated
Info 30   [14:27:00.758] Format host information updated
Info 31   [14:27:00.975] Format host information updated
Info 32   [14:27:01.092] Format host information updated
Info 33   [14:27:01.268] Format host information updated
Info 34   [14:27:01.525] Format host information updated
Info 35   [14:27:01.579] Format host information updated
Info 36   [14:27:01.783] Format host information updated
Info 37   [14:27:01.990] Format host information updated
Info 38   [14:27:02.072] Format host information updated
Info 39   [14:27:02.180] Format host information updated
Info 40   [14:27:02.349] Format host information updated
Info 41   [14:27:02.486] Format host information updated
Info 42   [14:27:04.863] Format host information updated
Info 43   [14:27:05.058] Format host information updated
Info 44   [14:27:05.155] Format host information updated
Info 45   [14:27:05.249] Format host information updated
Info 46   [14:27:07.365] Format host information updated
Info 47   [14:27:07.533] Format host information updated
Info 48   [14:27:07.696] Format host information updated
Info 49   [14:27:07.783] Format host information updated
Info 50   [14:27:08.167] Format host information updated
Info 51   [14:27:08.167] Format host information updated
Info 52   [14:27:08.168] Format host information updated
Info 53   [14:27:13.036] Format host information updated
Info 54   [14:27:13.275] Format host information updated
Info 55   [14:27:13.480] Format host information updated
Info 56   [14:27:13.592] Format host information updated
Info 57   [14:27:13.655] Format host information updated
Info 58   [14:27:13.867] Format host information updated
Info 59   [14:27:14.036] Format host information updated
Info 60   [14:27:41.416] Starting updateGraphWorker: Project: /dev/null/inferredProject1*
Info 61   [14:27:41.424] Finishing updateGraphWorker: Project: /dev/null/inferredProject1* Version: 2 structureChanged: true structureIsReused:: Not Elapsed: 7.723117000074126ms
Info 62   [14:27:41.424] Project '/dev/null/inferredProject1*' (Inferred)
Info 63   [14:27:41.424] 	Files (9)

Info 64   [14:27:41.424] -----------------------------------------------
Info 65   [14:27:41.424] Project '/dev/null/inferredProject1*' (Inferred)
Info 65   [14:27:41.424] 	Files (9)

Info 65   [14:27:41.424] -----------------------------------------------
Info 65   [14:27:41.424] Open files: 
Info 65   [14:27:41.424] 	FileName: /home/orion/src/purescript-puppeteer/src/Puppeteer.Browser.js ProjectRootPath: /home/orion/src/purescript-puppeteer
Info 65   [14:27:41.424] 		Projects: /dev/null/inferredProject1*
Info 65   [14:27:41.424] 	FileName: /home/orion/src/purescript-puppeteer/src/Puppeteer.Page.js ProjectRootPath: /home/orion/src/purescript-puppeteer
Info 65   [14:27:41.424] 		Projects: /dev/null/inferredProject1*
Info 65   [14:27:45.394] Format host information updated
Info 66   [14:27:46.503] Format host information updated
Info 67   [14:27:47.187] Format host information updated
Info 68   [14:27:47.464] Format host information updated
Info 69   [14:27:47.759] Format host information updated
Info 70   [14:27:48.346] Format host information updated
Info 71   [14:27:48.876] Format host information updated
Info 72   [14:27:51.180] Format host information updated
Info 73   [14:27:51.384] Format host information updated
Info 74   [14:27:51.541] Format host information updated
Info 75   [14:27:51.698] Format host information updated
Info 76   [14:27:51.837] Format host information updated
Info 77   [14:27:51.974] Format host information updated
Info 78   [14:27:52.154] Format host information updated
Info 79   [14:27:52.290] Format host information updated
Info 80   [14:27:52.430] Format host information updated
Info 81   [14:27:52.583] Format host information updated
Info 82   [14:27:53.939] Format host information updated
Info 83   [14:27:54.199] Format host information updated
Info 84   [14:27:54.484] Format host information updated
Info 85   [14:27:55.652] Format host information updated
Info 86   [14:27:56.677] Format host information updated
Info 87   [14:27:57.103] Format host information updated
Info 88   [14:27:57.240] Format host information updated
Info 89   [14:27:57.734] Format host information updated
Info 90   [14:27:57.922] Format host information updated
Info 91   [14:27:58.353] Format host information updated
Info 92   [14:27:58.460] Format host information updated
Info 93   [14:27:59.783] Format host information updated
Info 94   [14:27:59.919] Format host information updated
Info 95   [14:28:00.052] Format host information updated
Info 96   [14:28:00.293] Format host information updated
Info 97   [14:28:03.090] Format host information updated
Info 98   [14:28:04.313] Format host information updated
Info 99   [14:28:04.966] Format host information updated
Info 100  [14:28:05.436] Format host information updated
Info 101  [14:28:05.875] Format host information updated
Info 102  [14:28:07.359] Format host information updated
Info 103  [14:28:07.914] Format host information updated
Info 104  [14:28:08.028] Format host information updated
Info 105  [14:28:08.213] Format host information updated
Info 106  [14:28:08.553] Format host information updated
Info 107  [14:28:08.814] Format host information updated
Info 108  [14:28:08.913] Format host information updated
Info 109  [14:28:08.976] Format host information updated
Info 110  [14:28:09.303] Format host information updated
Info 111  [14:28:14.551] Format host information updated
Info 112  [14:28:16.022] Format host information updated
Info 113  [14:28:16.111] Format host information updated
Info 114  [14:28:16.171] Format host information updated
Info 115  [14:28:16.302] Format host information updated
Info 116  [14:28:16.392] Format host information updated
Info 117  [14:28:16.596] Format host information updated
Info 118  [14:28:16.656] Format host information updated
Info 119  [14:28:16.723] Format host information updated
Info 120  [14:28:16.819] Format host information updated
Info 121  [14:28:16.897] Format host information updated
Info 122  [14:28:23.230] Format host information updated
Info 123  [14:28:23.959] Format host information updated
Info 124  [14:28:24.094] Format host information updated
Info 125  [14:28:24.164] Format host information updated
Info 126  [14:28:24.394] Format host information updated
Info 127  [14:28:24.497] Format host information updated
Info 128  [14:28:24.631] Format host information updated
Info 129  [14:28:24.892] Format host information updated
Info 130  [14:28:25.289] Format host information updated
Info 131  [14:28:26.730] Format host information updated
Info 132  [14:28:28.512] Format host information updated
Info 133  [14:28:29.214] Format host information updated
Info 134  [14:28:29.458] Format host information updated
Info 135  [14:28:29.802] Format host information updated
Info 136  [14:28:30.017] Format host information updated
Info 137  [14:28:30.230] Format host information updated
Info 138  [14:28:30.344] Format host information updated
Info 139  [14:28:30.487] Format host information updated
Info 140  [14:28:30.860] Format host information updated
Info 141  [14:28:31.093] Format host information updated
Info 142  [14:28:31.151] Format host information updated
Info 143  [14:28:31.393] Format host information updated
Info 144  [14:28:31.448] Format host information updated
Info 145  [14:28:31.701] Format host information updated
Info 146  [14:28:31.941] Format host information updated
Info 147  [14:28:32.191] Format host information updated
Info 148  [14:28:32.283] Format host information updated
Info 149  [14:28:32.506] Format host information updated
Info 150  [14:28:32.657] Format host information updated
Info 151  [14:28:32.846] Format host information updated
Info 152  [14:28:33.067] Format host information updated
Info 153  [14:28:33.225] Format host information updated
Info 154  [14:28:33.290] Format host information updated
Info 155  [14:28:33.466] Format host information updated
Info 156  [14:28:33.929] Format host information updated
Info 157  [14:28:34.016] Format host information updated
Info 158  [14:28:34.325] Format host information updated
Info 159  [14:28:34.501] Format host information updated
Info 160  [14:28:34.604] Format host information updated
Info 161  [14:28:34.822] Format host information updated
Info 162  [14:28:34.921] Format host information updated
Info 163  [14:28:35.614] Format host information updated
Info 164  [14:28:35.934] Format host information updated
Info 165  [14:28:36.445] Format host information updated
Info 166  [14:28:36.821] Format host information updated
Info 167  [14:28:37.042] Format host information updated
Info 168  [14:28:37.422] Format host information updated
Info 169  [14:28:37.738] Format host information updated
Info 170  [14:28:37.800] Format host information updated
Info 171  [14:28:37.964] Format host information updated
Info 172  [14:28:38.169] Format host information updated
Info 173  [14:28:38.245] Format host information updated
Info 174  [14:28:38.475] Format host information updated
Info 175  [14:28:38.536] Format host information updated
Info 176  [14:28:38.633] Format host information updated
Info 177  [14:28:38.973] Format host information updated
Info 178  [14:28:39.153] Format host information updated
Info 179  [14:28:39.390] Format host information updated
Info 180  [14:28:39.447] Format host information updated
Info 181  [14:28:39.893] Format host information updated
Info 182  [14:28:40.071] Format host information updated
Info 183  [14:28:40.314] Format host information updated
Info 184  [14:28:40.385] Format host information updated
Info 185  [14:28:40.665] Format host information updated
Info 186  [14:28:40.839] Format host information updated
Info 187  [14:28:40.983] Format host information updated
Info 188  [14:28:41.150] Format host information updated
Info 189  [14:28:41.291] Format host information updated
Info 190  [14:28:41.447] Format host information updated
Info 191  [14:28:41.573] Format host information updated
Info 192  [14:28:41.714] Format host information updated
Info 193  [14:28:41.821] Format host information updated
Info 194  [14:28:41.934] Format host information updated
Info 195  [14:28:42.062] Format host information updated
Info 196  [14:28:42.487] Format host information updated
Info 197  [14:28:42.648] Format host information updated
Info 198  [14:28:42.818] Format host information updated
Info 199  [14:28:45.365] Format host information updated
Info 200  [14:28:45.446] Format host information updated
Info 201  [14:28:45.891] Format host information updated
Info 202  [14:28:46.208] Format host information updated
Info 203  [14:28:46.422] Format host information updated
Info 204  [14:28:46.500] Format host information updated
Info 205  [14:28:46.650] Format host information updated
Info 206  [14:28:47.090] Format host information updated
Info 207  [14:28:47.281] Format host information updated
Info 208  [14:28:47.483] Format host information updated
Info 209  [14:28:47.562] Format host information updated
Info 210  [14:28:47.737] Format host information updated
Info 211  [14:28:47.832] Format host information updated
Info 212  [14:28:47.945] Format host information updated
Info 213  [14:28:48.007] Format host information updated
Info 214  [14:28:49.025] Format host information updated
Info 215  [14:28:49.155] Format host information updated
Info 216  [14:28:49.247] Format host information updated
Info 217  [14:28:49.332] Format host information updated
Info 218  [14:28:49.458] Format host information updated
Info 219  [14:28:49.675] Format host information updated
Info 220  [14:28:49.752] Format host information updated
Info 221  [14:28:49.916] Format host information updated
Info 222  [14:28:50.363] Format host information updated
Info 223  [14:28:50.364] Format host information updated
Info 224  [14:28:50.368] Format host information updated
Info 225  [14:28:50.426] Format host information updated
Info 226  [14:28:51.750] Format host information updated
Info 227  [14:28:51.988] Format host information updated
Info 228  [14:28:52.126] Format host information updated
Info 229  [14:28:52.184] Format host information updated
Info 230  [14:28:52.284] Format host information updated
Info 231  [14:28:53.427] Format host information updated
Info 232  [14:28:53.427] Format host information updated
Info 233  [14:28:53.428] Format host information updated
Info 234  [14:28:53.516] Format host information updated
Info 235  [14:28:53.768] Format host information updated
Info 236  [14:28:53.826] Format host information updated
Info 237  [14:28:54.049] Format host information updated
Info 238  [14:28:54.116] Format host information updated
Info 239  [14:28:54.291] Format host information updated
Info 240  [14:28:54.580] Format host information updated
Info 241  [14:28:54.748] Format host information updated
Info 242  [14:28:54.831] Format host information updated
Info 243  [14:28:55.317] Format host information updated
Info 244  [14:28:55.317] Format host information updated
Info 245  [14:28:55.317] Format host information updated
Info 246  [14:28:55.461] Format host information updated
Info 247  [14:28:58.889] Format host information updated
Info 248  [14:28:59.012] Format host information updated
Info 249  [14:28:59.079] Format host information updated
Info 250  [14:28:59.314] Format host information updated
Info 251  [14:28:59.372] Format host information updated
Info 252  [14:28:59.510] Format host information updated
Info 253  [14:28:59.655] Format host information updated
Info 254  [14:28:59.713] Format host information updated
Info 255  [14:28:59.947] Format host information updated
Info 256  [14:29:00.078] Format host information updated
Info 257  [14:29:00.244] Format host information updated
Info 258  [14:29:00.484] Format host information updated
Info 259  [14:29:00.600] Format host information updated
Info 260  [14:29:00.684] Format host information updated
Info 261  [14:29:00.868] Format host information updated
Info 262  [14:29:21.842] Format host information updated
Info 263  [14:29:23.070] Format host information updated
Info 264  [14:29:23.788] Format host information updated
Info 265  [14:29:23.884] Format host information updated
Info 266  [14:29:24.042] Format host information updated
Info 267  [14:29:24.173] Format host information updated
Info 268  [14:29:24.340] Format host information updated
Info 269  [14:29:24.483] Format host information updated
Info 270  [14:29:24.555] Format host information updated
Info 271  [14:29:24.801] Format host information updated
Info 272  [14:29:24.858] Format host information updated
Info 273  [14:29:27.047] Format host information updated
Info 274  [14:29:27.192] Format host information updated
Info 275  [14:29:27.560] Format host information updated
Info 276  [14:29:27.876] Format host information updated
Info 277  [14:29:27.998] Format host information updated
Info 278  [14:29:28.085] Format host information updated
Info 279  [14:29:28.155] Format host information updated
Info 280  [14:29:29.883] Format host information updated
Info 281  [14:29:29.948] Format host information updated
Info 282  [14:29:30.178] Format host information updated
Info 283  [14:29:30.985] Format host information updated
Info 284  [14:29:31.074] Format host information updated
Info 285  [14:29:31.290] Format host information updated
Info 286  [14:29:31.658] Format host information updated
Info 287  [14:29:31.810] Format host information updated
Info 288  [14:29:31.870] Format host information updated
Info 289  [14:29:32.029] Format host information updated
Info 290  [14:29:32.393] Format host information updated
Info 291  [14:29:32.393] Format host information updated
Info 292  [14:29:32.394] Format host information updated
